[0.010s] Invoking command in '/home/gopal/ros2/macine_learning_ws/build/vision_msgs_rviz_plugins': AMENT_PREFIX_PATH=/home/gopal/ros2/macine_learning_ws/install/vision_msgs:${AMENT_PREFIX_PATH} CMAKE_PREFIX_PATH=/home/gopal/ros2/macine_learning_ws/install/vision_msgs:/opt/ros/humble LD_LIBRARY_PATH=/home/gopal/ros2/macine_learning_ws/install/vision_msgs/lib:${LD_LIBRARY_PATH} PYTHONPATH=/home/gopal/ros2/macine_learning_ws/install/vision_msgs/local/lib/python3.10/dist-packages:${PYTHONPATH} /usr/bin/cmake /home/gopal/ros2/macine_learning_ws/src/vision_msgs/vision_msgs_rviz_plugins -DCMAKE_INSTALL_PREFIX=/home/gopal/ros2/macine_learning_ws/install/vision_msgs_rviz_plugins
[0.073s] -- The C compiler identification is GNU 11.4.0
[0.124s] -- The CXX compiler identification is GNU 11.4.0
[0.129s] -- Detecting C compiler ABI info
[0.190s] -- Detecting C compiler ABI info - done
[0.199s] -- Check for working C compiler: /usr/bin/cc - skipped
[0.199s] -- Detecting C compile features
[0.199s] -- Detecting C compile features - done
[0.201s] -- Detecting CXX compiler ABI info
[0.278s] -- Detecting CXX compiler ABI info - done
[0.283s] -- Check for working CXX compiler: /usr/bin/c++ - skipped
[0.283s] -- Detecting CXX compile features
[0.284s] -- Detecting CXX compile features - done
[0.305s] -- Found yaml_cpp_vendor: 8.0.2 (/opt/ros/humble/share/yaml_cpp_vendor/cmake)
[0.308s] -- Found ament_cmake: 1.3.11 (/opt/ros/humble/share/ament_cmake/cmake)
[0.449s] -- Found Python3: /usr/bin/python3 (found version "3.10.12") found components: Interpreter 
[0.499s] -- Found rcpputils: 2.4.3 (/opt/ros/humble/share/rcpputils/cmake)
[0.506s] -- Found rclcpp: 16.0.10 (/opt/ros/humble/share/rclcpp/cmake)
[0.517s] -- Found rosidl_generator_c: 3.1.5 (/opt/ros/humble/share/rosidl_generator_c/cmake)
[0.519s] -- Found rosidl_adapter: 3.1.5 (/opt/ros/humble/share/rosidl_adapter/cmake)
[0.522s] -- Found rosidl_generator_cpp: 3.1.5 (/opt/ros/humble/share/rosidl_generator_cpp/cmake)
[0.527s] -- Using all available rosidl_typesupport_c: rosidl_typesupport_fastrtps_c;rosidl_typesupport_introspection_c
[0.532s] -- Using all available rosidl_typesupport_cpp: rosidl_typesupport_fastrtps_cpp;rosidl_typesupport_introspection_cpp
[0.549s] -- Found rmw_implementation_cmake: 6.1.2 (/opt/ros/humble/share/rmw_implementation_cmake/cmake)
[0.550s] -- Found rmw_fastrtps_cpp: 6.2.7 (/opt/ros/humble/share/rmw_fastrtps_cpp/cmake)
[0.610s] -- Found OpenSSL: /usr/lib/x86_64-linux-gnu/libcrypto.so (found version "3.0.2")  
[0.638s] -- Found FastRTPS: /opt/ros/humble/include  
[0.670s] -- Using RMW implementation 'rmw_fastrtps_cpp' as default
[0.678s] -- Looking for pthread.h
[0.747s] -- Looking for pthread.h - found
[0.747s] -- Performing Test CMAKE_HAVE_LIBC_PTHREAD
[0.825s] -- Performing Test CMAKE_HAVE_LIBC_PTHREAD - Success
[0.827s] -- Found Threads: TRUE  
[0.859s] -- Found rclpy: 3.3.15 (/opt/ros/humble/share/rclpy/cmake)
[0.860s] -- Found pluginlib: 5.1.0 (/opt/ros/humble/share/pluginlib/cmake)
[0.872s] -- Found rviz_common: 11.2.13 (/opt/ros/humble/share/rviz_common/cmake)
[0.875s] -- Setting assimp_DIR to: '/opt/ros/humble/share/rviz_assimp_vendor/cmake/../../../opt/rviz_assimp_vendor/lib/cmake/assimp-4.1'
[0.879s] -- Setting OGRE_DIR to: '/opt/ros/humble/share/rviz_ogre_vendor/cmake/../../../opt/rviz_ogre_vendor/lib/OGRE/cmake'
[0.879s] -- Found OGRE
[0.879s] --   static     : OFF
[0.879s] --   components : HLMS;MeshLodGenerator;Overlay;Paging;Property;RTShaderSystem;Terrain;Volume
[0.880s] --   plugins    : Plugin_BSPSceneManager;Plugin_OctreeSceneManager;Plugin_PCZSceneManager;Plugin_ParticleFX;RenderSystem_GL;RenderSystem_GL3Plus;Codec_STBI
[0.880s] --   media      : /opt/ros/humble/opt/rviz_ogre_vendor/share/OGRE/Media
[0.880s] -- OGRE_LIBRARIES: OgreHLMS;OgreMeshLodGenerator;OgreOverlay;OgrePaging;OgreProperty;OgreRTShaderSystem;OgreTerrain;OgreVolume;OgreMain
[0.880s] -- OGRE_LIBRARY_DIRS: /opt/ros/humble/opt/rviz_ogre_vendor/lib
[0.880s] -- OGRE_PLUGINS: Plugin_BSPSceneManager;Plugin_OctreeSceneManager;Plugin_PCZSceneManager;Plugin_ParticleFX;RenderSystem_GL;RenderSystem_GL3Plus;Codec_STBI
[0.880s] -- OGRE_PLUGIN_DIR: /opt/ros/humble/opt/rviz_ogre_vendor/lib/OGRE
[0.880s] -- rviz_ogre_vendor::OgreOverlay for IMPORTED_LOCATION_RELEASE: /opt/ros/humble/opt/rviz_ogre_vendor/lib/libOgreOverlay.so
[0.880s] -- rviz_ogre_vendor::OgreOverlay for IMPORTED_LOCATION_DEBUG: /opt/ros/humble/opt/rviz_ogre_vendor/lib/libOgreOverlay.so
[0.880s] -- rviz_ogre_vendor::OgreMain for IMPORTED_LOCATION_RELEASE: /opt/ros/humble/opt/rviz_ogre_vendor/lib/libOgreMain.so
[0.880s] -- rviz_ogre_vendor::OgreMain for IMPORTED_LOCATION_DEBUG: /opt/ros/humble/opt/rviz_ogre_vendor/lib/libOgreMain.so
[0.880s] -- Could not find freeimage library
[0.888s] -- Found ZLIB: /usr/lib/x86_64-linux-gnu/libz.so (found version "1.2.11") 
[0.890s] -- Found OpenGL: /usr/lib/x86_64-linux-gnu/libOpenGL.so   
[0.957s] -- Found X11: /usr/include   
[0.957s] -- Looking for XOpenDisplay in /usr/lib/x86_64-linux-gnu/libX11.so;/usr/lib/x86_64-linux-gnu/libXext.so
[1.033s] -- Looking for XOpenDisplay in /usr/lib/x86_64-linux-gnu/libX11.so;/usr/lib/x86_64-linux-gnu/libXext.so - found
[1.033s] -- Looking for gethostbyname
[1.113s] -- Looking for gethostbyname - found
[1.113s] -- Looking for connect
[1.195s] -- Looking for connect - found
[1.195s] -- Looking for remove
[1.274s] -- Looking for remove - found
[1.274s] -- Looking for shmat
[1.351s] -- Looking for shmat - found
[1.351s] -- Looking for IceConnectionNumber in ICE
[1.428s] -- Looking for IceConnectionNumber in ICE - found
[1.521s] -- library: /usr/lib/x86_64-linux-gnu/libcurl.so
[1.555s] -- Found Eigen3: TRUE (found version "3.4.0") 
[1.555s] -- Ensuring Eigen3 include directory is part of orocos-kdl CMake target
[1.604s] -- Found rviz_default_plugins: 11.2.13 (/opt/ros/humble/share/rviz_default_plugins/cmake)
[1.647s] -- Found vision_msgs: 4.1.1 (/home/gopal/ros2/macine_learning_ws/install/vision_msgs/share/vision_msgs/cmake)
[1.655s] -- Found ament_lint_auto: 0.12.11 (/opt/ros/humble/share/ament_lint_auto/cmake)
[1.691s] -- Added test 'copyright' to check source files copyright and LICENSE
[1.692s] -- Added test 'cppcheck' to perform static code analysis on C / C++ code
[1.692s] -- Configured cppcheck include dirs: $<BUILD_INTERFACE:/home/gopal/ros2/macine_learning_ws/src/vision_msgs/vision_msgs_rviz_plugins/include>
[1.692s] -- Configured cppcheck exclude dirs and/or files: 
[1.693s] -- Added test 'cpplint' to check C / C++ code against the Google style
[1.693s] -- Configured cpplint exclude dirs and/or files: 
[1.693s] -- Added test 'flake8' to check Python code syntax and style conventions
[1.693s] -- Added test 'lint_cmake' to check CMake code style
[1.693s] -- Added test 'pep257' to check Python code against some of the docstring style conventions in PEP 257
[1.694s] -- Added test 'uncrustify' to check C / C++ code style
[1.694s] -- Configured uncrustify additional arguments: 
[1.694s] -- Added test 'xmllint' to check XML markup files
[1.695s] -- Configuring done
[1.714s] -- Generating done
[1.715s] -- Build files have been written to: /home/gopal/ros2/macine_learning_ws/build/vision_msgs_rviz_plugins
[1.721s] Invoked command in '/home/gopal/ros2/macine_learning_ws/build/vision_msgs_rviz_plugins' returned '0': AMENT_PREFIX_PATH=/home/gopal/ros2/macine_learning_ws/install/vision_msgs:${AMENT_PREFIX_PATH} CMAKE_PREFIX_PATH=/home/gopal/ros2/macine_learning_ws/install/vision_msgs:/opt/ros/humble LD_LIBRARY_PATH=/home/gopal/ros2/macine_learning_ws/install/vision_msgs/lib:${LD_LIBRARY_PATH} PYTHONPATH=/home/gopal/ros2/macine_learning_ws/install/vision_msgs/local/lib/python3.10/dist-packages:${PYTHONPATH} /usr/bin/cmake /home/gopal/ros2/macine_learning_ws/src/vision_msgs/vision_msgs_rviz_plugins -DCMAKE_INSTALL_PREFIX=/home/gopal/ros2/macine_learning_ws/install/vision_msgs_rviz_plugins
[1.722s] Invoking command in '/home/gopal/ros2/macine_learning_ws/build/vision_msgs_rviz_plugins': AMENT_PREFIX_PATH=/home/gopal/ros2/macine_learning_ws/install/vision_msgs:${AMENT_PREFIX_PATH} CMAKE_PREFIX_PATH=/home/gopal/ros2/macine_learning_ws/install/vision_msgs:/opt/ros/humble LD_LIBRARY_PATH=/home/gopal/ros2/macine_learning_ws/install/vision_msgs/lib:${LD_LIBRARY_PATH} PYTHONPATH=/home/gopal/ros2/macine_learning_ws/install/vision_msgs/local/lib/python3.10/dist-packages:${PYTHONPATH} /usr/bin/cmake --build /home/gopal/ros2/macine_learning_ws/build/vision_msgs_rviz_plugins -- -j32 -l32
[1.760s] [  6%] [34m[1mAutomatic MOC for target vision_msgs_rviz_plugins[0m
[1.798s] [  6%] Built target vision_msgs_rviz_plugins_autogen
[1.811s] [ 13%] [34m[1mGenerating include/vision_msgs_rviz_plugins/moc_bounding_box_3d.cpp[0m
[1.811s] [ 20%] [34m[1mGenerating include/vision_msgs_rviz_plugins/moc_detection_3d.cpp[0m
[1.811s] [ 26%] [34m[1mGenerating include/vision_msgs_rviz_plugins/moc_detection_3d_array.cpp[0m
[1.812s] [ 33%] [34m[1mGenerating include/vision_msgs_rviz_plugins/moc_bounding_box_3d_array.cpp[0m
[1.839s] [ 40%] [32mBuilding CXX object CMakeFiles/vision_msgs_rviz_plugins.dir/include/vision_msgs_rviz_plugins/moc_detection_3d_array.cpp.o[0m
[1.840s] [ 46%] [32mBuilding CXX object CMakeFiles/vision_msgs_rviz_plugins.dir/vision_msgs_rviz_plugins_autogen/mocs_compilation.cpp.o[0m
[1.840s] [ 53%] [32mBuilding CXX object CMakeFiles/vision_msgs_rviz_plugins.dir/include/vision_msgs_rviz_plugins/moc_bounding_box_3d_array.cpp.o[0m
[1.840s] [ 60%] [32mBuilding CXX object CMakeFiles/vision_msgs_rviz_plugins.dir/include/vision_msgs_rviz_plugins/moc_bounding_box_3d.cpp.o[0m
[1.840s] [ 66%] [32mBuilding CXX object CMakeFiles/vision_msgs_rviz_plugins.dir/include/vision_msgs_rviz_plugins/moc_detection_3d.cpp.o[0m
[1.840s] [ 73%] [32mBuilding CXX object CMakeFiles/vision_msgs_rviz_plugins.dir/src/detection_3d_array.cpp.o[0m
[1.841s] [ 80%] [32mBuilding CXX object CMakeFiles/vision_msgs_rviz_plugins.dir/src/bounding_box_3d_array.cpp.o[0m
[1.841s] [ 86%] [32mBuilding CXX object CMakeFiles/vision_msgs_rviz_plugins.dir/src/detection_3d.cpp.o[0m
[1.842s] [ 93%] [32mBuilding CXX object CMakeFiles/vision_msgs_rviz_plugins.dir/src/bounding_box_3d.cpp.o[0m
[8.568s] [100%] [32m[1mLinking CXX shared library libvision_msgs_rviz_plugins.so[0m
[10.112s] [100%] Built target vision_msgs_rviz_plugins
[10.121s] Invoked command in '/home/gopal/ros2/macine_learning_ws/build/vision_msgs_rviz_plugins' returned '0': AMENT_PREFIX_PATH=/home/gopal/ros2/macine_learning_ws/install/vision_msgs:${AMENT_PREFIX_PATH} CMAKE_PREFIX_PATH=/home/gopal/ros2/macine_learning_ws/install/vision_msgs:/opt/ros/humble LD_LIBRARY_PATH=/home/gopal/ros2/macine_learning_ws/install/vision_msgs/lib:${LD_LIBRARY_PATH} PYTHONPATH=/home/gopal/ros2/macine_learning_ws/install/vision_msgs/local/lib/python3.10/dist-packages:${PYTHONPATH} /usr/bin/cmake --build /home/gopal/ros2/macine_learning_ws/build/vision_msgs_rviz_plugins -- -j32 -l32
[10.178s] Invoking command in '/home/gopal/ros2/macine_learning_ws/build/vision_msgs_rviz_plugins': AMENT_PREFIX_PATH=/home/gopal/ros2/macine_learning_ws/install/vision_msgs:${AMENT_PREFIX_PATH} CMAKE_PREFIX_PATH=/home/gopal/ros2/macine_learning_ws/install/vision_msgs:/opt/ros/humble LD_LIBRARY_PATH=/home/gopal/ros2/macine_learning_ws/install/vision_msgs/lib:${LD_LIBRARY_PATH} PYTHONPATH=/home/gopal/ros2/macine_learning_ws/install/vision_msgs/local/lib/python3.10/dist-packages:${PYTHONPATH} /usr/bin/cmake --install /home/gopal/ros2/macine_learning_ws/build/vision_msgs_rviz_plugins
[10.188s] -- Install configuration: ""
[10.188s] -- Installing: /home/gopal/ros2/macine_learning_ws/install/vision_msgs_rviz_plugins/share/vision_msgs_rviz_plugins/plugins_description.xml
[10.188s] -- Installing: /home/gopal/ros2/macine_learning_ws/install/vision_msgs_rviz_plugins/share/vision_msgs_rviz_plugins/environment/library_path.sh
[10.188s] -- Installing: /home/gopal/ros2/macine_learning_ws/install/vision_msgs_rviz_plugins/share/vision_msgs_rviz_plugins/environment/library_path.dsv
[10.188s] -- Installing: /home/gopal/ros2/macine_learning_ws/install/vision_msgs_rviz_plugins/lib/libvision_msgs_rviz_plugins.so
[10.200s] -- Set runtime path of "/home/gopal/ros2/macine_learning_ws/install/vision_msgs_rviz_plugins/lib/libvision_msgs_rviz_plugins.so" to ""
[10.200s] -- Installing: /home/gopal/ros2/macine_learning_ws/install/vision_msgs_rviz_plugins/include/vision_msgs_rviz_plugins
[10.200s] -- Installing: /home/gopal/ros2/macine_learning_ws/install/vision_msgs_rviz_plugins/include/vision_msgs_rviz_plugins/vision_msgs_rviz_plugins
[10.200s] -- Installing: /home/gopal/ros2/macine_learning_ws/install/vision_msgs_rviz_plugins/include/vision_msgs_rviz_plugins/vision_msgs_rviz_plugins/bounding_box_3d.hpp
[10.200s] -- Installing: /home/gopal/ros2/macine_learning_ws/install/vision_msgs_rviz_plugins/include/vision_msgs_rviz_plugins/vision_msgs_rviz_plugins/visibility_control.hpp
[10.200s] -- Installing: /home/gopal/ros2/macine_learning_ws/install/vision_msgs_rviz_plugins/include/vision_msgs_rviz_plugins/vision_msgs_rviz_plugins/bounding_box_3d_array.hpp
[10.200s] -- Installing: /home/gopal/ros2/macine_learning_ws/install/vision_msgs_rviz_plugins/include/vision_msgs_rviz_plugins/vision_msgs_rviz_plugins/bounding_box_3d_common.hpp
[10.200s] -- Installing: /home/gopal/ros2/macine_learning_ws/install/vision_msgs_rviz_plugins/include/vision_msgs_rviz_plugins/vision_msgs_rviz_plugins/detection_3d.hpp
[10.200s] -- Installing: /home/gopal/ros2/macine_learning_ws/install/vision_msgs_rviz_plugins/include/vision_msgs_rviz_plugins/vision_msgs_rviz_plugins/detection_3d_array.hpp
[10.200s] -- Installing: /home/gopal/ros2/macine_learning_ws/install/vision_msgs_rviz_plugins/include/vision_msgs_rviz_plugins/vision_msgs_rviz_plugins/detection_3d_common.hpp
[10.200s] -- Installing: /home/gopal/ros2/macine_learning_ws/install/vision_msgs_rviz_plugins/share/vision_msgs_rviz_plugins/launch
[10.200s] -- Installing: /home/gopal/ros2/macine_learning_ws/install/vision_msgs_rviz_plugins/share/vision_msgs_rviz_plugins/launch/test_all.launch.py
[10.200s] -- Installing: /home/gopal/ros2/macine_learning_ws/install/vision_msgs_rviz_plugins/share/vision_msgs_rviz_plugins/conf
[10.200s] -- Installing: /home/gopal/ros2/macine_learning_ws/install/vision_msgs_rviz_plugins/share/vision_msgs_rviz_plugins/conf/example.yaml
[10.200s] -- Installing: /home/gopal/ros2/macine_learning_ws/install/vision_msgs_rviz_plugins/share/vision_msgs_rviz_plugins/conf/conf.rviz
[10.200s] -- Installing: /home/gopal/ros2/macine_learning_ws/install/vision_msgs_rviz_plugins/share/vision_msgs_rviz_plugins/icons
[10.200s] -- Installing: /home/gopal/ros2/macine_learning_ws/install/vision_msgs_rviz_plugins/share/vision_msgs_rviz_plugins/icons/classes
[10.200s] -- Installing: /home/gopal/ros2/macine_learning_ws/install/vision_msgs_rviz_plugins/share/vision_msgs_rviz_plugins/icons/classes/Detection3DArray.png
[10.200s] -- Installing: /home/gopal/ros2/macine_learning_ws/install/vision_msgs_rviz_plugins/share/vision_msgs_rviz_plugins/icons/classes/BoundingBox3D.png
[10.200s] -- Installing: /home/gopal/ros2/macine_learning_ws/install/vision_msgs_rviz_plugins/share/vision_msgs_rviz_plugins/icons/classes/BoundingBox3DArray.png
[10.200s] -- Installing: /home/gopal/ros2/macine_learning_ws/install/vision_msgs_rviz_plugins/share/vision_msgs_rviz_plugins/icons/classes/Detection3D.png
[10.200s] -- Installing: /home/gopal/ros2/macine_learning_ws/install/vision_msgs_rviz_plugins/lib/vision_msgs_rviz_plugins/Detection3DArray.py
[10.200s] -- Installing: /home/gopal/ros2/macine_learning_ws/install/vision_msgs_rviz_plugins/lib/vision_msgs_rviz_plugins/Detection3D.py
[10.200s] -- Installing: /home/gopal/ros2/macine_learning_ws/install/vision_msgs_rviz_plugins/lib/vision_msgs_rviz_plugins/BoundingBox3D.py
[10.200s] -- Installing: /home/gopal/ros2/macine_learning_ws/install/vision_msgs_rviz_plugins/lib/vision_msgs_rviz_plugins/BoundingBox3DArray.py
[10.201s] -- Installing: /home/gopal/ros2/macine_learning_ws/install/vision_msgs_rviz_plugins/share/ament_index/resource_index/package_run_dependencies/vision_msgs_rviz_plugins
[10.201s] -- Installing: /home/gopal/ros2/macine_learning_ws/install/vision_msgs_rviz_plugins/share/ament_index/resource_index/parent_prefix_path/vision_msgs_rviz_plugins
[10.201s] -- Installing: /home/gopal/ros2/macine_learning_ws/install/vision_msgs_rviz_plugins/share/vision_msgs_rviz_plugins/environment/ament_prefix_path.sh
[10.201s] -- Installing: /home/gopal/ros2/macine_learning_ws/install/vision_msgs_rviz_plugins/share/vision_msgs_rviz_plugins/environment/ament_prefix_path.dsv
[10.201s] -- Installing: /home/gopal/ros2/macine_learning_ws/install/vision_msgs_rviz_plugins/share/vision_msgs_rviz_plugins/environment/path.sh
[10.201s] -- Installing: /home/gopal/ros2/macine_learning_ws/install/vision_msgs_rviz_plugins/share/vision_msgs_rviz_plugins/environment/path.dsv
[10.201s] -- Installing: /home/gopal/ros2/macine_learning_ws/install/vision_msgs_rviz_plugins/share/vision_msgs_rviz_plugins/local_setup.bash
[10.201s] -- Installing: /home/gopal/ros2/macine_learning_ws/install/vision_msgs_rviz_plugins/share/vision_msgs_rviz_plugins/local_setup.sh
[10.201s] -- Installing: /home/gopal/ros2/macine_learning_ws/install/vision_msgs_rviz_plugins/share/vision_msgs_rviz_plugins/local_setup.zsh
[10.201s] -- Installing: /home/gopal/ros2/macine_learning_ws/install/vision_msgs_rviz_plugins/share/vision_msgs_rviz_plugins/local_setup.dsv
[10.201s] -- Installing: /home/gopal/ros2/macine_learning_ws/install/vision_msgs_rviz_plugins/share/vision_msgs_rviz_plugins/package.dsv
[10.201s] -- Installing: /home/gopal/ros2/macine_learning_ws/install/vision_msgs_rviz_plugins/share/ament_index/resource_index/packages/vision_msgs_rviz_plugins
[10.201s] -- Installing: /home/gopal/ros2/macine_learning_ws/install/vision_msgs_rviz_plugins/share/ament_index/resource_index/rviz_common__pluginlib__plugin/vision_msgs_rviz_plugins
[10.201s] -- Installing: /home/gopal/ros2/macine_learning_ws/install/vision_msgs_rviz_plugins/share/vision_msgs_rviz_plugins/cmake/vision_msgs_rviz_pluginsExport.cmake
[10.201s] -- Installing: /home/gopal/ros2/macine_learning_ws/install/vision_msgs_rviz_plugins/share/vision_msgs_rviz_plugins/cmake/vision_msgs_rviz_pluginsExport-noconfig.cmake
[10.201s] -- Installing: /home/gopal/ros2/macine_learning_ws/install/vision_msgs_rviz_plugins/share/vision_msgs_rviz_plugins/cmake/ament_cmake_export_include_directories-extras.cmake
[10.201s] -- Installing: /home/gopal/ros2/macine_learning_ws/install/vision_msgs_rviz_plugins/share/vision_msgs_rviz_plugins/cmake/ament_cmake_export_targets-extras.cmake
[10.201s] -- Installing: /home/gopal/ros2/macine_learning_ws/install/vision_msgs_rviz_plugins/share/vision_msgs_rviz_plugins/cmake/ament_cmake_export_dependencies-extras.cmake
[10.201s] -- Installing: /home/gopal/ros2/macine_learning_ws/install/vision_msgs_rviz_plugins/share/vision_msgs_rviz_plugins/cmake/vision_msgs_rviz_pluginsConfig.cmake
[10.201s] -- Installing: /home/gopal/ros2/macine_learning_ws/install/vision_msgs_rviz_plugins/share/vision_msgs_rviz_plugins/cmake/vision_msgs_rviz_pluginsConfig-version.cmake
[10.201s] -- Installing: /home/gopal/ros2/macine_learning_ws/install/vision_msgs_rviz_plugins/share/vision_msgs_rviz_plugins/package.xml
[10.202s] Invoked command in '/home/gopal/ros2/macine_learning_ws/build/vision_msgs_rviz_plugins' returned '0': AMENT_PREFIX_PATH=/home/gopal/ros2/macine_learning_ws/install/vision_msgs:${AMENT_PREFIX_PATH} CMAKE_PREFIX_PATH=/home/gopal/ros2/macine_learning_ws/install/vision_msgs:/opt/ros/humble LD_LIBRARY_PATH=/home/gopal/ros2/macine_learning_ws/install/vision_msgs/lib:${LD_LIBRARY_PATH} PYTHONPATH=/home/gopal/ros2/macine_learning_ws/install/vision_msgs/local/lib/python3.10/dist-packages:${PYTHONPATH} /usr/bin/cmake --install /home/gopal/ros2/macine_learning_ws/build/vision_msgs_rviz_plugins
