[0.045s] DEBUG:colcon:Command line arguments: ['/usr/bin/colcon', 'build']
[0.045s] DEBUG:colcon:Parsed command line arguments: Namespace(log_base=None, log_level=None, verb_name='build', build_base='build', install_base='install', merge_install=False, symlink_install=False, test_result_base=None, continue_on_error=False, executor='parallel', parallel_workers=32, event_handlers=None, ignore_user_meta=False, metas=['./colcon.meta'], base_paths=['.'], packages_ignore=None, packages_ignore_regex=None, paths=None, packages_up_to=None, packages_up_to_regex=None, packages_above=None, packages_above_and_dependencies=None, packages_above_depth=None, packages_select_by_dep=None, packages_skip_by_dep=None, packages_skip_up_to=None, packages_select_build_failed=False, packages_skip_build_finished=False, packages_select_test_failures=False, packages_skip_test_passed=False, packages_select=None, packages_skip=None, packages_select_regex=None, packages_skip_regex=None, packages_start=None, packages_end=None, allow_overriding=[], cmake_args=None, cmake_target=None, cmake_target_skip_unavailable=False, cmake_clean_cache=False, cmake_clean_first=False, cmake_force_configure=False, ament_cmake_args=None, catkin_cmake_args=None, catkin_skip_building_tests=False, mixin_files=None, mixin=None, verb_parser=<colcon_mixin.mixin.mixin_argument.MixinArgumentDecorator object at 0x705eda54ac50>, verb_extension=<colcon_core.verb.build.BuildVerb object at 0x705eda627a30>, main=<bound method BuildVerb.main of <colcon_core.verb.build.BuildVerb object at 0x705eda627a30>>, mixin_verb=('build',))
[0.114s] Level 1:colcon.colcon_core.package_discovery:discover_packages(colcon_meta) check parameters
[0.114s] Level 1:colcon.colcon_core.package_discovery:discover_packages(recursive) check parameters
[0.114s] Level 1:colcon.colcon_core.package_discovery:discover_packages(ignore) check parameters
[0.114s] Level 1:colcon.colcon_core.package_discovery:discover_packages(path) check parameters
[0.114s] Level 1:colcon.colcon_core.package_discovery:discover_packages(colcon_meta) discover
[0.114s] Level 1:colcon.colcon_core.package_discovery:discover_packages(recursive) discover
[0.114s] INFO:colcon.colcon_core.package_discovery:Crawling recursively for packages in '/home/gopal/ros2/macine_learning_ws'
[0.114s] Level 1:colcon.colcon_core.package_identification:_identify(.) by extensions ['ignore', 'ignore_ament_install']
[0.115s] Level 1:colcon.colcon_core.package_identification:_identify(.) by extension 'ignore'
[0.115s] Level 1:colcon.colcon_core.package_identification:_identify(.) by extension 'ignore_ament_install'
[0.115s] Level 1:colcon.colcon_core.package_identification:_identify(.) by extensions ['colcon_pkg']
[0.115s] Level 1:colcon.colcon_core.package_identification:_identify(.) by extension 'colcon_pkg'
[0.115s] Level 1:colcon.colcon_core.package_identification:_identify(.) by extensions ['colcon_meta']
[0.115s] Level 1:colcon.colcon_core.package_identification:_identify(.) by extension 'colcon_meta'
[0.115s] Level 1:colcon.colcon_core.package_identification:_identify(.) by extensions ['ros']
[0.115s] Level 1:colcon.colcon_core.package_identification:_identify(.) by extension 'ros'
[0.119s] Level 1:colcon.colcon_core.package_identification:_identify(.) by extensions ['cmake', 'python']
[0.119s] Level 1:colcon.colcon_core.package_identification:_identify(.) by extension 'cmake'
[0.119s] Level 1:colcon.colcon_core.package_identification:_identify(.) by extension 'python'
[0.119s] Level 1:colcon.colcon_core.package_identification:_identify(.) by extensions ['python_setup_py']
[0.119s] Level 1:colcon.colcon_core.package_identification:_identify(.) by extension 'python_setup_py'
[0.120s] Level 1:colcon.colcon_core.package_identification:_identify(build) by extensions ['ignore', 'ignore_ament_install']
[0.120s] Level 1:colcon.colcon_core.package_identification:_identify(build) by extension 'ignore'
[0.120s] Level 1:colcon.colcon_core.package_identification:_identify(build) ignored
[0.120s] Level 1:colcon.colcon_core.package_identification:_identify(install) by extensions ['ignore', 'ignore_ament_install']
[0.120s] Level 1:colcon.colcon_core.package_identification:_identify(install) by extension 'ignore'
[0.120s] Level 1:colcon.colcon_core.package_identification:_identify(install) ignored
[0.120s] Level 1:colcon.colcon_core.package_identification:_identify(log) by extensions ['ignore', 'ignore_ament_install']
[0.120s] Level 1:colcon.colcon_core.package_identification:_identify(log) by extension 'ignore'
[0.120s] Level 1:colcon.colcon_core.package_identification:_identify(log) ignored
[0.120s] Level 1:colcon.colcon_core.package_identification:_identify(src) by extensions ['ignore', 'ignore_ament_install']
[0.120s] Level 1:colcon.colcon_core.package_identification:_identify(src) by extension 'ignore'
[0.120s] Level 1:colcon.colcon_core.package_identification:_identify(src) by extension 'ignore_ament_install'
[0.120s] Level 1:colcon.colcon_core.package_identification:_identify(src) by extensions ['colcon_pkg']
[0.120s] Level 1:colcon.colcon_core.package_identification:_identify(src) by extension 'colcon_pkg'
[0.120s] Level 1:colcon.colcon_core.package_identification:_identify(src) by extensions ['colcon_meta']
[0.120s] Level 1:colcon.colcon_core.package_identification:_identify(src) by extension 'colcon_meta'
[0.120s] Level 1:colcon.colcon_core.package_identification:_identify(src) by extensions ['ros']
[0.120s] Level 1:colcon.colcon_core.package_identification:_identify(src) by extension 'ros'
[0.120s] Level 1:colcon.colcon_core.package_identification:_identify(src) by extensions ['cmake', 'python']
[0.120s] Level 1:colcon.colcon_core.package_identification:_identify(src) by extension 'cmake'
[0.120s] Level 1:colcon.colcon_core.package_identification:_identify(src) by extension 'python'
[0.120s] Level 1:colcon.colcon_core.package_identification:_identify(src) by extensions ['python_setup_py']
[0.120s] Level 1:colcon.colcon_core.package_identification:_identify(src) by extension 'python_setup_py'
[0.120s] Level 1:colcon.colcon_core.package_identification:_identify(src/darknet_ros_msgs) by extensions ['ignore', 'ignore_ament_install']
[0.120s] Level 1:colcon.colcon_core.package_identification:_identify(src/darknet_ros_msgs) by extension 'ignore'
[0.120s] Level 1:colcon.colcon_core.package_identification:_identify(src/darknet_ros_msgs) by extension 'ignore_ament_install'
[0.120s] Level 1:colcon.colcon_core.package_identification:_identify(src/darknet_ros_msgs) by extensions ['colcon_pkg']
[0.120s] Level 1:colcon.colcon_core.package_identification:_identify(src/darknet_ros_msgs) by extension 'colcon_pkg'
[0.120s] Level 1:colcon.colcon_core.package_identification:_identify(src/darknet_ros_msgs) by extensions ['colcon_meta']
[0.120s] Level 1:colcon.colcon_core.package_identification:_identify(src/darknet_ros_msgs) by extension 'colcon_meta'
[0.120s] Level 1:colcon.colcon_core.package_identification:_identify(src/darknet_ros_msgs) by extensions ['ros']
[0.120s] Level 1:colcon.colcon_core.package_identification:_identify(src/darknet_ros_msgs) by extension 'ros'
[0.120s] Level 1:colcon.colcon_core.package_identification:_identify(src/darknet_ros_msgs) by extensions ['cmake', 'python']
[0.120s] Level 1:colcon.colcon_core.package_identification:_identify(src/darknet_ros_msgs) by extension 'cmake'
[0.120s] Level 1:colcon.colcon_core.package_identification:_identify(src/darknet_ros_msgs) by extension 'python'
[0.120s] Level 1:colcon.colcon_core.package_identification:_identify(src/darknet_ros_msgs) by extensions ['python_setup_py']
[0.120s] Level 1:colcon.colcon_core.package_identification:_identify(src/darknet_ros_msgs) by extension 'python_setup_py'
[0.120s] Level 1:colcon.colcon_core.package_identification:_identify(src/darknet_ros_msgs/darknet) by extensions ['ignore', 'ignore_ament_install']
[0.120s] Level 1:colcon.colcon_core.package_identification:_identify(src/darknet_ros_msgs/darknet) by extension 'ignore'
[0.120s] Level 1:colcon.colcon_core.package_identification:_identify(src/darknet_ros_msgs/darknet) by extension 'ignore_ament_install'
[0.120s] Level 1:colcon.colcon_core.package_identification:_identify(src/darknet_ros_msgs/darknet) by extensions ['colcon_pkg']
[0.120s] Level 1:colcon.colcon_core.package_identification:_identify(src/darknet_ros_msgs/darknet) by extension 'colcon_pkg'
[0.120s] Level 1:colcon.colcon_core.package_identification:_identify(src/darknet_ros_msgs/darknet) by extensions ['colcon_meta']
[0.120s] Level 1:colcon.colcon_core.package_identification:_identify(src/darknet_ros_msgs/darknet) by extension 'colcon_meta'
[0.120s] Level 1:colcon.colcon_core.package_identification:_identify(src/darknet_ros_msgs/darknet) by extensions ['ros']
[0.120s] Level 1:colcon.colcon_core.package_identification:_identify(src/darknet_ros_msgs/darknet) by extension 'ros'
[0.120s] Level 1:colcon.colcon_core.package_identification:_identify(src/darknet_ros_msgs/darknet) by extensions ['cmake', 'python']
[0.120s] Level 1:colcon.colcon_core.package_identification:_identify(src/darknet_ros_msgs/darknet) by extension 'cmake'
[0.120s] Level 1:colcon.colcon_core.package_identification:_identify(src/darknet_ros_msgs/darknet) by extension 'python'
[0.121s] Level 1:colcon.colcon_core.package_identification:_identify(src/darknet_ros_msgs/darknet) by extensions ['python_setup_py']
[0.121s] Level 1:colcon.colcon_core.package_identification:_identify(src/darknet_ros_msgs/darknet) by extension 'python_setup_py'
[0.121s] Level 1:colcon.colcon_core.package_identification:_identify(src/darknet_ros_msgs/darknet_ros_msgs) by extensions ['ignore', 'ignore_ament_install']
[0.121s] Level 1:colcon.colcon_core.package_identification:_identify(src/darknet_ros_msgs/darknet_ros_msgs) by extension 'ignore'
[0.121s] Level 1:colcon.colcon_core.package_identification:_identify(src/darknet_ros_msgs/darknet_ros_msgs) by extension 'ignore_ament_install'
[0.121s] Level 1:colcon.colcon_core.package_identification:_identify(src/darknet_ros_msgs/darknet_ros_msgs) by extensions ['colcon_pkg']
[0.121s] Level 1:colcon.colcon_core.package_identification:_identify(src/darknet_ros_msgs/darknet_ros_msgs) by extension 'colcon_pkg'
[0.121s] Level 1:colcon.colcon_core.package_identification:_identify(src/darknet_ros_msgs/darknet_ros_msgs) by extensions ['colcon_meta']
[0.121s] Level 1:colcon.colcon_core.package_identification:_identify(src/darknet_ros_msgs/darknet_ros_msgs) by extension 'colcon_meta'
[0.121s] Level 1:colcon.colcon_core.package_identification:_identify(src/darknet_ros_msgs/darknet_ros_msgs) by extensions ['ros']
[0.121s] Level 1:colcon.colcon_core.package_identification:_identify(src/darknet_ros_msgs/darknet_ros_msgs) by extension 'ros'
[0.122s] DEBUG:colcon.colcon_core.package_identification:Package 'src/darknet_ros_msgs/darknet_ros_msgs' with type 'ros.ament_cmake' and name 'darknet_ros_msgs'
[0.122s] Level 1:colcon.colcon_core.package_identification:_identify(src/deeplearning_pkg) by extensions ['ignore', 'ignore_ament_install']
[0.122s] Level 1:colcon.colcon_core.package_identification:_identify(src/deeplearning_pkg) by extension 'ignore'
[0.122s] Level 1:colcon.colcon_core.package_identification:_identify(src/deeplearning_pkg) by extension 'ignore_ament_install'
[0.122s] Level 1:colcon.colcon_core.package_identification:_identify(src/deeplearning_pkg) by extensions ['colcon_pkg']
[0.122s] Level 1:colcon.colcon_core.package_identification:_identify(src/deeplearning_pkg) by extension 'colcon_pkg'
[0.122s] Level 1:colcon.colcon_core.package_identification:_identify(src/deeplearning_pkg) by extensions ['colcon_meta']
[0.122s] Level 1:colcon.colcon_core.package_identification:_identify(src/deeplearning_pkg) by extension 'colcon_meta'
[0.122s] Level 1:colcon.colcon_core.package_identification:_identify(src/deeplearning_pkg) by extensions ['ros']
[0.122s] Level 1:colcon.colcon_core.package_identification:_identify(src/deeplearning_pkg) by extension 'ros'
[0.122s] DEBUG:colcon.colcon_core.package_identification:Package 'src/deeplearning_pkg' with type 'ros.ament_python' and name 'deeplearning_pkg'
[0.122s] Level 1:colcon.colcon_core.package_discovery:discover_packages(recursive) using defaults
[0.122s] Level 1:colcon.colcon_core.package_discovery:discover_packages(ignore) discover
[0.122s] Level 1:colcon.colcon_core.package_discovery:discover_packages(ignore) using defaults
[0.122s] Level 1:colcon.colcon_core.package_discovery:discover_packages(path) discover
[0.122s] Level 1:colcon.colcon_core.package_discovery:discover_packages(path) using defaults
[0.134s] Level 1:colcon.colcon_core.package_discovery:discover_packages(prefix_path) check parameters
[0.134s] Level 1:colcon.colcon_core.package_discovery:discover_packages(prefix_path) discover
[0.135s] DEBUG:colcon.colcon_installed_package_information.package_discovery:Found 0 installed packages in /home/gopal/ros2/macine_learning_ws/install
[0.135s] DEBUG:colcon.colcon_installed_package_information.package_discovery:Found 291 installed packages in /opt/ros/humble
[0.136s] Level 1:colcon.colcon_core.package_discovery:discover_packages(prefix_path) using defaults
[0.152s] Level 5:colcon.colcon_core.verb:set package 'darknet_ros_msgs' build argument 'cmake_args' from command line to 'None'
[0.152s] Level 5:colcon.colcon_core.verb:set package 'darknet_ros_msgs' build argument 'cmake_target' from command line to 'None'
[0.152s] Level 5:colcon.colcon_core.verb:set package 'darknet_ros_msgs' build argument 'cmake_target_skip_unavailable' from command line to 'False'
[0.152s] Level 5:colcon.colcon_core.verb:set package 'darknet_ros_msgs' build argument 'cmake_clean_cache' from command line to 'False'
[0.152s] Level 5:colcon.colcon_core.verb:set package 'darknet_ros_msgs' build argument 'cmake_clean_first' from command line to 'False'
[0.152s] Level 5:colcon.colcon_core.verb:set package 'darknet_ros_msgs' build argument 'cmake_force_configure' from command line to 'False'
[0.152s] Level 5:colcon.colcon_core.verb:set package 'darknet_ros_msgs' build argument 'ament_cmake_args' from command line to 'None'
[0.152s] Level 5:colcon.colcon_core.verb:set package 'darknet_ros_msgs' build argument 'catkin_cmake_args' from command line to 'None'
[0.152s] Level 5:colcon.colcon_core.verb:set package 'darknet_ros_msgs' build argument 'catkin_skip_building_tests' from command line to 'False'
[0.152s] DEBUG:colcon.colcon_core.verb:Building package 'darknet_ros_msgs' with the following arguments: {'ament_cmake_args': None, 'build_base': '/home/gopal/ros2/macine_learning_ws/build/darknet_ros_msgs', 'catkin_cmake_args': None, 'catkin_skip_building_tests': False, 'cmake_args': None, 'cmake_clean_cache': False, 'cmake_clean_first': False, 'cmake_force_configure': False, 'cmake_target': None, 'cmake_target_skip_unavailable': False, 'install_base': '/home/gopal/ros2/macine_learning_ws/install/darknet_ros_msgs', 'merge_install': False, 'path': '/home/gopal/ros2/macine_learning_ws/src/darknet_ros_msgs/darknet_ros_msgs', 'symlink_install': False, 'test_result_base': None}
[0.152s] Level 5:colcon.colcon_core.verb:set package 'deeplearning_pkg' build argument 'cmake_args' from command line to 'None'
[0.152s] Level 5:colcon.colcon_core.verb:set package 'deeplearning_pkg' build argument 'cmake_target' from command line to 'None'
[0.152s] Level 5:colcon.colcon_core.verb:set package 'deeplearning_pkg' build argument 'cmake_target_skip_unavailable' from command line to 'False'
[0.152s] Level 5:colcon.colcon_core.verb:set package 'deeplearning_pkg' build argument 'cmake_clean_cache' from command line to 'False'
[0.152s] Level 5:colcon.colcon_core.verb:set package 'deeplearning_pkg' build argument 'cmake_clean_first' from command line to 'False'
[0.152s] Level 5:colcon.colcon_core.verb:set package 'deeplearning_pkg' build argument 'cmake_force_configure' from command line to 'False'
[0.152s] Level 5:colcon.colcon_core.verb:set package 'deeplearning_pkg' build argument 'ament_cmake_args' from command line to 'None'
[0.152s] Level 5:colcon.colcon_core.verb:set package 'deeplearning_pkg' build argument 'catkin_cmake_args' from command line to 'None'
[0.152s] Level 5:colcon.colcon_core.verb:set package 'deeplearning_pkg' build argument 'catkin_skip_building_tests' from command line to 'False'
[0.152s] DEBUG:colcon.colcon_core.verb:Building package 'deeplearning_pkg' with the following arguments: {'ament_cmake_args': None, 'build_base': '/home/gopal/ros2/macine_learning_ws/build/deeplearning_pkg', 'catkin_cmake_args': None, 'catkin_skip_building_tests': False, 'cmake_args': None, 'cmake_clean_cache': False, 'cmake_clean_first': False, 'cmake_force_configure': False, 'cmake_target': None, 'cmake_target_skip_unavailable': False, 'install_base': '/home/gopal/ros2/macine_learning_ws/install/deeplearning_pkg', 'merge_install': False, 'path': '/home/gopal/ros2/macine_learning_ws/src/deeplearning_pkg', 'symlink_install': False, 'test_result_base': None}
[0.152s] INFO:colcon.colcon_core.executor:Executing jobs using 'parallel' executor
[0.153s] DEBUG:colcon.colcon_parallel_executor.executor.parallel:run_until_complete
[0.153s] INFO:colcon.colcon_ros.task.ament_cmake.build:Building ROS package in '/home/gopal/ros2/macine_learning_ws/src/darknet_ros_msgs/darknet_ros_msgs' with build type 'ament_cmake'
[0.153s] INFO:colcon.colcon_cmake.task.cmake.build:Building CMake package in '/home/gopal/ros2/macine_learning_ws/src/darknet_ros_msgs/darknet_ros_msgs'
[0.154s] INFO:colcon.colcon_core.plugin_system:Skipping extension 'colcon_core.shell.bat': Not used on non-Windows systems
[0.154s] INFO:colcon.colcon_core.shell:Skip shell extension 'powershell' for command environment: Not usable outside of PowerShell
[0.154s] DEBUG:colcon.colcon_core.shell:Skip shell extension 'dsv' for command environment
[0.156s] INFO:colcon.colcon_ros.task.ament_python.build:Building ROS package in '/home/gopal/ros2/macine_learning_ws/src/deeplearning_pkg' with build type 'ament_python'
[0.156s] Level 1:colcon.colcon_core.shell:create_environment_hook('deeplearning_pkg', 'ament_prefix_path')
[0.156s] INFO:colcon.colcon_core.shell:Creating environment hook '/home/gopal/ros2/macine_learning_ws/install/deeplearning_pkg/share/deeplearning_pkg/hook/ament_prefix_path.ps1'
[0.156s] INFO:colcon.colcon_core.shell:Creating environment descriptor '/home/gopal/ros2/macine_learning_ws/install/deeplearning_pkg/share/deeplearning_pkg/hook/ament_prefix_path.dsv'
[0.157s] INFO:colcon.colcon_core.shell:Creating environment hook '/home/gopal/ros2/macine_learning_ws/install/deeplearning_pkg/share/deeplearning_pkg/hook/ament_prefix_path.sh'
[0.157s] INFO:colcon.colcon_core.shell:Skip shell extension 'powershell' for command environment: Not usable outside of PowerShell
[0.157s] DEBUG:colcon.colcon_core.shell:Skip shell extension 'dsv' for command environment
[0.160s] DEBUG:colcon.colcon_core.event_handler.log_command:Invoking command in '/home/gopal/ros2/macine_learning_ws/build/darknet_ros_msgs': CMAKE_PREFIX_PATH=/opt/ros/humble /usr/bin/cmake /home/gopal/ros2/macine_learning_ws/src/darknet_ros_msgs/darknet_ros_msgs -DCMAKE_INSTALL_PREFIX=/home/gopal/ros2/macine_learning_ws/install/darknet_ros_msgs
[0.276s] INFO:colcon.colcon_core.task.python.build:Building Python package in '/home/gopal/ros2/macine_learning_ws/src/deeplearning_pkg'
[0.276s] INFO:colcon.colcon_core.shell:Skip shell extension 'powershell' for command environment: Not usable outside of PowerShell
[0.276s] DEBUG:colcon.colcon_core.shell:Skip shell extension 'dsv' for command environment
[0.571s] DEBUG:colcon.colcon_core.event_handler.log_command:Invoking command in '/home/gopal/ros2/macine_learning_ws/src/deeplearning_pkg': PYTHONPATH=/home/gopal/ros2/macine_learning_ws/build/deeplearning_pkg/prefix_override:/usr/lib/python3/dist-packages/colcon_core/task/python/colcon_distutils_commands:/home/gopal/ros2/macine_learning_ws/install/deeplearning_pkg/lib/python3.10/site-packages:${PYTHONPATH} /usr/bin/python3 -W ignore:setup.py install is deprecated setup.py egg_info --egg-base ../../build/deeplearning_pkg build --build-base /home/gopal/ros2/macine_learning_ws/build/deeplearning_pkg/build install --record /home/gopal/ros2/macine_learning_ws/build/deeplearning_pkg/install.log --single-version-externally-managed install_data
[0.705s] DEBUG:colcon.colcon_core.event_handler.log_command:Invoked command in '/home/gopal/ros2/macine_learning_ws/src/deeplearning_pkg' returned '0': PYTHONPATH=/home/gopal/ros2/macine_learning_ws/build/deeplearning_pkg/prefix_override:/usr/lib/python3/dist-packages/colcon_core/task/python/colcon_distutils_commands:/home/gopal/ros2/macine_learning_ws/install/deeplearning_pkg/lib/python3.10/site-packages:${PYTHONPATH} /usr/bin/python3 -W ignore:setup.py install is deprecated setup.py egg_info --egg-base ../../build/deeplearning_pkg build --build-base /home/gopal/ros2/macine_learning_ws/build/deeplearning_pkg/build install --record /home/gopal/ros2/macine_learning_ws/build/deeplearning_pkg/install.log --single-version-externally-managed install_data
[0.705s] Level 1:colcon.colcon_core.environment:checking '/home/gopal/ros2/macine_learning_ws/install/deeplearning_pkg' for CMake module files
[0.706s] Level 1:colcon.colcon_core.environment:checking '/home/gopal/ros2/macine_learning_ws/install/deeplearning_pkg' for CMake config files
[0.706s] Level 1:colcon.colcon_core.environment:checking '/home/gopal/ros2/macine_learning_ws/install/deeplearning_pkg/lib'
[0.706s] Level 1:colcon.colcon_core.environment:checking '/home/gopal/ros2/macine_learning_ws/install/deeplearning_pkg/bin'
[0.706s] Level 1:colcon.colcon_core.environment:checking '/home/gopal/ros2/macine_learning_ws/install/deeplearning_pkg/lib/pkgconfig/deeplearning_pkg.pc'
[0.706s] Level 1:colcon.colcon_core.environment:checking '/home/gopal/ros2/macine_learning_ws/install/deeplearning_pkg/lib/python3.10/site-packages'
[0.706s] Level 1:colcon.colcon_core.shell:create_environment_hook('deeplearning_pkg', 'pythonpath')
[0.706s] INFO:colcon.colcon_core.shell:Creating environment hook '/home/gopal/ros2/macine_learning_ws/install/deeplearning_pkg/share/deeplearning_pkg/hook/pythonpath.ps1'
[0.706s] INFO:colcon.colcon_core.shell:Creating environment descriptor '/home/gopal/ros2/macine_learning_ws/install/deeplearning_pkg/share/deeplearning_pkg/hook/pythonpath.dsv'
[0.707s] INFO:colcon.colcon_core.shell:Creating environment hook '/home/gopal/ros2/macine_learning_ws/install/deeplearning_pkg/share/deeplearning_pkg/hook/pythonpath.sh'
[0.707s] Level 1:colcon.colcon_core.environment:checking '/home/gopal/ros2/macine_learning_ws/install/deeplearning_pkg/bin'
[0.707s] Level 1:colcon.colcon_core.environment:create_environment_scripts_only(deeplearning_pkg)
[0.707s] INFO:colcon.colcon_core.shell:Creating package script '/home/gopal/ros2/macine_learning_ws/install/deeplearning_pkg/share/deeplearning_pkg/package.ps1'
[0.707s] INFO:colcon.colcon_core.shell:Creating package descriptor '/home/gopal/ros2/macine_learning_ws/install/deeplearning_pkg/share/deeplearning_pkg/package.dsv'
[0.707s] INFO:colcon.colcon_core.shell:Creating package script '/home/gopal/ros2/macine_learning_ws/install/deeplearning_pkg/share/deeplearning_pkg/package.sh'
[0.708s] INFO:colcon.colcon_core.shell:Creating package script '/home/gopal/ros2/macine_learning_ws/install/deeplearning_pkg/share/deeplearning_pkg/package.bash'
[0.708s] INFO:colcon.colcon_core.shell:Creating package script '/home/gopal/ros2/macine_learning_ws/install/deeplearning_pkg/share/deeplearning_pkg/package.zsh'
[0.708s] Level 1:colcon.colcon_core.environment:create_file_with_runtime_dependencies(/home/gopal/ros2/macine_learning_ws/install/deeplearning_pkg/share/colcon-core/packages/deeplearning_pkg)
[1.320s] DEBUG:colcon.colcon_core.event_handler.log_command:Invoked command in '/home/gopal/ros2/macine_learning_ws/build/darknet_ros_msgs' returned '0': CMAKE_PREFIX_PATH=/opt/ros/humble /usr/bin/cmake /home/gopal/ros2/macine_learning_ws/src/darknet_ros_msgs/darknet_ros_msgs -DCMAKE_INSTALL_PREFIX=/home/gopal/ros2/macine_learning_ws/install/darknet_ros_msgs
[1.321s] DEBUG:colcon.colcon_core.event_handler.log_command:Invoking command in '/home/gopal/ros2/macine_learning_ws/build/darknet_ros_msgs': CMAKE_PREFIX_PATH=/opt/ros/humble /usr/bin/cmake --build /home/gopal/ros2/macine_learning_ws/build/darknet_ros_msgs -- -j32 -l32
[3.040s] DEBUG:colcon.colcon_core.event_handler.log_command:Invoked command in '/home/gopal/ros2/macine_learning_ws/build/darknet_ros_msgs' returned '0': CMAKE_PREFIX_PATH=/opt/ros/humble /usr/bin/cmake --build /home/gopal/ros2/macine_learning_ws/build/darknet_ros_msgs -- -j32 -l32
[3.204s] DEBUG:colcon.colcon_core.event_handler.log_command:Invoking command in '/home/gopal/ros2/macine_learning_ws/build/darknet_ros_msgs': CMAKE_PREFIX_PATH=/opt/ros/humble /usr/bin/cmake --install /home/gopal/ros2/macine_learning_ws/build/darknet_ros_msgs
[3.261s] Level 1:colcon.colcon_core.environment:create_environment_scripts_only(darknet_ros_msgs)
[3.261s] DEBUG:colcon.colcon_core.event_handler.log_command:Invoked command in '/home/gopal/ros2/macine_learning_ws/build/darknet_ros_msgs' returned '0': CMAKE_PREFIX_PATH=/opt/ros/humble /usr/bin/cmake --install /home/gopal/ros2/macine_learning_ws/build/darknet_ros_msgs
[3.261s] Level 1:colcon.colcon_core.environment:checking '/home/gopal/ros2/macine_learning_ws/install/darknet_ros_msgs' for CMake module files
[3.261s] Level 1:colcon.colcon_core.environment:checking '/home/gopal/ros2/macine_learning_ws/install/darknet_ros_msgs' for CMake config files
[3.262s] Level 1:colcon.colcon_core.shell:create_environment_hook('darknet_ros_msgs', 'cmake_prefix_path')
[3.262s] INFO:colcon.colcon_core.shell:Creating environment hook '/home/gopal/ros2/macine_learning_ws/install/darknet_ros_msgs/share/darknet_ros_msgs/hook/cmake_prefix_path.ps1'
[3.262s] INFO:colcon.colcon_core.shell:Creating environment descriptor '/home/gopal/ros2/macine_learning_ws/install/darknet_ros_msgs/share/darknet_ros_msgs/hook/cmake_prefix_path.dsv'
[3.262s] INFO:colcon.colcon_core.shell:Creating environment hook '/home/gopal/ros2/macine_learning_ws/install/darknet_ros_msgs/share/darknet_ros_msgs/hook/cmake_prefix_path.sh'
[3.262s] Level 1:colcon.colcon_core.environment:checking '/home/gopal/ros2/macine_learning_ws/install/darknet_ros_msgs/lib'
[3.262s] Level 1:colcon.colcon_core.shell:create_environment_hook('darknet_ros_msgs', 'ld_library_path_lib')
[3.262s] INFO:colcon.colcon_core.shell:Creating environment hook '/home/gopal/ros2/macine_learning_ws/install/darknet_ros_msgs/share/darknet_ros_msgs/hook/ld_library_path_lib.ps1'
[3.262s] INFO:colcon.colcon_core.shell:Creating environment descriptor '/home/gopal/ros2/macine_learning_ws/install/darknet_ros_msgs/share/darknet_ros_msgs/hook/ld_library_path_lib.dsv'
[3.263s] INFO:colcon.colcon_core.shell:Creating environment hook '/home/gopal/ros2/macine_learning_ws/install/darknet_ros_msgs/share/darknet_ros_msgs/hook/ld_library_path_lib.sh'
[3.263s] Level 1:colcon.colcon_core.environment:checking '/home/gopal/ros2/macine_learning_ws/install/darknet_ros_msgs/bin'
[3.263s] Level 1:colcon.colcon_core.environment:checking '/home/gopal/ros2/macine_learning_ws/install/darknet_ros_msgs/lib/pkgconfig/darknet_ros_msgs.pc'
[3.263s] Level 1:colcon.colcon_core.environment:checking '/home/gopal/ros2/macine_learning_ws/install/darknet_ros_msgs/lib/python3.10/site-packages'
[3.263s] Level 1:colcon.colcon_core.environment:checking '/home/gopal/ros2/macine_learning_ws/install/darknet_ros_msgs/bin'
[3.263s] INFO:colcon.colcon_core.shell:Creating package script '/home/gopal/ros2/macine_learning_ws/install/darknet_ros_msgs/share/darknet_ros_msgs/package.ps1'
[3.263s] INFO:colcon.colcon_core.shell:Creating package descriptor '/home/gopal/ros2/macine_learning_ws/install/darknet_ros_msgs/share/darknet_ros_msgs/package.dsv'
[3.263s] INFO:colcon.colcon_core.shell:Creating package script '/home/gopal/ros2/macine_learning_ws/install/darknet_ros_msgs/share/darknet_ros_msgs/package.sh'
[3.263s] INFO:colcon.colcon_core.shell:Creating package script '/home/gopal/ros2/macine_learning_ws/install/darknet_ros_msgs/share/darknet_ros_msgs/package.bash'
[3.263s] INFO:colcon.colcon_core.shell:Creating package script '/home/gopal/ros2/macine_learning_ws/install/darknet_ros_msgs/share/darknet_ros_msgs/package.zsh'
[3.264s] Level 1:colcon.colcon_core.environment:create_file_with_runtime_dependencies(/home/gopal/ros2/macine_learning_ws/install/darknet_ros_msgs/share/colcon-core/packages/darknet_ros_msgs)
[3.407s] Level 1:colcon.colcon_core.environment:create_environment_scripts_only(darknet_ros_msgs)
[3.407s] Level 1:colcon.colcon_core.environment:checking '/home/gopal/ros2/macine_learning_ws/install/darknet_ros_msgs' for CMake module files
[3.408s] Level 1:colcon.colcon_core.environment:checking '/home/gopal/ros2/macine_learning_ws/install/darknet_ros_msgs' for CMake config files
[3.408s] Level 1:colcon.colcon_core.shell:create_environment_hook('darknet_ros_msgs', 'cmake_prefix_path')
[3.409s] INFO:colcon.colcon_core.shell:Creating environment hook '/home/gopal/ros2/macine_learning_ws/install/darknet_ros_msgs/share/darknet_ros_msgs/hook/cmake_prefix_path.ps1'
[3.409s] INFO:colcon.colcon_core.shell:Creating environment descriptor '/home/gopal/ros2/macine_learning_ws/install/darknet_ros_msgs/share/darknet_ros_msgs/hook/cmake_prefix_path.dsv'
[3.409s] INFO:colcon.colcon_core.shell:Creating environment hook '/home/gopal/ros2/macine_learning_ws/install/darknet_ros_msgs/share/darknet_ros_msgs/hook/cmake_prefix_path.sh'
[3.410s] Level 1:colcon.colcon_core.environment:checking '/home/gopal/ros2/macine_learning_ws/install/darknet_ros_msgs/lib'
[3.410s] Level 1:colcon.colcon_core.shell:create_environment_hook('darknet_ros_msgs', 'ld_library_path_lib')
[3.410s] INFO:colcon.colcon_core.shell:Creating environment hook '/home/gopal/ros2/macine_learning_ws/install/darknet_ros_msgs/share/darknet_ros_msgs/hook/ld_library_path_lib.ps1'
[3.411s] INFO:colcon.colcon_core.shell:Creating environment descriptor '/home/gopal/ros2/macine_learning_ws/install/darknet_ros_msgs/share/darknet_ros_msgs/hook/ld_library_path_lib.dsv'
[3.411s] INFO:colcon.colcon_core.shell:Creating environment hook '/home/gopal/ros2/macine_learning_ws/install/darknet_ros_msgs/share/darknet_ros_msgs/hook/ld_library_path_lib.sh'
[3.411s] Level 1:colcon.colcon_core.environment:checking '/home/gopal/ros2/macine_learning_ws/install/darknet_ros_msgs/bin'
[3.411s] Level 1:colcon.colcon_core.environment:checking '/home/gopal/ros2/macine_learning_ws/install/darknet_ros_msgs/lib/pkgconfig/darknet_ros_msgs.pc'
[3.412s] Level 1:colcon.colcon_core.environment:checking '/home/gopal/ros2/macine_learning_ws/install/darknet_ros_msgs/lib/python3.10/site-packages'
[3.412s] Level 1:colcon.colcon_core.environment:checking '/home/gopal/ros2/macine_learning_ws/install/darknet_ros_msgs/bin'
[3.412s] INFO:colcon.colcon_core.shell:Creating package script '/home/gopal/ros2/macine_learning_ws/install/darknet_ros_msgs/share/darknet_ros_msgs/package.ps1'
[3.413s] INFO:colcon.colcon_core.shell:Creating package descriptor '/home/gopal/ros2/macine_learning_ws/install/darknet_ros_msgs/share/darknet_ros_msgs/package.dsv'
[3.413s] INFO:colcon.colcon_core.shell:Creating package script '/home/gopal/ros2/macine_learning_ws/install/darknet_ros_msgs/share/darknet_ros_msgs/package.sh'
[3.413s] INFO:colcon.colcon_core.shell:Creating package script '/home/gopal/ros2/macine_learning_ws/install/darknet_ros_msgs/share/darknet_ros_msgs/package.bash'
[3.414s] INFO:colcon.colcon_core.shell:Creating package script '/home/gopal/ros2/macine_learning_ws/install/darknet_ros_msgs/share/darknet_ros_msgs/package.zsh'
[3.414s] Level 1:colcon.colcon_core.environment:create_file_with_runtime_dependencies(/home/gopal/ros2/macine_learning_ws/install/darknet_ros_msgs/share/colcon-core/packages/darknet_ros_msgs)
[3.414s] DEBUG:colcon.colcon_parallel_executor.executor.parallel:closing loop
[3.414s] DEBUG:colcon.colcon_parallel_executor.executor.parallel:loop closed
[3.414s] DEBUG:colcon.colcon_parallel_executor.executor.parallel:run_until_complete finished with '0'
[3.414s] DEBUG:colcon.colcon_core.event_reactor:joining thread
[3.420s] INFO:colcon.colcon_core.plugin_system:Skipping extension 'colcon_notification.desktop_notification.terminal_notifier': Not used on non-Darwin systems
[3.420s] INFO:colcon.colcon_core.plugin_system:Skipping extension 'colcon_notification.desktop_notification.win32': Not used on non-Windows systems
[3.420s] INFO:colcon.colcon_notification.desktop_notification:Sending desktop notification using 'notify2'
[3.438s] DEBUG:colcon.colcon_core.event_reactor:joined thread
[3.438s] INFO:colcon.colcon_core.shell:Creating prefix script '/home/gopal/ros2/macine_learning_ws/install/local_setup.ps1'
[3.439s] INFO:colcon.colcon_core.shell:Creating prefix util module '/home/gopal/ros2/macine_learning_ws/install/_local_setup_util_ps1.py'
[3.440s] INFO:colcon.colcon_core.shell:Creating prefix chain script '/home/gopal/ros2/macine_learning_ws/install/setup.ps1'
[3.441s] INFO:colcon.colcon_core.shell:Creating prefix script '/home/gopal/ros2/macine_learning_ws/install/local_setup.sh'
[3.442s] INFO:colcon.colcon_core.shell:Creating prefix util module '/home/gopal/ros2/macine_learning_ws/install/_local_setup_util_sh.py'
[3.442s] INFO:colcon.colcon_core.shell:Creating prefix chain script '/home/gopal/ros2/macine_learning_ws/install/setup.sh'
[3.443s] INFO:colcon.colcon_core.shell:Creating prefix script '/home/gopal/ros2/macine_learning_ws/install/local_setup.bash'
[3.444s] INFO:colcon.colcon_core.shell:Creating prefix chain script '/home/gopal/ros2/macine_learning_ws/install/setup.bash'
[3.445s] INFO:colcon.colcon_core.shell:Creating prefix script '/home/gopal/ros2/macine_learning_ws/install/local_setup.zsh'
[3.445s] INFO:colcon.colcon_core.shell:Creating prefix chain script '/home/gopal/ros2/macine_learning_ws/install/setup.zsh'
