[0.045s] DEBUG:colcon:Command line arguments: ['/usr/bin/colcon', 'build']
[0.045s] DEBUG:colcon:Parsed command line arguments: Namespace(log_base=None, log_level=None, verb_name='build', build_base='build', install_base='install', merge_install=False, symlink_install=False, test_result_base=None, continue_on_error=False, executor='parallel', parallel_workers=32, event_handlers=None, ignore_user_meta=False, metas=['./colcon.meta'], base_paths=['.'], packages_ignore=None, packages_ignore_regex=None, paths=None, packages_up_to=None, packages_up_to_regex=None, packages_above=None, packages_above_and_dependencies=None, packages_above_depth=None, packages_select_by_dep=None, packages_skip_by_dep=None, packages_skip_up_to=None, packages_select_build_failed=False, packages_skip_build_finished=False, packages_select_test_failures=False, packages_skip_test_passed=False, packages_select=None, packages_skip=None, packages_select_regex=None, packages_skip_regex=None, packages_start=None, packages_end=None, allow_overriding=[], cmake_args=None, cmake_target=None, cmake_target_skip_unavailable=False, cmake_clean_cache=False, cmake_clean_first=False, cmake_force_configure=False, ament_cmake_args=None, catkin_cmake_args=None, catkin_skip_building_tests=False, mixin_files=None, mixin=None, verb_parser=<colcon_mixin.mixin.mixin_argument.MixinArgumentDecorator object at 0x78c34b84ac50>, verb_extension=<colcon_core.verb.build.BuildVerb object at 0x78c34b92ba30>, main=<bound method BuildVerb.main of <colcon_core.verb.build.BuildVerb object at 0x78c34b92ba30>>, mixin_verb=('build',))
[0.114s] Level 1:colcon.colcon_core.package_discovery:discover_packages(colcon_meta) check parameters
[0.114s] Level 1:colcon.colcon_core.package_discovery:discover_packages(recursive) check parameters
[0.114s] Level 1:colcon.colcon_core.package_discovery:discover_packages(ignore) check parameters
[0.114s] Level 1:colcon.colcon_core.package_discovery:discover_packages(path) check parameters
[0.114s] Level 1:colcon.colcon_core.package_discovery:discover_packages(colcon_meta) discover
[0.114s] Level 1:colcon.colcon_core.package_discovery:discover_packages(recursive) discover
[0.114s] INFO:colcon.colcon_core.package_discovery:Crawling recursively for packages in '/home/gopal/ros2/macine_learning_ws'
[0.114s] Level 1:colcon.colcon_core.package_identification:_identify(.) by extensions ['ignore', 'ignore_ament_install']
[0.114s] Level 1:colcon.colcon_core.package_identification:_identify(.) by extension 'ignore'
[0.114s] Level 1:colcon.colcon_core.package_identification:_identify(.) by extension 'ignore_ament_install'
[0.114s] Level 1:colcon.colcon_core.package_identification:_identify(.) by extensions ['colcon_pkg']
[0.115s] Level 1:colcon.colcon_core.package_identification:_identify(.) by extension 'colcon_pkg'
[0.115s] Level 1:colcon.colcon_core.package_identification:_identify(.) by extensions ['colcon_meta']
[0.115s] Level 1:colcon.colcon_core.package_identification:_identify(.) by extension 'colcon_meta'
[0.115s] Level 1:colcon.colcon_core.package_identification:_identify(.) by extensions ['ros']
[0.115s] Level 1:colcon.colcon_core.package_identification:_identify(.) by extension 'ros'
[0.119s] Level 1:colcon.colcon_core.package_identification:_identify(.) by extensions ['cmake', 'python']
[0.119s] Level 1:colcon.colcon_core.package_identification:_identify(.) by extension 'cmake'
[0.119s] Level 1:colcon.colcon_core.package_identification:_identify(.) by extension 'python'
[0.119s] Level 1:colcon.colcon_core.package_identification:_identify(.) by extensions ['python_setup_py']
[0.119s] Level 1:colcon.colcon_core.package_identification:_identify(.) by extension 'python_setup_py'
[0.119s] Level 1:colcon.colcon_core.package_identification:_identify(build) by extensions ['ignore', 'ignore_ament_install']
[0.120s] Level 1:colcon.colcon_core.package_identification:_identify(build) by extension 'ignore'
[0.120s] Level 1:colcon.colcon_core.package_identification:_identify(build) ignored
[0.120s] Level 1:colcon.colcon_core.package_identification:_identify(install) by extensions ['ignore', 'ignore_ament_install']
[0.120s] Level 1:colcon.colcon_core.package_identification:_identify(install) by extension 'ignore'
[0.120s] Level 1:colcon.colcon_core.package_identification:_identify(install) ignored
[0.120s] Level 1:colcon.colcon_core.package_identification:_identify(log) by extensions ['ignore', 'ignore_ament_install']
[0.120s] Level 1:colcon.colcon_core.package_identification:_identify(log) by extension 'ignore'
[0.120s] Level 1:colcon.colcon_core.package_identification:_identify(log) ignored
[0.120s] Level 1:colcon.colcon_core.package_identification:_identify(src) by extensions ['ignore', 'ignore_ament_install']
[0.120s] Level 1:colcon.colcon_core.package_identification:_identify(src) by extension 'ignore'
[0.120s] Level 1:colcon.colcon_core.package_identification:_identify(src) by extension 'ignore_ament_install'
[0.120s] Level 1:colcon.colcon_core.package_identification:_identify(src) by extensions ['colcon_pkg']
[0.120s] Level 1:colcon.colcon_core.package_identification:_identify(src) by extension 'colcon_pkg'
[0.120s] Level 1:colcon.colcon_core.package_identification:_identify(src) by extensions ['colcon_meta']
[0.120s] Level 1:colcon.colcon_core.package_identification:_identify(src) by extension 'colcon_meta'
[0.120s] Level 1:colcon.colcon_core.package_identification:_identify(src) by extensions ['ros']
[0.120s] Level 1:colcon.colcon_core.package_identification:_identify(src) by extension 'ros'
[0.120s] Level 1:colcon.colcon_core.package_identification:_identify(src) by extensions ['cmake', 'python']
[0.120s] Level 1:colcon.colcon_core.package_identification:_identify(src) by extension 'cmake'
[0.120s] Level 1:colcon.colcon_core.package_identification:_identify(src) by extension 'python'
[0.120s] Level 1:colcon.colcon_core.package_identification:_identify(src) by extensions ['python_setup_py']
[0.120s] Level 1:colcon.colcon_core.package_identification:_identify(src) by extension 'python_setup_py'
[0.120s] Level 1:colcon.colcon_core.package_identification:_identify(src/darknet_ros_msgs) by extensions ['ignore', 'ignore_ament_install']
[0.120s] Level 1:colcon.colcon_core.package_identification:_identify(src/darknet_ros_msgs) by extension 'ignore'
[0.120s] Level 1:colcon.colcon_core.package_identification:_identify(src/darknet_ros_msgs) by extension 'ignore_ament_install'
[0.120s] Level 1:colcon.colcon_core.package_identification:_identify(src/darknet_ros_msgs) by extensions ['colcon_pkg']
[0.120s] Level 1:colcon.colcon_core.package_identification:_identify(src/darknet_ros_msgs) by extension 'colcon_pkg'
[0.120s] Level 1:colcon.colcon_core.package_identification:_identify(src/darknet_ros_msgs) by extensions ['colcon_meta']
[0.120s] Level 1:colcon.colcon_core.package_identification:_identify(src/darknet_ros_msgs) by extension 'colcon_meta'
[0.120s] Level 1:colcon.colcon_core.package_identification:_identify(src/darknet_ros_msgs) by extensions ['ros']
[0.120s] Level 1:colcon.colcon_core.package_identification:_identify(src/darknet_ros_msgs) by extension 'ros'
[0.120s] Level 1:colcon.colcon_core.package_identification:_identify(src/darknet_ros_msgs) by extensions ['cmake', 'python']
[0.120s] Level 1:colcon.colcon_core.package_identification:_identify(src/darknet_ros_msgs) by extension 'cmake'
[0.120s] Level 1:colcon.colcon_core.package_identification:_identify(src/darknet_ros_msgs) by extension 'python'
[0.120s] Level 1:colcon.colcon_core.package_identification:_identify(src/darknet_ros_msgs) by extensions ['python_setup_py']
[0.120s] Level 1:colcon.colcon_core.package_identification:_identify(src/darknet_ros_msgs) by extension 'python_setup_py'
[0.120s] Level 1:colcon.colcon_core.package_identification:_identify(src/darknet_ros_msgs/darknet) by extensions ['ignore', 'ignore_ament_install']
[0.120s] Level 1:colcon.colcon_core.package_identification:_identify(src/darknet_ros_msgs/darknet) by extension 'ignore'
[0.120s] Level 1:colcon.colcon_core.package_identification:_identify(src/darknet_ros_msgs/darknet) by extension 'ignore_ament_install'
[0.120s] Level 1:colcon.colcon_core.package_identification:_identify(src/darknet_ros_msgs/darknet) by extensions ['colcon_pkg']
[0.120s] Level 1:colcon.colcon_core.package_identification:_identify(src/darknet_ros_msgs/darknet) by extension 'colcon_pkg'
[0.120s] Level 1:colcon.colcon_core.package_identification:_identify(src/darknet_ros_msgs/darknet) by extensions ['colcon_meta']
[0.120s] Level 1:colcon.colcon_core.package_identification:_identify(src/darknet_ros_msgs/darknet) by extension 'colcon_meta'
[0.120s] Level 1:colcon.colcon_core.package_identification:_identify(src/darknet_ros_msgs/darknet) by extensions ['ros']
[0.120s] Level 1:colcon.colcon_core.package_identification:_identify(src/darknet_ros_msgs/darknet) by extension 'ros'
[0.120s] Level 1:colcon.colcon_core.package_identification:_identify(src/darknet_ros_msgs/darknet) by extensions ['cmake', 'python']
[0.120s] Level 1:colcon.colcon_core.package_identification:_identify(src/darknet_ros_msgs/darknet) by extension 'cmake'
[0.120s] Level 1:colcon.colcon_core.package_identification:_identify(src/darknet_ros_msgs/darknet) by extension 'python'
[0.120s] Level 1:colcon.colcon_core.package_identification:_identify(src/darknet_ros_msgs/darknet) by extensions ['python_setup_py']
[0.120s] Level 1:colcon.colcon_core.package_identification:_identify(src/darknet_ros_msgs/darknet) by extension 'python_setup_py'
[0.120s] Level 1:colcon.colcon_core.package_identification:_identify(src/darknet_ros_msgs/darknet_ros_msgs) by extensions ['ignore', 'ignore_ament_install']
[0.120s] Level 1:colcon.colcon_core.package_identification:_identify(src/darknet_ros_msgs/darknet_ros_msgs) by extension 'ignore'
[0.120s] Level 1:colcon.colcon_core.package_identification:_identify(src/darknet_ros_msgs/darknet_ros_msgs) by extension 'ignore_ament_install'
[0.121s] Level 1:colcon.colcon_core.package_identification:_identify(src/darknet_ros_msgs/darknet_ros_msgs) by extensions ['colcon_pkg']
[0.121s] Level 1:colcon.colcon_core.package_identification:_identify(src/darknet_ros_msgs/darknet_ros_msgs) by extension 'colcon_pkg'
[0.121s] Level 1:colcon.colcon_core.package_identification:_identify(src/darknet_ros_msgs/darknet_ros_msgs) by extensions ['colcon_meta']
[0.121s] Level 1:colcon.colcon_core.package_identification:_identify(src/darknet_ros_msgs/darknet_ros_msgs) by extension 'colcon_meta'
[0.121s] Level 1:colcon.colcon_core.package_identification:_identify(src/darknet_ros_msgs/darknet_ros_msgs) by extensions ['ros']
[0.121s] Level 1:colcon.colcon_core.package_identification:_identify(src/darknet_ros_msgs/darknet_ros_msgs) by extension 'ros'
[0.122s] DEBUG:colcon.colcon_core.package_identification:Package 'src/darknet_ros_msgs/darknet_ros_msgs' with type 'ros.ament_cmake' and name 'darknet_ros_msgs'
[0.122s] Level 1:colcon.colcon_core.package_identification:_identify(src/deeplearning_pkg) by extensions ['ignore', 'ignore_ament_install']
[0.122s] Level 1:colcon.colcon_core.package_identification:_identify(src/deeplearning_pkg) by extension 'ignore'
[0.122s] Level 1:colcon.colcon_core.package_identification:_identify(src/deeplearning_pkg) by extension 'ignore_ament_install'
[0.122s] Level 1:colcon.colcon_core.package_identification:_identify(src/deeplearning_pkg) by extensions ['colcon_pkg']
[0.122s] Level 1:colcon.colcon_core.package_identification:_identify(src/deeplearning_pkg) by extension 'colcon_pkg'
[0.122s] Level 1:colcon.colcon_core.package_identification:_identify(src/deeplearning_pkg) by extensions ['colcon_meta']
[0.122s] Level 1:colcon.colcon_core.package_identification:_identify(src/deeplearning_pkg) by extension 'colcon_meta'
[0.122s] Level 1:colcon.colcon_core.package_identification:_identify(src/deeplearning_pkg) by extensions ['ros']
[0.122s] Level 1:colcon.colcon_core.package_identification:_identify(src/deeplearning_pkg) by extension 'ros'
[0.122s] DEBUG:colcon.colcon_core.package_identification:Package 'src/deeplearning_pkg' with type 'ros.ament_python' and name 'deeplearning_pkg'
[0.122s] Level 1:colcon.colcon_core.package_identification:_identify(src/vision_msgs) by extensions ['ignore', 'ignore_ament_install']
[0.122s] Level 1:colcon.colcon_core.package_identification:_identify(src/vision_msgs) by extension 'ignore'
[0.122s] Level 1:colcon.colcon_core.package_identification:_identify(src/vision_msgs) by extension 'ignore_ament_install'
[0.122s] Level 1:colcon.colcon_core.package_identification:_identify(src/vision_msgs) by extensions ['colcon_pkg']
[0.122s] Level 1:colcon.colcon_core.package_identification:_identify(src/vision_msgs) by extension 'colcon_pkg'
[0.122s] Level 1:colcon.colcon_core.package_identification:_identify(src/vision_msgs) by extensions ['colcon_meta']
[0.122s] Level 1:colcon.colcon_core.package_identification:_identify(src/vision_msgs) by extension 'colcon_meta'
[0.122s] Level 1:colcon.colcon_core.package_identification:_identify(src/vision_msgs) by extensions ['ros']
[0.122s] Level 1:colcon.colcon_core.package_identification:_identify(src/vision_msgs) by extension 'ros'
[0.122s] Level 1:colcon.colcon_core.package_identification:_identify(src/vision_msgs) by extensions ['cmake', 'python']
[0.122s] Level 1:colcon.colcon_core.package_identification:_identify(src/vision_msgs) by extension 'cmake'
[0.122s] Level 1:colcon.colcon_core.package_identification:_identify(src/vision_msgs) by extension 'python'
[0.122s] Level 1:colcon.colcon_core.package_identification:_identify(src/vision_msgs) by extensions ['python_setup_py']
[0.122s] Level 1:colcon.colcon_core.package_identification:_identify(src/vision_msgs) by extension 'python_setup_py'
[0.123s] Level 1:colcon.colcon_core.package_identification:_identify(src/vision_msgs/vision_msgs) by extensions ['ignore', 'ignore_ament_install']
[0.123s] Level 1:colcon.colcon_core.package_identification:_identify(src/vision_msgs/vision_msgs) by extension 'ignore'
[0.123s] Level 1:colcon.colcon_core.package_identification:_identify(src/vision_msgs/vision_msgs) by extension 'ignore_ament_install'
[0.123s] Level 1:colcon.colcon_core.package_identification:_identify(src/vision_msgs/vision_msgs) by extensions ['colcon_pkg']
[0.123s] Level 1:colcon.colcon_core.package_identification:_identify(src/vision_msgs/vision_msgs) by extension 'colcon_pkg'
[0.123s] Level 1:colcon.colcon_core.package_identification:_identify(src/vision_msgs/vision_msgs) by extensions ['colcon_meta']
[0.123s] Level 1:colcon.colcon_core.package_identification:_identify(src/vision_msgs/vision_msgs) by extension 'colcon_meta'
[0.123s] Level 1:colcon.colcon_core.package_identification:_identify(src/vision_msgs/vision_msgs) by extensions ['ros']
[0.123s] Level 1:colcon.colcon_core.package_identification:_identify(src/vision_msgs/vision_msgs) by extension 'ros'
[0.123s] DEBUG:colcon.colcon_core.package_identification:Package 'src/vision_msgs/vision_msgs' with type 'ros.ament_cmake' and name 'vision_msgs'
[0.123s] Level 1:colcon.colcon_core.package_identification:_identify(src/vision_msgs/vision_msgs_rviz_plugins) by extensions ['ignore', 'ignore_ament_install']
[0.123s] Level 1:colcon.colcon_core.package_identification:_identify(src/vision_msgs/vision_msgs_rviz_plugins) by extension 'ignore'
[0.123s] Level 1:colcon.colcon_core.package_identification:_identify(src/vision_msgs/vision_msgs_rviz_plugins) by extension 'ignore_ament_install'
[0.123s] Level 1:colcon.colcon_core.package_identification:_identify(src/vision_msgs/vision_msgs_rviz_plugins) by extensions ['colcon_pkg']
[0.123s] Level 1:colcon.colcon_core.package_identification:_identify(src/vision_msgs/vision_msgs_rviz_plugins) by extension 'colcon_pkg'
[0.123s] Level 1:colcon.colcon_core.package_identification:_identify(src/vision_msgs/vision_msgs_rviz_plugins) by extensions ['colcon_meta']
[0.123s] Level 1:colcon.colcon_core.package_identification:_identify(src/vision_msgs/vision_msgs_rviz_plugins) by extension 'colcon_meta'
[0.123s] Level 1:colcon.colcon_core.package_identification:_identify(src/vision_msgs/vision_msgs_rviz_plugins) by extensions ['ros']
[0.123s] Level 1:colcon.colcon_core.package_identification:_identify(src/vision_msgs/vision_msgs_rviz_plugins) by extension 'ros'
[0.124s] DEBUG:colcon.colcon_core.package_identification:Package 'src/vision_msgs/vision_msgs_rviz_plugins' with type 'ros.ament_cmake' and name 'vision_msgs_rviz_plugins'
[0.124s] Level 1:colcon.colcon_core.package_discovery:discover_packages(recursive) using defaults
[0.124s] Level 1:colcon.colcon_core.package_discovery:discover_packages(ignore) discover
[0.124s] Level 1:colcon.colcon_core.package_discovery:discover_packages(ignore) using defaults
[0.124s] Level 1:colcon.colcon_core.package_discovery:discover_packages(path) discover
[0.124s] Level 1:colcon.colcon_core.package_discovery:discover_packages(path) using defaults
[0.136s] Level 1:colcon.colcon_core.package_discovery:discover_packages(prefix_path) check parameters
[0.136s] Level 1:colcon.colcon_core.package_discovery:discover_packages(prefix_path) discover
[0.136s] DEBUG:colcon.colcon_installed_package_information.package_discovery:Found 2 installed packages in /home/gopal/ros2/install
[0.137s] DEBUG:colcon.colcon_installed_package_information.package_discovery:Found 2 installed packages in /home/gopal/ros2/macine_learning_ws/install
[0.137s] DEBUG:colcon.colcon_installed_package_information.package_discovery:Found 291 installed packages in /opt/ros/humble
[0.138s] Level 1:colcon.colcon_core.package_discovery:discover_packages(prefix_path) using defaults
[0.153s] Level 5:colcon.colcon_core.verb:set package 'darknet_ros_msgs' build argument 'cmake_args' from command line to 'None'
[0.153s] Level 5:colcon.colcon_core.verb:set package 'darknet_ros_msgs' build argument 'cmake_target' from command line to 'None'
[0.153s] Level 5:colcon.colcon_core.verb:set package 'darknet_ros_msgs' build argument 'cmake_target_skip_unavailable' from command line to 'False'
[0.153s] Level 5:colcon.colcon_core.verb:set package 'darknet_ros_msgs' build argument 'cmake_clean_cache' from command line to 'False'
[0.153s] Level 5:colcon.colcon_core.verb:set package 'darknet_ros_msgs' build argument 'cmake_clean_first' from command line to 'False'
[0.153s] Level 5:colcon.colcon_core.verb:set package 'darknet_ros_msgs' build argument 'cmake_force_configure' from command line to 'False'
[0.153s] Level 5:colcon.colcon_core.verb:set package 'darknet_ros_msgs' build argument 'ament_cmake_args' from command line to 'None'
[0.153s] Level 5:colcon.colcon_core.verb:set package 'darknet_ros_msgs' build argument 'catkin_cmake_args' from command line to 'None'
[0.153s] Level 5:colcon.colcon_core.verb:set package 'darknet_ros_msgs' build argument 'catkin_skip_building_tests' from command line to 'False'
[0.153s] DEBUG:colcon.colcon_core.verb:Building package 'darknet_ros_msgs' with the following arguments: {'ament_cmake_args': None, 'build_base': '/home/gopal/ros2/macine_learning_ws/build/darknet_ros_msgs', 'catkin_cmake_args': None, 'catkin_skip_building_tests': False, 'cmake_args': None, 'cmake_clean_cache': False, 'cmake_clean_first': False, 'cmake_force_configure': False, 'cmake_target': None, 'cmake_target_skip_unavailable': False, 'install_base': '/home/gopal/ros2/macine_learning_ws/install/darknet_ros_msgs', 'merge_install': False, 'path': '/home/gopal/ros2/macine_learning_ws/src/darknet_ros_msgs/darknet_ros_msgs', 'symlink_install': False, 'test_result_base': None}
[0.153s] Level 5:colcon.colcon_core.verb:set package 'deeplearning_pkg' build argument 'cmake_args' from command line to 'None'
[0.153s] Level 5:colcon.colcon_core.verb:set package 'deeplearning_pkg' build argument 'cmake_target' from command line to 'None'
[0.153s] Level 5:colcon.colcon_core.verb:set package 'deeplearning_pkg' build argument 'cmake_target_skip_unavailable' from command line to 'False'
[0.153s] Level 5:colcon.colcon_core.verb:set package 'deeplearning_pkg' build argument 'cmake_clean_cache' from command line to 'False'
[0.153s] Level 5:colcon.colcon_core.verb:set package 'deeplearning_pkg' build argument 'cmake_clean_first' from command line to 'False'
[0.153s] Level 5:colcon.colcon_core.verb:set package 'deeplearning_pkg' build argument 'cmake_force_configure' from command line to 'False'
[0.153s] Level 5:colcon.colcon_core.verb:set package 'deeplearning_pkg' build argument 'ament_cmake_args' from command line to 'None'
[0.153s] Level 5:colcon.colcon_core.verb:set package 'deeplearning_pkg' build argument 'catkin_cmake_args' from command line to 'None'
[0.153s] Level 5:colcon.colcon_core.verb:set package 'deeplearning_pkg' build argument 'catkin_skip_building_tests' from command line to 'False'
[0.153s] DEBUG:colcon.colcon_core.verb:Building package 'deeplearning_pkg' with the following arguments: {'ament_cmake_args': None, 'build_base': '/home/gopal/ros2/macine_learning_ws/build/deeplearning_pkg', 'catkin_cmake_args': None, 'catkin_skip_building_tests': False, 'cmake_args': None, 'cmake_clean_cache': False, 'cmake_clean_first': False, 'cmake_force_configure': False, 'cmake_target': None, 'cmake_target_skip_unavailable': False, 'install_base': '/home/gopal/ros2/macine_learning_ws/install/deeplearning_pkg', 'merge_install': False, 'path': '/home/gopal/ros2/macine_learning_ws/src/deeplearning_pkg', 'symlink_install': False, 'test_result_base': None}
[0.154s] Level 5:colcon.colcon_core.verb:set package 'vision_msgs' build argument 'cmake_args' from command line to 'None'
[0.154s] Level 5:colcon.colcon_core.verb:set package 'vision_msgs' build argument 'cmake_target' from command line to 'None'
[0.154s] Level 5:colcon.colcon_core.verb:set package 'vision_msgs' build argument 'cmake_target_skip_unavailable' from command line to 'False'
[0.154s] Level 5:colcon.colcon_core.verb:set package 'vision_msgs' build argument 'cmake_clean_cache' from command line to 'False'
[0.154s] Level 5:colcon.colcon_core.verb:set package 'vision_msgs' build argument 'cmake_clean_first' from command line to 'False'
[0.154s] Level 5:colcon.colcon_core.verb:set package 'vision_msgs' build argument 'cmake_force_configure' from command line to 'False'
[0.154s] Level 5:colcon.colcon_core.verb:set package 'vision_msgs' build argument 'ament_cmake_args' from command line to 'None'
[0.154s] Level 5:colcon.colcon_core.verb:set package 'vision_msgs' build argument 'catkin_cmake_args' from command line to 'None'
[0.154s] Level 5:colcon.colcon_core.verb:set package 'vision_msgs' build argument 'catkin_skip_building_tests' from command line to 'False'
[0.154s] DEBUG:colcon.colcon_core.verb:Building package 'vision_msgs' with the following arguments: {'ament_cmake_args': None, 'build_base': '/home/gopal/ros2/macine_learning_ws/build/vision_msgs', 'catkin_cmake_args': None, 'catkin_skip_building_tests': False, 'cmake_args': None, 'cmake_clean_cache': False, 'cmake_clean_first': False, 'cmake_force_configure': False, 'cmake_target': None, 'cmake_target_skip_unavailable': False, 'install_base': '/home/gopal/ros2/macine_learning_ws/install/vision_msgs', 'merge_install': False, 'path': '/home/gopal/ros2/macine_learning_ws/src/vision_msgs/vision_msgs', 'symlink_install': False, 'test_result_base': None}
[0.154s] Level 5:colcon.colcon_core.verb:set package 'vision_msgs_rviz_plugins' build argument 'cmake_args' from command line to 'None'
[0.154s] Level 5:colcon.colcon_core.verb:set package 'vision_msgs_rviz_plugins' build argument 'cmake_target' from command line to 'None'
[0.154s] Level 5:colcon.colcon_core.verb:set package 'vision_msgs_rviz_plugins' build argument 'cmake_target_skip_unavailable' from command line to 'False'
[0.154s] Level 5:colcon.colcon_core.verb:set package 'vision_msgs_rviz_plugins' build argument 'cmake_clean_cache' from command line to 'False'
[0.154s] Level 5:colcon.colcon_core.verb:set package 'vision_msgs_rviz_plugins' build argument 'cmake_clean_first' from command line to 'False'
[0.154s] Level 5:colcon.colcon_core.verb:set package 'vision_msgs_rviz_plugins' build argument 'cmake_force_configure' from command line to 'False'
[0.154s] Level 5:colcon.colcon_core.verb:set package 'vision_msgs_rviz_plugins' build argument 'ament_cmake_args' from command line to 'None'
[0.154s] Level 5:colcon.colcon_core.verb:set package 'vision_msgs_rviz_plugins' build argument 'catkin_cmake_args' from command line to 'None'
[0.154s] Level 5:colcon.colcon_core.verb:set package 'vision_msgs_rviz_plugins' build argument 'catkin_skip_building_tests' from command line to 'False'
[0.154s] DEBUG:colcon.colcon_core.verb:Building package 'vision_msgs_rviz_plugins' with the following arguments: {'ament_cmake_args': None, 'build_base': '/home/gopal/ros2/macine_learning_ws/build/vision_msgs_rviz_plugins', 'catkin_cmake_args': None, 'catkin_skip_building_tests': False, 'cmake_args': None, 'cmake_clean_cache': False, 'cmake_clean_first': False, 'cmake_force_configure': False, 'cmake_target': None, 'cmake_target_skip_unavailable': False, 'install_base': '/home/gopal/ros2/macine_learning_ws/install/vision_msgs_rviz_plugins', 'merge_install': False, 'path': '/home/gopal/ros2/macine_learning_ws/src/vision_msgs/vision_msgs_rviz_plugins', 'symlink_install': False, 'test_result_base': None}
[0.154s] INFO:colcon.colcon_core.executor:Executing jobs using 'parallel' executor
[0.154s] DEBUG:colcon.colcon_parallel_executor.executor.parallel:run_until_complete
[0.155s] INFO:colcon.colcon_ros.task.ament_cmake.build:Building ROS package in '/home/gopal/ros2/macine_learning_ws/src/vision_msgs/vision_msgs' with build type 'ament_cmake'
[0.155s] INFO:colcon.colcon_cmake.task.cmake.build:Building CMake package in '/home/gopal/ros2/macine_learning_ws/src/vision_msgs/vision_msgs'
[0.156s] INFO:colcon.colcon_core.plugin_system:Skipping extension 'colcon_core.shell.bat': Not used on non-Windows systems
[0.156s] INFO:colcon.colcon_core.shell:Skip shell extension 'powershell' for command environment: Not usable outside of PowerShell
[0.156s] DEBUG:colcon.colcon_core.shell:Skip shell extension 'dsv' for command environment
[0.157s] INFO:colcon.colcon_ros.task.ament_cmake.build:Building ROS package in '/home/gopal/ros2/macine_learning_ws/src/darknet_ros_msgs/darknet_ros_msgs' with build type 'ament_cmake'
[0.158s] INFO:colcon.colcon_cmake.task.cmake.build:Building CMake package in '/home/gopal/ros2/macine_learning_ws/src/darknet_ros_msgs/darknet_ros_msgs'
[0.158s] INFO:colcon.colcon_core.shell:Skip shell extension 'powershell' for command environment: Not usable outside of PowerShell
[0.158s] DEBUG:colcon.colcon_core.shell:Skip shell extension 'dsv' for command environment
[0.159s] INFO:colcon.colcon_ros.task.ament_python.build:Building ROS package in '/home/gopal/ros2/macine_learning_ws/src/deeplearning_pkg' with build type 'ament_python'
[0.159s] Level 1:colcon.colcon_core.shell:create_environment_hook('deeplearning_pkg', 'ament_prefix_path')
[0.159s] INFO:colcon.colcon_core.shell:Creating environment hook '/home/gopal/ros2/macine_learning_ws/install/deeplearning_pkg/share/deeplearning_pkg/hook/ament_prefix_path.ps1'
[0.159s] INFO:colcon.colcon_core.shell:Creating environment descriptor '/home/gopal/ros2/macine_learning_ws/install/deeplearning_pkg/share/deeplearning_pkg/hook/ament_prefix_path.dsv'
[0.160s] INFO:colcon.colcon_core.shell:Creating environment hook '/home/gopal/ros2/macine_learning_ws/install/deeplearning_pkg/share/deeplearning_pkg/hook/ament_prefix_path.sh'
[0.160s] INFO:colcon.colcon_core.shell:Skip shell extension 'powershell' for command environment: Not usable outside of PowerShell
[0.160s] DEBUG:colcon.colcon_core.shell:Skip shell extension 'dsv' for command environment
[0.163s] DEBUG:colcon.colcon_core.event_handler.log_command:Invoking command in '/home/gopal/ros2/macine_learning_ws/build/vision_msgs': CMAKE_PREFIX_PATH=/opt/ros/humble /usr/bin/cmake /home/gopal/ros2/macine_learning_ws/src/vision_msgs/vision_msgs -DCMAKE_INSTALL_PREFIX=/home/gopal/ros2/macine_learning_ws/install/vision_msgs
[0.164s] DEBUG:colcon.colcon_core.event_handler.log_command:Invoking command in '/home/gopal/ros2/macine_learning_ws/build/darknet_ros_msgs': CMAKE_PREFIX_PATH=/opt/ros/humble /usr/bin/cmake --build /home/gopal/ros2/macine_learning_ws/build/darknet_ros_msgs -- -j32 -l32
[0.291s] INFO:colcon.colcon_core.task.python.build:Building Python package in '/home/gopal/ros2/macine_learning_ws/src/deeplearning_pkg'
[0.291s] INFO:colcon.colcon_core.shell:Skip shell extension 'powershell' for command environment: Not usable outside of PowerShell
[0.291s] DEBUG:colcon.colcon_core.shell:Skip shell extension 'dsv' for command environment
[0.338s] DEBUG:colcon.colcon_core.event_handler.log_command:Invoked command in '/home/gopal/ros2/macine_learning_ws/build/darknet_ros_msgs' returned '0': CMAKE_PREFIX_PATH=/opt/ros/humble /usr/bin/cmake --build /home/gopal/ros2/macine_learning_ws/build/darknet_ros_msgs -- -j32 -l32
[0.421s] DEBUG:colcon.colcon_core.event_handler.log_command:Invoking command in '/home/gopal/ros2/macine_learning_ws/build/darknet_ros_msgs': CMAKE_PREFIX_PATH=/opt/ros/humble /usr/bin/cmake --install /home/gopal/ros2/macine_learning_ws/build/darknet_ros_msgs
[0.450s] Level 1:colcon.colcon_core.environment:create_environment_scripts_only(darknet_ros_msgs)
[0.452s] Level 1:colcon.colcon_core.environment:checking '/home/gopal/ros2/macine_learning_ws/install/darknet_ros_msgs' for CMake module files
[0.452s] Level 1:colcon.colcon_core.environment:checking '/home/gopal/ros2/macine_learning_ws/install/darknet_ros_msgs' for CMake config files
[0.453s] Level 1:colcon.colcon_core.shell:create_environment_hook('darknet_ros_msgs', 'cmake_prefix_path')
[0.453s] INFO:colcon.colcon_core.shell:Creating environment hook '/home/gopal/ros2/macine_learning_ws/install/darknet_ros_msgs/share/darknet_ros_msgs/hook/cmake_prefix_path.ps1'
[0.453s] INFO:colcon.colcon_core.shell:Creating environment descriptor '/home/gopal/ros2/macine_learning_ws/install/darknet_ros_msgs/share/darknet_ros_msgs/hook/cmake_prefix_path.dsv'
[0.453s] INFO:colcon.colcon_core.shell:Creating environment hook '/home/gopal/ros2/macine_learning_ws/install/darknet_ros_msgs/share/darknet_ros_msgs/hook/cmake_prefix_path.sh'
[0.454s] Level 1:colcon.colcon_core.environment:checking '/home/gopal/ros2/macine_learning_ws/install/darknet_ros_msgs/lib'
[0.454s] Level 1:colcon.colcon_core.shell:create_environment_hook('darknet_ros_msgs', 'ld_library_path_lib')
[0.454s] INFO:colcon.colcon_core.shell:Creating environment hook '/home/gopal/ros2/macine_learning_ws/install/darknet_ros_msgs/share/darknet_ros_msgs/hook/ld_library_path_lib.ps1'
[0.455s] DEBUG:colcon.colcon_core.event_handler.log_command:Invoked command in '/home/gopal/ros2/macine_learning_ws/build/darknet_ros_msgs' returned '0': CMAKE_PREFIX_PATH=/opt/ros/humble /usr/bin/cmake --install /home/gopal/ros2/macine_learning_ws/build/darknet_ros_msgs
[0.455s] INFO:colcon.colcon_core.shell:Creating environment descriptor '/home/gopal/ros2/macine_learning_ws/install/darknet_ros_msgs/share/darknet_ros_msgs/hook/ld_library_path_lib.dsv'
[0.455s] INFO:colcon.colcon_core.shell:Creating environment hook '/home/gopal/ros2/macine_learning_ws/install/darknet_ros_msgs/share/darknet_ros_msgs/hook/ld_library_path_lib.sh'
[0.455s] Level 1:colcon.colcon_core.environment:checking '/home/gopal/ros2/macine_learning_ws/install/darknet_ros_msgs/bin'
[0.456s] Level 1:colcon.colcon_core.environment:checking '/home/gopal/ros2/macine_learning_ws/install/darknet_ros_msgs/lib/pkgconfig/darknet_ros_msgs.pc'
[0.456s] Level 1:colcon.colcon_core.environment:checking '/home/gopal/ros2/macine_learning_ws/install/darknet_ros_msgs/lib/python3.10/site-packages'
[0.456s] Level 1:colcon.colcon_core.environment:checking '/home/gopal/ros2/macine_learning_ws/install/darknet_ros_msgs/bin'
[0.456s] INFO:colcon.colcon_core.shell:Creating package script '/home/gopal/ros2/macine_learning_ws/install/darknet_ros_msgs/share/darknet_ros_msgs/package.ps1'
[0.457s] INFO:colcon.colcon_core.shell:Creating package descriptor '/home/gopal/ros2/macine_learning_ws/install/darknet_ros_msgs/share/darknet_ros_msgs/package.dsv'
[0.457s] INFO:colcon.colcon_core.shell:Creating package script '/home/gopal/ros2/macine_learning_ws/install/darknet_ros_msgs/share/darknet_ros_msgs/package.sh'
[0.458s] INFO:colcon.colcon_core.shell:Creating package script '/home/gopal/ros2/macine_learning_ws/install/darknet_ros_msgs/share/darknet_ros_msgs/package.bash'
[0.458s] INFO:colcon.colcon_core.shell:Creating package script '/home/gopal/ros2/macine_learning_ws/install/darknet_ros_msgs/share/darknet_ros_msgs/package.zsh'
[0.459s] Level 1:colcon.colcon_core.environment:create_file_with_runtime_dependencies(/home/gopal/ros2/macine_learning_ws/install/darknet_ros_msgs/share/colcon-core/packages/darknet_ros_msgs)
[0.539s] Level 1:colcon.colcon_core.environment:create_environment_scripts_only(darknet_ros_msgs)
[0.539s] Level 1:colcon.colcon_core.environment:checking '/home/gopal/ros2/macine_learning_ws/install/darknet_ros_msgs' for CMake module files
[0.540s] Level 1:colcon.colcon_core.environment:checking '/home/gopal/ros2/macine_learning_ws/install/darknet_ros_msgs' for CMake config files
[0.540s] Level 1:colcon.colcon_core.shell:create_environment_hook('darknet_ros_msgs', 'cmake_prefix_path')
[0.540s] INFO:colcon.colcon_core.shell:Creating environment hook '/home/gopal/ros2/macine_learning_ws/install/darknet_ros_msgs/share/darknet_ros_msgs/hook/cmake_prefix_path.ps1'
[0.541s] INFO:colcon.colcon_core.shell:Creating environment descriptor '/home/gopal/ros2/macine_learning_ws/install/darknet_ros_msgs/share/darknet_ros_msgs/hook/cmake_prefix_path.dsv'
[0.541s] INFO:colcon.colcon_core.shell:Creating environment hook '/home/gopal/ros2/macine_learning_ws/install/darknet_ros_msgs/share/darknet_ros_msgs/hook/cmake_prefix_path.sh'
[0.541s] Level 1:colcon.colcon_core.environment:checking '/home/gopal/ros2/macine_learning_ws/install/darknet_ros_msgs/lib'
[0.542s] Level 1:colcon.colcon_core.shell:create_environment_hook('darknet_ros_msgs', 'ld_library_path_lib')
[0.542s] INFO:colcon.colcon_core.shell:Creating environment hook '/home/gopal/ros2/macine_learning_ws/install/darknet_ros_msgs/share/darknet_ros_msgs/hook/ld_library_path_lib.ps1'
[0.542s] INFO:colcon.colcon_core.shell:Creating environment descriptor '/home/gopal/ros2/macine_learning_ws/install/darknet_ros_msgs/share/darknet_ros_msgs/hook/ld_library_path_lib.dsv'
[0.542s] INFO:colcon.colcon_core.shell:Creating environment hook '/home/gopal/ros2/macine_learning_ws/install/darknet_ros_msgs/share/darknet_ros_msgs/hook/ld_library_path_lib.sh'
[0.543s] Level 1:colcon.colcon_core.environment:checking '/home/gopal/ros2/macine_learning_ws/install/darknet_ros_msgs/bin'
[0.543s] Level 1:colcon.colcon_core.environment:checking '/home/gopal/ros2/macine_learning_ws/install/darknet_ros_msgs/lib/pkgconfig/darknet_ros_msgs.pc'
[0.543s] Level 1:colcon.colcon_core.environment:checking '/home/gopal/ros2/macine_learning_ws/install/darknet_ros_msgs/lib/python3.10/site-packages'
[0.543s] Level 1:colcon.colcon_core.environment:checking '/home/gopal/ros2/macine_learning_ws/install/darknet_ros_msgs/bin'
[0.543s] INFO:colcon.colcon_core.shell:Creating package script '/home/gopal/ros2/macine_learning_ws/install/darknet_ros_msgs/share/darknet_ros_msgs/package.ps1'
[0.544s] INFO:colcon.colcon_core.shell:Creating package descriptor '/home/gopal/ros2/macine_learning_ws/install/darknet_ros_msgs/share/darknet_ros_msgs/package.dsv'
[0.544s] INFO:colcon.colcon_core.shell:Creating package script '/home/gopal/ros2/macine_learning_ws/install/darknet_ros_msgs/share/darknet_ros_msgs/package.sh'
[0.544s] INFO:colcon.colcon_core.shell:Creating package script '/home/gopal/ros2/macine_learning_ws/install/darknet_ros_msgs/share/darknet_ros_msgs/package.bash'
[0.545s] INFO:colcon.colcon_core.shell:Creating package script '/home/gopal/ros2/macine_learning_ws/install/darknet_ros_msgs/share/darknet_ros_msgs/package.zsh'
[0.545s] Level 1:colcon.colcon_core.environment:create_file_with_runtime_dependencies(/home/gopal/ros2/macine_learning_ws/install/darknet_ros_msgs/share/colcon-core/packages/darknet_ros_msgs)
[0.588s] DEBUG:colcon.colcon_core.event_handler.log_command:Invoking command in '/home/gopal/ros2/macine_learning_ws/src/deeplearning_pkg': PYTHONPATH=/home/gopal/ros2/macine_learning_ws/build/deeplearning_pkg/prefix_override:/usr/lib/python3/dist-packages/colcon_core/task/python/colcon_distutils_commands:/home/gopal/ros2/macine_learning_ws/install/deeplearning_pkg/lib/python3.10/site-packages:${PYTHONPATH} /usr/bin/python3 -W ignore:setup.py install is deprecated setup.py egg_info --egg-base ../../build/deeplearning_pkg build --build-base /home/gopal/ros2/macine_learning_ws/build/deeplearning_pkg/build install --record /home/gopal/ros2/macine_learning_ws/build/deeplearning_pkg/install.log --single-version-externally-managed install_data
[0.720s] Level 1:colcon.colcon_core.environment:checking '/home/gopal/ros2/macine_learning_ws/install/deeplearning_pkg' for CMake module files
[0.720s] Level 1:colcon.colcon_core.environment:checking '/home/gopal/ros2/macine_learning_ws/install/deeplearning_pkg' for CMake config files
[0.720s] DEBUG:colcon.colcon_core.event_handler.log_command:Invoked command in '/home/gopal/ros2/macine_learning_ws/src/deeplearning_pkg' returned '0': PYTHONPATH=/home/gopal/ros2/macine_learning_ws/build/deeplearning_pkg/prefix_override:/usr/lib/python3/dist-packages/colcon_core/task/python/colcon_distutils_commands:/home/gopal/ros2/macine_learning_ws/install/deeplearning_pkg/lib/python3.10/site-packages:${PYTHONPATH} /usr/bin/python3 -W ignore:setup.py install is deprecated setup.py egg_info --egg-base ../../build/deeplearning_pkg build --build-base /home/gopal/ros2/macine_learning_ws/build/deeplearning_pkg/build install --record /home/gopal/ros2/macine_learning_ws/build/deeplearning_pkg/install.log --single-version-externally-managed install_data
[0.721s] Level 1:colcon.colcon_core.environment:checking '/home/gopal/ros2/macine_learning_ws/install/deeplearning_pkg/lib'
[0.721s] Level 1:colcon.colcon_core.environment:checking '/home/gopal/ros2/macine_learning_ws/install/deeplearning_pkg/bin'
[0.721s] Level 1:colcon.colcon_core.environment:checking '/home/gopal/ros2/macine_learning_ws/install/deeplearning_pkg/lib/pkgconfig/deeplearning_pkg.pc'
[0.721s] Level 1:colcon.colcon_core.environment:checking '/home/gopal/ros2/macine_learning_ws/install/deeplearning_pkg/lib/python3.10/site-packages'
[0.721s] Level 1:colcon.colcon_core.shell:create_environment_hook('deeplearning_pkg', 'pythonpath')
[0.721s] INFO:colcon.colcon_core.shell:Creating environment hook '/home/gopal/ros2/macine_learning_ws/install/deeplearning_pkg/share/deeplearning_pkg/hook/pythonpath.ps1'
[0.721s] INFO:colcon.colcon_core.shell:Creating environment descriptor '/home/gopal/ros2/macine_learning_ws/install/deeplearning_pkg/share/deeplearning_pkg/hook/pythonpath.dsv'
[0.721s] INFO:colcon.colcon_core.shell:Creating environment hook '/home/gopal/ros2/macine_learning_ws/install/deeplearning_pkg/share/deeplearning_pkg/hook/pythonpath.sh'
[0.722s] Level 1:colcon.colcon_core.environment:checking '/home/gopal/ros2/macine_learning_ws/install/deeplearning_pkg/bin'
[0.722s] Level 1:colcon.colcon_core.environment:create_environment_scripts_only(deeplearning_pkg)
[0.722s] INFO:colcon.colcon_core.shell:Creating package script '/home/gopal/ros2/macine_learning_ws/install/deeplearning_pkg/share/deeplearning_pkg/package.ps1'
[0.722s] INFO:colcon.colcon_core.shell:Creating package descriptor '/home/gopal/ros2/macine_learning_ws/install/deeplearning_pkg/share/deeplearning_pkg/package.dsv'
[0.722s] INFO:colcon.colcon_core.shell:Creating package script '/home/gopal/ros2/macine_learning_ws/install/deeplearning_pkg/share/deeplearning_pkg/package.sh'
[0.722s] INFO:colcon.colcon_core.shell:Creating package script '/home/gopal/ros2/macine_learning_ws/install/deeplearning_pkg/share/deeplearning_pkg/package.bash'
[0.722s] INFO:colcon.colcon_core.shell:Creating package script '/home/gopal/ros2/macine_learning_ws/install/deeplearning_pkg/share/deeplearning_pkg/package.zsh'
[0.722s] Level 1:colcon.colcon_core.environment:create_file_with_runtime_dependencies(/home/gopal/ros2/macine_learning_ws/install/deeplearning_pkg/share/colcon-core/packages/deeplearning_pkg)
[1.521s] DEBUG:colcon.colcon_core.event_handler.log_command:Invoked command in '/home/gopal/ros2/macine_learning_ws/build/vision_msgs' returned '0': CMAKE_PREFIX_PATH=/opt/ros/humble /usr/bin/cmake /home/gopal/ros2/macine_learning_ws/src/vision_msgs/vision_msgs -DCMAKE_INSTALL_PREFIX=/home/gopal/ros2/macine_learning_ws/install/vision_msgs
[1.521s] DEBUG:colcon.colcon_core.event_handler.log_command:Invoking command in '/home/gopal/ros2/macine_learning_ws/build/vision_msgs': CMAKE_PREFIX_PATH=/opt/ros/humble /usr/bin/cmake --build /home/gopal/ros2/macine_learning_ws/build/vision_msgs -- -j32 -l32
[5.158s] DEBUG:colcon.colcon_core.event_handler.log_command:Invoked command in '/home/gopal/ros2/macine_learning_ws/build/vision_msgs' returned '0': CMAKE_PREFIX_PATH=/opt/ros/humble /usr/bin/cmake --build /home/gopal/ros2/macine_learning_ws/build/vision_msgs -- -j32 -l32
[5.568s] DEBUG:colcon.colcon_core.event_handler.log_command:Invoking command in '/home/gopal/ros2/macine_learning_ws/build/vision_msgs': CMAKE_PREFIX_PATH=/opt/ros/humble /usr/bin/cmake --install /home/gopal/ros2/macine_learning_ws/build/vision_msgs
[5.629s] Level 1:colcon.colcon_core.environment:create_environment_scripts_only(vision_msgs)
[5.629s] DEBUG:colcon.colcon_core.event_handler.log_command:Invoked command in '/home/gopal/ros2/macine_learning_ws/build/vision_msgs' returned '0': CMAKE_PREFIX_PATH=/opt/ros/humble /usr/bin/cmake --install /home/gopal/ros2/macine_learning_ws/build/vision_msgs
[5.630s] Level 1:colcon.colcon_core.environment:checking '/home/gopal/ros2/macine_learning_ws/install/vision_msgs' for CMake module files
[5.630s] Level 1:colcon.colcon_core.environment:checking '/home/gopal/ros2/macine_learning_ws/install/vision_msgs' for CMake config files
[5.630s] Level 1:colcon.colcon_core.shell:create_environment_hook('vision_msgs', 'cmake_prefix_path')
[5.630s] INFO:colcon.colcon_core.shell:Creating environment hook '/home/gopal/ros2/macine_learning_ws/install/vision_msgs/share/vision_msgs/hook/cmake_prefix_path.ps1'
[5.631s] INFO:colcon.colcon_core.shell:Creating environment descriptor '/home/gopal/ros2/macine_learning_ws/install/vision_msgs/share/vision_msgs/hook/cmake_prefix_path.dsv'
[5.631s] INFO:colcon.colcon_core.shell:Creating environment hook '/home/gopal/ros2/macine_learning_ws/install/vision_msgs/share/vision_msgs/hook/cmake_prefix_path.sh'
[5.631s] Level 1:colcon.colcon_core.environment:checking '/home/gopal/ros2/macine_learning_ws/install/vision_msgs/lib'
[5.631s] Level 1:colcon.colcon_core.shell:create_environment_hook('vision_msgs', 'ld_library_path_lib')
[5.631s] INFO:colcon.colcon_core.shell:Creating environment hook '/home/gopal/ros2/macine_learning_ws/install/vision_msgs/share/vision_msgs/hook/ld_library_path_lib.ps1'
[5.631s] INFO:colcon.colcon_core.shell:Creating environment descriptor '/home/gopal/ros2/macine_learning_ws/install/vision_msgs/share/vision_msgs/hook/ld_library_path_lib.dsv'
[5.631s] INFO:colcon.colcon_core.shell:Creating environment hook '/home/gopal/ros2/macine_learning_ws/install/vision_msgs/share/vision_msgs/hook/ld_library_path_lib.sh'
[5.631s] Level 1:colcon.colcon_core.environment:checking '/home/gopal/ros2/macine_learning_ws/install/vision_msgs/bin'
[5.631s] Level 1:colcon.colcon_core.environment:checking '/home/gopal/ros2/macine_learning_ws/install/vision_msgs/lib/pkgconfig/vision_msgs.pc'
[5.631s] Level 1:colcon.colcon_core.environment:checking '/home/gopal/ros2/macine_learning_ws/install/vision_msgs/lib/python3.10/site-packages'
[5.631s] Level 1:colcon.colcon_core.environment:checking '/home/gopal/ros2/macine_learning_ws/install/vision_msgs/bin'
[5.632s] INFO:colcon.colcon_core.shell:Creating package script '/home/gopal/ros2/macine_learning_ws/install/vision_msgs/share/vision_msgs/package.ps1'
[5.632s] INFO:colcon.colcon_core.shell:Creating package descriptor '/home/gopal/ros2/macine_learning_ws/install/vision_msgs/share/vision_msgs/package.dsv'
[5.632s] INFO:colcon.colcon_core.shell:Creating package script '/home/gopal/ros2/macine_learning_ws/install/vision_msgs/share/vision_msgs/package.sh'
[5.632s] INFO:colcon.colcon_core.shell:Creating package script '/home/gopal/ros2/macine_learning_ws/install/vision_msgs/share/vision_msgs/package.bash'
[5.632s] INFO:colcon.colcon_core.shell:Creating package script '/home/gopal/ros2/macine_learning_ws/install/vision_msgs/share/vision_msgs/package.zsh'
[5.632s] Level 1:colcon.colcon_core.environment:create_file_with_runtime_dependencies(/home/gopal/ros2/macine_learning_ws/install/vision_msgs/share/colcon-core/packages/vision_msgs)
[6.073s] Level 1:colcon.colcon_core.environment:create_environment_scripts_only(vision_msgs)
[6.073s] Level 1:colcon.colcon_core.environment:checking '/home/gopal/ros2/macine_learning_ws/install/vision_msgs' for CMake module files
[6.074s] Level 1:colcon.colcon_core.environment:checking '/home/gopal/ros2/macine_learning_ws/install/vision_msgs' for CMake config files
[6.074s] Level 1:colcon.colcon_core.shell:create_environment_hook('vision_msgs', 'cmake_prefix_path')
[6.075s] INFO:colcon.colcon_core.shell:Creating environment hook '/home/gopal/ros2/macine_learning_ws/install/vision_msgs/share/vision_msgs/hook/cmake_prefix_path.ps1'
[6.075s] INFO:colcon.colcon_core.shell:Creating environment descriptor '/home/gopal/ros2/macine_learning_ws/install/vision_msgs/share/vision_msgs/hook/cmake_prefix_path.dsv'
[6.075s] INFO:colcon.colcon_core.shell:Creating environment hook '/home/gopal/ros2/macine_learning_ws/install/vision_msgs/share/vision_msgs/hook/cmake_prefix_path.sh'
[6.076s] Level 1:colcon.colcon_core.environment:checking '/home/gopal/ros2/macine_learning_ws/install/vision_msgs/lib'
[6.076s] Level 1:colcon.colcon_core.shell:create_environment_hook('vision_msgs', 'ld_library_path_lib')
[6.076s] INFO:colcon.colcon_core.shell:Creating environment hook '/home/gopal/ros2/macine_learning_ws/install/vision_msgs/share/vision_msgs/hook/ld_library_path_lib.ps1'
[6.076s] INFO:colcon.colcon_core.shell:Creating environment descriptor '/home/gopal/ros2/macine_learning_ws/install/vision_msgs/share/vision_msgs/hook/ld_library_path_lib.dsv'
[6.077s] INFO:colcon.colcon_core.shell:Creating environment hook '/home/gopal/ros2/macine_learning_ws/install/vision_msgs/share/vision_msgs/hook/ld_library_path_lib.sh'
[6.077s] Level 1:colcon.colcon_core.environment:checking '/home/gopal/ros2/macine_learning_ws/install/vision_msgs/bin'
[6.077s] Level 1:colcon.colcon_core.environment:checking '/home/gopal/ros2/macine_learning_ws/install/vision_msgs/lib/pkgconfig/vision_msgs.pc'
[6.077s] Level 1:colcon.colcon_core.environment:checking '/home/gopal/ros2/macine_learning_ws/install/vision_msgs/lib/python3.10/site-packages'
[6.077s] Level 1:colcon.colcon_core.environment:checking '/home/gopal/ros2/macine_learning_ws/install/vision_msgs/bin'
[6.078s] INFO:colcon.colcon_core.shell:Creating package script '/home/gopal/ros2/macine_learning_ws/install/vision_msgs/share/vision_msgs/package.ps1'
[6.078s] INFO:colcon.colcon_core.shell:Creating package descriptor '/home/gopal/ros2/macine_learning_ws/install/vision_msgs/share/vision_msgs/package.dsv'
[6.079s] INFO:colcon.colcon_core.shell:Creating package script '/home/gopal/ros2/macine_learning_ws/install/vision_msgs/share/vision_msgs/package.sh'
[6.079s] INFO:colcon.colcon_core.shell:Creating package script '/home/gopal/ros2/macine_learning_ws/install/vision_msgs/share/vision_msgs/package.bash'
[6.079s] INFO:colcon.colcon_core.shell:Creating package script '/home/gopal/ros2/macine_learning_ws/install/vision_msgs/share/vision_msgs/package.zsh'
[6.080s] Level 1:colcon.colcon_core.environment:create_file_with_runtime_dependencies(/home/gopal/ros2/macine_learning_ws/install/vision_msgs/share/colcon-core/packages/vision_msgs)
[6.080s] INFO:colcon.colcon_ros.task.ament_cmake.build:Building ROS package in '/home/gopal/ros2/macine_learning_ws/src/vision_msgs/vision_msgs_rviz_plugins' with build type 'ament_cmake'
[6.080s] INFO:colcon.colcon_cmake.task.cmake.build:Building CMake package in '/home/gopal/ros2/macine_learning_ws/src/vision_msgs/vision_msgs_rviz_plugins'
[6.080s] INFO:colcon.colcon_core.shell:Skip shell extension 'powershell' for command environment: Not usable outside of PowerShell
[6.080s] DEBUG:colcon.colcon_core.shell:Skip shell extension 'dsv' for command environment
[6.091s] DEBUG:colcon.colcon_core.event_handler.log_command:Invoking command in '/home/gopal/ros2/macine_learning_ws/build/vision_msgs_rviz_plugins': AMENT_PREFIX_PATH=/home/gopal/ros2/macine_learning_ws/install/vision_msgs:${AMENT_PREFIX_PATH} CMAKE_PREFIX_PATH=/home/gopal/ros2/macine_learning_ws/install/vision_msgs:/opt/ros/humble LD_LIBRARY_PATH=/home/gopal/ros2/macine_learning_ws/install/vision_msgs/lib:${LD_LIBRARY_PATH} PYTHONPATH=/home/gopal/ros2/macine_learning_ws/install/vision_msgs/local/lib/python3.10/dist-packages:${PYTHONPATH} /usr/bin/cmake /home/gopal/ros2/macine_learning_ws/src/vision_msgs/vision_msgs_rviz_plugins -DCMAKE_INSTALL_PREFIX=/home/gopal/ros2/macine_learning_ws/install/vision_msgs_rviz_plugins
[7.803s] DEBUG:colcon.colcon_core.event_handler.log_command:Invoked command in '/home/gopal/ros2/macine_learning_ws/build/vision_msgs_rviz_plugins' returned '0': AMENT_PREFIX_PATH=/home/gopal/ros2/macine_learning_ws/install/vision_msgs:${AMENT_PREFIX_PATH} CMAKE_PREFIX_PATH=/home/gopal/ros2/macine_learning_ws/install/vision_msgs:/opt/ros/humble LD_LIBRARY_PATH=/home/gopal/ros2/macine_learning_ws/install/vision_msgs/lib:${LD_LIBRARY_PATH} PYTHONPATH=/home/gopal/ros2/macine_learning_ws/install/vision_msgs/local/lib/python3.10/dist-packages:${PYTHONPATH} /usr/bin/cmake /home/gopal/ros2/macine_learning_ws/src/vision_msgs/vision_msgs_rviz_plugins -DCMAKE_INSTALL_PREFIX=/home/gopal/ros2/macine_learning_ws/install/vision_msgs_rviz_plugins
[7.804s] DEBUG:colcon.colcon_core.event_handler.log_command:Invoking command in '/home/gopal/ros2/macine_learning_ws/build/vision_msgs_rviz_plugins': AMENT_PREFIX_PATH=/home/gopal/ros2/macine_learning_ws/install/vision_msgs:${AMENT_PREFIX_PATH} CMAKE_PREFIX_PATH=/home/gopal/ros2/macine_learning_ws/install/vision_msgs:/opt/ros/humble LD_LIBRARY_PATH=/home/gopal/ros2/macine_learning_ws/install/vision_msgs/lib:${LD_LIBRARY_PATH} PYTHONPATH=/home/gopal/ros2/macine_learning_ws/install/vision_msgs/local/lib/python3.10/dist-packages:${PYTHONPATH} /usr/bin/cmake --build /home/gopal/ros2/macine_learning_ws/build/vision_msgs_rviz_plugins -- -j32 -l32
[16.203s] DEBUG:colcon.colcon_core.event_handler.log_command:Invoked command in '/home/gopal/ros2/macine_learning_ws/build/vision_msgs_rviz_plugins' returned '0': AMENT_PREFIX_PATH=/home/gopal/ros2/macine_learning_ws/install/vision_msgs:${AMENT_PREFIX_PATH} CMAKE_PREFIX_PATH=/home/gopal/ros2/macine_learning_ws/install/vision_msgs:/opt/ros/humble LD_LIBRARY_PATH=/home/gopal/ros2/macine_learning_ws/install/vision_msgs/lib:${LD_LIBRARY_PATH} PYTHONPATH=/home/gopal/ros2/macine_learning_ws/install/vision_msgs/local/lib/python3.10/dist-packages:${PYTHONPATH} /usr/bin/cmake --build /home/gopal/ros2/macine_learning_ws/build/vision_msgs_rviz_plugins -- -j32 -l32
[16.260s] DEBUG:colcon.colcon_core.event_handler.log_command:Invoking command in '/home/gopal/ros2/macine_learning_ws/build/vision_msgs_rviz_plugins': AMENT_PREFIX_PATH=/home/gopal/ros2/macine_learning_ws/install/vision_msgs:${AMENT_PREFIX_PATH} CMAKE_PREFIX_PATH=/home/gopal/ros2/macine_learning_ws/install/vision_msgs:/opt/ros/humble LD_LIBRARY_PATH=/home/gopal/ros2/macine_learning_ws/install/vision_msgs/lib:${LD_LIBRARY_PATH} PYTHONPATH=/home/gopal/ros2/macine_learning_ws/install/vision_msgs/local/lib/python3.10/dist-packages:${PYTHONPATH} /usr/bin/cmake --install /home/gopal/ros2/macine_learning_ws/build/vision_msgs_rviz_plugins
[16.284s] Level 1:colcon.colcon_core.environment:create_environment_scripts_only(vision_msgs_rviz_plugins)
[16.284s] Level 1:colcon.colcon_core.environment:checking '/home/gopal/ros2/macine_learning_ws/install/vision_msgs_rviz_plugins' for CMake module files
[16.284s] DEBUG:colcon.colcon_core.event_handler.log_command:Invoked command in '/home/gopal/ros2/macine_learning_ws/build/vision_msgs_rviz_plugins' returned '0': AMENT_PREFIX_PATH=/home/gopal/ros2/macine_learning_ws/install/vision_msgs:${AMENT_PREFIX_PATH} CMAKE_PREFIX_PATH=/home/gopal/ros2/macine_learning_ws/install/vision_msgs:/opt/ros/humble LD_LIBRARY_PATH=/home/gopal/ros2/macine_learning_ws/install/vision_msgs/lib:${LD_LIBRARY_PATH} PYTHONPATH=/home/gopal/ros2/macine_learning_ws/install/vision_msgs/local/lib/python3.10/dist-packages:${PYTHONPATH} /usr/bin/cmake --install /home/gopal/ros2/macine_learning_ws/build/vision_msgs_rviz_plugins
[16.284s] Level 1:colcon.colcon_core.environment:checking '/home/gopal/ros2/macine_learning_ws/install/vision_msgs_rviz_plugins' for CMake config files
[16.284s] Level 1:colcon.colcon_core.shell:create_environment_hook('vision_msgs_rviz_plugins', 'cmake_prefix_path')
[16.284s] INFO:colcon.colcon_core.shell:Creating environment hook '/home/gopal/ros2/macine_learning_ws/install/vision_msgs_rviz_plugins/share/vision_msgs_rviz_plugins/hook/cmake_prefix_path.ps1'
[16.284s] INFO:colcon.colcon_core.shell:Creating environment descriptor '/home/gopal/ros2/macine_learning_ws/install/vision_msgs_rviz_plugins/share/vision_msgs_rviz_plugins/hook/cmake_prefix_path.dsv'
[16.285s] INFO:colcon.colcon_core.shell:Creating environment hook '/home/gopal/ros2/macine_learning_ws/install/vision_msgs_rviz_plugins/share/vision_msgs_rviz_plugins/hook/cmake_prefix_path.sh'
[16.285s] Level 1:colcon.colcon_core.environment:checking '/home/gopal/ros2/macine_learning_ws/install/vision_msgs_rviz_plugins/lib'
[16.285s] Level 1:colcon.colcon_core.shell:create_environment_hook('vision_msgs_rviz_plugins', 'ld_library_path_lib')
[16.285s] INFO:colcon.colcon_core.shell:Creating environment hook '/home/gopal/ros2/macine_learning_ws/install/vision_msgs_rviz_plugins/share/vision_msgs_rviz_plugins/hook/ld_library_path_lib.ps1'
[16.285s] INFO:colcon.colcon_core.shell:Creating environment descriptor '/home/gopal/ros2/macine_learning_ws/install/vision_msgs_rviz_plugins/share/vision_msgs_rviz_plugins/hook/ld_library_path_lib.dsv'
[16.285s] INFO:colcon.colcon_core.shell:Creating environment hook '/home/gopal/ros2/macine_learning_ws/install/vision_msgs_rviz_plugins/share/vision_msgs_rviz_plugins/hook/ld_library_path_lib.sh'
[16.285s] Level 1:colcon.colcon_core.environment:checking '/home/gopal/ros2/macine_learning_ws/install/vision_msgs_rviz_plugins/bin'
[16.285s] Level 1:colcon.colcon_core.environment:checking '/home/gopal/ros2/macine_learning_ws/install/vision_msgs_rviz_plugins/lib/pkgconfig/vision_msgs_rviz_plugins.pc'
[16.285s] Level 1:colcon.colcon_core.environment:checking '/home/gopal/ros2/macine_learning_ws/install/vision_msgs_rviz_plugins/lib/python3.10/site-packages'
[16.285s] Level 1:colcon.colcon_core.environment:checking '/home/gopal/ros2/macine_learning_ws/install/vision_msgs_rviz_plugins/bin'
[16.286s] INFO:colcon.colcon_core.shell:Creating package script '/home/gopal/ros2/macine_learning_ws/install/vision_msgs_rviz_plugins/share/vision_msgs_rviz_plugins/package.ps1'
[16.286s] INFO:colcon.colcon_core.shell:Creating package descriptor '/home/gopal/ros2/macine_learning_ws/install/vision_msgs_rviz_plugins/share/vision_msgs_rviz_plugins/package.dsv'
[16.286s] INFO:colcon.colcon_core.shell:Creating package script '/home/gopal/ros2/macine_learning_ws/install/vision_msgs_rviz_plugins/share/vision_msgs_rviz_plugins/package.sh'
[16.286s] INFO:colcon.colcon_core.shell:Creating package script '/home/gopal/ros2/macine_learning_ws/install/vision_msgs_rviz_plugins/share/vision_msgs_rviz_plugins/package.bash'
[16.286s] INFO:colcon.colcon_core.shell:Creating package script '/home/gopal/ros2/macine_learning_ws/install/vision_msgs_rviz_plugins/share/vision_msgs_rviz_plugins/package.zsh'
[16.286s] Level 1:colcon.colcon_core.environment:create_file_with_runtime_dependencies(/home/gopal/ros2/macine_learning_ws/install/vision_msgs_rviz_plugins/share/colcon-core/packages/vision_msgs_rviz_plugins)
[16.355s] Level 1:colcon.colcon_core.environment:create_environment_scripts_only(vision_msgs_rviz_plugins)
[16.355s] Level 1:colcon.colcon_core.environment:checking '/home/gopal/ros2/macine_learning_ws/install/vision_msgs_rviz_plugins' for CMake module files
[16.356s] Level 1:colcon.colcon_core.environment:checking '/home/gopal/ros2/macine_learning_ws/install/vision_msgs_rviz_plugins' for CMake config files
[16.356s] Level 1:colcon.colcon_core.shell:create_environment_hook('vision_msgs_rviz_plugins', 'cmake_prefix_path')
[16.356s] INFO:colcon.colcon_core.shell:Creating environment hook '/home/gopal/ros2/macine_learning_ws/install/vision_msgs_rviz_plugins/share/vision_msgs_rviz_plugins/hook/cmake_prefix_path.ps1'
[16.357s] INFO:colcon.colcon_core.shell:Creating environment descriptor '/home/gopal/ros2/macine_learning_ws/install/vision_msgs_rviz_plugins/share/vision_msgs_rviz_plugins/hook/cmake_prefix_path.dsv'
[16.357s] INFO:colcon.colcon_core.shell:Creating environment hook '/home/gopal/ros2/macine_learning_ws/install/vision_msgs_rviz_plugins/share/vision_msgs_rviz_plugins/hook/cmake_prefix_path.sh'
[16.358s] Level 1:colcon.colcon_core.environment:checking '/home/gopal/ros2/macine_learning_ws/install/vision_msgs_rviz_plugins/lib'
[16.358s] Level 1:colcon.colcon_core.shell:create_environment_hook('vision_msgs_rviz_plugins', 'ld_library_path_lib')
[16.358s] INFO:colcon.colcon_core.shell:Creating environment hook '/home/gopal/ros2/macine_learning_ws/install/vision_msgs_rviz_plugins/share/vision_msgs_rviz_plugins/hook/ld_library_path_lib.ps1'
[16.358s] INFO:colcon.colcon_core.shell:Creating environment descriptor '/home/gopal/ros2/macine_learning_ws/install/vision_msgs_rviz_plugins/share/vision_msgs_rviz_plugins/hook/ld_library_path_lib.dsv'
[16.359s] INFO:colcon.colcon_core.shell:Creating environment hook '/home/gopal/ros2/macine_learning_ws/install/vision_msgs_rviz_plugins/share/vision_msgs_rviz_plugins/hook/ld_library_path_lib.sh'
[16.359s] Level 1:colcon.colcon_core.environment:checking '/home/gopal/ros2/macine_learning_ws/install/vision_msgs_rviz_plugins/bin'
[16.359s] Level 1:colcon.colcon_core.environment:checking '/home/gopal/ros2/macine_learning_ws/install/vision_msgs_rviz_plugins/lib/pkgconfig/vision_msgs_rviz_plugins.pc'
[16.359s] Level 1:colcon.colcon_core.environment:checking '/home/gopal/ros2/macine_learning_ws/install/vision_msgs_rviz_plugins/lib/python3.10/site-packages'
[16.359s] Level 1:colcon.colcon_core.environment:checking '/home/gopal/ros2/macine_learning_ws/install/vision_msgs_rviz_plugins/bin'
[16.360s] INFO:colcon.colcon_core.shell:Creating package script '/home/gopal/ros2/macine_learning_ws/install/vision_msgs_rviz_plugins/share/vision_msgs_rviz_plugins/package.ps1'
[16.360s] INFO:colcon.colcon_core.shell:Creating package descriptor '/home/gopal/ros2/macine_learning_ws/install/vision_msgs_rviz_plugins/share/vision_msgs_rviz_plugins/package.dsv'
[16.361s] INFO:colcon.colcon_core.shell:Creating package script '/home/gopal/ros2/macine_learning_ws/install/vision_msgs_rviz_plugins/share/vision_msgs_rviz_plugins/package.sh'
[16.361s] INFO:colcon.colcon_core.shell:Creating package script '/home/gopal/ros2/macine_learning_ws/install/vision_msgs_rviz_plugins/share/vision_msgs_rviz_plugins/package.bash'
[16.362s] INFO:colcon.colcon_core.shell:Creating package script '/home/gopal/ros2/macine_learning_ws/install/vision_msgs_rviz_plugins/share/vision_msgs_rviz_plugins/package.zsh'
[16.362s] Level 1:colcon.colcon_core.environment:create_file_with_runtime_dependencies(/home/gopal/ros2/macine_learning_ws/install/vision_msgs_rviz_plugins/share/colcon-core/packages/vision_msgs_rviz_plugins)
[16.362s] DEBUG:colcon.colcon_parallel_executor.executor.parallel:closing loop
[16.363s] DEBUG:colcon.colcon_parallel_executor.executor.parallel:loop closed
[16.363s] DEBUG:colcon.colcon_parallel_executor.executor.parallel:run_until_complete finished with '0'
[16.363s] DEBUG:colcon.colcon_core.event_reactor:joining thread
[16.369s] INFO:colcon.colcon_core.plugin_system:Skipping extension 'colcon_notification.desktop_notification.terminal_notifier': Not used on non-Darwin systems
[16.369s] INFO:colcon.colcon_core.plugin_system:Skipping extension 'colcon_notification.desktop_notification.win32': Not used on non-Windows systems
[16.369s] INFO:colcon.colcon_notification.desktop_notification:Sending desktop notification using 'notify2'
[16.384s] DEBUG:colcon.colcon_core.event_reactor:joined thread
[16.385s] INFO:colcon.colcon_core.shell:Creating prefix script '/home/gopal/ros2/macine_learning_ws/install/local_setup.ps1'
[16.386s] INFO:colcon.colcon_core.shell:Creating prefix util module '/home/gopal/ros2/macine_learning_ws/install/_local_setup_util_ps1.py'
[16.387s] INFO:colcon.colcon_core.shell:Creating prefix chain script '/home/gopal/ros2/macine_learning_ws/install/setup.ps1'
[16.388s] INFO:colcon.colcon_core.shell:Creating prefix script '/home/gopal/ros2/macine_learning_ws/install/local_setup.sh'
[16.389s] INFO:colcon.colcon_core.shell:Creating prefix util module '/home/gopal/ros2/macine_learning_ws/install/_local_setup_util_sh.py'
[16.389s] INFO:colcon.colcon_core.shell:Creating prefix chain script '/home/gopal/ros2/macine_learning_ws/install/setup.sh'
[16.391s] INFO:colcon.colcon_core.shell:Creating prefix script '/home/gopal/ros2/macine_learning_ws/install/local_setup.bash'
[16.391s] INFO:colcon.colcon_core.shell:Creating prefix chain script '/home/gopal/ros2/macine_learning_ws/install/setup.bash'
[16.392s] INFO:colcon.colcon_core.shell:Creating prefix script '/home/gopal/ros2/macine_learning_ws/install/local_setup.zsh'
[16.392s] INFO:colcon.colcon_core.shell:Creating prefix chain script '/home/gopal/ros2/macine_learning_ws/install/setup.zsh'
