[0.429s] Invoking command in '/home/gopal/ros2/macine_learning_ws/src/deeplearning_pkg': PYTHONPATH=/home/gopal/ros2/macine_learning_ws/build/deeplearning_pkg/prefix_override:/usr/lib/python3/dist-packages/colcon_core/task/python/colcon_distutils_commands:/home/gopal/ros2/macine_learning_ws/install/deeplearning_pkg/lib/python3.10/site-packages:${PYTHONPATH} /usr/bin/python3 -W ignore:setup.py install is deprecated setup.py egg_info --egg-base ../../build/deeplearning_pkg build --build-base /home/gopal/ros2/macine_learning_ws/build/deeplearning_pkg/build install --record /home/gopal/ros2/macine_learning_ws/build/deeplearning_pkg/install.log --single-version-externally-managed install_data
[0.538s] running egg_info
[0.538s] writing ../../build/deeplearning_pkg/deeplearning_pkg.egg-info/PKG-INFO
[0.538s] writing dependency_links to ../../build/deeplearning_pkg/deeplearning_pkg.egg-info/dependency_links.txt
[0.538s] writing entry points to ../../build/deeplearning_pkg/deeplearning_pkg.egg-info/entry_points.txt
[0.539s] writing requirements to ../../build/deeplearning_pkg/deeplearning_pkg.egg-info/requires.txt
[0.539s] writing top-level names to ../../build/deeplearning_pkg/deeplearning_pkg.egg-info/top_level.txt
[0.539s] reading manifest file '../../build/deeplearning_pkg/deeplearning_pkg.egg-info/SOURCES.txt'
[0.540s] writing manifest file '../../build/deeplearning_pkg/deeplearning_pkg.egg-info/SOURCES.txt'
[0.540s] running build
[0.540s] running build_py
[0.540s] running install
[0.540s] running install_lib
[0.541s] running install_data
[0.541s] running install_egg_info
[0.542s] removing '/home/gopal/ros2/macine_learning_ws/install/deeplearning_pkg/lib/python3.10/site-packages/deeplearning_pkg-0.0.0-py3.10.egg-info' (and everything under it)
[0.542s] Copying ../../build/deeplearning_pkg/deeplearning_pkg.egg-info to /home/gopal/ros2/macine_learning_ws/install/deeplearning_pkg/lib/python3.10/site-packages/deeplearning_pkg-0.0.0-py3.10.egg-info
[0.542s] running install_scripts
[0.551s] writing list of installed files to '/home/gopal/ros2/macine_learning_ws/build/deeplearning_pkg/install.log'
[0.561s] Invoked command in '/home/gopal/ros2/macine_learning_ws/src/deeplearning_pkg' returned '0': PYTHONPATH=/home/gopal/ros2/macine_learning_ws/build/deeplearning_pkg/prefix_override:/usr/lib/python3/dist-packages/colcon_core/task/python/colcon_distutils_commands:/home/gopal/ros2/macine_learning_ws/install/deeplearning_pkg/lib/python3.10/site-packages:${PYTHONPATH} /usr/bin/python3 -W ignore:setup.py install is deprecated setup.py egg_info --egg-base ../../build/deeplearning_pkg build --build-base /home/gopal/ros2/macine_learning_ws/build/deeplearning_pkg/build install --record /home/gopal/ros2/macine_learning_ws/build/deeplearning_pkg/install.log --single-version-externally-managed install_data
