running egg_info
creating ../../build/deeplearning_pkg/deeplearning_pkg.egg-info
writing ../../build/deeplearning_pkg/deeplearning_pkg.egg-info/PKG-INFO
writing dependency_links to ../../build/deeplearning_pkg/deeplearning_pkg.egg-info/dependency_links.txt
writing entry points to ../../build/deeplearning_pkg/deeplearning_pkg.egg-info/entry_points.txt
writing requirements to ../../build/deeplearning_pkg/deeplearning_pkg.egg-info/requires.txt
writing top-level names to ../../build/deeplearning_pkg/deeplearning_pkg.egg-info/top_level.txt
writing manifest file '../../build/deeplearning_pkg/deeplearning_pkg.egg-info/SOURCES.txt'
reading manifest file '../../build/deeplearning_pkg/deeplearning_pkg.egg-info/SOURCES.txt'
writing manifest file '../../build/deeplearning_pkg/deeplearning_pkg.egg-info/SOURCES.txt'
running build
running build_py
creating /home/gopal/ros2/macine_learning_ws/build/deeplearning_pkg/build
creating /home/gopal/ros2/macine_learning_ws/build/deeplearning_pkg/build/lib
creating /home/gopal/ros2/macine_learning_ws/build/deeplearning_pkg/build/lib/deeplearning_pkg
copying deeplearning_pkg/__init__.py -> /home/gopal/ros2/macine_learning_ws/build/deeplearning_pkg/build/lib/deeplearning_pkg
running install
running install_lib
creating /home/gopal/ros2/macine_learning_ws/install/deeplearning_pkg/lib/python3.10/site-packages/deeplearning_pkg
copying /home/gopal/ros2/macine_learning_ws/build/deeplearning_pkg/build/lib/deeplearning_pkg/__init__.py -> /home/gopal/ros2/macine_learning_ws/install/deeplearning_pkg/lib/python3.10/site-packages/deeplearning_pkg
byte-compiling /home/gopal/ros2/macine_learning_ws/install/deeplearning_pkg/lib/python3.10/site-packages/deeplearning_pkg/__init__.py to __init__.cpython-310.pyc
running install_data
creating /home/gopal/ros2/macine_learning_ws/install/deeplearning_pkg/share/ament_index
creating /home/gopal/ros2/macine_learning_ws/install/deeplearning_pkg/share/ament_index/resource_index
creating /home/gopal/ros2/macine_learning_ws/install/deeplearning_pkg/share/ament_index/resource_index/packages
copying resource/deeplearning_pkg -> /home/gopal/ros2/macine_learning_ws/install/deeplearning_pkg/share/ament_index/resource_index/packages
copying package.xml -> /home/gopal/ros2/macine_learning_ws/install/deeplearning_pkg/share/deeplearning_pkg
running install_egg_info
Copying ../../build/deeplearning_pkg/deeplearning_pkg.egg-info to /home/gopal/ros2/macine_learning_ws/install/deeplearning_pkg/lib/python3.10/site-packages/deeplearning_pkg-0.0.0-py3.10.egg-info
running install_scripts
writing list of installed files to '/home/gopal/ros2/macine_learning_ws/build/deeplearning_pkg/install.log'
