[0.415s] Invoking command in '/home/gopal/ros2/macine_learning_ws/src/deeplearning_pkg': PYTHONPATH=/home/gopal/ros2/macine_learning_ws/build/deeplearning_pkg/prefix_override:/usr/lib/python3/dist-packages/colcon_core/task/python/colcon_distutils_commands:/home/gopal/ros2/macine_learning_ws/install/deeplearning_pkg/lib/python3.10/site-packages:${PYTHONPATH} /usr/bin/python3 -W ignore:setup.py install is deprecated setup.py egg_info --egg-base ../../build/deeplearning_pkg build --build-base /home/gopal/ros2/macine_learning_ws/build/deeplearning_pkg/build install --record /home/gopal/ros2/macine_learning_ws/build/deeplearning_pkg/install.log --single-version-externally-managed install_data
[0.526s] running egg_info
[0.526s] creating ../../build/deeplearning_pkg/deeplearning_pkg.egg-info
[0.526s] writing ../../build/deeplearning_pkg/deeplearning_pkg.egg-info/PKG-INFO
[0.526s] writing dependency_links to ../../build/deeplearning_pkg/deeplearning_pkg.egg-info/dependency_links.txt
[0.526s] writing entry points to ../../build/deeplearning_pkg/deeplearning_pkg.egg-info/entry_points.txt
[0.526s] writing requirements to ../../build/deeplearning_pkg/deeplearning_pkg.egg-info/requires.txt
[0.526s] writing top-level names to ../../build/deeplearning_pkg/deeplearning_pkg.egg-info/top_level.txt
[0.526s] writing manifest file '../../build/deeplearning_pkg/deeplearning_pkg.egg-info/SOURCES.txt'
[0.527s] reading manifest file '../../build/deeplearning_pkg/deeplearning_pkg.egg-info/SOURCES.txt'
[0.527s] writing manifest file '../../build/deeplearning_pkg/deeplearning_pkg.egg-info/SOURCES.txt'
[0.527s] running build
[0.527s] running build_py
[0.527s] creating /home/gopal/ros2/macine_learning_ws/build/deeplearning_pkg/build
[0.527s] creating /home/gopal/ros2/macine_learning_ws/build/deeplearning_pkg/build/lib
[0.527s] creating /home/gopal/ros2/macine_learning_ws/build/deeplearning_pkg/build/lib/deeplearning_pkg
[0.527s] copying deeplearning_pkg/__init__.py -> /home/gopal/ros2/macine_learning_ws/build/deeplearning_pkg/build/lib/deeplearning_pkg
[0.527s] running install
[0.527s] running install_lib
[0.528s] creating /home/gopal/ros2/macine_learning_ws/install/deeplearning_pkg/lib/python3.10/site-packages/deeplearning_pkg
[0.528s] copying /home/gopal/ros2/macine_learning_ws/build/deeplearning_pkg/build/lib/deeplearning_pkg/__init__.py -> /home/gopal/ros2/macine_learning_ws/install/deeplearning_pkg/lib/python3.10/site-packages/deeplearning_pkg
[0.528s] byte-compiling /home/gopal/ros2/macine_learning_ws/install/deeplearning_pkg/lib/python3.10/site-packages/deeplearning_pkg/__init__.py to __init__.cpython-310.pyc
[0.528s] running install_data
[0.528s] creating /home/gopal/ros2/macine_learning_ws/install/deeplearning_pkg/share/ament_index
[0.528s] creating /home/gopal/ros2/macine_learning_ws/install/deeplearning_pkg/share/ament_index/resource_index
[0.528s] creating /home/gopal/ros2/macine_learning_ws/install/deeplearning_pkg/share/ament_index/resource_index/packages
[0.528s] copying resource/deeplearning_pkg -> /home/gopal/ros2/macine_learning_ws/install/deeplearning_pkg/share/ament_index/resource_index/packages
[0.528s] copying package.xml -> /home/gopal/ros2/macine_learning_ws/install/deeplearning_pkg/share/deeplearning_pkg
[0.528s] running install_egg_info
[0.529s] Copying ../../build/deeplearning_pkg/deeplearning_pkg.egg-info to /home/gopal/ros2/macine_learning_ws/install/deeplearning_pkg/lib/python3.10/site-packages/deeplearning_pkg-0.0.0-py3.10.egg-info
[0.529s] running install_scripts
[0.538s] writing list of installed files to '/home/gopal/ros2/macine_learning_ws/build/deeplearning_pkg/install.log'
[0.548s] Invoked command in '/home/gopal/ros2/macine_learning_ws/src/deeplearning_pkg' returned '0': PYTHONPATH=/home/gopal/ros2/macine_learning_ws/build/deeplearning_pkg/prefix_override:/usr/lib/python3/dist-packages/colcon_core/task/python/colcon_distutils_commands:/home/gopal/ros2/macine_learning_ws/install/deeplearning_pkg/lib/python3.10/site-packages:${PYTHONPATH} /usr/bin/python3 -W ignore:setup.py install is deprecated setup.py egg_info --egg-base ../../build/deeplearning_pkg build --build-base /home/gopal/ros2/macine_learning_ws/build/deeplearning_pkg/build install --record /home/gopal/ros2/macine_learning_ws/build/deeplearning_pkg/install.log --single-version-externally-managed install_data
