-- The C compiler identification is GNU 11.4.0
-- The CXX compiler identification is GNU 11.4.0
-- Detecting C compiler ABI info
-- Detecting C compiler ABI info - done
-- Check for working C compiler: /usr/bin/cc - skipped
-- Detecting C compile features
-- Detecting C compile features - done
-- Detecting CXX compiler ABI info
-- Detecting CXX compiler ABI info - done
-- Check for working CXX compiler: /usr/bin/c++ - skipped
-- Detecting CXX compile features
-- Detecting CXX compile features - done
-- Found ament_cmake: 1.3.11 (/opt/ros/humble/share/ament_cmake/cmake)
-- Found Python3: /usr/bin/python3 (found version "3.10.12") found components: Interpreter 
-- Found action_msgs: 1.2.1 (/opt/ros/humble/share/action_msgs/cmake)
-- Found rosidl_generator_c: 3.1.5 (/opt/ros/humble/share/rosidl_generator_c/cmake)
-- Found rosidl_adapter: 3.1.5 (/opt/ros/humble/share/rosidl_adapter/cmake)
-- Found rosidl_generator_cpp: 3.1.5 (/opt/ros/humble/share/rosidl_generator_cpp/cmake)
-- Using all available rosidl_typesupport_c: rosidl_typesupport_fastrtps_c;rosidl_typesupport_introspection_c
-- Using all available rosidl_typesupport_cpp: rosidl_typesupport_fastrtps_cpp;rosidl_typesupport_introspection_cpp
-- Found geometry_msgs: 4.2.4 (/opt/ros/humble/share/geometry_msgs/cmake)
-- Found rosidl_default_generators: 1.2.0 (/opt/ros/humble/share/rosidl_default_generators/cmake)
-- Found sensor_msgs: 4.2.4 (/opt/ros/humble/share/sensor_msgs/cmake)
-- Found ament_cmake_ros: 0.10.0 (/opt/ros/humble/share/ament_cmake_ros/cmake)
-- Using all available rosidl_typesupport_c: rosidl_typesupport_fastrtps_c;rosidl_typesupport_introspection_c
-- Using all available rosidl_typesupport_cpp: rosidl_typesupport_fastrtps_cpp;rosidl_typesupport_introspection_cpp
-- Found PythonInterp: /usr/bin/python3 (found suitable version "3.10.12", minimum required is "3.6") 
-- Found python_cmake_module: 0.10.0 (/opt/ros/humble/share/python_cmake_module/cmake)
-- Found PythonLibs: /usr/lib/x86_64-linux-gnu/libpython3.10.so (found suitable version "3.10.12", minimum required is "3.5") 
-- Using PYTHON_EXECUTABLE: /usr/bin/python3
-- Using PYTHON_INCLUDE_DIRS: /usr/include/python3.10
-- Using PYTHON_LIBRARIES: /usr/lib/x86_64-linux-gnu/libpython3.10.so
-- Found PythonExtra: .so  
-- Configuring done
-- Generating done
-- Build files have been written to: /home/gopal/ros2/macine_learning_ws/build/darknet_ros_msgs
[  1%] [34m[1mGenerating C code for ROS interfaces[0m
[  3%] [34m[1mGenerating C++ code for ROS interfaces[0m
[  3%] Built target ament_cmake_python_copy_darknet_ros_msgs
running egg_info
creating darknet_ros_msgs.egg-info
writing darknet_ros_msgs.egg-info/PKG-INFO
writing dependency_links to darknet_ros_msgs.egg-info/dependency_links.txt
writing top-level names to darknet_ros_msgs.egg-info/top_level.txt
writing manifest file 'darknet_ros_msgs.egg-info/SOURCES.txt'
reading manifest file 'darknet_ros_msgs.egg-info/SOURCES.txt'
writing manifest file 'darknet_ros_msgs.egg-info/SOURCES.txt'
[  3%] Built target ament_cmake_python_build_darknet_ros_msgs_egg
[  3%] Built target darknet_ros_msgs__cpp
[  5%] [34m[1mGenerating C++ type support for eProsima Fast-RTPS[0m
[  7%] [34m[1mGenerating C++ introspection for ROS interfaces[0m
[  9%] [34m[1mGenerating C++ type support dispatch for ROS interfaces[0m
[ 10%] [32mBuilding C object CMakeFiles/darknet_ros_msgs__rosidl_generator_c.dir/rosidl_generator_c/darknet_ros_msgs/msg/detail/bounding_boxes__functions.c.o[0m
[ 12%] [32mBuilding C object CMakeFiles/darknet_ros_msgs__rosidl_generator_c.dir/rosidl_generator_c/darknet_ros_msgs/action/detail/check_for_objects__functions.c.o[0m
[ 14%] [32mBuilding C object CMakeFiles/darknet_ros_msgs__rosidl_generator_c.dir/rosidl_generator_c/darknet_ros_msgs/msg/detail/bounding_box__functions.c.o[0m
[ 16%] [32mBuilding C object CMakeFiles/darknet_ros_msgs__rosidl_generator_c.dir/rosidl_generator_c/darknet_ros_msgs/msg/detail/object_count__functions.c.o[0m
[ 18%] [32m[1mLinking C shared library libdarknet_ros_msgs__rosidl_generator_c.so[0m
[ 18%] Built target darknet_ros_msgs__rosidl_generator_c
[ 20%] [34m[1mGenerating C type support for eProsima Fast-RTPS[0m
[ 21%] [34m[1mGenerating C type support dispatch for ROS interfaces[0m
[ 23%] [34m[1mGenerating C introspection for ROS interfaces[0m
[ 25%] [32mBuilding CXX object CMakeFiles/darknet_ros_msgs__rosidl_typesupport_cpp.dir/rosidl_typesupport_cpp/darknet_ros_msgs/msg/bounding_box__type_support.cpp.o[0m
[ 27%] [32mBuilding CXX object CMakeFiles/darknet_ros_msgs__rosidl_typesupport_cpp.dir/rosidl_typesupport_cpp/darknet_ros_msgs/msg/bounding_boxes__type_support.cpp.o[0m
[ 29%] [32mBuilding CXX object CMakeFiles/darknet_ros_msgs__rosidl_typesupport_cpp.dir/rosidl_typesupport_cpp/darknet_ros_msgs/msg/object_count__type_support.cpp.o[0m
[ 30%] [32mBuilding CXX object CMakeFiles/darknet_ros_msgs__rosidl_typesupport_cpp.dir/rosidl_typesupport_cpp/darknet_ros_msgs/action/check_for_objects__type_support.cpp.o[0m
[ 32%] [32mBuilding CXX object CMakeFiles/darknet_ros_msgs__rosidl_typesupport_introspection_cpp.dir/rosidl_typesupport_introspection_cpp/darknet_ros_msgs/msg/detail/bounding_box__type_support.cpp.o[0m
[ 38%] [32mBuilding CXX object CMakeFiles/darknet_ros_msgs__rosidl_typesupport_introspection_cpp.dir/rosidl_typesupport_introspection_cpp/darknet_ros_msgs/msg/detail/object_count__type_support.cpp.o[0m
[ 38%] [32mBuilding CXX object CMakeFiles/darknet_ros_msgs__rosidl_typesupport_introspection_cpp.dir/rosidl_typesupport_introspection_cpp/darknet_ros_msgs/action/detail/check_for_objects__type_support.cpp.o[0m
[ 38%] [32mBuilding CXX object CMakeFiles/darknet_ros_msgs__rosidl_typesupport_introspection_cpp.dir/rosidl_typesupport_introspection_cpp/darknet_ros_msgs/msg/detail/bounding_boxes__type_support.cpp.o[0m
[ 45%] [32mBuilding CXX object CMakeFiles/darknet_ros_msgs__rosidl_typesupport_fastrtps_cpp.dir/rosidl_typesupport_fastrtps_cpp/darknet_ros_msgs/msg/detail/dds_fastrtps/bounding_box__type_support.cpp.o[0m
[ 45%] [32mBuilding CXX object CMakeFiles/darknet_ros_msgs__rosidl_typesupport_fastrtps_cpp.dir/rosidl_typesupport_fastrtps_cpp/darknet_ros_msgs/action/detail/dds_fastrtps/check_for_objects__type_support.cpp.o[0m
[ 45%] [32mBuilding CXX object CMakeFiles/darknet_ros_msgs__rosidl_typesupport_fastrtps_cpp.dir/rosidl_typesupport_fastrtps_cpp/darknet_ros_msgs/msg/detail/dds_fastrtps/object_count__type_support.cpp.o[0m
[ 45%] [32mBuilding CXX object CMakeFiles/darknet_ros_msgs__rosidl_typesupport_fastrtps_cpp.dir/rosidl_typesupport_fastrtps_cpp/darknet_ros_msgs/msg/detail/dds_fastrtps/bounding_boxes__type_support.cpp.o[0m
[ 47%] [32mBuilding CXX object CMakeFiles/darknet_ros_msgs__rosidl_typesupport_c.dir/rosidl_typesupport_c/darknet_ros_msgs/action/check_for_objects__type_support.cpp.o[0m
[ 52%] [32mBuilding CXX object CMakeFiles/darknet_ros_msgs__rosidl_typesupport_c.dir/rosidl_typesupport_c/darknet_ros_msgs/msg/bounding_boxes__type_support.cpp.o[0m
[ 52%] [32mBuilding CXX object CMakeFiles/darknet_ros_msgs__rosidl_typesupport_c.dir/rosidl_typesupport_c/darknet_ros_msgs/msg/bounding_box__type_support.cpp.o[0m
[ 52%] [32mBuilding CXX object CMakeFiles/darknet_ros_msgs__rosidl_typesupport_c.dir/rosidl_typesupport_c/darknet_ros_msgs/msg/object_count__type_support.cpp.o[0m
[ 54%] [32m[1mLinking CXX shared library libdarknet_ros_msgs__rosidl_typesupport_c.so[0m
[ 56%] [32mBuilding C object CMakeFiles/darknet_ros_msgs__rosidl_typesupport_introspection_c.dir/rosidl_typesupport_introspection_c/darknet_ros_msgs/msg/detail/object_count__type_support.c.o[0m
[ 60%] [32mBuilding C object CMakeFiles/darknet_ros_msgs__rosidl_typesupport_introspection_c.dir/rosidl_typesupport_introspection_c/darknet_ros_msgs/msg/detail/bounding_box__type_support.c.o[0m
[ 60%] [32mBuilding C object CMakeFiles/darknet_ros_msgs__rosidl_typesupport_introspection_c.dir/rosidl_typesupport_introspection_c/darknet_ros_msgs/msg/detail/bounding_boxes__type_support.c.o[0m
[ 61%] [32mBuilding C object CMakeFiles/darknet_ros_msgs__rosidl_typesupport_introspection_c.dir/rosidl_typesupport_introspection_c/darknet_ros_msgs/action/detail/check_for_objects__type_support.c.o[0m
[ 63%] [32mBuilding CXX object CMakeFiles/darknet_ros_msgs__rosidl_typesupport_fastrtps_c.dir/rosidl_typesupport_fastrtps_c/darknet_ros_msgs/msg/detail/bounding_box__type_support_c.cpp.o[0m
[ 69%] [32mBuilding CXX object CMakeFiles/darknet_ros_msgs__rosidl_typesupport_fastrtps_c.dir/rosidl_typesupport_fastrtps_c/darknet_ros_msgs/msg/detail/bounding_boxes__type_support_c.cpp.o[0m
[ 69%] [32mBuilding CXX object CMakeFiles/darknet_ros_msgs__rosidl_typesupport_fastrtps_c.dir/rosidl_typesupport_fastrtps_c/darknet_ros_msgs/action/detail/check_for_objects__type_support_c.cpp.o[0m
[ 69%] [32mBuilding CXX object CMakeFiles/darknet_ros_msgs__rosidl_typesupport_fastrtps_c.dir/rosidl_typesupport_fastrtps_c/darknet_ros_msgs/msg/detail/object_count__type_support_c.cpp.o[0m
[ 69%] Built target darknet_ros_msgs__rosidl_typesupport_c
[ 70%] [32m[1mLinking C shared library libdarknet_ros_msgs__rosidl_typesupport_introspection_c.so[0m
[ 70%] Built target darknet_ros_msgs__rosidl_typesupport_introspection_c
[ 72%] [32m[1mLinking CXX shared library libdarknet_ros_msgs__rosidl_typesupport_cpp.so[0m
[ 72%] Built target darknet_ros_msgs__rosidl_typesupport_cpp
[ 74%] [32m[1mLinking CXX shared library libdarknet_ros_msgs__rosidl_typesupport_fastrtps_cpp.so[0m
[ 74%] Built target darknet_ros_msgs__rosidl_typesupport_fastrtps_cpp
[ 76%] [32m[1mLinking CXX shared library libdarknet_ros_msgs__rosidl_typesupport_fastrtps_c.so[0m
[ 78%] [32m[1mLinking CXX shared library libdarknet_ros_msgs__rosidl_typesupport_introspection_cpp.so[0m
[ 78%] Built target darknet_ros_msgs__rosidl_typesupport_fastrtps_c
[ 78%] Built target darknet_ros_msgs__rosidl_typesupport_introspection_cpp
[ 78%] Built target darknet_ros_msgs
[ 80%] [34m[1mGenerating Python code for ROS interfaces[0m
[ 80%] Built target darknet_ros_msgs__py
[ 81%] [32mBuilding C object CMakeFiles/darknet_ros_msgs__rosidl_generator_py.dir/rosidl_generator_py/darknet_ros_msgs/msg/_bounding_box_s.c.o[0m
[ 83%] [32mBuilding C object CMakeFiles/darknet_ros_msgs__rosidl_generator_py.dir/rosidl_generator_py/darknet_ros_msgs/msg/_bounding_boxes_s.c.o[0m
[ 85%] [32mBuilding C object CMakeFiles/darknet_ros_msgs__rosidl_generator_py.dir/rosidl_generator_py/darknet_ros_msgs/msg/_object_count_s.c.o[0m
[ 87%] [32mBuilding C object CMakeFiles/darknet_ros_msgs__rosidl_generator_py.dir/rosidl_generator_py/darknet_ros_msgs/action/_check_for_objects_s.c.o[0m
[ 89%] [32m[1mLinking C shared library rosidl_generator_py/darknet_ros_msgs/libdarknet_ros_msgs__rosidl_generator_py.so[0m
[ 89%] Built target darknet_ros_msgs__rosidl_generator_py
[ 90%] [32mBuilding C object CMakeFiles/darknet_ros_msgs__rosidl_typesupport_fastrtps_c__pyext.dir/rosidl_generator_py/darknet_ros_msgs/_darknet_ros_msgs_s.ep.rosidl_typesupport_fastrtps_c.c.o[0m
[ 92%] [32mBuilding C object CMakeFiles/darknet_ros_msgs__rosidl_typesupport_introspection_c__pyext.dir/rosidl_generator_py/darknet_ros_msgs/_darknet_ros_msgs_s.ep.rosidl_typesupport_introspection_c.c.o[0m
[ 94%] [32mBuilding C object CMakeFiles/darknet_ros_msgs__rosidl_typesupport_c__pyext.dir/rosidl_generator_py/darknet_ros_msgs/_darknet_ros_msgs_s.ep.rosidl_typesupport_c.c.o[0m
[ 96%] [32m[1mLinking C shared library rosidl_generator_py/darknet_ros_msgs/darknet_ros_msgs_s__rosidl_typesupport_introspection_c.cpython-310-x86_64-linux-gnu.so[0m
[ 98%] [32m[1mLinking C shared library rosidl_generator_py/darknet_ros_msgs/darknet_ros_msgs_s__rosidl_typesupport_fastrtps_c.cpython-310-x86_64-linux-gnu.so[0m
[100%] [32m[1mLinking C shared library rosidl_generator_py/darknet_ros_msgs/darknet_ros_msgs_s__rosidl_typesupport_c.cpython-310-x86_64-linux-gnu.so[0m
[100%] Built target darknet_ros_msgs__rosidl_typesupport_fastrtps_c__pyext
[100%] Built target darknet_ros_msgs__rosidl_typesupport_introspection_c__pyext
[100%] Built target darknet_ros_msgs__rosidl_typesupport_c__pyext
-- Install configuration: ""
-- Installing: /home/gopal/ros2/macine_learning_ws/install/darknet_ros_msgs/share/ament_index/resource_index/rosidl_interfaces/darknet_ros_msgs
-- Installing: /home/gopal/ros2/macine_learning_ws/install/darknet_ros_msgs/include/darknet_ros_msgs/darknet_ros_msgs
-- Installing: /home/gopal/ros2/macine_learning_ws/install/darknet_ros_msgs/include/darknet_ros_msgs/darknet_ros_msgs/msg
-- Installing: /home/gopal/ros2/macine_learning_ws/install/darknet_ros_msgs/include/darknet_ros_msgs/darknet_ros_msgs/msg/detail
-- Installing: /home/gopal/ros2/macine_learning_ws/install/darknet_ros_msgs/include/darknet_ros_msgs/darknet_ros_msgs/msg/detail/bounding_box__struct.h
-- Installing: /home/gopal/ros2/macine_learning_ws/install/darknet_ros_msgs/include/darknet_ros_msgs/darknet_ros_msgs/msg/detail/object_count__functions.h
-- Installing: /home/gopal/ros2/macine_learning_ws/install/darknet_ros_msgs/include/darknet_ros_msgs/darknet_ros_msgs/msg/detail/bounding_boxes__functions.h
-- Installing: /home/gopal/ros2/macine_learning_ws/install/darknet_ros_msgs/include/darknet_ros_msgs/darknet_ros_msgs/msg/detail/object_count__struct.h
-- Installing: /home/gopal/ros2/macine_learning_ws/install/darknet_ros_msgs/include/darknet_ros_msgs/darknet_ros_msgs/msg/detail/bounding_box__type_support.h
-- Installing: /home/gopal/ros2/macine_learning_ws/install/darknet_ros_msgs/include/darknet_ros_msgs/darknet_ros_msgs/msg/detail/bounding_boxes__struct.h
-- Installing: /home/gopal/ros2/macine_learning_ws/install/darknet_ros_msgs/include/darknet_ros_msgs/darknet_ros_msgs/msg/detail/bounding_box__functions.c
-- Installing: /home/gopal/ros2/macine_learning_ws/install/darknet_ros_msgs/include/darknet_ros_msgs/darknet_ros_msgs/msg/detail/object_count__type_support.h
-- Installing: /home/gopal/ros2/macine_learning_ws/install/darknet_ros_msgs/include/darknet_ros_msgs/darknet_ros_msgs/msg/detail/bounding_boxes__type_support.h
-- Installing: /home/gopal/ros2/macine_learning_ws/install/darknet_ros_msgs/include/darknet_ros_msgs/darknet_ros_msgs/msg/detail/object_count__functions.c
-- Installing: /home/gopal/ros2/macine_learning_ws/install/darknet_ros_msgs/include/darknet_ros_msgs/darknet_ros_msgs/msg/detail/bounding_boxes__functions.c
-- Installing: /home/gopal/ros2/macine_learning_ws/install/darknet_ros_msgs/include/darknet_ros_msgs/darknet_ros_msgs/msg/detail/bounding_box__functions.h
-- Installing: /home/gopal/ros2/macine_learning_ws/install/darknet_ros_msgs/include/darknet_ros_msgs/darknet_ros_msgs/msg/object_count.h
-- Installing: /home/gopal/ros2/macine_learning_ws/install/darknet_ros_msgs/include/darknet_ros_msgs/darknet_ros_msgs/msg/rosidl_generator_c__visibility_control.h
-- Installing: /home/gopal/ros2/macine_learning_ws/install/darknet_ros_msgs/include/darknet_ros_msgs/darknet_ros_msgs/msg/bounding_boxes.h
-- Installing: /home/gopal/ros2/macine_learning_ws/install/darknet_ros_msgs/include/darknet_ros_msgs/darknet_ros_msgs/msg/bounding_box.h
-- Installing: /home/gopal/ros2/macine_learning_ws/install/darknet_ros_msgs/include/darknet_ros_msgs/darknet_ros_msgs/action
-- Installing: /home/gopal/ros2/macine_learning_ws/install/darknet_ros_msgs/include/darknet_ros_msgs/darknet_ros_msgs/action/detail
-- Installing: /home/gopal/ros2/macine_learning_ws/install/darknet_ros_msgs/include/darknet_ros_msgs/darknet_ros_msgs/action/detail/check_for_objects__functions.h
-- Installing: /home/gopal/ros2/macine_learning_ws/install/darknet_ros_msgs/include/darknet_ros_msgs/darknet_ros_msgs/action/detail/check_for_objects__type_support.h
-- Installing: /home/gopal/ros2/macine_learning_ws/install/darknet_ros_msgs/include/darknet_ros_msgs/darknet_ros_msgs/action/detail/check_for_objects__struct.h
-- Installing: /home/gopal/ros2/macine_learning_ws/install/darknet_ros_msgs/include/darknet_ros_msgs/darknet_ros_msgs/action/detail/check_for_objects__functions.c
-- Installing: /home/gopal/ros2/macine_learning_ws/install/darknet_ros_msgs/include/darknet_ros_msgs/darknet_ros_msgs/action/check_for_objects.h
-- Installing: /home/gopal/ros2/macine_learning_ws/install/darknet_ros_msgs/share/darknet_ros_msgs/environment/library_path.sh
-- Installing: /home/gopal/ros2/macine_learning_ws/install/darknet_ros_msgs/share/darknet_ros_msgs/environment/library_path.dsv
-- Installing: /home/gopal/ros2/macine_learning_ws/install/darknet_ros_msgs/lib/libdarknet_ros_msgs__rosidl_generator_c.so
-- Set runtime path of "/home/gopal/ros2/macine_learning_ws/install/darknet_ros_msgs/lib/libdarknet_ros_msgs__rosidl_generator_c.so" to ""
-- Up-to-date: /home/gopal/ros2/macine_learning_ws/install/darknet_ros_msgs/include/darknet_ros_msgs/darknet_ros_msgs
-- Up-to-date: /home/gopal/ros2/macine_learning_ws/install/darknet_ros_msgs/include/darknet_ros_msgs/darknet_ros_msgs/msg
-- Up-to-date: /home/gopal/ros2/macine_learning_ws/install/darknet_ros_msgs/include/darknet_ros_msgs/darknet_ros_msgs/msg/detail
-- Installing: /home/gopal/ros2/macine_learning_ws/install/darknet_ros_msgs/include/darknet_ros_msgs/darknet_ros_msgs/msg/detail/bounding_boxes__rosidl_typesupport_fastrtps_c.h
-- Installing: /home/gopal/ros2/macine_learning_ws/install/darknet_ros_msgs/include/darknet_ros_msgs/darknet_ros_msgs/msg/detail/bounding_box__rosidl_typesupport_fastrtps_c.h
-- Installing: /home/gopal/ros2/macine_learning_ws/install/darknet_ros_msgs/include/darknet_ros_msgs/darknet_ros_msgs/msg/detail/object_count__rosidl_typesupport_fastrtps_c.h
-- Installing: /home/gopal/ros2/macine_learning_ws/install/darknet_ros_msgs/include/darknet_ros_msgs/darknet_ros_msgs/msg/rosidl_typesupport_fastrtps_c__visibility_control.h
-- Up-to-date: /home/gopal/ros2/macine_learning_ws/install/darknet_ros_msgs/include/darknet_ros_msgs/darknet_ros_msgs/action
-- Up-to-date: /home/gopal/ros2/macine_learning_ws/install/darknet_ros_msgs/include/darknet_ros_msgs/darknet_ros_msgs/action/detail
-- Installing: /home/gopal/ros2/macine_learning_ws/install/darknet_ros_msgs/include/darknet_ros_msgs/darknet_ros_msgs/action/detail/check_for_objects__rosidl_typesupport_fastrtps_c.h
-- Installing: /home/gopal/ros2/macine_learning_ws/install/darknet_ros_msgs/lib/libdarknet_ros_msgs__rosidl_typesupport_fastrtps_c.so
-- Set runtime path of "/home/gopal/ros2/macine_learning_ws/install/darknet_ros_msgs/lib/libdarknet_ros_msgs__rosidl_typesupport_fastrtps_c.so" to ""
-- Up-to-date: /home/gopal/ros2/macine_learning_ws/install/darknet_ros_msgs/include/darknet_ros_msgs/darknet_ros_msgs
-- Up-to-date: /home/gopal/ros2/macine_learning_ws/install/darknet_ros_msgs/include/darknet_ros_msgs/darknet_ros_msgs/msg
-- Up-to-date: /home/gopal/ros2/macine_learning_ws/install/darknet_ros_msgs/include/darknet_ros_msgs/darknet_ros_msgs/msg/detail
-- Installing: /home/gopal/ros2/macine_learning_ws/install/darknet_ros_msgs/include/darknet_ros_msgs/darknet_ros_msgs/msg/detail/bounding_box__traits.hpp
-- Installing: /home/gopal/ros2/macine_learning_ws/install/darknet_ros_msgs/include/darknet_ros_msgs/darknet_ros_msgs/msg/detail/bounding_box__struct.hpp
-- Installing: /home/gopal/ros2/macine_learning_ws/install/darknet_ros_msgs/include/darknet_ros_msgs/darknet_ros_msgs/msg/detail/bounding_boxes__builder.hpp
-- Installing: /home/gopal/ros2/macine_learning_ws/install/darknet_ros_msgs/include/darknet_ros_msgs/darknet_ros_msgs/msg/detail/object_count__struct.hpp
-- Installing: /home/gopal/ros2/macine_learning_ws/install/darknet_ros_msgs/include/darknet_ros_msgs/darknet_ros_msgs/msg/detail/bounding_boxes__struct.hpp
-- Installing: /home/gopal/ros2/macine_learning_ws/install/darknet_ros_msgs/include/darknet_ros_msgs/darknet_ros_msgs/msg/detail/object_count__traits.hpp
-- Installing: /home/gopal/ros2/macine_learning_ws/install/darknet_ros_msgs/include/darknet_ros_msgs/darknet_ros_msgs/msg/detail/bounding_box__builder.hpp
-- Installing: /home/gopal/ros2/macine_learning_ws/install/darknet_ros_msgs/include/darknet_ros_msgs/darknet_ros_msgs/msg/detail/object_count__builder.hpp
-- Installing: /home/gopal/ros2/macine_learning_ws/install/darknet_ros_msgs/include/darknet_ros_msgs/darknet_ros_msgs/msg/detail/bounding_boxes__traits.hpp
-- Installing: /home/gopal/ros2/macine_learning_ws/install/darknet_ros_msgs/include/darknet_ros_msgs/darknet_ros_msgs/msg/object_count.hpp
-- Installing: /home/gopal/ros2/macine_learning_ws/install/darknet_ros_msgs/include/darknet_ros_msgs/darknet_ros_msgs/msg/bounding_box.hpp
-- Installing: /home/gopal/ros2/macine_learning_ws/install/darknet_ros_msgs/include/darknet_ros_msgs/darknet_ros_msgs/msg/bounding_boxes.hpp
-- Up-to-date: /home/gopal/ros2/macine_learning_ws/install/darknet_ros_msgs/include/darknet_ros_msgs/darknet_ros_msgs/action
-- Up-to-date: /home/gopal/ros2/macine_learning_ws/install/darknet_ros_msgs/include/darknet_ros_msgs/darknet_ros_msgs/action/detail
-- Installing: /home/gopal/ros2/macine_learning_ws/install/darknet_ros_msgs/include/darknet_ros_msgs/darknet_ros_msgs/action/detail/check_for_objects__builder.hpp
-- Installing: /home/gopal/ros2/macine_learning_ws/install/darknet_ros_msgs/include/darknet_ros_msgs/darknet_ros_msgs/action/detail/check_for_objects__traits.hpp
-- Installing: /home/gopal/ros2/macine_learning_ws/install/darknet_ros_msgs/include/darknet_ros_msgs/darknet_ros_msgs/action/detail/check_for_objects__struct.hpp
-- Installing: /home/gopal/ros2/macine_learning_ws/install/darknet_ros_msgs/include/darknet_ros_msgs/darknet_ros_msgs/action/check_for_objects.hpp
-- Up-to-date: /home/gopal/ros2/macine_learning_ws/install/darknet_ros_msgs/include/darknet_ros_msgs/darknet_ros_msgs
-- Up-to-date: /home/gopal/ros2/macine_learning_ws/install/darknet_ros_msgs/include/darknet_ros_msgs/darknet_ros_msgs/msg
-- Up-to-date: /home/gopal/ros2/macine_learning_ws/install/darknet_ros_msgs/include/darknet_ros_msgs/darknet_ros_msgs/msg/detail
-- Installing: /home/gopal/ros2/macine_learning_ws/install/darknet_ros_msgs/include/darknet_ros_msgs/darknet_ros_msgs/msg/detail/dds_fastrtps
-- Installing: /home/gopal/ros2/macine_learning_ws/install/darknet_ros_msgs/include/darknet_ros_msgs/darknet_ros_msgs/msg/detail/bounding_boxes__rosidl_typesupport_fastrtps_cpp.hpp
-- Installing: /home/gopal/ros2/macine_learning_ws/install/darknet_ros_msgs/include/darknet_ros_msgs/darknet_ros_msgs/msg/detail/bounding_box__rosidl_typesupport_fastrtps_cpp.hpp
-- Installing: /home/gopal/ros2/macine_learning_ws/install/darknet_ros_msgs/include/darknet_ros_msgs/darknet_ros_msgs/msg/detail/object_count__rosidl_typesupport_fastrtps_cpp.hpp
-- Installing: /home/gopal/ros2/macine_learning_ws/install/darknet_ros_msgs/include/darknet_ros_msgs/darknet_ros_msgs/msg/rosidl_typesupport_fastrtps_cpp__visibility_control.h
-- Up-to-date: /home/gopal/ros2/macine_learning_ws/install/darknet_ros_msgs/include/darknet_ros_msgs/darknet_ros_msgs/action
-- Up-to-date: /home/gopal/ros2/macine_learning_ws/install/darknet_ros_msgs/include/darknet_ros_msgs/darknet_ros_msgs/action/detail
-- Installing: /home/gopal/ros2/macine_learning_ws/install/darknet_ros_msgs/include/darknet_ros_msgs/darknet_ros_msgs/action/detail/dds_fastrtps
-- Installing: /home/gopal/ros2/macine_learning_ws/install/darknet_ros_msgs/include/darknet_ros_msgs/darknet_ros_msgs/action/detail/check_for_objects__rosidl_typesupport_fastrtps_cpp.hpp
-- Installing: /home/gopal/ros2/macine_learning_ws/install/darknet_ros_msgs/lib/libdarknet_ros_msgs__rosidl_typesupport_fastrtps_cpp.so
-- Set runtime path of "/home/gopal/ros2/macine_learning_ws/install/darknet_ros_msgs/lib/libdarknet_ros_msgs__rosidl_typesupport_fastrtps_cpp.so" to ""
-- Up-to-date: /home/gopal/ros2/macine_learning_ws/install/darknet_ros_msgs/include/darknet_ros_msgs/darknet_ros_msgs
-- Up-to-date: /home/gopal/ros2/macine_learning_ws/install/darknet_ros_msgs/include/darknet_ros_msgs/darknet_ros_msgs/msg
-- Up-to-date: /home/gopal/ros2/macine_learning_ws/install/darknet_ros_msgs/include/darknet_ros_msgs/darknet_ros_msgs/msg/detail
-- Installing: /home/gopal/ros2/macine_learning_ws/install/darknet_ros_msgs/include/darknet_ros_msgs/darknet_ros_msgs/msg/detail/bounding_boxes__type_support.c
-- Installing: /home/gopal/ros2/macine_learning_ws/install/darknet_ros_msgs/include/darknet_ros_msgs/darknet_ros_msgs/msg/detail/bounding_boxes__rosidl_typesupport_introspection_c.h
-- Installing: /home/gopal/ros2/macine_learning_ws/install/darknet_ros_msgs/include/darknet_ros_msgs/darknet_ros_msgs/msg/detail/bounding_box__rosidl_typesupport_introspection_c.h
-- Installing: /home/gopal/ros2/macine_learning_ws/install/darknet_ros_msgs/include/darknet_ros_msgs/darknet_ros_msgs/msg/detail/object_count__type_support.c
-- Installing: /home/gopal/ros2/macine_learning_ws/install/darknet_ros_msgs/include/darknet_ros_msgs/darknet_ros_msgs/msg/detail/object_count__rosidl_typesupport_introspection_c.h
-- Installing: /home/gopal/ros2/macine_learning_ws/install/darknet_ros_msgs/include/darknet_ros_msgs/darknet_ros_msgs/msg/detail/bounding_box__type_support.c
-- Installing: /home/gopal/ros2/macine_learning_ws/install/darknet_ros_msgs/include/darknet_ros_msgs/darknet_ros_msgs/msg/rosidl_typesupport_introspection_c__visibility_control.h
-- Up-to-date: /home/gopal/ros2/macine_learning_ws/install/darknet_ros_msgs/include/darknet_ros_msgs/darknet_ros_msgs/action
-- Up-to-date: /home/gopal/ros2/macine_learning_ws/install/darknet_ros_msgs/include/darknet_ros_msgs/darknet_ros_msgs/action/detail
-- Installing: /home/gopal/ros2/macine_learning_ws/install/darknet_ros_msgs/include/darknet_ros_msgs/darknet_ros_msgs/action/detail/check_for_objects__type_support.c
-- Installing: /home/gopal/ros2/macine_learning_ws/install/darknet_ros_msgs/include/darknet_ros_msgs/darknet_ros_msgs/action/detail/check_for_objects__rosidl_typesupport_introspection_c.h
-- Installing: /home/gopal/ros2/macine_learning_ws/install/darknet_ros_msgs/lib/libdarknet_ros_msgs__rosidl_typesupport_introspection_c.so
-- Set runtime path of "/home/gopal/ros2/macine_learning_ws/install/darknet_ros_msgs/lib/libdarknet_ros_msgs__rosidl_typesupport_introspection_c.so" to ""
-- Installing: /home/gopal/ros2/macine_learning_ws/install/darknet_ros_msgs/lib/libdarknet_ros_msgs__rosidl_typesupport_c.so
-- Set runtime path of "/home/gopal/ros2/macine_learning_ws/install/darknet_ros_msgs/lib/libdarknet_ros_msgs__rosidl_typesupport_c.so" to ""
-- Up-to-date: /home/gopal/ros2/macine_learning_ws/install/darknet_ros_msgs/include/darknet_ros_msgs/darknet_ros_msgs
-- Up-to-date: /home/gopal/ros2/macine_learning_ws/install/darknet_ros_msgs/include/darknet_ros_msgs/darknet_ros_msgs/msg
-- Up-to-date: /home/gopal/ros2/macine_learning_ws/install/darknet_ros_msgs/include/darknet_ros_msgs/darknet_ros_msgs/msg/detail
-- Installing: /home/gopal/ros2/macine_learning_ws/install/darknet_ros_msgs/include/darknet_ros_msgs/darknet_ros_msgs/msg/detail/bounding_box__rosidl_typesupport_introspection_cpp.hpp
-- Installing: /home/gopal/ros2/macine_learning_ws/install/darknet_ros_msgs/include/darknet_ros_msgs/darknet_ros_msgs/msg/detail/bounding_boxes__type_support.cpp
-- Installing: /home/gopal/ros2/macine_learning_ws/install/darknet_ros_msgs/include/darknet_ros_msgs/darknet_ros_msgs/msg/detail/bounding_boxes__rosidl_typesupport_introspection_cpp.hpp
-- Installing: /home/gopal/ros2/macine_learning_ws/install/darknet_ros_msgs/include/darknet_ros_msgs/darknet_ros_msgs/msg/detail/object_count__type_support.cpp
-- Installing: /home/gopal/ros2/macine_learning_ws/install/darknet_ros_msgs/include/darknet_ros_msgs/darknet_ros_msgs/msg/detail/object_count__rosidl_typesupport_introspection_cpp.hpp
-- Installing: /home/gopal/ros2/macine_learning_ws/install/darknet_ros_msgs/include/darknet_ros_msgs/darknet_ros_msgs/msg/detail/bounding_box__type_support.cpp
-- Up-to-date: /home/gopal/ros2/macine_learning_ws/install/darknet_ros_msgs/include/darknet_ros_msgs/darknet_ros_msgs/action
-- Up-to-date: /home/gopal/ros2/macine_learning_ws/install/darknet_ros_msgs/include/darknet_ros_msgs/darknet_ros_msgs/action/detail
-- Installing: /home/gopal/ros2/macine_learning_ws/install/darknet_ros_msgs/include/darknet_ros_msgs/darknet_ros_msgs/action/detail/check_for_objects__rosidl_typesupport_introspection_cpp.hpp
-- Installing: /home/gopal/ros2/macine_learning_ws/install/darknet_ros_msgs/include/darknet_ros_msgs/darknet_ros_msgs/action/detail/check_for_objects__type_support.cpp
-- Installing: /home/gopal/ros2/macine_learning_ws/install/darknet_ros_msgs/lib/libdarknet_ros_msgs__rosidl_typesupport_introspection_cpp.so
-- Set runtime path of "/home/gopal/ros2/macine_learning_ws/install/darknet_ros_msgs/lib/libdarknet_ros_msgs__rosidl_typesupport_introspection_cpp.so" to ""
-- Installing: /home/gopal/ros2/macine_learning_ws/install/darknet_ros_msgs/lib/libdarknet_ros_msgs__rosidl_typesupport_cpp.so
-- Set runtime path of "/home/gopal/ros2/macine_learning_ws/install/darknet_ros_msgs/lib/libdarknet_ros_msgs__rosidl_typesupport_cpp.so" to ""
-- Installing: /home/gopal/ros2/macine_learning_ws/install/darknet_ros_msgs/share/darknet_ros_msgs/environment/pythonpath.sh
-- Installing: /home/gopal/ros2/macine_learning_ws/install/darknet_ros_msgs/share/darknet_ros_msgs/environment/pythonpath.dsv
-- Installing: /home/gopal/ros2/macine_learning_ws/install/darknet_ros_msgs/local/lib/python3.10/dist-packages/darknet_ros_msgs-1.1.4-py3.10.egg-info
-- Installing: /home/gopal/ros2/macine_learning_ws/install/darknet_ros_msgs/local/lib/python3.10/dist-packages/darknet_ros_msgs-1.1.4-py3.10.egg-info/top_level.txt
-- Installing: /home/gopal/ros2/macine_learning_ws/install/darknet_ros_msgs/local/lib/python3.10/dist-packages/darknet_ros_msgs-1.1.4-py3.10.egg-info/PKG-INFO
-- Installing: /home/gopal/ros2/macine_learning_ws/install/darknet_ros_msgs/local/lib/python3.10/dist-packages/darknet_ros_msgs-1.1.4-py3.10.egg-info/SOURCES.txt
-- Installing: /home/gopal/ros2/macine_learning_ws/install/darknet_ros_msgs/local/lib/python3.10/dist-packages/darknet_ros_msgs-1.1.4-py3.10.egg-info/dependency_links.txt
-- Installing: /home/gopal/ros2/macine_learning_ws/install/darknet_ros_msgs/local/lib/python3.10/dist-packages/darknet_ros_msgs
-- Installing: /home/gopal/ros2/macine_learning_ws/install/darknet_ros_msgs/local/lib/python3.10/dist-packages/darknet_ros_msgs/_darknet_ros_msgs_s.ep.rosidl_typesupport_c.c
-- Installing: /home/gopal/ros2/macine_learning_ws/install/darknet_ros_msgs/local/lib/python3.10/dist-packages/darknet_ros_msgs/msg
-- Installing: /home/gopal/ros2/macine_learning_ws/install/darknet_ros_msgs/local/lib/python3.10/dist-packages/darknet_ros_msgs/msg/_bounding_box.py
-- Installing: /home/gopal/ros2/macine_learning_ws/install/darknet_ros_msgs/local/lib/python3.10/dist-packages/darknet_ros_msgs/msg/_bounding_boxes_s.c
-- Installing: /home/gopal/ros2/macine_learning_ws/install/darknet_ros_msgs/local/lib/python3.10/dist-packages/darknet_ros_msgs/msg/_bounding_box_s.c
-- Installing: /home/gopal/ros2/macine_learning_ws/install/darknet_ros_msgs/local/lib/python3.10/dist-packages/darknet_ros_msgs/msg/_object_count_s.c
-- Installing: /home/gopal/ros2/macine_learning_ws/install/darknet_ros_msgs/local/lib/python3.10/dist-packages/darknet_ros_msgs/msg/_bounding_boxes.py
-- Installing: /home/gopal/ros2/macine_learning_ws/install/darknet_ros_msgs/local/lib/python3.10/dist-packages/darknet_ros_msgs/msg/_object_count.py
-- Installing: /home/gopal/ros2/macine_learning_ws/install/darknet_ros_msgs/local/lib/python3.10/dist-packages/darknet_ros_msgs/msg/__init__.py
-- Installing: /home/gopal/ros2/macine_learning_ws/install/darknet_ros_msgs/local/lib/python3.10/dist-packages/darknet_ros_msgs/action
-- Installing: /home/gopal/ros2/macine_learning_ws/install/darknet_ros_msgs/local/lib/python3.10/dist-packages/darknet_ros_msgs/action/_check_for_objects.py
-- Installing: /home/gopal/ros2/macine_learning_ws/install/darknet_ros_msgs/local/lib/python3.10/dist-packages/darknet_ros_msgs/action/_check_for_objects_s.c
-- Installing: /home/gopal/ros2/macine_learning_ws/install/darknet_ros_msgs/local/lib/python3.10/dist-packages/darknet_ros_msgs/action/__init__.py
-- Installing: /home/gopal/ros2/macine_learning_ws/install/darknet_ros_msgs/local/lib/python3.10/dist-packages/darknet_ros_msgs/_darknet_ros_msgs_s.ep.rosidl_typesupport_introspection_c.c
-- Installing: /home/gopal/ros2/macine_learning_ws/install/darknet_ros_msgs/local/lib/python3.10/dist-packages/darknet_ros_msgs/__init__.py
-- Installing: /home/gopal/ros2/macine_learning_ws/install/darknet_ros_msgs/local/lib/python3.10/dist-packages/darknet_ros_msgs/darknet_ros_msgs_s__rosidl_typesupport_c.cpython-310-x86_64-linux-gnu.so
-- Installing: /home/gopal/ros2/macine_learning_ws/install/darknet_ros_msgs/local/lib/python3.10/dist-packages/darknet_ros_msgs/darknet_ros_msgs_s__rosidl_typesupport_introspection_c.cpython-310-x86_64-linux-gnu.so
-- Installing: /home/gopal/ros2/macine_learning_ws/install/darknet_ros_msgs/local/lib/python3.10/dist-packages/darknet_ros_msgs/darknet_ros_msgs_s__rosidl_typesupport_fastrtps_c.cpython-310-x86_64-linux-gnu.so
-- Installing: /home/gopal/ros2/macine_learning_ws/install/darknet_ros_msgs/local/lib/python3.10/dist-packages/darknet_ros_msgs/libdarknet_ros_msgs__rosidl_generator_py.so
-- Installing: /home/gopal/ros2/macine_learning_ws/install/darknet_ros_msgs/local/lib/python3.10/dist-packages/darknet_ros_msgs/_darknet_ros_msgs_s.ep.rosidl_typesupport_fastrtps_c.c
Listing '/home/gopal/ros2/macine_learning_ws/install/darknet_ros_msgs/local/lib/python3.10/dist-packages/darknet_ros_msgs'...
Compiling '/home/gopal/ros2/macine_learning_ws/install/darknet_ros_msgs/local/lib/python3.10/dist-packages/darknet_ros_msgs/__init__.py'...
Listing '/home/gopal/ros2/macine_learning_ws/install/darknet_ros_msgs/local/lib/python3.10/dist-packages/darknet_ros_msgs/action'...
Compiling '/home/gopal/ros2/macine_learning_ws/install/darknet_ros_msgs/local/lib/python3.10/dist-packages/darknet_ros_msgs/action/__init__.py'...
Compiling '/home/gopal/ros2/macine_learning_ws/install/darknet_ros_msgs/local/lib/python3.10/dist-packages/darknet_ros_msgs/action/_check_for_objects.py'...
Listing '/home/gopal/ros2/macine_learning_ws/install/darknet_ros_msgs/local/lib/python3.10/dist-packages/darknet_ros_msgs/msg'...
Compiling '/home/gopal/ros2/macine_learning_ws/install/darknet_ros_msgs/local/lib/python3.10/dist-packages/darknet_ros_msgs/msg/__init__.py'...
Compiling '/home/gopal/ros2/macine_learning_ws/install/darknet_ros_msgs/local/lib/python3.10/dist-packages/darknet_ros_msgs/msg/_bounding_box.py'...
Compiling '/home/gopal/ros2/macine_learning_ws/install/darknet_ros_msgs/local/lib/python3.10/dist-packages/darknet_ros_msgs/msg/_bounding_boxes.py'...
Compiling '/home/gopal/ros2/macine_learning_ws/install/darknet_ros_msgs/local/lib/python3.10/dist-packages/darknet_ros_msgs/msg/_object_count.py'...
-- Installing: /home/gopal/ros2/macine_learning_ws/install/darknet_ros_msgs/local/lib/python3.10/dist-packages/darknet_ros_msgs/darknet_ros_msgs_s__rosidl_typesupport_fastrtps_c.cpython-310-x86_64-linux-gnu.so
-- Set runtime path of "/home/gopal/ros2/macine_learning_ws/install/darknet_ros_msgs/local/lib/python3.10/dist-packages/darknet_ros_msgs/darknet_ros_msgs_s__rosidl_typesupport_fastrtps_c.cpython-310-x86_64-linux-gnu.so" to ""
-- Installing: /home/gopal/ros2/macine_learning_ws/install/darknet_ros_msgs/local/lib/python3.10/dist-packages/darknet_ros_msgs/darknet_ros_msgs_s__rosidl_typesupport_introspection_c.cpython-310-x86_64-linux-gnu.so
-- Set runtime path of "/home/gopal/ros2/macine_learning_ws/install/darknet_ros_msgs/local/lib/python3.10/dist-packages/darknet_ros_msgs/darknet_ros_msgs_s__rosidl_typesupport_introspection_c.cpython-310-x86_64-linux-gnu.so" to ""
-- Installing: /home/gopal/ros2/macine_learning_ws/install/darknet_ros_msgs/local/lib/python3.10/dist-packages/darknet_ros_msgs/darknet_ros_msgs_s__rosidl_typesupport_c.cpython-310-x86_64-linux-gnu.so
-- Set runtime path of "/home/gopal/ros2/macine_learning_ws/install/darknet_ros_msgs/local/lib/python3.10/dist-packages/darknet_ros_msgs/darknet_ros_msgs_s__rosidl_typesupport_c.cpython-310-x86_64-linux-gnu.so" to ""
-- Installing: /home/gopal/ros2/macine_learning_ws/install/darknet_ros_msgs/lib/libdarknet_ros_msgs__rosidl_generator_py.so
-- Set runtime path of "/home/gopal/ros2/macine_learning_ws/install/darknet_ros_msgs/lib/libdarknet_ros_msgs__rosidl_generator_py.so" to ""
-- Installing: /home/gopal/ros2/macine_learning_ws/install/darknet_ros_msgs/share/darknet_ros_msgs/msg/BoundingBox.idl
-- Installing: /home/gopal/ros2/macine_learning_ws/install/darknet_ros_msgs/share/darknet_ros_msgs/msg/BoundingBoxes.idl
-- Installing: /home/gopal/ros2/macine_learning_ws/install/darknet_ros_msgs/share/darknet_ros_msgs/msg/ObjectCount.idl
-- Installing: /home/gopal/ros2/macine_learning_ws/install/darknet_ros_msgs/share/darknet_ros_msgs/action/CheckForObjects.idl
-- Installing: /home/gopal/ros2/macine_learning_ws/install/darknet_ros_msgs/share/darknet_ros_msgs/msg/BoundingBox.msg
-- Installing: /home/gopal/ros2/macine_learning_ws/install/darknet_ros_msgs/share/darknet_ros_msgs/msg/BoundingBoxes.msg
-- Installing: /home/gopal/ros2/macine_learning_ws/install/darknet_ros_msgs/share/darknet_ros_msgs/msg/ObjectCount.msg
-- Installing: /home/gopal/ros2/macine_learning_ws/install/darknet_ros_msgs/share/darknet_ros_msgs/action/CheckForObjects.action
-- Installing: /home/gopal/ros2/macine_learning_ws/install/darknet_ros_msgs/share/ament_index/resource_index/package_run_dependencies/darknet_ros_msgs
-- Installing: /home/gopal/ros2/macine_learning_ws/install/darknet_ros_msgs/share/ament_index/resource_index/parent_prefix_path/darknet_ros_msgs
-- Installing: /home/gopal/ros2/macine_learning_ws/install/darknet_ros_msgs/share/darknet_ros_msgs/environment/ament_prefix_path.sh
-- Installing: /home/gopal/ros2/macine_learning_ws/install/darknet_ros_msgs/share/darknet_ros_msgs/environment/ament_prefix_path.dsv
-- Installing: /home/gopal/ros2/macine_learning_ws/install/darknet_ros_msgs/share/darknet_ros_msgs/environment/path.sh
-- Installing: /home/gopal/ros2/macine_learning_ws/install/darknet_ros_msgs/share/darknet_ros_msgs/environment/path.dsv
-- Installing: /home/gopal/ros2/macine_learning_ws/install/darknet_ros_msgs/share/darknet_ros_msgs/local_setup.bash
-- Installing: /home/gopal/ros2/macine_learning_ws/install/darknet_ros_msgs/share/darknet_ros_msgs/local_setup.sh
-- Installing: /home/gopal/ros2/macine_learning_ws/install/darknet_ros_msgs/share/darknet_ros_msgs/local_setup.zsh
-- Installing: /home/gopal/ros2/macine_learning_ws/install/darknet_ros_msgs/share/darknet_ros_msgs/local_setup.dsv
-- Installing: /home/gopal/ros2/macine_learning_ws/install/darknet_ros_msgs/share/darknet_ros_msgs/package.dsv
-- Installing: /home/gopal/ros2/macine_learning_ws/install/darknet_ros_msgs/share/ament_index/resource_index/packages/darknet_ros_msgs
-- Installing: /home/gopal/ros2/macine_learning_ws/install/darknet_ros_msgs/share/darknet_ros_msgs/cmake/export_darknet_ros_msgs__rosidl_generator_cExport.cmake
-- Installing: /home/gopal/ros2/macine_learning_ws/install/darknet_ros_msgs/share/darknet_ros_msgs/cmake/export_darknet_ros_msgs__rosidl_generator_cExport-noconfig.cmake
-- Installing: /home/gopal/ros2/macine_learning_ws/install/darknet_ros_msgs/share/darknet_ros_msgs/cmake/export_darknet_ros_msgs__rosidl_typesupport_fastrtps_cExport.cmake
-- Installing: /home/gopal/ros2/macine_learning_ws/install/darknet_ros_msgs/share/darknet_ros_msgs/cmake/export_darknet_ros_msgs__rosidl_typesupport_fastrtps_cExport-noconfig.cmake
-- Installing: /home/gopal/ros2/macine_learning_ws/install/darknet_ros_msgs/share/darknet_ros_msgs/cmake/export_darknet_ros_msgs__rosidl_generator_cppExport.cmake
-- Installing: /home/gopal/ros2/macine_learning_ws/install/darknet_ros_msgs/share/darknet_ros_msgs/cmake/export_darknet_ros_msgs__rosidl_typesupport_fastrtps_cppExport.cmake
-- Installing: /home/gopal/ros2/macine_learning_ws/install/darknet_ros_msgs/share/darknet_ros_msgs/cmake/export_darknet_ros_msgs__rosidl_typesupport_fastrtps_cppExport-noconfig.cmake
-- Installing: /home/gopal/ros2/macine_learning_ws/install/darknet_ros_msgs/share/darknet_ros_msgs/cmake/darknet_ros_msgs__rosidl_typesupport_introspection_cExport.cmake
-- Installing: /home/gopal/ros2/macine_learning_ws/install/darknet_ros_msgs/share/darknet_ros_msgs/cmake/darknet_ros_msgs__rosidl_typesupport_introspection_cExport-noconfig.cmake
-- Installing: /home/gopal/ros2/macine_learning_ws/install/darknet_ros_msgs/share/darknet_ros_msgs/cmake/darknet_ros_msgs__rosidl_typesupport_cExport.cmake
-- Installing: /home/gopal/ros2/macine_learning_ws/install/darknet_ros_msgs/share/darknet_ros_msgs/cmake/darknet_ros_msgs__rosidl_typesupport_cExport-noconfig.cmake
-- Installing: /home/gopal/ros2/macine_learning_ws/install/darknet_ros_msgs/share/darknet_ros_msgs/cmake/darknet_ros_msgs__rosidl_typesupport_introspection_cppExport.cmake
-- Installing: /home/gopal/ros2/macine_learning_ws/install/darknet_ros_msgs/share/darknet_ros_msgs/cmake/darknet_ros_msgs__rosidl_typesupport_introspection_cppExport-noconfig.cmake
-- Installing: /home/gopal/ros2/macine_learning_ws/install/darknet_ros_msgs/share/darknet_ros_msgs/cmake/darknet_ros_msgs__rosidl_typesupport_cppExport.cmake
-- Installing: /home/gopal/ros2/macine_learning_ws/install/darknet_ros_msgs/share/darknet_ros_msgs/cmake/darknet_ros_msgs__rosidl_typesupport_cppExport-noconfig.cmake
-- Installing: /home/gopal/ros2/macine_learning_ws/install/darknet_ros_msgs/share/darknet_ros_msgs/cmake/export_darknet_ros_msgs__rosidl_generator_pyExport.cmake
-- Installing: /home/gopal/ros2/macine_learning_ws/install/darknet_ros_msgs/share/darknet_ros_msgs/cmake/export_darknet_ros_msgs__rosidl_generator_pyExport-noconfig.cmake
-- Installing: /home/gopal/ros2/macine_learning_ws/install/darknet_ros_msgs/share/darknet_ros_msgs/cmake/rosidl_cmake-extras.cmake
-- Installing: /home/gopal/ros2/macine_learning_ws/install/darknet_ros_msgs/share/darknet_ros_msgs/cmake/ament_cmake_export_dependencies-extras.cmake
-- Installing: /home/gopal/ros2/macine_learning_ws/install/darknet_ros_msgs/share/darknet_ros_msgs/cmake/ament_cmake_export_include_directories-extras.cmake
-- Installing: /home/gopal/ros2/macine_learning_ws/install/darknet_ros_msgs/share/darknet_ros_msgs/cmake/ament_cmake_export_libraries-extras.cmake
-- Installing: /home/gopal/ros2/macine_learning_ws/install/darknet_ros_msgs/share/darknet_ros_msgs/cmake/ament_cmake_export_targets-extras.cmake
-- Installing: /home/gopal/ros2/macine_learning_ws/install/darknet_ros_msgs/share/darknet_ros_msgs/cmake/rosidl_cmake_export_typesupport_targets-extras.cmake
-- Installing: /home/gopal/ros2/macine_learning_ws/install/darknet_ros_msgs/share/darknet_ros_msgs/cmake/rosidl_cmake_export_typesupport_libraries-extras.cmake
-- Installing: /home/gopal/ros2/macine_learning_ws/install/darknet_ros_msgs/share/darknet_ros_msgs/cmake/darknet_ros_msgsConfig.cmake
-- Installing: /home/gopal/ros2/macine_learning_ws/install/darknet_ros_msgs/share/darknet_ros_msgs/cmake/darknet_ros_msgsConfig-version.cmake
-- Installing: /home/gopal/ros2/macine_learning_ws/install/darknet_ros_msgs/share/darknet_ros_msgs/package.xml
