[0.006s] Invoking command in '/home/gopal/ros2/macine_learning_ws/build/darknet_ros_msgs': CMAKE_PREFIX_PATH=/opt/ros/humble /usr/bin/cmake /home/gopal/ros2/macine_learning_ws/src/darknet_ros_msgs/darknet_ros_msgs -DCMAKE_INSTALL_PREFIX=/home/gopal/ros2/macine_learning_ws/install/darknet_ros_msgs
[0.040s] -- The C compiler identification is GNU 11.4.0
[0.071s] -- The CXX compiler identification is GNU 11.4.0
[0.075s] -- Detecting C compiler ABI info
[0.116s] -- Detecting C compiler ABI info - done
[0.122s] -- Check for working C compiler: /usr/bin/cc - skipped
[0.122s] -- Detecting C compile features
[0.122s] -- Detecting C compile features - done
[0.123s] -- Detecting CXX compiler ABI info
[0.171s] -- Detecting CXX compiler ABI info - done
[0.177s] -- Check for working CXX compiler: /usr/bin/c++ - skipped
[0.177s] -- Detecting CXX compile features
[0.177s] -- Detecting CXX compile features - done
[0.178s] -- Found ament_cmake: 1.3.11 (/opt/ros/humble/share/ament_cmake/cmake)
[0.275s] -- Found Python3: /usr/bin/python3 (found version "3.10.12") found components: Interpreter 
[0.353s] -- Found action_msgs: 1.2.1 (/opt/ros/humble/share/action_msgs/cmake)
[0.385s] -- Found rosidl_generator_c: 3.1.5 (/opt/ros/humble/share/rosidl_generator_c/cmake)
[0.387s] -- Found rosidl_adapter: 3.1.5 (/opt/ros/humble/share/rosidl_adapter/cmake)
[0.392s] -- Found rosidl_generator_cpp: 3.1.5 (/opt/ros/humble/share/rosidl_generator_cpp/cmake)
[0.399s] -- Using all available rosidl_typesupport_c: rosidl_typesupport_fastrtps_c;rosidl_typesupport_introspection_c
[0.406s] -- Using all available rosidl_typesupport_cpp: rosidl_typesupport_fastrtps_cpp;rosidl_typesupport_introspection_cpp
[0.422s] -- Found geometry_msgs: 4.2.4 (/opt/ros/humble/share/geometry_msgs/cmake)
[0.434s] -- Found rosidl_default_generators: 1.2.0 (/opt/ros/humble/share/rosidl_default_generators/cmake)
[0.438s] -- Found sensor_msgs: 4.2.4 (/opt/ros/humble/share/sensor_msgs/cmake)
[0.625s] -- Found ament_cmake_ros: 0.10.0 (/opt/ros/humble/share/ament_cmake_ros/cmake)
[0.930s] -- Using all available rosidl_typesupport_c: rosidl_typesupport_fastrtps_c;rosidl_typesupport_introspection_c
[1.056s] -- Using all available rosidl_typesupport_cpp: rosidl_typesupport_fastrtps_cpp;rosidl_typesupport_introspection_cpp
[1.071s] -- Found PythonInterp: /usr/bin/python3 (found suitable version "3.10.12", minimum required is "3.6") 
[1.071s] -- Found python_cmake_module: 0.10.0 (/opt/ros/humble/share/python_cmake_module/cmake)
[1.088s] -- Found PythonLibs: /usr/lib/x86_64-linux-gnu/libpython3.10.so (found suitable version "3.10.12", minimum required is "3.5") 
[1.088s] -- Using PYTHON_EXECUTABLE: /usr/bin/python3
[1.089s] -- Using PYTHON_INCLUDE_DIRS: /usr/include/python3.10
[1.089s] -- Using PYTHON_LIBRARIES: /usr/lib/x86_64-linux-gnu/libpython3.10.so
[1.104s] -- Found PythonExtra: .so  
[1.143s] -- Configuring done
[1.160s] -- Generating done
[1.161s] -- Build files have been written to: /home/gopal/ros2/macine_learning_ws/build/darknet_ros_msgs
[1.166s] Invoked command in '/home/gopal/ros2/macine_learning_ws/build/darknet_ros_msgs' returned '0': CMAKE_PREFIX_PATH=/opt/ros/humble /usr/bin/cmake /home/gopal/ros2/macine_learning_ws/src/darknet_ros_msgs/darknet_ros_msgs -DCMAKE_INSTALL_PREFIX=/home/gopal/ros2/macine_learning_ws/install/darknet_ros_msgs
[1.167s] Invoking command in '/home/gopal/ros2/macine_learning_ws/build/darknet_ros_msgs': CMAKE_PREFIX_PATH=/opt/ros/humble /usr/bin/cmake --build /home/gopal/ros2/macine_learning_ws/build/darknet_ros_msgs -- -j32 -l32
[1.198s] [  1%] [34m[1mGenerating C code for ROS interfaces[0m
[1.208s] [  3%] [34m[1mGenerating C++ code for ROS interfaces[0m
[1.213s] [  3%] Built target ament_cmake_python_copy_darknet_ros_msgs
[1.333s] running egg_info
[1.333s] creating darknet_ros_msgs.egg-info
[1.333s] writing darknet_ros_msgs.egg-info/PKG-INFO
[1.333s] writing dependency_links to darknet_ros_msgs.egg-info/dependency_links.txt
[1.333s] writing top-level names to darknet_ros_msgs.egg-info/top_level.txt
[1.333s] writing manifest file 'darknet_ros_msgs.egg-info/SOURCES.txt'
[1.334s] reading manifest file 'darknet_ros_msgs.egg-info/SOURCES.txt'
[1.334s] writing manifest file 'darknet_ros_msgs.egg-info/SOURCES.txt'
[1.348s] [  3%] Built target ament_cmake_python_build_darknet_ros_msgs_egg
[1.469s] [  3%] Built target darknet_ros_msgs__cpp
[1.474s] [  5%] [34m[1mGenerating C++ type support for eProsima Fast-RTPS[0m
[1.476s] [  7%] [34m[1mGenerating C++ introspection for ROS interfaces[0m
[1.476s] [  9%] [34m[1mGenerating C++ type support dispatch for ROS interfaces[0m
[1.477s] [ 10%] [32mBuilding C object CMakeFiles/darknet_ros_msgs__rosidl_generator_c.dir/rosidl_generator_c/darknet_ros_msgs/msg/detail/bounding_boxes__functions.c.o[0m
[1.477s] [ 12%] [32mBuilding C object CMakeFiles/darknet_ros_msgs__rosidl_generator_c.dir/rosidl_generator_c/darknet_ros_msgs/action/detail/check_for_objects__functions.c.o[0m
[1.477s] [ 14%] [32mBuilding C object CMakeFiles/darknet_ros_msgs__rosidl_generator_c.dir/rosidl_generator_c/darknet_ros_msgs/msg/detail/bounding_box__functions.c.o[0m
[1.478s] [ 16%] [32mBuilding C object CMakeFiles/darknet_ros_msgs__rosidl_generator_c.dir/rosidl_generator_c/darknet_ros_msgs/msg/detail/object_count__functions.c.o[0m
[1.551s] [ 18%] [32m[1mLinking C shared library libdarknet_ros_msgs__rosidl_generator_c.so[0m
[1.579s] [ 18%] Built target darknet_ros_msgs__rosidl_generator_c
[1.586s] [ 20%] [34m[1mGenerating C type support for eProsima Fast-RTPS[0m
[1.586s] [ 21%] [34m[1mGenerating C type support dispatch for ROS interfaces[0m
[1.586s] [ 23%] [34m[1mGenerating C introspection for ROS interfaces[0m
[1.668s] [ 25%] [32mBuilding CXX object CMakeFiles/darknet_ros_msgs__rosidl_typesupport_cpp.dir/rosidl_typesupport_cpp/darknet_ros_msgs/msg/bounding_box__type_support.cpp.o[0m
[1.668s] [ 27%] [32mBuilding CXX object CMakeFiles/darknet_ros_msgs__rosidl_typesupport_cpp.dir/rosidl_typesupport_cpp/darknet_ros_msgs/msg/bounding_boxes__type_support.cpp.o[0m
[1.668s] [ 29%] [32mBuilding CXX object CMakeFiles/darknet_ros_msgs__rosidl_typesupport_cpp.dir/rosidl_typesupport_cpp/darknet_ros_msgs/msg/object_count__type_support.cpp.o[0m
[1.669s] [ 30%] [32mBuilding CXX object CMakeFiles/darknet_ros_msgs__rosidl_typesupport_cpp.dir/rosidl_typesupport_cpp/darknet_ros_msgs/action/check_for_objects__type_support.cpp.o[0m
[1.708s] [ 32%] [32mBuilding CXX object CMakeFiles/darknet_ros_msgs__rosidl_typesupport_introspection_cpp.dir/rosidl_typesupport_introspection_cpp/darknet_ros_msgs/msg/detail/bounding_box__type_support.cpp.o[0m
[1.708s] [ 38%] [32mBuilding CXX object CMakeFiles/darknet_ros_msgs__rosidl_typesupport_introspection_cpp.dir/rosidl_typesupport_introspection_cpp/darknet_ros_msgs/msg/detail/object_count__type_support.cpp.o[0m
[1.708s] [ 38%] [32mBuilding CXX object CMakeFiles/darknet_ros_msgs__rosidl_typesupport_introspection_cpp.dir/rosidl_typesupport_introspection_cpp/darknet_ros_msgs/action/detail/check_for_objects__type_support.cpp.o[0m
[1.708s] [ 38%] [32mBuilding CXX object CMakeFiles/darknet_ros_msgs__rosidl_typesupport_introspection_cpp.dir/rosidl_typesupport_introspection_cpp/darknet_ros_msgs/msg/detail/bounding_boxes__type_support.cpp.o[0m
[1.750s] [ 45%] [32mBuilding CXX object CMakeFiles/darknet_ros_msgs__rosidl_typesupport_fastrtps_cpp.dir/rosidl_typesupport_fastrtps_cpp/darknet_ros_msgs/msg/detail/dds_fastrtps/bounding_box__type_support.cpp.o[0m
[1.750s] [ 45%] [32mBuilding CXX object CMakeFiles/darknet_ros_msgs__rosidl_typesupport_fastrtps_cpp.dir/rosidl_typesupport_fastrtps_cpp/darknet_ros_msgs/action/detail/dds_fastrtps/check_for_objects__type_support.cpp.o[0m
[1.751s] [ 45%] [32mBuilding CXX object CMakeFiles/darknet_ros_msgs__rosidl_typesupport_fastrtps_cpp.dir/rosidl_typesupport_fastrtps_cpp/darknet_ros_msgs/msg/detail/dds_fastrtps/object_count__type_support.cpp.o[0m
[1.751s] [ 45%] [32mBuilding CXX object CMakeFiles/darknet_ros_msgs__rosidl_typesupport_fastrtps_cpp.dir/rosidl_typesupport_fastrtps_cpp/darknet_ros_msgs/msg/detail/dds_fastrtps/bounding_boxes__type_support.cpp.o[0m
[1.803s] [ 47%] [32mBuilding CXX object CMakeFiles/darknet_ros_msgs__rosidl_typesupport_c.dir/rosidl_typesupport_c/darknet_ros_msgs/action/check_for_objects__type_support.cpp.o[0m
[1.803s] [ 52%] [32mBuilding CXX object CMakeFiles/darknet_ros_msgs__rosidl_typesupport_c.dir/rosidl_typesupport_c/darknet_ros_msgs/msg/bounding_boxes__type_support.cpp.o[0m
[1.803s] [ 52%] [32mBuilding CXX object CMakeFiles/darknet_ros_msgs__rosidl_typesupport_c.dir/rosidl_typesupport_c/darknet_ros_msgs/msg/bounding_box__type_support.cpp.o[0m
[1.803s] [ 52%] [32mBuilding CXX object CMakeFiles/darknet_ros_msgs__rosidl_typesupport_c.dir/rosidl_typesupport_c/darknet_ros_msgs/msg/object_count__type_support.cpp.o[0m
[1.847s] [ 54%] [32m[1mLinking CXX shared library libdarknet_ros_msgs__rosidl_typesupport_c.so[0m
[1.863s] [ 56%] [32mBuilding C object CMakeFiles/darknet_ros_msgs__rosidl_typesupport_introspection_c.dir/rosidl_typesupport_introspection_c/darknet_ros_msgs/msg/detail/object_count__type_support.c.o[0m
[1.864s] [ 60%] [32mBuilding C object CMakeFiles/darknet_ros_msgs__rosidl_typesupport_introspection_c.dir/rosidl_typesupport_introspection_c/darknet_ros_msgs/msg/detail/bounding_box__type_support.c.o[0m
[1.864s] [ 60%] [32mBuilding C object CMakeFiles/darknet_ros_msgs__rosidl_typesupport_introspection_c.dir/rosidl_typesupport_introspection_c/darknet_ros_msgs/msg/detail/bounding_boxes__type_support.c.o[0m
[1.864s] [ 61%] [32mBuilding C object CMakeFiles/darknet_ros_msgs__rosidl_typesupport_introspection_c.dir/rosidl_typesupport_introspection_c/darknet_ros_msgs/action/detail/check_for_objects__type_support.c.o[0m
[1.872s] [ 63%] [32mBuilding CXX object CMakeFiles/darknet_ros_msgs__rosidl_typesupport_fastrtps_c.dir/rosidl_typesupport_fastrtps_c/darknet_ros_msgs/msg/detail/bounding_box__type_support_c.cpp.o[0m
[1.875s] [ 69%] [32mBuilding CXX object CMakeFiles/darknet_ros_msgs__rosidl_typesupport_fastrtps_c.dir/rosidl_typesupport_fastrtps_c/darknet_ros_msgs/msg/detail/bounding_boxes__type_support_c.cpp.o[0m
[1.875s] [ 69%] [32mBuilding CXX object CMakeFiles/darknet_ros_msgs__rosidl_typesupport_fastrtps_c.dir/rosidl_typesupport_fastrtps_c/darknet_ros_msgs/action/detail/check_for_objects__type_support_c.cpp.o[0m
[1.875s] [ 69%] [32mBuilding CXX object CMakeFiles/darknet_ros_msgs__rosidl_typesupport_fastrtps_c.dir/rosidl_typesupport_fastrtps_c/darknet_ros_msgs/msg/detail/object_count__type_support_c.cpp.o[0m
[1.884s] [ 69%] Built target darknet_ros_msgs__rosidl_typesupport_c
[1.903s] [ 70%] [32m[1mLinking C shared library libdarknet_ros_msgs__rosidl_typesupport_introspection_c.so[0m
[1.932s] [ 70%] Built target darknet_ros_msgs__rosidl_typesupport_introspection_c
[2.023s] [ 72%] [32m[1mLinking CXX shared library libdarknet_ros_msgs__rosidl_typesupport_cpp.so[0m
[2.057s] [ 72%] Built target darknet_ros_msgs__rosidl_typesupport_cpp
[2.077s] [ 74%] [32m[1mLinking CXX shared library libdarknet_ros_msgs__rosidl_typesupport_fastrtps_cpp.so[0m
[2.122s] [ 74%] Built target darknet_ros_msgs__rosidl_typesupport_fastrtps_cpp
[2.124s] [ 76%] [32m[1mLinking CXX shared library libdarknet_ros_msgs__rosidl_typesupport_fastrtps_c.so[0m
[2.131s] [ 78%] [32m[1mLinking CXX shared library libdarknet_ros_msgs__rosidl_typesupport_introspection_cpp.so[0m
[2.167s] [ 78%] Built target darknet_ros_msgs__rosidl_typesupport_fastrtps_c
[2.173s] [ 78%] Built target darknet_ros_msgs__rosidl_typesupport_introspection_cpp
[2.186s] [ 78%] Built target darknet_ros_msgs
[2.209s] [ 80%] [34m[1mGenerating Python code for ROS interfaces[0m
[2.638s] [ 80%] Built target darknet_ros_msgs__py
[2.651s] [ 81%] [32mBuilding C object CMakeFiles/darknet_ros_msgs__rosidl_generator_py.dir/rosidl_generator_py/darknet_ros_msgs/msg/_bounding_box_s.c.o[0m
[2.651s] [ 83%] [32mBuilding C object CMakeFiles/darknet_ros_msgs__rosidl_generator_py.dir/rosidl_generator_py/darknet_ros_msgs/msg/_bounding_boxes_s.c.o[0m
[2.651s] [ 85%] [32mBuilding C object CMakeFiles/darknet_ros_msgs__rosidl_generator_py.dir/rosidl_generator_py/darknet_ros_msgs/msg/_object_count_s.c.o[0m
[2.652s] [ 87%] [32mBuilding C object CMakeFiles/darknet_ros_msgs__rosidl_generator_py.dir/rosidl_generator_py/darknet_ros_msgs/action/_check_for_objects_s.c.o[0m
[2.723s] [ 89%] [32m[1mLinking C shared library rosidl_generator_py/darknet_ros_msgs/libdarknet_ros_msgs__rosidl_generator_py.so[0m
[2.750s] [ 89%] Built target darknet_ros_msgs__rosidl_generator_py
[2.770s] [ 90%] [32mBuilding C object CMakeFiles/darknet_ros_msgs__rosidl_typesupport_fastrtps_c__pyext.dir/rosidl_generator_py/darknet_ros_msgs/_darknet_ros_msgs_s.ep.rosidl_typesupport_fastrtps_c.c.o[0m
[2.772s] [ 92%] [32mBuilding C object CMakeFiles/darknet_ros_msgs__rosidl_typesupport_introspection_c__pyext.dir/rosidl_generator_py/darknet_ros_msgs/_darknet_ros_msgs_s.ep.rosidl_typesupport_introspection_c.c.o[0m
[2.773s] [ 94%] [32mBuilding C object CMakeFiles/darknet_ros_msgs__rosidl_typesupport_c__pyext.dir/rosidl_generator_py/darknet_ros_msgs/_darknet_ros_msgs_s.ep.rosidl_typesupport_c.c.o[0m
[2.842s] [ 96%] [32m[1mLinking C shared library rosidl_generator_py/darknet_ros_msgs/darknet_ros_msgs_s__rosidl_typesupport_introspection_c.cpython-310-x86_64-linux-gnu.so[0m
[2.842s] [ 98%] [32m[1mLinking C shared library rosidl_generator_py/darknet_ros_msgs/darknet_ros_msgs_s__rosidl_typesupport_fastrtps_c.cpython-310-x86_64-linux-gnu.so[0m
[2.848s] [100%] [32m[1mLinking C shared library rosidl_generator_py/darknet_ros_msgs/darknet_ros_msgs_s__rosidl_typesupport_c.cpython-310-x86_64-linux-gnu.so[0m
[2.869s] [100%] Built target darknet_ros_msgs__rosidl_typesupport_fastrtps_c__pyext
[2.876s] [100%] Built target darknet_ros_msgs__rosidl_typesupport_introspection_c__pyext
[2.876s] [100%] Built target darknet_ros_msgs__rosidl_typesupport_c__pyext
[2.886s] Invoked command in '/home/gopal/ros2/macine_learning_ws/build/darknet_ros_msgs' returned '0': CMAKE_PREFIX_PATH=/opt/ros/humble /usr/bin/cmake --build /home/gopal/ros2/macine_learning_ws/build/darknet_ros_msgs -- -j32 -l32
[3.050s] Invoking command in '/home/gopal/ros2/macine_learning_ws/build/darknet_ros_msgs': CMAKE_PREFIX_PATH=/opt/ros/humble /usr/bin/cmake --install /home/gopal/ros2/macine_learning_ws/build/darknet_ros_msgs
[3.059s] -- Install configuration: ""
[3.059s] -- Installing: /home/gopal/ros2/macine_learning_ws/install/darknet_ros_msgs/share/ament_index/resource_index/rosidl_interfaces/darknet_ros_msgs
[3.060s] -- Installing: /home/gopal/ros2/macine_learning_ws/install/darknet_ros_msgs/include/darknet_ros_msgs/darknet_ros_msgs
[3.060s] -- Installing: /home/gopal/ros2/macine_learning_ws/install/darknet_ros_msgs/include/darknet_ros_msgs/darknet_ros_msgs/msg
[3.060s] -- Installing: /home/gopal/ros2/macine_learning_ws/install/darknet_ros_msgs/include/darknet_ros_msgs/darknet_ros_msgs/msg/detail
[3.060s] -- Installing: /home/gopal/ros2/macine_learning_ws/install/darknet_ros_msgs/include/darknet_ros_msgs/darknet_ros_msgs/msg/detail/bounding_box__struct.h
[3.060s] -- Installing: /home/gopal/ros2/macine_learning_ws/install/darknet_ros_msgs/include/darknet_ros_msgs/darknet_ros_msgs/msg/detail/object_count__functions.h
[3.061s] -- Installing: /home/gopal/ros2/macine_learning_ws/install/darknet_ros_msgs/include/darknet_ros_msgs/darknet_ros_msgs/msg/detail/bounding_boxes__functions.h
[3.061s] -- Installing: /home/gopal/ros2/macine_learning_ws/install/darknet_ros_msgs/include/darknet_ros_msgs/darknet_ros_msgs/msg/detail/object_count__struct.h
[3.061s] -- Installing: /home/gopal/ros2/macine_learning_ws/install/darknet_ros_msgs/include/darknet_ros_msgs/darknet_ros_msgs/msg/detail/bounding_box__type_support.h
[3.061s] -- Installing: /home/gopal/ros2/macine_learning_ws/install/darknet_ros_msgs/include/darknet_ros_msgs/darknet_ros_msgs/msg/detail/bounding_boxes__struct.h
[3.061s] -- Installing: /home/gopal/ros2/macine_learning_ws/install/darknet_ros_msgs/include/darknet_ros_msgs/darknet_ros_msgs/msg/detail/bounding_box__functions.c
[3.061s] -- Installing: /home/gopal/ros2/macine_learning_ws/install/darknet_ros_msgs/include/darknet_ros_msgs/darknet_ros_msgs/msg/detail/object_count__type_support.h
[3.061s] -- Installing: /home/gopal/ros2/macine_learning_ws/install/darknet_ros_msgs/include/darknet_ros_msgs/darknet_ros_msgs/msg/detail/bounding_boxes__type_support.h
[3.061s] -- Installing: /home/gopal/ros2/macine_learning_ws/install/darknet_ros_msgs/include/darknet_ros_msgs/darknet_ros_msgs/msg/detail/object_count__functions.c
[3.061s] -- Installing: /home/gopal/ros2/macine_learning_ws/install/darknet_ros_msgs/include/darknet_ros_msgs/darknet_ros_msgs/msg/detail/bounding_boxes__functions.c
[3.062s] -- Installing: /home/gopal/ros2/macine_learning_ws/install/darknet_ros_msgs/include/darknet_ros_msgs/darknet_ros_msgs/msg/detail/bounding_box__functions.h
[3.062s] -- Installing: /home/gopal/ros2/macine_learning_ws/install/darknet_ros_msgs/include/darknet_ros_msgs/darknet_ros_msgs/msg/object_count.h
[3.062s] -- Installing: /home/gopal/ros2/macine_learning_ws/install/darknet_ros_msgs/include/darknet_ros_msgs/darknet_ros_msgs/msg/rosidl_generator_c__visibility_control.h
[3.062s] -- Installing: /home/gopal/ros2/macine_learning_ws/install/darknet_ros_msgs/include/darknet_ros_msgs/darknet_ros_msgs/msg/bounding_boxes.h
[3.062s] -- Installing: /home/gopal/ros2/macine_learning_ws/install/darknet_ros_msgs/include/darknet_ros_msgs/darknet_ros_msgs/msg/bounding_box.h
[3.062s] -- Installing: /home/gopal/ros2/macine_learning_ws/install/darknet_ros_msgs/include/darknet_ros_msgs/darknet_ros_msgs/action
[3.062s] -- Installing: /home/gopal/ros2/macine_learning_ws/install/darknet_ros_msgs/include/darknet_ros_msgs/darknet_ros_msgs/action/detail
[3.062s] -- Installing: /home/gopal/ros2/macine_learning_ws/install/darknet_ros_msgs/include/darknet_ros_msgs/darknet_ros_msgs/action/detail/check_for_objects__functions.h
[3.062s] -- Installing: /home/gopal/ros2/macine_learning_ws/install/darknet_ros_msgs/include/darknet_ros_msgs/darknet_ros_msgs/action/detail/check_for_objects__type_support.h
[3.063s] -- Installing: /home/gopal/ros2/macine_learning_ws/install/darknet_ros_msgs/include/darknet_ros_msgs/darknet_ros_msgs/action/detail/check_for_objects__struct.h
[3.063s] -- Installing: /home/gopal/ros2/macine_learning_ws/install/darknet_ros_msgs/include/darknet_ros_msgs/darknet_ros_msgs/action/detail/check_for_objects__functions.c
[3.063s] -- Installing: /home/gopal/ros2/macine_learning_ws/install/darknet_ros_msgs/include/darknet_ros_msgs/darknet_ros_msgs/action/check_for_objects.h
[3.063s] -- Installing: /home/gopal/ros2/macine_learning_ws/install/darknet_ros_msgs/share/darknet_ros_msgs/environment/library_path.sh
[3.063s] -- Installing: /home/gopal/ros2/macine_learning_ws/install/darknet_ros_msgs/share/darknet_ros_msgs/environment/library_path.dsv
[3.063s] -- Installing: /home/gopal/ros2/macine_learning_ws/install/darknet_ros_msgs/lib/libdarknet_ros_msgs__rosidl_generator_c.so
[3.063s] -- Set runtime path of "/home/gopal/ros2/macine_learning_ws/install/darknet_ros_msgs/lib/libdarknet_ros_msgs__rosidl_generator_c.so" to ""
[3.063s] -- Up-to-date: /home/gopal/ros2/macine_learning_ws/install/darknet_ros_msgs/include/darknet_ros_msgs/darknet_ros_msgs
[3.063s] -- Up-to-date: /home/gopal/ros2/macine_learning_ws/install/darknet_ros_msgs/include/darknet_ros_msgs/darknet_ros_msgs/msg
[3.063s] -- Up-to-date: /home/gopal/ros2/macine_learning_ws/install/darknet_ros_msgs/include/darknet_ros_msgs/darknet_ros_msgs/msg/detail
[3.064s] -- Installing: /home/gopal/ros2/macine_learning_ws/install/darknet_ros_msgs/include/darknet_ros_msgs/darknet_ros_msgs/msg/detail/bounding_boxes__rosidl_typesupport_fastrtps_c.h
[3.064s] -- Installing: /home/gopal/ros2/macine_learning_ws/install/darknet_ros_msgs/include/darknet_ros_msgs/darknet_ros_msgs/msg/detail/bounding_box__rosidl_typesupport_fastrtps_c.h
[3.064s] -- Installing: /home/gopal/ros2/macine_learning_ws/install/darknet_ros_msgs/include/darknet_ros_msgs/darknet_ros_msgs/msg/detail/object_count__rosidl_typesupport_fastrtps_c.h
[3.064s] -- Installing: /home/gopal/ros2/macine_learning_ws/install/darknet_ros_msgs/include/darknet_ros_msgs/darknet_ros_msgs/msg/rosidl_typesupport_fastrtps_c__visibility_control.h
[3.064s] -- Up-to-date: /home/gopal/ros2/macine_learning_ws/install/darknet_ros_msgs/include/darknet_ros_msgs/darknet_ros_msgs/action
[3.064s] -- Up-to-date: /home/gopal/ros2/macine_learning_ws/install/darknet_ros_msgs/include/darknet_ros_msgs/darknet_ros_msgs/action/detail
[3.064s] -- Installing: /home/gopal/ros2/macine_learning_ws/install/darknet_ros_msgs/include/darknet_ros_msgs/darknet_ros_msgs/action/detail/check_for_objects__rosidl_typesupport_fastrtps_c.h
[3.064s] -- Installing: /home/gopal/ros2/macine_learning_ws/install/darknet_ros_msgs/lib/libdarknet_ros_msgs__rosidl_typesupport_fastrtps_c.so
[3.064s] -- Set runtime path of "/home/gopal/ros2/macine_learning_ws/install/darknet_ros_msgs/lib/libdarknet_ros_msgs__rosidl_typesupport_fastrtps_c.so" to ""
[3.065s] -- Up-to-date: /home/gopal/ros2/macine_learning_ws/install/darknet_ros_msgs/include/darknet_ros_msgs/darknet_ros_msgs
[3.065s] -- Up-to-date: /home/gopal/ros2/macine_learning_ws/install/darknet_ros_msgs/include/darknet_ros_msgs/darknet_ros_msgs/msg
[3.065s] -- Up-to-date: /home/gopal/ros2/macine_learning_ws/install/darknet_ros_msgs/include/darknet_ros_msgs/darknet_ros_msgs/msg/detail
[3.065s] -- Installing: /home/gopal/ros2/macine_learning_ws/install/darknet_ros_msgs/include/darknet_ros_msgs/darknet_ros_msgs/msg/detail/bounding_box__traits.hpp
[3.065s] -- Installing: /home/gopal/ros2/macine_learning_ws/install/darknet_ros_msgs/include/darknet_ros_msgs/darknet_ros_msgs/msg/detail/bounding_box__struct.hpp
[3.065s] -- Installing: /home/gopal/ros2/macine_learning_ws/install/darknet_ros_msgs/include/darknet_ros_msgs/darknet_ros_msgs/msg/detail/bounding_boxes__builder.hpp
[3.065s] -- Installing: /home/gopal/ros2/macine_learning_ws/install/darknet_ros_msgs/include/darknet_ros_msgs/darknet_ros_msgs/msg/detail/object_count__struct.hpp
[3.065s] -- Installing: /home/gopal/ros2/macine_learning_ws/install/darknet_ros_msgs/include/darknet_ros_msgs/darknet_ros_msgs/msg/detail/bounding_boxes__struct.hpp
[3.065s] -- Installing: /home/gopal/ros2/macine_learning_ws/install/darknet_ros_msgs/include/darknet_ros_msgs/darknet_ros_msgs/msg/detail/object_count__traits.hpp
[3.066s] -- Installing: /home/gopal/ros2/macine_learning_ws/install/darknet_ros_msgs/include/darknet_ros_msgs/darknet_ros_msgs/msg/detail/bounding_box__builder.hpp
[3.066s] -- Installing: /home/gopal/ros2/macine_learning_ws/install/darknet_ros_msgs/include/darknet_ros_msgs/darknet_ros_msgs/msg/detail/object_count__builder.hpp
[3.066s] -- Installing: /home/gopal/ros2/macine_learning_ws/install/darknet_ros_msgs/include/darknet_ros_msgs/darknet_ros_msgs/msg/detail/bounding_boxes__traits.hpp
[3.066s] -- Installing: /home/gopal/ros2/macine_learning_ws/install/darknet_ros_msgs/include/darknet_ros_msgs/darknet_ros_msgs/msg/object_count.hpp
[3.066s] -- Installing: /home/gopal/ros2/macine_learning_ws/install/darknet_ros_msgs/include/darknet_ros_msgs/darknet_ros_msgs/msg/bounding_box.hpp
[3.066s] -- Installing: /home/gopal/ros2/macine_learning_ws/install/darknet_ros_msgs/include/darknet_ros_msgs/darknet_ros_msgs/msg/bounding_boxes.hpp
[3.066s] -- Up-to-date: /home/gopal/ros2/macine_learning_ws/install/darknet_ros_msgs/include/darknet_ros_msgs/darknet_ros_msgs/action
[3.066s] -- Up-to-date: /home/gopal/ros2/macine_learning_ws/install/darknet_ros_msgs/include/darknet_ros_msgs/darknet_ros_msgs/action/detail
[3.066s] -- Installing: /home/gopal/ros2/macine_learning_ws/install/darknet_ros_msgs/include/darknet_ros_msgs/darknet_ros_msgs/action/detail/check_for_objects__builder.hpp
[3.066s] -- Installing: /home/gopal/ros2/macine_learning_ws/install/darknet_ros_msgs/include/darknet_ros_msgs/darknet_ros_msgs/action/detail/check_for_objects__traits.hpp
[3.066s] -- Installing: /home/gopal/ros2/macine_learning_ws/install/darknet_ros_msgs/include/darknet_ros_msgs/darknet_ros_msgs/action/detail/check_for_objects__struct.hpp
[3.066s] -- Installing: /home/gopal/ros2/macine_learning_ws/install/darknet_ros_msgs/include/darknet_ros_msgs/darknet_ros_msgs/action/check_for_objects.hpp
[3.066s] -- Up-to-date: /home/gopal/ros2/macine_learning_ws/install/darknet_ros_msgs/include/darknet_ros_msgs/darknet_ros_msgs
[3.066s] -- Up-to-date: /home/gopal/ros2/macine_learning_ws/install/darknet_ros_msgs/include/darknet_ros_msgs/darknet_ros_msgs/msg
[3.066s] -- Up-to-date: /home/gopal/ros2/macine_learning_ws/install/darknet_ros_msgs/include/darknet_ros_msgs/darknet_ros_msgs/msg/detail
[3.066s] -- Installing: /home/gopal/ros2/macine_learning_ws/install/darknet_ros_msgs/include/darknet_ros_msgs/darknet_ros_msgs/msg/detail/dds_fastrtps
[3.066s] -- Installing: /home/gopal/ros2/macine_learning_ws/install/darknet_ros_msgs/include/darknet_ros_msgs/darknet_ros_msgs/msg/detail/bounding_boxes__rosidl_typesupport_fastrtps_cpp.hpp
[3.066s] -- Installing: /home/gopal/ros2/macine_learning_ws/install/darknet_ros_msgs/include/darknet_ros_msgs/darknet_ros_msgs/msg/detail/bounding_box__rosidl_typesupport_fastrtps_cpp.hpp
[3.066s] -- Installing: /home/gopal/ros2/macine_learning_ws/install/darknet_ros_msgs/include/darknet_ros_msgs/darknet_ros_msgs/msg/detail/object_count__rosidl_typesupport_fastrtps_cpp.hpp
[3.067s] -- Installing: /home/gopal/ros2/macine_learning_ws/install/darknet_ros_msgs/include/darknet_ros_msgs/darknet_ros_msgs/msg/rosidl_typesupport_fastrtps_cpp__visibility_control.h
[3.067s] -- Up-to-date: /home/gopal/ros2/macine_learning_ws/install/darknet_ros_msgs/include/darknet_ros_msgs/darknet_ros_msgs/action
[3.067s] -- Up-to-date: /home/gopal/ros2/macine_learning_ws/install/darknet_ros_msgs/include/darknet_ros_msgs/darknet_ros_msgs/action/detail
[3.067s] -- Installing: /home/gopal/ros2/macine_learning_ws/install/darknet_ros_msgs/include/darknet_ros_msgs/darknet_ros_msgs/action/detail/dds_fastrtps
[3.067s] -- Installing: /home/gopal/ros2/macine_learning_ws/install/darknet_ros_msgs/include/darknet_ros_msgs/darknet_ros_msgs/action/detail/check_for_objects__rosidl_typesupport_fastrtps_cpp.hpp
[3.067s] -- Installing: /home/gopal/ros2/macine_learning_ws/install/darknet_ros_msgs/lib/libdarknet_ros_msgs__rosidl_typesupport_fastrtps_cpp.so
[3.067s] -- Set runtime path of "/home/gopal/ros2/macine_learning_ws/install/darknet_ros_msgs/lib/libdarknet_ros_msgs__rosidl_typesupport_fastrtps_cpp.so" to ""
[3.067s] -- Up-to-date: /home/gopal/ros2/macine_learning_ws/install/darknet_ros_msgs/include/darknet_ros_msgs/darknet_ros_msgs
[3.067s] -- Up-to-date: /home/gopal/ros2/macine_learning_ws/install/darknet_ros_msgs/include/darknet_ros_msgs/darknet_ros_msgs/msg
[3.067s] -- Up-to-date: /home/gopal/ros2/macine_learning_ws/install/darknet_ros_msgs/include/darknet_ros_msgs/darknet_ros_msgs/msg/detail
[3.067s] -- Installing: /home/gopal/ros2/macine_learning_ws/install/darknet_ros_msgs/include/darknet_ros_msgs/darknet_ros_msgs/msg/detail/bounding_boxes__type_support.c
[3.067s] -- Installing: /home/gopal/ros2/macine_learning_ws/install/darknet_ros_msgs/include/darknet_ros_msgs/darknet_ros_msgs/msg/detail/bounding_boxes__rosidl_typesupport_introspection_c.h
[3.067s] -- Installing: /home/gopal/ros2/macine_learning_ws/install/darknet_ros_msgs/include/darknet_ros_msgs/darknet_ros_msgs/msg/detail/bounding_box__rosidl_typesupport_introspection_c.h
[3.067s] -- Installing: /home/gopal/ros2/macine_learning_ws/install/darknet_ros_msgs/include/darknet_ros_msgs/darknet_ros_msgs/msg/detail/object_count__type_support.c
[3.067s] -- Installing: /home/gopal/ros2/macine_learning_ws/install/darknet_ros_msgs/include/darknet_ros_msgs/darknet_ros_msgs/msg/detail/object_count__rosidl_typesupport_introspection_c.h
[3.067s] -- Installing: /home/gopal/ros2/macine_learning_ws/install/darknet_ros_msgs/include/darknet_ros_msgs/darknet_ros_msgs/msg/detail/bounding_box__type_support.c
[3.067s] -- Installing: /home/gopal/ros2/macine_learning_ws/install/darknet_ros_msgs/include/darknet_ros_msgs/darknet_ros_msgs/msg/rosidl_typesupport_introspection_c__visibility_control.h
[3.067s] -- Up-to-date: /home/gopal/ros2/macine_learning_ws/install/darknet_ros_msgs/include/darknet_ros_msgs/darknet_ros_msgs/action
[3.067s] -- Up-to-date: /home/gopal/ros2/macine_learning_ws/install/darknet_ros_msgs/include/darknet_ros_msgs/darknet_ros_msgs/action/detail
[3.068s] -- Installing: /home/gopal/ros2/macine_learning_ws/install/darknet_ros_msgs/include/darknet_ros_msgs/darknet_ros_msgs/action/detail/check_for_objects__type_support.c
[3.068s] -- Installing: /home/gopal/ros2/macine_learning_ws/install/darknet_ros_msgs/include/darknet_ros_msgs/darknet_ros_msgs/action/detail/check_for_objects__rosidl_typesupport_introspection_c.h
[3.068s] -- Installing: /home/gopal/ros2/macine_learning_ws/install/darknet_ros_msgs/lib/libdarknet_ros_msgs__rosidl_typesupport_introspection_c.so
[3.068s] -- Set runtime path of "/home/gopal/ros2/macine_learning_ws/install/darknet_ros_msgs/lib/libdarknet_ros_msgs__rosidl_typesupport_introspection_c.so" to ""
[3.068s] -- Installing: /home/gopal/ros2/macine_learning_ws/install/darknet_ros_msgs/lib/libdarknet_ros_msgs__rosidl_typesupport_c.so
[3.068s] -- Set runtime path of "/home/gopal/ros2/macine_learning_ws/install/darknet_ros_msgs/lib/libdarknet_ros_msgs__rosidl_typesupport_c.so" to ""
[3.068s] -- Up-to-date: /home/gopal/ros2/macine_learning_ws/install/darknet_ros_msgs/include/darknet_ros_msgs/darknet_ros_msgs
[3.068s] -- Up-to-date: /home/gopal/ros2/macine_learning_ws/install/darknet_ros_msgs/include/darknet_ros_msgs/darknet_ros_msgs/msg
[3.068s] -- Up-to-date: /home/gopal/ros2/macine_learning_ws/install/darknet_ros_msgs/include/darknet_ros_msgs/darknet_ros_msgs/msg/detail
[3.068s] -- Installing: /home/gopal/ros2/macine_learning_ws/install/darknet_ros_msgs/include/darknet_ros_msgs/darknet_ros_msgs/msg/detail/bounding_box__rosidl_typesupport_introspection_cpp.hpp
[3.068s] -- Installing: /home/gopal/ros2/macine_learning_ws/install/darknet_ros_msgs/include/darknet_ros_msgs/darknet_ros_msgs/msg/detail/bounding_boxes__type_support.cpp
[3.068s] -- Installing: /home/gopal/ros2/macine_learning_ws/install/darknet_ros_msgs/include/darknet_ros_msgs/darknet_ros_msgs/msg/detail/bounding_boxes__rosidl_typesupport_introspection_cpp.hpp
[3.068s] -- Installing: /home/gopal/ros2/macine_learning_ws/install/darknet_ros_msgs/include/darknet_ros_msgs/darknet_ros_msgs/msg/detail/object_count__type_support.cpp
[3.068s] -- Installing: /home/gopal/ros2/macine_learning_ws/install/darknet_ros_msgs/include/darknet_ros_msgs/darknet_ros_msgs/msg/detail/object_count__rosidl_typesupport_introspection_cpp.hpp
[3.068s] -- Installing: /home/gopal/ros2/macine_learning_ws/install/darknet_ros_msgs/include/darknet_ros_msgs/darknet_ros_msgs/msg/detail/bounding_box__type_support.cpp
[3.068s] -- Up-to-date: /home/gopal/ros2/macine_learning_ws/install/darknet_ros_msgs/include/darknet_ros_msgs/darknet_ros_msgs/action
[3.068s] -- Up-to-date: /home/gopal/ros2/macine_learning_ws/install/darknet_ros_msgs/include/darknet_ros_msgs/darknet_ros_msgs/action/detail
[3.068s] -- Installing: /home/gopal/ros2/macine_learning_ws/install/darknet_ros_msgs/include/darknet_ros_msgs/darknet_ros_msgs/action/detail/check_for_objects__rosidl_typesupport_introspection_cpp.hpp
[3.068s] -- Installing: /home/gopal/ros2/macine_learning_ws/install/darknet_ros_msgs/include/darknet_ros_msgs/darknet_ros_msgs/action/detail/check_for_objects__type_support.cpp
[3.068s] -- Installing: /home/gopal/ros2/macine_learning_ws/install/darknet_ros_msgs/lib/libdarknet_ros_msgs__rosidl_typesupport_introspection_cpp.so
[3.068s] -- Set runtime path of "/home/gopal/ros2/macine_learning_ws/install/darknet_ros_msgs/lib/libdarknet_ros_msgs__rosidl_typesupport_introspection_cpp.so" to ""
[3.068s] -- Installing: /home/gopal/ros2/macine_learning_ws/install/darknet_ros_msgs/lib/libdarknet_ros_msgs__rosidl_typesupport_cpp.so
[3.069s] -- Set runtime path of "/home/gopal/ros2/macine_learning_ws/install/darknet_ros_msgs/lib/libdarknet_ros_msgs__rosidl_typesupport_cpp.so" to ""
[3.069s] -- Installing: /home/gopal/ros2/macine_learning_ws/install/darknet_ros_msgs/share/darknet_ros_msgs/environment/pythonpath.sh
[3.069s] -- Installing: /home/gopal/ros2/macine_learning_ws/install/darknet_ros_msgs/share/darknet_ros_msgs/environment/pythonpath.dsv
[3.069s] -- Installing: /home/gopal/ros2/macine_learning_ws/install/darknet_ros_msgs/local/lib/python3.10/dist-packages/darknet_ros_msgs-1.1.4-py3.10.egg-info
[3.069s] -- Installing: /home/gopal/ros2/macine_learning_ws/install/darknet_ros_msgs/local/lib/python3.10/dist-packages/darknet_ros_msgs-1.1.4-py3.10.egg-info/top_level.txt
[3.069s] -- Installing: /home/gopal/ros2/macine_learning_ws/install/darknet_ros_msgs/local/lib/python3.10/dist-packages/darknet_ros_msgs-1.1.4-py3.10.egg-info/PKG-INFO
[3.069s] -- Installing: /home/gopal/ros2/macine_learning_ws/install/darknet_ros_msgs/local/lib/python3.10/dist-packages/darknet_ros_msgs-1.1.4-py3.10.egg-info/SOURCES.txt
[3.069s] -- Installing: /home/gopal/ros2/macine_learning_ws/install/darknet_ros_msgs/local/lib/python3.10/dist-packages/darknet_ros_msgs-1.1.4-py3.10.egg-info/dependency_links.txt
[3.069s] -- Installing: /home/gopal/ros2/macine_learning_ws/install/darknet_ros_msgs/local/lib/python3.10/dist-packages/darknet_ros_msgs
[3.069s] -- Installing: /home/gopal/ros2/macine_learning_ws/install/darknet_ros_msgs/local/lib/python3.10/dist-packages/darknet_ros_msgs/_darknet_ros_msgs_s.ep.rosidl_typesupport_c.c
[3.069s] -- Installing: /home/gopal/ros2/macine_learning_ws/install/darknet_ros_msgs/local/lib/python3.10/dist-packages/darknet_ros_msgs/msg
[3.069s] -- Installing: /home/gopal/ros2/macine_learning_ws/install/darknet_ros_msgs/local/lib/python3.10/dist-packages/darknet_ros_msgs/msg/_bounding_box.py
[3.069s] -- Installing: /home/gopal/ros2/macine_learning_ws/install/darknet_ros_msgs/local/lib/python3.10/dist-packages/darknet_ros_msgs/msg/_bounding_boxes_s.c
[3.069s] -- Installing: /home/gopal/ros2/macine_learning_ws/install/darknet_ros_msgs/local/lib/python3.10/dist-packages/darknet_ros_msgs/msg/_bounding_box_s.c
[3.069s] -- Installing: /home/gopal/ros2/macine_learning_ws/install/darknet_ros_msgs/local/lib/python3.10/dist-packages/darknet_ros_msgs/msg/_object_count_s.c
[3.069s] -- Installing: /home/gopal/ros2/macine_learning_ws/install/darknet_ros_msgs/local/lib/python3.10/dist-packages/darknet_ros_msgs/msg/_bounding_boxes.py
[3.069s] -- Installing: /home/gopal/ros2/macine_learning_ws/install/darknet_ros_msgs/local/lib/python3.10/dist-packages/darknet_ros_msgs/msg/_object_count.py
[3.069s] -- Installing: /home/gopal/ros2/macine_learning_ws/install/darknet_ros_msgs/local/lib/python3.10/dist-packages/darknet_ros_msgs/msg/__init__.py
[3.069s] -- Installing: /home/gopal/ros2/macine_learning_ws/install/darknet_ros_msgs/local/lib/python3.10/dist-packages/darknet_ros_msgs/action
[3.069s] -- Installing: /home/gopal/ros2/macine_learning_ws/install/darknet_ros_msgs/local/lib/python3.10/dist-packages/darknet_ros_msgs/action/_check_for_objects.py
[3.069s] -- Installing: /home/gopal/ros2/macine_learning_ws/install/darknet_ros_msgs/local/lib/python3.10/dist-packages/darknet_ros_msgs/action/_check_for_objects_s.c
[3.070s] -- Installing: /home/gopal/ros2/macine_learning_ws/install/darknet_ros_msgs/local/lib/python3.10/dist-packages/darknet_ros_msgs/action/__init__.py
[3.070s] -- Installing: /home/gopal/ros2/macine_learning_ws/install/darknet_ros_msgs/local/lib/python3.10/dist-packages/darknet_ros_msgs/_darknet_ros_msgs_s.ep.rosidl_typesupport_introspection_c.c
[3.070s] -- Installing: /home/gopal/ros2/macine_learning_ws/install/darknet_ros_msgs/local/lib/python3.10/dist-packages/darknet_ros_msgs/__init__.py
[3.070s] -- Installing: /home/gopal/ros2/macine_learning_ws/install/darknet_ros_msgs/local/lib/python3.10/dist-packages/darknet_ros_msgs/darknet_ros_msgs_s__rosidl_typesupport_c.cpython-310-x86_64-linux-gnu.so
[3.070s] -- Installing: /home/gopal/ros2/macine_learning_ws/install/darknet_ros_msgs/local/lib/python3.10/dist-packages/darknet_ros_msgs/darknet_ros_msgs_s__rosidl_typesupport_introspection_c.cpython-310-x86_64-linux-gnu.so
[3.070s] -- Installing: /home/gopal/ros2/macine_learning_ws/install/darknet_ros_msgs/local/lib/python3.10/dist-packages/darknet_ros_msgs/darknet_ros_msgs_s__rosidl_typesupport_fastrtps_c.cpython-310-x86_64-linux-gnu.so
[3.070s] -- Installing: /home/gopal/ros2/macine_learning_ws/install/darknet_ros_msgs/local/lib/python3.10/dist-packages/darknet_ros_msgs/libdarknet_ros_msgs__rosidl_generator_py.so
[3.070s] -- Installing: /home/gopal/ros2/macine_learning_ws/install/darknet_ros_msgs/local/lib/python3.10/dist-packages/darknet_ros_msgs/_darknet_ros_msgs_s.ep.rosidl_typesupport_fastrtps_c.c
[3.102s] Listing '/home/gopal/ros2/macine_learning_ws/install/darknet_ros_msgs/local/lib/python3.10/dist-packages/darknet_ros_msgs'...
[3.102s] Compiling '/home/gopal/ros2/macine_learning_ws/install/darknet_ros_msgs/local/lib/python3.10/dist-packages/darknet_ros_msgs/__init__.py'...
[3.102s] Listing '/home/gopal/ros2/macine_learning_ws/install/darknet_ros_msgs/local/lib/python3.10/dist-packages/darknet_ros_msgs/action'...
[3.102s] Compiling '/home/gopal/ros2/macine_learning_ws/install/darknet_ros_msgs/local/lib/python3.10/dist-packages/darknet_ros_msgs/action/__init__.py'...
[3.102s] Compiling '/home/gopal/ros2/macine_learning_ws/install/darknet_ros_msgs/local/lib/python3.10/dist-packages/darknet_ros_msgs/action/_check_for_objects.py'...
[3.102s] Listing '/home/gopal/ros2/macine_learning_ws/install/darknet_ros_msgs/local/lib/python3.10/dist-packages/darknet_ros_msgs/msg'...
[3.102s] Compiling '/home/gopal/ros2/macine_learning_ws/install/darknet_ros_msgs/local/lib/python3.10/dist-packages/darknet_ros_msgs/msg/__init__.py'...
[3.102s] Compiling '/home/gopal/ros2/macine_learning_ws/install/darknet_ros_msgs/local/lib/python3.10/dist-packages/darknet_ros_msgs/msg/_bounding_box.py'...
[3.102s] Compiling '/home/gopal/ros2/macine_learning_ws/install/darknet_ros_msgs/local/lib/python3.10/dist-packages/darknet_ros_msgs/msg/_bounding_boxes.py'...
[3.102s] Compiling '/home/gopal/ros2/macine_learning_ws/install/darknet_ros_msgs/local/lib/python3.10/dist-packages/darknet_ros_msgs/msg/_object_count.py'...
[3.104s] -- Installing: /home/gopal/ros2/macine_learning_ws/install/darknet_ros_msgs/local/lib/python3.10/dist-packages/darknet_ros_msgs/darknet_ros_msgs_s__rosidl_typesupport_fastrtps_c.cpython-310-x86_64-linux-gnu.so
[3.104s] -- Set runtime path of "/home/gopal/ros2/macine_learning_ws/install/darknet_ros_msgs/local/lib/python3.10/dist-packages/darknet_ros_msgs/darknet_ros_msgs_s__rosidl_typesupport_fastrtps_c.cpython-310-x86_64-linux-gnu.so" to ""
[3.104s] -- Installing: /home/gopal/ros2/macine_learning_ws/install/darknet_ros_msgs/local/lib/python3.10/dist-packages/darknet_ros_msgs/darknet_ros_msgs_s__rosidl_typesupport_introspection_c.cpython-310-x86_64-linux-gnu.so
[3.105s] -- Set runtime path of "/home/gopal/ros2/macine_learning_ws/install/darknet_ros_msgs/local/lib/python3.10/dist-packages/darknet_ros_msgs/darknet_ros_msgs_s__rosidl_typesupport_introspection_c.cpython-310-x86_64-linux-gnu.so" to ""
[3.105s] -- Installing: /home/gopal/ros2/macine_learning_ws/install/darknet_ros_msgs/local/lib/python3.10/dist-packages/darknet_ros_msgs/darknet_ros_msgs_s__rosidl_typesupport_c.cpython-310-x86_64-linux-gnu.so
[3.105s] -- Set runtime path of "/home/gopal/ros2/macine_learning_ws/install/darknet_ros_msgs/local/lib/python3.10/dist-packages/darknet_ros_msgs/darknet_ros_msgs_s__rosidl_typesupport_c.cpython-310-x86_64-linux-gnu.so" to ""
[3.105s] -- Installing: /home/gopal/ros2/macine_learning_ws/install/darknet_ros_msgs/lib/libdarknet_ros_msgs__rosidl_generator_py.so
[3.105s] -- Set runtime path of "/home/gopal/ros2/macine_learning_ws/install/darknet_ros_msgs/lib/libdarknet_ros_msgs__rosidl_generator_py.so" to ""
[3.105s] -- Installing: /home/gopal/ros2/macine_learning_ws/install/darknet_ros_msgs/share/darknet_ros_msgs/msg/BoundingBox.idl
[3.105s] -- Installing: /home/gopal/ros2/macine_learning_ws/install/darknet_ros_msgs/share/darknet_ros_msgs/msg/BoundingBoxes.idl
[3.105s] -- Installing: /home/gopal/ros2/macine_learning_ws/install/darknet_ros_msgs/share/darknet_ros_msgs/msg/ObjectCount.idl
[3.105s] -- Installing: /home/gopal/ros2/macine_learning_ws/install/darknet_ros_msgs/share/darknet_ros_msgs/action/CheckForObjects.idl
[3.105s] -- Installing: /home/gopal/ros2/macine_learning_ws/install/darknet_ros_msgs/share/darknet_ros_msgs/msg/BoundingBox.msg
[3.105s] -- Installing: /home/gopal/ros2/macine_learning_ws/install/darknet_ros_msgs/share/darknet_ros_msgs/msg/BoundingBoxes.msg
[3.105s] -- Installing: /home/gopal/ros2/macine_learning_ws/install/darknet_ros_msgs/share/darknet_ros_msgs/msg/ObjectCount.msg
[3.105s] -- Installing: /home/gopal/ros2/macine_learning_ws/install/darknet_ros_msgs/share/darknet_ros_msgs/action/CheckForObjects.action
[3.105s] -- Installing: /home/gopal/ros2/macine_learning_ws/install/darknet_ros_msgs/share/ament_index/resource_index/package_run_dependencies/darknet_ros_msgs
[3.105s] -- Installing: /home/gopal/ros2/macine_learning_ws/install/darknet_ros_msgs/share/ament_index/resource_index/parent_prefix_path/darknet_ros_msgs
[3.105s] -- Installing: /home/gopal/ros2/macine_learning_ws/install/darknet_ros_msgs/share/darknet_ros_msgs/environment/ament_prefix_path.sh
[3.105s] -- Installing: /home/gopal/ros2/macine_learning_ws/install/darknet_ros_msgs/share/darknet_ros_msgs/environment/ament_prefix_path.dsv
[3.106s] -- Installing: /home/gopal/ros2/macine_learning_ws/install/darknet_ros_msgs/share/darknet_ros_msgs/environment/path.sh
[3.106s] -- Installing: /home/gopal/ros2/macine_learning_ws/install/darknet_ros_msgs/share/darknet_ros_msgs/environment/path.dsv
[3.106s] -- Installing: /home/gopal/ros2/macine_learning_ws/install/darknet_ros_msgs/share/darknet_ros_msgs/local_setup.bash
[3.106s] -- Installing: /home/gopal/ros2/macine_learning_ws/install/darknet_ros_msgs/share/darknet_ros_msgs/local_setup.sh
[3.106s] -- Installing: /home/gopal/ros2/macine_learning_ws/install/darknet_ros_msgs/share/darknet_ros_msgs/local_setup.zsh
[3.106s] -- Installing: /home/gopal/ros2/macine_learning_ws/install/darknet_ros_msgs/share/darknet_ros_msgs/local_setup.dsv
[3.106s] -- Installing: /home/gopal/ros2/macine_learning_ws/install/darknet_ros_msgs/share/darknet_ros_msgs/package.dsv
[3.106s] -- Installing: /home/gopal/ros2/macine_learning_ws/install/darknet_ros_msgs/share/ament_index/resource_index/packages/darknet_ros_msgs
[3.106s] -- Installing: /home/gopal/ros2/macine_learning_ws/install/darknet_ros_msgs/share/darknet_ros_msgs/cmake/export_darknet_ros_msgs__rosidl_generator_cExport.cmake
[3.106s] -- Installing: /home/gopal/ros2/macine_learning_ws/install/darknet_ros_msgs/share/darknet_ros_msgs/cmake/export_darknet_ros_msgs__rosidl_generator_cExport-noconfig.cmake
[3.106s] -- Installing: /home/gopal/ros2/macine_learning_ws/install/darknet_ros_msgs/share/darknet_ros_msgs/cmake/export_darknet_ros_msgs__rosidl_typesupport_fastrtps_cExport.cmake
[3.106s] -- Installing: /home/gopal/ros2/macine_learning_ws/install/darknet_ros_msgs/share/darknet_ros_msgs/cmake/export_darknet_ros_msgs__rosidl_typesupport_fastrtps_cExport-noconfig.cmake
[3.106s] -- Installing: /home/gopal/ros2/macine_learning_ws/install/darknet_ros_msgs/share/darknet_ros_msgs/cmake/export_darknet_ros_msgs__rosidl_generator_cppExport.cmake
[3.106s] -- Installing: /home/gopal/ros2/macine_learning_ws/install/darknet_ros_msgs/share/darknet_ros_msgs/cmake/export_darknet_ros_msgs__rosidl_typesupport_fastrtps_cppExport.cmake
[3.106s] -- Installing: /home/gopal/ros2/macine_learning_ws/install/darknet_ros_msgs/share/darknet_ros_msgs/cmake/export_darknet_ros_msgs__rosidl_typesupport_fastrtps_cppExport-noconfig.cmake
[3.106s] -- Installing: /home/gopal/ros2/macine_learning_ws/install/darknet_ros_msgs/share/darknet_ros_msgs/cmake/darknet_ros_msgs__rosidl_typesupport_introspection_cExport.cmake
[3.106s] -- Installing: /home/gopal/ros2/macine_learning_ws/install/darknet_ros_msgs/share/darknet_ros_msgs/cmake/darknet_ros_msgs__rosidl_typesupport_introspection_cExport-noconfig.cmake
[3.106s] -- Installing: /home/gopal/ros2/macine_learning_ws/install/darknet_ros_msgs/share/darknet_ros_msgs/cmake/darknet_ros_msgs__rosidl_typesupport_cExport.cmake
[3.106s] -- Installing: /home/gopal/ros2/macine_learning_ws/install/darknet_ros_msgs/share/darknet_ros_msgs/cmake/darknet_ros_msgs__rosidl_typesupport_cExport-noconfig.cmake
[3.106s] -- Installing: /home/gopal/ros2/macine_learning_ws/install/darknet_ros_msgs/share/darknet_ros_msgs/cmake/darknet_ros_msgs__rosidl_typesupport_introspection_cppExport.cmake
[3.106s] -- Installing: /home/gopal/ros2/macine_learning_ws/install/darknet_ros_msgs/share/darknet_ros_msgs/cmake/darknet_ros_msgs__rosidl_typesupport_introspection_cppExport-noconfig.cmake
[3.106s] -- Installing: /home/gopal/ros2/macine_learning_ws/install/darknet_ros_msgs/share/darknet_ros_msgs/cmake/darknet_ros_msgs__rosidl_typesupport_cppExport.cmake
[3.106s] -- Installing: /home/gopal/ros2/macine_learning_ws/install/darknet_ros_msgs/share/darknet_ros_msgs/cmake/darknet_ros_msgs__rosidl_typesupport_cppExport-noconfig.cmake
[3.106s] -- Installing: /home/gopal/ros2/macine_learning_ws/install/darknet_ros_msgs/share/darknet_ros_msgs/cmake/export_darknet_ros_msgs__rosidl_generator_pyExport.cmake
[3.106s] -- Installing: /home/gopal/ros2/macine_learning_ws/install/darknet_ros_msgs/share/darknet_ros_msgs/cmake/export_darknet_ros_msgs__rosidl_generator_pyExport-noconfig.cmake
[3.106s] -- Installing: /home/gopal/ros2/macine_learning_ws/install/darknet_ros_msgs/share/darknet_ros_msgs/cmake/rosidl_cmake-extras.cmake
[3.106s] -- Installing: /home/gopal/ros2/macine_learning_ws/install/darknet_ros_msgs/share/darknet_ros_msgs/cmake/ament_cmake_export_dependencies-extras.cmake
[3.106s] -- Installing: /home/gopal/ros2/macine_learning_ws/install/darknet_ros_msgs/share/darknet_ros_msgs/cmake/ament_cmake_export_include_directories-extras.cmake
[3.106s] -- Installing: /home/gopal/ros2/macine_learning_ws/install/darknet_ros_msgs/share/darknet_ros_msgs/cmake/ament_cmake_export_libraries-extras.cmake
[3.106s] -- Installing: /home/gopal/ros2/macine_learning_ws/install/darknet_ros_msgs/share/darknet_ros_msgs/cmake/ament_cmake_export_targets-extras.cmake
[3.106s] -- Installing: /home/gopal/ros2/macine_learning_ws/install/darknet_ros_msgs/share/darknet_ros_msgs/cmake/rosidl_cmake_export_typesupport_targets-extras.cmake
[3.106s] -- Installing: /home/gopal/ros2/macine_learning_ws/install/darknet_ros_msgs/share/darknet_ros_msgs/cmake/rosidl_cmake_export_typesupport_libraries-extras.cmake
[3.106s] -- Installing: /home/gopal/ros2/macine_learning_ws/install/darknet_ros_msgs/share/darknet_ros_msgs/cmake/darknet_ros_msgsConfig.cmake
[3.106s] -- Installing: /home/gopal/ros2/macine_learning_ws/install/darknet_ros_msgs/share/darknet_ros_msgs/cmake/darknet_ros_msgsConfig-version.cmake
[3.106s] -- Installing: /home/gopal/ros2/macine_learning_ws/install/darknet_ros_msgs/share/darknet_ros_msgs/package.xml
[3.107s] Invoked command in '/home/gopal/ros2/macine_learning_ws/build/darknet_ros_msgs' returned '0': CMAKE_PREFIX_PATH=/opt/ros/humble /usr/bin/cmake --install /home/gopal/ros2/macine_learning_ws/build/darknet_ros_msgs
