[0.007s] Invoking command in '/home/gopal/ros2/macine_learning_ws/build/darknet_ros_msgs': CMAKE_PREFIX_PATH=/opt/ros/humble /usr/bin/cmake --build /home/gopal/ros2/macine_learning_ws/build/darknet_ros_msgs -- -j32 -l32
[0.033s] [35m[1mConsolidate compiler generated dependencies of target darknet_ros_msgs__rosidl_generator_c[0m
[0.037s] [  1%] Built target darknet_ros_msgs__cpp
[0.041s] [ 12%] Built target darknet_ros_msgs__rosidl_generator_c
[0.045s] [35m[1mConsolidate compiler generated dependencies of target darknet_ros_msgs__rosidl_typesupport_fastrtps_cpp[0m
[0.045s] [35m[1mConsolidate compiler generated dependencies of target darknet_ros_msgs__rosidl_typesupport_cpp[0m
[0.045s] [ 12%] Built target ament_cmake_python_copy_darknet_ros_msgs
[0.045s] [35m[1mConsolidate compiler generated dependencies of target darknet_ros_msgs__rosidl_typesupport_introspection_cpp[0m
[0.049s] [35m[1mConsolidate compiler generated dependencies of target darknet_ros_msgs__rosidl_typesupport_fastrtps_c[0m
[0.049s] [35m[1mConsolidate compiler generated dependencies of target darknet_ros_msgs__rosidl_typesupport_c[0m
[0.049s] [35m[1mConsolidate compiler generated dependencies of target darknet_ros_msgs__rosidl_typesupport_introspection_c[0m
[0.052s] [ 23%] Built target darknet_ros_msgs__rosidl_typesupport_cpp
[0.054s] [ 34%] Built target darknet_ros_msgs__rosidl_typesupport_fastrtps_cpp
[0.055s] [ 45%] Built target darknet_ros_msgs__rosidl_typesupport_introspection_cpp
[0.057s] [ 56%] Built target darknet_ros_msgs__rosidl_typesupport_c
[0.057s] [ 67%] Built target darknet_ros_msgs__rosidl_typesupport_introspection_c
[0.058s] [ 78%] Built target darknet_ros_msgs__rosidl_typesupport_fastrtps_c
[0.072s] [ 78%] Built target darknet_ros_msgs
[0.084s] [ 80%] Built target darknet_ros_msgs__py
[0.090s] [35m[1mConsolidate compiler generated dependencies of target darknet_ros_msgs__rosidl_generator_py[0m
[0.099s] [ 89%] Built target darknet_ros_msgs__rosidl_generator_py
[0.106s] [35m[1mConsolidate compiler generated dependencies of target darknet_ros_msgs__rosidl_typesupport_introspection_c__pyext[0m
[0.106s] [35m[1mConsolidate compiler generated dependencies of target darknet_ros_msgs__rosidl_typesupport_fastrtps_c__pyext[0m
[0.106s] [35m[1mConsolidate compiler generated dependencies of target darknet_ros_msgs__rosidl_typesupport_c__pyext[0m
[0.114s] [ 92%] Built target darknet_ros_msgs__rosidl_typesupport_introspection_c__pyext
[0.115s] [ 98%] Built target darknet_ros_msgs__rosidl_typesupport_c__pyext
[0.115s] [100%] Built target darknet_ros_msgs__rosidl_typesupport_fastrtps_c__pyext
[0.156s] running egg_info
[0.156s] writing darknet_ros_msgs.egg-info/PKG-INFO
[0.156s] writing dependency_links to darknet_ros_msgs.egg-info/dependency_links.txt
[0.156s] writing top-level names to darknet_ros_msgs.egg-info/top_level.txt
[0.157s] reading manifest file 'darknet_ros_msgs.egg-info/SOURCES.txt'
[0.157s] writing manifest file 'darknet_ros_msgs.egg-info/SOURCES.txt'
[0.172s] [100%] Built target ament_cmake_python_build_darknet_ros_msgs_egg
[0.181s] Invoked command in '/home/gopal/ros2/macine_learning_ws/build/darknet_ros_msgs' returned '0': CMAKE_PREFIX_PATH=/opt/ros/humble /usr/bin/cmake --build /home/gopal/ros2/macine_learning_ws/build/darknet_ros_msgs -- -j32 -l32
[0.264s] Invoking command in '/home/gopal/ros2/macine_learning_ws/build/darknet_ros_msgs': CMAKE_PREFIX_PATH=/opt/ros/humble /usr/bin/cmake --install /home/gopal/ros2/macine_learning_ws/build/darknet_ros_msgs
[0.269s] -- Install configuration: ""
[0.269s] -- Up-to-date: /home/gopal/ros2/macine_learning_ws/install/darknet_ros_msgs/share/ament_index/resource_index/rosidl_interfaces/darknet_ros_msgs
[0.269s] -- Up-to-date: /home/gopal/ros2/macine_learning_ws/install/darknet_ros_msgs/include/darknet_ros_msgs/darknet_ros_msgs
[0.269s] -- Up-to-date: /home/gopal/ros2/macine_learning_ws/install/darknet_ros_msgs/include/darknet_ros_msgs/darknet_ros_msgs/msg
[0.269s] -- Up-to-date: /home/gopal/ros2/macine_learning_ws/install/darknet_ros_msgs/include/darknet_ros_msgs/darknet_ros_msgs/msg/detail
[0.269s] -- Up-to-date: /home/gopal/ros2/macine_learning_ws/install/darknet_ros_msgs/include/darknet_ros_msgs/darknet_ros_msgs/msg/detail/bounding_box__struct.h
[0.269s] -- Up-to-date: /home/gopal/ros2/macine_learning_ws/install/darknet_ros_msgs/include/darknet_ros_msgs/darknet_ros_msgs/msg/detail/object_count__functions.h
[0.270s] -- Up-to-date: /home/gopal/ros2/macine_learning_ws/install/darknet_ros_msgs/include/darknet_ros_msgs/darknet_ros_msgs/msg/detail/bounding_boxes__functions.h
[0.270s] -- Up-to-date: /home/gopal/ros2/macine_learning_ws/install/darknet_ros_msgs/include/darknet_ros_msgs/darknet_ros_msgs/msg/detail/object_count__struct.h
[0.270s] -- Up-to-date: /home/gopal/ros2/macine_learning_ws/install/darknet_ros_msgs/include/darknet_ros_msgs/darknet_ros_msgs/msg/detail/bounding_box__type_support.h
[0.270s] -- Up-to-date: /home/gopal/ros2/macine_learning_ws/install/darknet_ros_msgs/include/darknet_ros_msgs/darknet_ros_msgs/msg/detail/bounding_boxes__struct.h
[0.270s] -- Up-to-date: /home/gopal/ros2/macine_learning_ws/install/darknet_ros_msgs/include/darknet_ros_msgs/darknet_ros_msgs/msg/detail/bounding_box__functions.c
[0.270s] -- Up-to-date: /home/gopal/ros2/macine_learning_ws/install/darknet_ros_msgs/include/darknet_ros_msgs/darknet_ros_msgs/msg/detail/object_count__type_support.h
[0.270s] -- Up-to-date: /home/gopal/ros2/macine_learning_ws/install/darknet_ros_msgs/include/darknet_ros_msgs/darknet_ros_msgs/msg/detail/bounding_boxes__type_support.h
[0.270s] -- Up-to-date: /home/gopal/ros2/macine_learning_ws/install/darknet_ros_msgs/include/darknet_ros_msgs/darknet_ros_msgs/msg/detail/object_count__functions.c
[0.270s] -- Up-to-date: /home/gopal/ros2/macine_learning_ws/install/darknet_ros_msgs/include/darknet_ros_msgs/darknet_ros_msgs/msg/detail/bounding_boxes__functions.c
[0.270s] -- Up-to-date: /home/gopal/ros2/macine_learning_ws/install/darknet_ros_msgs/include/darknet_ros_msgs/darknet_ros_msgs/msg/detail/bounding_box__functions.h
[0.270s] -- Up-to-date: /home/gopal/ros2/macine_learning_ws/install/darknet_ros_msgs/include/darknet_ros_msgs/darknet_ros_msgs/msg/object_count.h
[0.270s] -- Up-to-date: /home/gopal/ros2/macine_learning_ws/install/darknet_ros_msgs/include/darknet_ros_msgs/darknet_ros_msgs/msg/rosidl_generator_c__visibility_control.h
[0.270s] -- Up-to-date: /home/gopal/ros2/macine_learning_ws/install/darknet_ros_msgs/include/darknet_ros_msgs/darknet_ros_msgs/msg/bounding_boxes.h
[0.270s] -- Up-to-date: /home/gopal/ros2/macine_learning_ws/install/darknet_ros_msgs/include/darknet_ros_msgs/darknet_ros_msgs/msg/bounding_box.h
[0.270s] -- Up-to-date: /home/gopal/ros2/macine_learning_ws/install/darknet_ros_msgs/include/darknet_ros_msgs/darknet_ros_msgs/action
[0.270s] -- Up-to-date: /home/gopal/ros2/macine_learning_ws/install/darknet_ros_msgs/include/darknet_ros_msgs/darknet_ros_msgs/action/detail
[0.270s] -- Up-to-date: /home/gopal/ros2/macine_learning_ws/install/darknet_ros_msgs/include/darknet_ros_msgs/darknet_ros_msgs/action/detail/check_for_objects__functions.h
[0.270s] -- Up-to-date: /home/gopal/ros2/macine_learning_ws/install/darknet_ros_msgs/include/darknet_ros_msgs/darknet_ros_msgs/action/detail/check_for_objects__type_support.h
[0.271s] -- Up-to-date: /home/gopal/ros2/macine_learning_ws/install/darknet_ros_msgs/include/darknet_ros_msgs/darknet_ros_msgs/action/detail/check_for_objects__struct.h
[0.271s] -- Up-to-date: /home/gopal/ros2/macine_learning_ws/install/darknet_ros_msgs/include/darknet_ros_msgs/darknet_ros_msgs/action/detail/check_for_objects__functions.c
[0.271s] -- Up-to-date: /home/gopal/ros2/macine_learning_ws/install/darknet_ros_msgs/include/darknet_ros_msgs/darknet_ros_msgs/action/check_for_objects.h
[0.271s] -- Up-to-date: /home/gopal/ros2/macine_learning_ws/install/darknet_ros_msgs/share/darknet_ros_msgs/environment/library_path.sh
[0.271s] -- Up-to-date: /home/gopal/ros2/macine_learning_ws/install/darknet_ros_msgs/share/darknet_ros_msgs/environment/library_path.dsv
[0.271s] -- Up-to-date: /home/gopal/ros2/macine_learning_ws/install/darknet_ros_msgs/lib/libdarknet_ros_msgs__rosidl_generator_c.so
[0.271s] -- Up-to-date: /home/gopal/ros2/macine_learning_ws/install/darknet_ros_msgs/include/darknet_ros_msgs/darknet_ros_msgs
[0.271s] -- Up-to-date: /home/gopal/ros2/macine_learning_ws/install/darknet_ros_msgs/include/darknet_ros_msgs/darknet_ros_msgs/msg
[0.271s] -- Up-to-date: /home/gopal/ros2/macine_learning_ws/install/darknet_ros_msgs/include/darknet_ros_msgs/darknet_ros_msgs/msg/detail
[0.271s] -- Up-to-date: /home/gopal/ros2/macine_learning_ws/install/darknet_ros_msgs/include/darknet_ros_msgs/darknet_ros_msgs/msg/detail/bounding_boxes__rosidl_typesupport_fastrtps_c.h
[0.271s] -- Up-to-date: /home/gopal/ros2/macine_learning_ws/install/darknet_ros_msgs/include/darknet_ros_msgs/darknet_ros_msgs/msg/detail/bounding_box__rosidl_typesupport_fastrtps_c.h
[0.271s] -- Up-to-date: /home/gopal/ros2/macine_learning_ws/install/darknet_ros_msgs/include/darknet_ros_msgs/darknet_ros_msgs/msg/detail/object_count__rosidl_typesupport_fastrtps_c.h
[0.271s] -- Up-to-date: /home/gopal/ros2/macine_learning_ws/install/darknet_ros_msgs/include/darknet_ros_msgs/darknet_ros_msgs/msg/rosidl_typesupport_fastrtps_c__visibility_control.h
[0.271s] -- Up-to-date: /home/gopal/ros2/macine_learning_ws/install/darknet_ros_msgs/include/darknet_ros_msgs/darknet_ros_msgs/action
[0.271s] -- Up-to-date: /home/gopal/ros2/macine_learning_ws/install/darknet_ros_msgs/include/darknet_ros_msgs/darknet_ros_msgs/action/detail
[0.271s] -- Up-to-date: /home/gopal/ros2/macine_learning_ws/install/darknet_ros_msgs/include/darknet_ros_msgs/darknet_ros_msgs/action/detail/check_for_objects__rosidl_typesupport_fastrtps_c.h
[0.271s] -- Up-to-date: /home/gopal/ros2/macine_learning_ws/install/darknet_ros_msgs/lib/libdarknet_ros_msgs__rosidl_typesupport_fastrtps_c.so
[0.271s] -- Up-to-date: /home/gopal/ros2/macine_learning_ws/install/darknet_ros_msgs/include/darknet_ros_msgs/darknet_ros_msgs
[0.271s] -- Up-to-date: /home/gopal/ros2/macine_learning_ws/install/darknet_ros_msgs/include/darknet_ros_msgs/darknet_ros_msgs/msg
[0.273s] -- Up-to-date: /home/gopal/ros2/macine_learning_ws/install/darknet_ros_msgs/include/darknet_ros_msgs/darknet_ros_msgs/msg/detail
[0.273s] -- Up-to-date: /home/gopal/ros2/macine_learning_ws/install/darknet_ros_msgs/include/darknet_ros_msgs/darknet_ros_msgs/msg/detail/bounding_box__traits.hpp
[0.273s] -- Up-to-date: /home/gopal/ros2/macine_learning_ws/install/darknet_ros_msgs/include/darknet_ros_msgs/darknet_ros_msgs/msg/detail/bounding_box__struct.hpp
[0.273s] -- Up-to-date: /home/gopal/ros2/macine_learning_ws/install/darknet_ros_msgs/include/darknet_ros_msgs/darknet_ros_msgs/msg/detail/bounding_boxes__builder.hpp
[0.273s] -- Up-to-date: /home/gopal/ros2/macine_learning_ws/install/darknet_ros_msgs/include/darknet_ros_msgs/darknet_ros_msgs/msg/detail/object_count__struct.hpp
[0.273s] -- Up-to-date: /home/gopal/ros2/macine_learning_ws/install/darknet_ros_msgs/include/darknet_ros_msgs/darknet_ros_msgs/msg/detail/bounding_boxes__struct.hpp
[0.273s] -- Up-to-date: /home/gopal/ros2/macine_learning_ws/install/darknet_ros_msgs/include/darknet_ros_msgs/darknet_ros_msgs/msg/detail/object_count__traits.hpp
[0.273s] -- Up-to-date: /home/gopal/ros2/macine_learning_ws/install/darknet_ros_msgs/include/darknet_ros_msgs/darknet_ros_msgs/msg/detail/bounding_box__builder.hpp
[0.273s] -- Up-to-date: /home/gopal/ros2/macine_learning_ws/install/darknet_ros_msgs/include/darknet_ros_msgs/darknet_ros_msgs/msg/detail/object_count__builder.hpp
[0.273s] -- Up-to-date: /home/gopal/ros2/macine_learning_ws/install/darknet_ros_msgs/include/darknet_ros_msgs/darknet_ros_msgs/msg/detail/bounding_boxes__traits.hpp
[0.273s] -- Up-to-date: /home/gopal/ros2/macine_learning_ws/install/darknet_ros_msgs/include/darknet_ros_msgs/darknet_ros_msgs/msg/object_count.hpp
[0.273s] -- Up-to-date: /home/gopal/ros2/macine_learning_ws/install/darknet_ros_msgs/include/darknet_ros_msgs/darknet_ros_msgs/msg/bounding_box.hpp
[0.273s] -- Up-to-date: /home/gopal/ros2/macine_learning_ws/install/darknet_ros_msgs/include/darknet_ros_msgs/darknet_ros_msgs/msg/bounding_boxes.hpp
[0.273s] -- Up-to-date: /home/gopal/ros2/macine_learning_ws/install/darknet_ros_msgs/include/darknet_ros_msgs/darknet_ros_msgs/action
[0.273s] -- Up-to-date: /home/gopal/ros2/macine_learning_ws/install/darknet_ros_msgs/include/darknet_ros_msgs/darknet_ros_msgs/action/detail
[0.273s] -- Up-to-date: /home/gopal/ros2/macine_learning_ws/install/darknet_ros_msgs/include/darknet_ros_msgs/darknet_ros_msgs/action/detail/check_for_objects__builder.hpp
[0.273s] -- Up-to-date: /home/gopal/ros2/macine_learning_ws/install/darknet_ros_msgs/include/darknet_ros_msgs/darknet_ros_msgs/action/detail/check_for_objects__traits.hpp
[0.273s] -- Up-to-date: /home/gopal/ros2/macine_learning_ws/install/darknet_ros_msgs/include/darknet_ros_msgs/darknet_ros_msgs/action/detail/check_for_objects__struct.hpp
[0.273s] -- Up-to-date: /home/gopal/ros2/macine_learning_ws/install/darknet_ros_msgs/include/darknet_ros_msgs/darknet_ros_msgs/action/check_for_objects.hpp
[0.273s] -- Up-to-date: /home/gopal/ros2/macine_learning_ws/install/darknet_ros_msgs/include/darknet_ros_msgs/darknet_ros_msgs
[0.273s] -- Up-to-date: /home/gopal/ros2/macine_learning_ws/install/darknet_ros_msgs/include/darknet_ros_msgs/darknet_ros_msgs/msg
[0.273s] -- Up-to-date: /home/gopal/ros2/macine_learning_ws/install/darknet_ros_msgs/include/darknet_ros_msgs/darknet_ros_msgs/msg/detail
[0.273s] -- Up-to-date: /home/gopal/ros2/macine_learning_ws/install/darknet_ros_msgs/include/darknet_ros_msgs/darknet_ros_msgs/msg/detail/dds_fastrtps
[0.273s] -- Up-to-date: /home/gopal/ros2/macine_learning_ws/install/darknet_ros_msgs/include/darknet_ros_msgs/darknet_ros_msgs/msg/detail/bounding_boxes__rosidl_typesupport_fastrtps_cpp.hpp
[0.273s] -- Up-to-date: /home/gopal/ros2/macine_learning_ws/install/darknet_ros_msgs/include/darknet_ros_msgs/darknet_ros_msgs/msg/detail/bounding_box__rosidl_typesupport_fastrtps_cpp.hpp
[0.273s] -- Up-to-date: /home/gopal/ros2/macine_learning_ws/install/darknet_ros_msgs/include/darknet_ros_msgs/darknet_ros_msgs/msg/detail/object_count__rosidl_typesupport_fastrtps_cpp.hpp
[0.273s] -- Up-to-date: /home/gopal/ros2/macine_learning_ws/install/darknet_ros_msgs/include/darknet_ros_msgs/darknet_ros_msgs/msg/rosidl_typesupport_fastrtps_cpp__visibility_control.h
[0.273s] -- Up-to-date: /home/gopal/ros2/macine_learning_ws/install/darknet_ros_msgs/include/darknet_ros_msgs/darknet_ros_msgs/action
[0.273s] -- Up-to-date: /home/gopal/ros2/macine_learning_ws/install/darknet_ros_msgs/include/darknet_ros_msgs/darknet_ros_msgs/action/detail
[0.273s] -- Up-to-date: /home/gopal/ros2/macine_learning_ws/install/darknet_ros_msgs/include/darknet_ros_msgs/darknet_ros_msgs/action/detail/dds_fastrtps
[0.273s] -- Up-to-date: /home/gopal/ros2/macine_learning_ws/install/darknet_ros_msgs/include/darknet_ros_msgs/darknet_ros_msgs/action/detail/check_for_objects__rosidl_typesupport_fastrtps_cpp.hpp
[0.273s] -- Up-to-date: /home/gopal/ros2/macine_learning_ws/install/darknet_ros_msgs/lib/libdarknet_ros_msgs__rosidl_typesupport_fastrtps_cpp.so
[0.273s] -- Up-to-date: /home/gopal/ros2/macine_learning_ws/install/darknet_ros_msgs/include/darknet_ros_msgs/darknet_ros_msgs
[0.273s] -- Up-to-date: /home/gopal/ros2/macine_learning_ws/install/darknet_ros_msgs/include/darknet_ros_msgs/darknet_ros_msgs/msg
[0.273s] -- Up-to-date: /home/gopal/ros2/macine_learning_ws/install/darknet_ros_msgs/include/darknet_ros_msgs/darknet_ros_msgs/msg/detail
[0.273s] -- Up-to-date: /home/gopal/ros2/macine_learning_ws/install/darknet_ros_msgs/include/darknet_ros_msgs/darknet_ros_msgs/msg/detail/bounding_boxes__type_support.c
[0.273s] -- Up-to-date: /home/gopal/ros2/macine_learning_ws/install/darknet_ros_msgs/include/darknet_ros_msgs/darknet_ros_msgs/msg/detail/bounding_boxes__rosidl_typesupport_introspection_c.h
[0.273s] -- Up-to-date: /home/gopal/ros2/macine_learning_ws/install/darknet_ros_msgs/include/darknet_ros_msgs/darknet_ros_msgs/msg/detail/bounding_box__rosidl_typesupport_introspection_c.h
[0.273s] -- Up-to-date: /home/gopal/ros2/macine_learning_ws/install/darknet_ros_msgs/include/darknet_ros_msgs/darknet_ros_msgs/msg/detail/object_count__type_support.c
[0.273s] -- Up-to-date: /home/gopal/ros2/macine_learning_ws/install/darknet_ros_msgs/include/darknet_ros_msgs/darknet_ros_msgs/msg/detail/object_count__rosidl_typesupport_introspection_c.h
[0.273s] -- Up-to-date: /home/gopal/ros2/macine_learning_ws/install/darknet_ros_msgs/include/darknet_ros_msgs/darknet_ros_msgs/msg/detail/bounding_box__type_support.c
[0.273s] -- Up-to-date: /home/gopal/ros2/macine_learning_ws/install/darknet_ros_msgs/include/darknet_ros_msgs/darknet_ros_msgs/msg/rosidl_typesupport_introspection_c__visibility_control.h
[0.273s] -- Up-to-date: /home/gopal/ros2/macine_learning_ws/install/darknet_ros_msgs/include/darknet_ros_msgs/darknet_ros_msgs/action
[0.274s] -- Up-to-date: /home/gopal/ros2/macine_learning_ws/install/darknet_ros_msgs/include/darknet_ros_msgs/darknet_ros_msgs/action/detail
[0.274s] -- Up-to-date: /home/gopal/ros2/macine_learning_ws/install/darknet_ros_msgs/include/darknet_ros_msgs/darknet_ros_msgs/action/detail/check_for_objects__type_support.c
[0.274s] -- Up-to-date: /home/gopal/ros2/macine_learning_ws/install/darknet_ros_msgs/include/darknet_ros_msgs/darknet_ros_msgs/action/detail/check_for_objects__rosidl_typesupport_introspection_c.h
[0.274s] -- Up-to-date: /home/gopal/ros2/macine_learning_ws/install/darknet_ros_msgs/lib/libdarknet_ros_msgs__rosidl_typesupport_introspection_c.so
[0.274s] -- Up-to-date: /home/gopal/ros2/macine_learning_ws/install/darknet_ros_msgs/lib/libdarknet_ros_msgs__rosidl_typesupport_c.so
[0.274s] -- Up-to-date: /home/gopal/ros2/macine_learning_ws/install/darknet_ros_msgs/include/darknet_ros_msgs/darknet_ros_msgs
[0.274s] -- Up-to-date: /home/gopal/ros2/macine_learning_ws/install/darknet_ros_msgs/include/darknet_ros_msgs/darknet_ros_msgs/msg
[0.274s] -- Up-to-date: /home/gopal/ros2/macine_learning_ws/install/darknet_ros_msgs/include/darknet_ros_msgs/darknet_ros_msgs/msg/detail
[0.274s] -- Up-to-date: /home/gopal/ros2/macine_learning_ws/install/darknet_ros_msgs/include/darknet_ros_msgs/darknet_ros_msgs/msg/detail/bounding_box__rosidl_typesupport_introspection_cpp.hpp
[0.274s] -- Up-to-date: /home/gopal/ros2/macine_learning_ws/install/darknet_ros_msgs/include/darknet_ros_msgs/darknet_ros_msgs/msg/detail/bounding_boxes__type_support.cpp
[0.274s] -- Up-to-date: /home/gopal/ros2/macine_learning_ws/install/darknet_ros_msgs/include/darknet_ros_msgs/darknet_ros_msgs/msg/detail/bounding_boxes__rosidl_typesupport_introspection_cpp.hpp
[0.274s] -- Up-to-date: /home/gopal/ros2/macine_learning_ws/install/darknet_ros_msgs/include/darknet_ros_msgs/darknet_ros_msgs/msg/detail/object_count__type_support.cpp
[0.274s] -- Up-to-date: /home/gopal/ros2/macine_learning_ws/install/darknet_ros_msgs/include/darknet_ros_msgs/darknet_ros_msgs/msg/detail/object_count__rosidl_typesupport_introspection_cpp.hpp
[0.274s] -- Up-to-date: /home/gopal/ros2/macine_learning_ws/install/darknet_ros_msgs/include/darknet_ros_msgs/darknet_ros_msgs/msg/detail/bounding_box__type_support.cpp
[0.274s] -- Up-to-date: /home/gopal/ros2/macine_learning_ws/install/darknet_ros_msgs/include/darknet_ros_msgs/darknet_ros_msgs/action
[0.274s] -- Up-to-date: /home/gopal/ros2/macine_learning_ws/install/darknet_ros_msgs/include/darknet_ros_msgs/darknet_ros_msgs/action/detail
[0.274s] -- Up-to-date: /home/gopal/ros2/macine_learning_ws/install/darknet_ros_msgs/include/darknet_ros_msgs/darknet_ros_msgs/action/detail/check_for_objects__rosidl_typesupport_introspection_cpp.hpp
[0.274s] -- Up-to-date: /home/gopal/ros2/macine_learning_ws/install/darknet_ros_msgs/include/darknet_ros_msgs/darknet_ros_msgs/action/detail/check_for_objects__type_support.cpp
[0.274s] -- Up-to-date: /home/gopal/ros2/macine_learning_ws/install/darknet_ros_msgs/lib/libdarknet_ros_msgs__rosidl_typesupport_introspection_cpp.so
[0.274s] -- Up-to-date: /home/gopal/ros2/macine_learning_ws/install/darknet_ros_msgs/lib/libdarknet_ros_msgs__rosidl_typesupport_cpp.so
[0.274s] -- Up-to-date: /home/gopal/ros2/macine_learning_ws/install/darknet_ros_msgs/share/darknet_ros_msgs/environment/pythonpath.sh
[0.274s] -- Up-to-date: /home/gopal/ros2/macine_learning_ws/install/darknet_ros_msgs/share/darknet_ros_msgs/environment/pythonpath.dsv
[0.274s] -- Up-to-date: /home/gopal/ros2/macine_learning_ws/install/darknet_ros_msgs/local/lib/python3.10/dist-packages/darknet_ros_msgs-1.1.4-py3.10.egg-info
[0.274s] -- Installing: /home/gopal/ros2/macine_learning_ws/install/darknet_ros_msgs/local/lib/python3.10/dist-packages/darknet_ros_msgs-1.1.4-py3.10.egg-info/top_level.txt
[0.274s] -- Installing: /home/gopal/ros2/macine_learning_ws/install/darknet_ros_msgs/local/lib/python3.10/dist-packages/darknet_ros_msgs-1.1.4-py3.10.egg-info/PKG-INFO
[0.274s] -- Installing: /home/gopal/ros2/macine_learning_ws/install/darknet_ros_msgs/local/lib/python3.10/dist-packages/darknet_ros_msgs-1.1.4-py3.10.egg-info/SOURCES.txt
[0.274s] -- Installing: /home/gopal/ros2/macine_learning_ws/install/darknet_ros_msgs/local/lib/python3.10/dist-packages/darknet_ros_msgs-1.1.4-py3.10.egg-info/dependency_links.txt
[0.274s] -- Up-to-date: /home/gopal/ros2/macine_learning_ws/install/darknet_ros_msgs/local/lib/python3.10/dist-packages/darknet_ros_msgs
[0.274s] -- Up-to-date: /home/gopal/ros2/macine_learning_ws/install/darknet_ros_msgs/local/lib/python3.10/dist-packages/darknet_ros_msgs/_darknet_ros_msgs_s.ep.rosidl_typesupport_c.c
[0.274s] -- Up-to-date: /home/gopal/ros2/macine_learning_ws/install/darknet_ros_msgs/local/lib/python3.10/dist-packages/darknet_ros_msgs/msg
[0.274s] -- Up-to-date: /home/gopal/ros2/macine_learning_ws/install/darknet_ros_msgs/local/lib/python3.10/dist-packages/darknet_ros_msgs/msg/_bounding_box.py
[0.274s] -- Up-to-date: /home/gopal/ros2/macine_learning_ws/install/darknet_ros_msgs/local/lib/python3.10/dist-packages/darknet_ros_msgs/msg/_bounding_boxes_s.c
[0.274s] -- Up-to-date: /home/gopal/ros2/macine_learning_ws/install/darknet_ros_msgs/local/lib/python3.10/dist-packages/darknet_ros_msgs/msg/_bounding_box_s.c
[0.274s] -- Up-to-date: /home/gopal/ros2/macine_learning_ws/install/darknet_ros_msgs/local/lib/python3.10/dist-packages/darknet_ros_msgs/msg/_object_count_s.c
[0.274s] -- Up-to-date: /home/gopal/ros2/macine_learning_ws/install/darknet_ros_msgs/local/lib/python3.10/dist-packages/darknet_ros_msgs/msg/_bounding_boxes.py
[0.274s] -- Up-to-date: /home/gopal/ros2/macine_learning_ws/install/darknet_ros_msgs/local/lib/python3.10/dist-packages/darknet_ros_msgs/msg/_object_count.py
[0.274s] -- Up-to-date: /home/gopal/ros2/macine_learning_ws/install/darknet_ros_msgs/local/lib/python3.10/dist-packages/darknet_ros_msgs/msg/__init__.py
[0.274s] -- Up-to-date: /home/gopal/ros2/macine_learning_ws/install/darknet_ros_msgs/local/lib/python3.10/dist-packages/darknet_ros_msgs/action
[0.274s] -- Up-to-date: /home/gopal/ros2/macine_learning_ws/install/darknet_ros_msgs/local/lib/python3.10/dist-packages/darknet_ros_msgs/action/_check_for_objects.py
[0.274s] -- Up-to-date: /home/gopal/ros2/macine_learning_ws/install/darknet_ros_msgs/local/lib/python3.10/dist-packages/darknet_ros_msgs/action/_check_for_objects_s.c
[0.274s] -- Up-to-date: /home/gopal/ros2/macine_learning_ws/install/darknet_ros_msgs/local/lib/python3.10/dist-packages/darknet_ros_msgs/action/__init__.py
[0.274s] -- Up-to-date: /home/gopal/ros2/macine_learning_ws/install/darknet_ros_msgs/local/lib/python3.10/dist-packages/darknet_ros_msgs/_darknet_ros_msgs_s.ep.rosidl_typesupport_introspection_c.c
[0.274s] -- Up-to-date: /home/gopal/ros2/macine_learning_ws/install/darknet_ros_msgs/local/lib/python3.10/dist-packages/darknet_ros_msgs/__init__.py
[0.274s] -- Up-to-date: /home/gopal/ros2/macine_learning_ws/install/darknet_ros_msgs/local/lib/python3.10/dist-packages/darknet_ros_msgs/darknet_ros_msgs_s__rosidl_typesupport_c.cpython-310-x86_64-linux-gnu.so
[0.274s] -- Up-to-date: /home/gopal/ros2/macine_learning_ws/install/darknet_ros_msgs/local/lib/python3.10/dist-packages/darknet_ros_msgs/darknet_ros_msgs_s__rosidl_typesupport_introspection_c.cpython-310-x86_64-linux-gnu.so
[0.274s] -- Up-to-date: /home/gopal/ros2/macine_learning_ws/install/darknet_ros_msgs/local/lib/python3.10/dist-packages/darknet_ros_msgs/darknet_ros_msgs_s__rosidl_typesupport_fastrtps_c.cpython-310-x86_64-linux-gnu.so
[0.274s] -- Up-to-date: /home/gopal/ros2/macine_learning_ws/install/darknet_ros_msgs/local/lib/python3.10/dist-packages/darknet_ros_msgs/libdarknet_ros_msgs__rosidl_generator_py.so
[0.274s] -- Up-to-date: /home/gopal/ros2/macine_learning_ws/install/darknet_ros_msgs/local/lib/python3.10/dist-packages/darknet_ros_msgs/_darknet_ros_msgs_s.ep.rosidl_typesupport_fastrtps_c.c
[0.290s] Listing '/home/gopal/ros2/macine_learning_ws/install/darknet_ros_msgs/local/lib/python3.10/dist-packages/darknet_ros_msgs'...
[0.290s] Listing '/home/gopal/ros2/macine_learning_ws/install/darknet_ros_msgs/local/lib/python3.10/dist-packages/darknet_ros_msgs/action'...
[0.290s] Listing '/home/gopal/ros2/macine_learning_ws/install/darknet_ros_msgs/local/lib/python3.10/dist-packages/darknet_ros_msgs/msg'...
[0.290s] -- Up-to-date: /home/gopal/ros2/macine_learning_ws/install/darknet_ros_msgs/local/lib/python3.10/dist-packages/darknet_ros_msgs/darknet_ros_msgs_s__rosidl_typesupport_fastrtps_c.cpython-310-x86_64-linux-gnu.so
[0.290s] -- Up-to-date: /home/gopal/ros2/macine_learning_ws/install/darknet_ros_msgs/local/lib/python3.10/dist-packages/darknet_ros_msgs/darknet_ros_msgs_s__rosidl_typesupport_introspection_c.cpython-310-x86_64-linux-gnu.so
[0.290s] -- Up-to-date: /home/gopal/ros2/macine_learning_ws/install/darknet_ros_msgs/local/lib/python3.10/dist-packages/darknet_ros_msgs/darknet_ros_msgs_s__rosidl_typesupport_c.cpython-310-x86_64-linux-gnu.so
[0.290s] -- Up-to-date: /home/gopal/ros2/macine_learning_ws/install/darknet_ros_msgs/lib/libdarknet_ros_msgs__rosidl_generator_py.so
[0.290s] -- Up-to-date: /home/gopal/ros2/macine_learning_ws/install/darknet_ros_msgs/share/darknet_ros_msgs/msg/BoundingBox.idl
[0.290s] -- Up-to-date: /home/gopal/ros2/macine_learning_ws/install/darknet_ros_msgs/share/darknet_ros_msgs/msg/BoundingBoxes.idl
[0.290s] -- Up-to-date: /home/gopal/ros2/macine_learning_ws/install/darknet_ros_msgs/share/darknet_ros_msgs/msg/ObjectCount.idl
[0.290s] -- Up-to-date: /home/gopal/ros2/macine_learning_ws/install/darknet_ros_msgs/share/darknet_ros_msgs/action/CheckForObjects.idl
[0.291s] -- Up-to-date: /home/gopal/ros2/macine_learning_ws/install/darknet_ros_msgs/share/darknet_ros_msgs/msg/BoundingBox.msg
[0.291s] -- Up-to-date: /home/gopal/ros2/macine_learning_ws/install/darknet_ros_msgs/share/darknet_ros_msgs/msg/BoundingBoxes.msg
[0.291s] -- Up-to-date: /home/gopal/ros2/macine_learning_ws/install/darknet_ros_msgs/share/darknet_ros_msgs/msg/ObjectCount.msg
[0.291s] -- Up-to-date: /home/gopal/ros2/macine_learning_ws/install/darknet_ros_msgs/share/darknet_ros_msgs/action/CheckForObjects.action
[0.291s] -- Up-to-date: /home/gopal/ros2/macine_learning_ws/install/darknet_ros_msgs/share/ament_index/resource_index/package_run_dependencies/darknet_ros_msgs
[0.291s] -- Up-to-date: /home/gopal/ros2/macine_learning_ws/install/darknet_ros_msgs/share/ament_index/resource_index/parent_prefix_path/darknet_ros_msgs
[0.291s] -- Up-to-date: /home/gopal/ros2/macine_learning_ws/install/darknet_ros_msgs/share/darknet_ros_msgs/environment/ament_prefix_path.sh
[0.291s] -- Up-to-date: /home/gopal/ros2/macine_learning_ws/install/darknet_ros_msgs/share/darknet_ros_msgs/environment/ament_prefix_path.dsv
[0.291s] -- Up-to-date: /home/gopal/ros2/macine_learning_ws/install/darknet_ros_msgs/share/darknet_ros_msgs/environment/path.sh
[0.291s] -- Up-to-date: /home/gopal/ros2/macine_learning_ws/install/darknet_ros_msgs/share/darknet_ros_msgs/environment/path.dsv
[0.291s] -- Up-to-date: /home/gopal/ros2/macine_learning_ws/install/darknet_ros_msgs/share/darknet_ros_msgs/local_setup.bash
[0.291s] -- Up-to-date: /home/gopal/ros2/macine_learning_ws/install/darknet_ros_msgs/share/darknet_ros_msgs/local_setup.sh
[0.291s] -- Up-to-date: /home/gopal/ros2/macine_learning_ws/install/darknet_ros_msgs/share/darknet_ros_msgs/local_setup.zsh
[0.291s] -- Up-to-date: /home/gopal/ros2/macine_learning_ws/install/darknet_ros_msgs/share/darknet_ros_msgs/local_setup.dsv
[0.292s] -- Installing: /home/gopal/ros2/macine_learning_ws/install/darknet_ros_msgs/share/darknet_ros_msgs/package.dsv
[0.292s] -- Up-to-date: /home/gopal/ros2/macine_learning_ws/install/darknet_ros_msgs/share/ament_index/resource_index/packages/darknet_ros_msgs
[0.292s] -- Up-to-date: /home/gopal/ros2/macine_learning_ws/install/darknet_ros_msgs/share/darknet_ros_msgs/cmake/export_darknet_ros_msgs__rosidl_generator_cExport.cmake
[0.292s] -- Up-to-date: /home/gopal/ros2/macine_learning_ws/install/darknet_ros_msgs/share/darknet_ros_msgs/cmake/export_darknet_ros_msgs__rosidl_generator_cExport-noconfig.cmake
[0.292s] -- Up-to-date: /home/gopal/ros2/macine_learning_ws/install/darknet_ros_msgs/share/darknet_ros_msgs/cmake/export_darknet_ros_msgs__rosidl_typesupport_fastrtps_cExport.cmake
[0.292s] -- Up-to-date: /home/gopal/ros2/macine_learning_ws/install/darknet_ros_msgs/share/darknet_ros_msgs/cmake/export_darknet_ros_msgs__rosidl_typesupport_fastrtps_cExport-noconfig.cmake
[0.292s] -- Up-to-date: /home/gopal/ros2/macine_learning_ws/install/darknet_ros_msgs/share/darknet_ros_msgs/cmake/export_darknet_ros_msgs__rosidl_generator_cppExport.cmake
[0.292s] -- Up-to-date: /home/gopal/ros2/macine_learning_ws/install/darknet_ros_msgs/share/darknet_ros_msgs/cmake/export_darknet_ros_msgs__rosidl_typesupport_fastrtps_cppExport.cmake
[0.292s] -- Up-to-date: /home/gopal/ros2/macine_learning_ws/install/darknet_ros_msgs/share/darknet_ros_msgs/cmake/export_darknet_ros_msgs__rosidl_typesupport_fastrtps_cppExport-noconfig.cmake
[0.292s] -- Up-to-date: /home/gopal/ros2/macine_learning_ws/install/darknet_ros_msgs/share/darknet_ros_msgs/cmake/darknet_ros_msgs__rosidl_typesupport_introspection_cExport.cmake
[0.292s] -- Up-to-date: /home/gopal/ros2/macine_learning_ws/install/darknet_ros_msgs/share/darknet_ros_msgs/cmake/darknet_ros_msgs__rosidl_typesupport_introspection_cExport-noconfig.cmake
[0.292s] -- Up-to-date: /home/gopal/ros2/macine_learning_ws/install/darknet_ros_msgs/share/darknet_ros_msgs/cmake/darknet_ros_msgs__rosidl_typesupport_cExport.cmake
[0.292s] -- Up-to-date: /home/gopal/ros2/macine_learning_ws/install/darknet_ros_msgs/share/darknet_ros_msgs/cmake/darknet_ros_msgs__rosidl_typesupport_cExport-noconfig.cmake
[0.292s] -- Up-to-date: /home/gopal/ros2/macine_learning_ws/install/darknet_ros_msgs/share/darknet_ros_msgs/cmake/darknet_ros_msgs__rosidl_typesupport_introspection_cppExport.cmake
[0.292s] -- Up-to-date: /home/gopal/ros2/macine_learning_ws/install/darknet_ros_msgs/share/darknet_ros_msgs/cmake/darknet_ros_msgs__rosidl_typesupport_introspection_cppExport-noconfig.cmake
[0.292s] -- Up-to-date: /home/gopal/ros2/macine_learning_ws/install/darknet_ros_msgs/share/darknet_ros_msgs/cmake/darknet_ros_msgs__rosidl_typesupport_cppExport.cmake
[0.292s] -- Up-to-date: /home/gopal/ros2/macine_learning_ws/install/darknet_ros_msgs/share/darknet_ros_msgs/cmake/darknet_ros_msgs__rosidl_typesupport_cppExport-noconfig.cmake
[0.292s] -- Up-to-date: /home/gopal/ros2/macine_learning_ws/install/darknet_ros_msgs/share/darknet_ros_msgs/cmake/export_darknet_ros_msgs__rosidl_generator_pyExport.cmake
[0.292s] -- Up-to-date: /home/gopal/ros2/macine_learning_ws/install/darknet_ros_msgs/share/darknet_ros_msgs/cmake/export_darknet_ros_msgs__rosidl_generator_pyExport-noconfig.cmake
[0.292s] -- Up-to-date: /home/gopal/ros2/macine_learning_ws/install/darknet_ros_msgs/share/darknet_ros_msgs/cmake/rosidl_cmake-extras.cmake
[0.296s] -- Up-to-date: /home/gopal/ros2/macine_learning_ws/install/darknet_ros_msgs/share/darknet_ros_msgs/cmake/ament_cmake_export_dependencies-extras.cmake
[0.297s] -- Up-to-date: /home/gopal/ros2/macine_learning_ws/install/darknet_ros_msgs/share/darknet_ros_msgs/cmake/ament_cmake_export_include_directories-extras.cmake
[0.297s] -- Up-to-date: /home/gopal/ros2/macine_learning_ws/install/darknet_ros_msgs/share/darknet_ros_msgs/cmake/ament_cmake_export_libraries-extras.cmake
[0.297s] -- Up-to-date: /home/gopal/ros2/macine_learning_ws/install/darknet_ros_msgs/share/darknet_ros_msgs/cmake/ament_cmake_export_targets-extras.cmake
[0.297s] -- Up-to-date: /home/gopal/ros2/macine_learning_ws/install/darknet_ros_msgs/share/darknet_ros_msgs/cmake/rosidl_cmake_export_typesupport_targets-extras.cmake
[0.297s] -- Up-to-date: /home/gopal/ros2/macine_learning_ws/install/darknet_ros_msgs/share/darknet_ros_msgs/cmake/rosidl_cmake_export_typesupport_libraries-extras.cmake
[0.297s] -- Up-to-date: /home/gopal/ros2/macine_learning_ws/install/darknet_ros_msgs/share/darknet_ros_msgs/cmake/darknet_ros_msgsConfig.cmake
[0.297s] -- Up-to-date: /home/gopal/ros2/macine_learning_ws/install/darknet_ros_msgs/share/darknet_ros_msgs/cmake/darknet_ros_msgsConfig-version.cmake
[0.297s] -- Up-to-date: /home/gopal/ros2/macine_learning_ws/install/darknet_ros_msgs/share/darknet_ros_msgs/package.xml
[0.297s] Invoked command in '/home/gopal/ros2/macine_learning_ws/build/darknet_ros_msgs' returned '0': CMAKE_PREFIX_PATH=/opt/ros/humble /usr/bin/cmake --install /home/gopal/ros2/macine_learning_ws/build/darknet_ros_msgs
