[0.008s] Invoking command in '/home/gopal/ros2/macine_learning_ws/build/vision_msgs': CMAKE_PREFIX_PATH=/opt/ros/humble /usr/bin/cmake /home/gopal/ros2/macine_learning_ws/src/vision_msgs/vision_msgs -DCMAKE_INSTALL_PREFIX=/home/gopal/ros2/macine_learning_ws/install/vision_msgs
[0.042s] -- The C compiler identification is GNU 11.4.0
[0.072s] -- The CXX compiler identification is GNU 11.4.0
[0.075s] -- Detecting C compiler ABI info
[0.118s] -- Detecting C compiler ABI info - done
[0.122s] -- Check for working C compiler: /usr/bin/cc - skipped
[0.122s] -- Detecting C compile features
[0.122s] -- Detecting C compile features - done
[0.124s] -- Detecting CXX compiler ABI info
[0.172s] -- Detecting CXX compiler ABI info - done
[0.175s] -- Check for working CXX compiler: /usr/bin/c++ - skipped
[0.175s] -- Detecting CXX compile features
[0.176s] -- Detecting CXX compile features - done
[0.176s] -- Found ament_cmake: 1.3.11 (/opt/ros/humble/share/ament_cmake/cmake)
[0.277s] -- Found Python3: /usr/bin/python3 (found version "3.10.12") found components: Interpreter 
[0.339s] -- Found std_msgs: 4.2.4 (/opt/ros/humble/share/std_msgs/cmake)
[0.369s] -- Found rosidl_generator_c: 3.1.5 (/opt/ros/humble/share/rosidl_generator_c/cmake)
[0.374s] -- Found rosidl_adapter: 3.1.5 (/opt/ros/humble/share/rosidl_adapter/cmake)
[0.383s] -- Found rosidl_generator_cpp: 3.1.5 (/opt/ros/humble/share/rosidl_generator_cpp/cmake)
[0.394s] -- Using all available rosidl_typesupport_c: rosidl_typesupport_fastrtps_c;rosidl_typesupport_introspection_c
[0.406s] -- Using all available rosidl_typesupport_cpp: rosidl_typesupport_fastrtps_cpp;rosidl_typesupport_introspection_cpp
[0.420s] -- Found geometry_msgs: 4.2.4 (/opt/ros/humble/share/geometry_msgs/cmake)
[0.426s] -- Found rosidl_default_generators: 1.2.0 (/opt/ros/humble/share/rosidl_default_generators/cmake)
[0.637s] -- Found ament_cmake_cppcheck: 0.12.11 (/opt/ros/humble/share/ament_cmake_cppcheck/cmake)
[0.638s] -- Found ament_cmake_cpplint: 0.12.11 (/opt/ros/humble/share/ament_cmake_cpplint/cmake)
[0.638s] -- Found ament_cmake_uncrustify: 0.12.11 (/opt/ros/humble/share/ament_cmake_uncrustify/cmake)
[0.639s] -- Found ament_cmake_ros: 0.10.0 (/opt/ros/humble/share/ament_cmake_ros/cmake)
[0.911s] -- Using all available rosidl_typesupport_c: rosidl_typesupport_fastrtps_c;rosidl_typesupport_introspection_c
[1.032s] -- Using all available rosidl_typesupport_cpp: rosidl_typesupport_fastrtps_cpp;rosidl_typesupport_introspection_cpp
[1.056s] -- Found PythonInterp: /usr/bin/python3 (found suitable version "3.10.12", minimum required is "3.6") 
[1.057s] -- Found python_cmake_module: 0.10.0 (/opt/ros/humble/share/python_cmake_module/cmake)
[1.081s] -- Found PythonLibs: /usr/lib/x86_64-linux-gnu/libpython3.10.so (found suitable version "3.10.12", minimum required is "3.5") 
[1.081s] -- Using PYTHON_EXECUTABLE: /usr/bin/python3
[1.081s] -- Using PYTHON_INCLUDE_DIRS: /usr/include/python3.10
[1.082s] -- Using PYTHON_LIBRARIES: /usr/lib/x86_64-linux-gnu/libpython3.10.so
[1.105s] -- Found PythonExtra: .so  
[1.149s] -- Found ament_cmake_flake8: 0.12.11 (/opt/ros/humble/share/ament_cmake_flake8/cmake)
[1.150s] -- Found ament_cmake_pep257: 0.12.11 (/opt/ros/humble/share/ament_cmake_pep257/cmake)
[1.151s] -- Found ament_lint_auto: 0.12.11 (/opt/ros/humble/share/ament_lint_auto/cmake)
[1.165s] -- Found gtest sources under '/opt/ros/humble/src/gtest_vendor': C++ tests using 'Google Test' will be built
[1.167s] -- Looking for pthread.h
[1.240s] -- Looking for pthread.h - found
[1.240s] -- Performing Test CMAKE_HAVE_LIBC_PTHREAD
[1.321s] -- Performing Test CMAKE_HAVE_LIBC_PTHREAD - Success
[1.322s] -- Found Threads: TRUE  
[1.328s] -- Added test 'cppcheck' to perform static code analysis on C / C++ code
[1.329s] -- Configured cppcheck include dirs: /home/gopal/ros2/macine_learning_ws/src/vision_msgs/vision_msgs/include
[1.329s] -- Configured cppcheck exclude dirs and/or files: 
[1.330s] -- Added test 'cpplint' to check C / C++ code against the Google style
[1.330s] -- Configured cpplint exclude dirs and/or files: 
[1.330s] -- Added test 'uncrustify' to check C / C++ code style
[1.330s] -- Configured uncrustify additional arguments: 
[1.331s] -- Added test 'copyright' to check source files copyright and LICENSE
[1.331s] -- Added test 'lint_cmake' to check CMake code style
[1.331s] -- Added test 'xmllint' to check XML markup files
[1.333s] -- Configuring done
[1.359s] -- Generating done
[1.360s] -- Build files have been written to: /home/gopal/ros2/macine_learning_ws/build/vision_msgs
[1.366s] Invoked command in '/home/gopal/ros2/macine_learning_ws/build/vision_msgs' returned '0': CMAKE_PREFIX_PATH=/opt/ros/humble /usr/bin/cmake /home/gopal/ros2/macine_learning_ws/src/vision_msgs/vision_msgs -DCMAKE_INSTALL_PREFIX=/home/gopal/ros2/macine_learning_ws/install/vision_msgs
[1.366s] Invoking command in '/home/gopal/ros2/macine_learning_ws/build/vision_msgs': CMAKE_PREFIX_PATH=/opt/ros/humble /usr/bin/cmake --build /home/gopal/ros2/macine_learning_ws/build/vision_msgs -- -j32 -l32
[1.404s] [  1%] [34m[1mGenerating C code for ROS interfaces[0m
[1.414s] [  2%] [34m[1mGenerating C++ code for ROS interfaces[0m
[1.414s] [  2%] [32mBuilding CXX object gtest/CMakeFiles/gtest.dir/src/gtest-all.cc.o[0m
[1.415s] [  2%] [32mBuilding CXX object gtest/CMakeFiles/gtest_main.dir/src/gtest_main.cc.o[0m
[1.422s] [  2%] Built target ament_cmake_python_copy_vision_msgs
[1.547s] running egg_info
[1.547s] creating vision_msgs.egg-info
[1.547s] writing vision_msgs.egg-info/PKG-INFO
[1.547s] writing dependency_links to vision_msgs.egg-info/dependency_links.txt
[1.547s] writing top-level names to vision_msgs.egg-info/top_level.txt
[1.548s] writing manifest file 'vision_msgs.egg-info/SOURCES.txt'
[1.548s] reading manifest file 'vision_msgs.egg-info/SOURCES.txt'
[1.549s] writing manifest file 'vision_msgs.egg-info/SOURCES.txt'
[1.565s] [  2%] Built target ament_cmake_python_build_vision_msgs_egg
[1.726s] [  3%] [32m[1mLinking CXX static library libgtest_main.a[0m
[1.824s] [  3%] Built target gtest_main
[2.038s] [  3%] Built target vision_msgs__cpp
[2.046s] [  3%] [34m[1mGenerating C++ introspection for ROS interfaces[0m
[2.046s] [  4%] [34m[1mGenerating C++ type support dispatch for ROS interfaces[0m
[2.046s] [  4%] [34m[1mGenerating C++ type support for eProsima Fast-RTPS[0m
[2.080s] [  5%] [32mBuilding C object CMakeFiles/vision_msgs__rosidl_generator_c.dir/rosidl_generator_c/vision_msgs/msg/detail/bounding_box2_d__functions.c.o[0m
[2.081s] [  6%] [32mBuilding C object CMakeFiles/vision_msgs__rosidl_generator_c.dir/rosidl_generator_c/vision_msgs/msg/detail/detection2_d_array__functions.c.o[0m
[2.081s] [  7%] [32mBuilding C object CMakeFiles/vision_msgs__rosidl_generator_c.dir/rosidl_generator_c/vision_msgs/msg/detail/detection3_d_array__functions.c.o[0m
[2.082s] [  7%] [32mBuilding C object CMakeFiles/vision_msgs__rosidl_generator_c.dir/rosidl_generator_c/vision_msgs/msg/detail/bounding_box2_d_array__functions.c.o[0m
[2.082s] [  8%] [32mBuilding C object CMakeFiles/vision_msgs__rosidl_generator_c.dir/rosidl_generator_c/vision_msgs/msg/detail/bounding_box3_d__functions.c.o[0m
[2.082s] [  9%] [32mBuilding C object CMakeFiles/vision_msgs__rosidl_generator_c.dir/rosidl_generator_c/vision_msgs/msg/detail/point2_d__functions.c.o[0m
[2.082s] [ 10%] [32mBuilding C object CMakeFiles/vision_msgs__rosidl_generator_c.dir/rosidl_generator_c/vision_msgs/msg/detail/bounding_box3_d_array__functions.c.o[0m
[2.083s] [ 10%] [32mBuilding C object CMakeFiles/vision_msgs__rosidl_generator_c.dir/rosidl_generator_c/vision_msgs/msg/detail/classification__functions.c.o[0m
[2.083s] [ 10%] [32mBuilding C object CMakeFiles/vision_msgs__rosidl_generator_c.dir/rosidl_generator_c/vision_msgs/msg/detail/detection2_d__functions.c.o[0m
[2.083s] [ 11%] [32mBuilding C object CMakeFiles/vision_msgs__rosidl_generator_c.dir/rosidl_generator_c/vision_msgs/msg/detail/detection3_d__functions.c.o[0m
[2.083s] [ 11%] [32mBuilding C object CMakeFiles/vision_msgs__rosidl_generator_c.dir/rosidl_generator_c/vision_msgs/msg/detail/label_info__functions.c.o[0m
[2.084s] [ 13%] [32mBuilding C object CMakeFiles/vision_msgs__rosidl_generator_c.dir/rosidl_generator_c/vision_msgs/msg/detail/object_hypothesis_with_pose__functions.c.o[0m
[2.084s] [ 12%] [32mBuilding C object CMakeFiles/vision_msgs__rosidl_generator_c.dir/rosidl_generator_c/vision_msgs/msg/detail/object_hypothesis__functions.c.o[0m
[2.084s] [ 13%] [32mBuilding C object CMakeFiles/vision_msgs__rosidl_generator_c.dir/rosidl_generator_c/vision_msgs/msg/detail/vision_class__functions.c.o[0m
[2.084s] [ 14%] [32mBuilding C object CMakeFiles/vision_msgs__rosidl_generator_c.dir/rosidl_generator_c/vision_msgs/msg/detail/pose2_d__functions.c.o[0m
[2.085s] [ 14%] [32mBuilding C object CMakeFiles/vision_msgs__rosidl_generator_c.dir/rosidl_generator_c/vision_msgs/msg/detail/vision_info__functions.c.o[0m
[2.128s] [ 15%] [32m[1mLinking C shared library libvision_msgs__rosidl_generator_c.so[0m
[2.154s] [ 15%] Built target vision_msgs__rosidl_generator_c
[2.162s] [ 15%] [34m[1mGenerating C type support dispatch for ROS interfaces[0m
[2.162s] [ 15%] [34m[1mGenerating C type support for eProsima Fast-RTPS[0m
[2.162s] [ 16%] [34m[1mGenerating C introspection for ROS interfaces[0m
[2.597s] [ 17%] [32mBuilding CXX object CMakeFiles/vision_msgs__rosidl_typesupport_cpp.dir/rosidl_typesupport_cpp/vision_msgs/msg/bounding_box2_d__type_support.cpp.o[0m
[2.598s] [ 18%] [32mBuilding CXX object CMakeFiles/vision_msgs__rosidl_typesupport_cpp.dir/rosidl_typesupport_cpp/vision_msgs/msg/bounding_box3_d__type_support.cpp.o[0m
[2.598s] [ 18%] [32mBuilding CXX object CMakeFiles/vision_msgs__rosidl_typesupport_cpp.dir/rosidl_typesupport_cpp/vision_msgs/msg/bounding_box2_d_array__type_support.cpp.o[0m
[2.598s] [ 19%] [32mBuilding CXX object CMakeFiles/vision_msgs__rosidl_typesupport_cpp.dir/rosidl_typesupport_cpp/vision_msgs/msg/object_hypothesis_with_pose__type_support.cpp.o[0m
[2.598s] [ 20%] [32mBuilding CXX object CMakeFiles/vision_msgs__rosidl_typesupport_cpp.dir/rosidl_typesupport_cpp/vision_msgs/msg/classification__type_support.cpp.o[0m
[2.598s] [ 20%] [32mBuilding CXX object CMakeFiles/vision_msgs__rosidl_typesupport_cpp.dir/rosidl_typesupport_cpp/vision_msgs/msg/bounding_box3_d_array__type_support.cpp.o[0m
[2.598s] [ 21%] [32mBuilding CXX object CMakeFiles/vision_msgs__rosidl_typesupport_cpp.dir/rosidl_typesupport_cpp/vision_msgs/msg/detection2_d_array__type_support.cpp.o[0m
[2.598s] [ 21%] [32mBuilding CXX object CMakeFiles/vision_msgs__rosidl_typesupport_cpp.dir/rosidl_typesupport_cpp/vision_msgs/msg/detection2_d__type_support.cpp.o[0m
[2.599s] [ 22%] [32mBuilding CXX object CMakeFiles/vision_msgs__rosidl_typesupport_cpp.dir/rosidl_typesupport_cpp/vision_msgs/msg/detection3_d_array__type_support.cpp.o[0m
[2.599s] [ 22%] [32mBuilding CXX object CMakeFiles/vision_msgs__rosidl_typesupport_cpp.dir/rosidl_typesupport_cpp/vision_msgs/msg/vision_class__type_support.cpp.o[0m
[2.599s] [ 23%] [32mBuilding CXX object CMakeFiles/vision_msgs__rosidl_typesupport_cpp.dir/rosidl_typesupport_cpp/vision_msgs/msg/detection3_d__type_support.cpp.o[0m
[2.599s] [ 23%] [32mBuilding CXX object CMakeFiles/vision_msgs__rosidl_typesupport_cpp.dir/rosidl_typesupport_cpp/vision_msgs/msg/label_info__type_support.cpp.o[0m
[2.599s] [ 24%] [32mBuilding CXX object CMakeFiles/vision_msgs__rosidl_typesupport_cpp.dir/rosidl_typesupport_cpp/vision_msgs/msg/pose2_d__type_support.cpp.o[0m
[2.599s] [ 25%] [32mBuilding CXX object CMakeFiles/vision_msgs__rosidl_typesupport_cpp.dir/rosidl_typesupport_cpp/vision_msgs/msg/object_hypothesis__type_support.cpp.o[0m
[2.600s] [ 26%] [32mBuilding CXX object CMakeFiles/vision_msgs__rosidl_typesupport_cpp.dir/rosidl_typesupport_cpp/vision_msgs/msg/point2_d__type_support.cpp.o[0m
[2.600s] [ 26%] [32mBuilding CXX object CMakeFiles/vision_msgs__rosidl_typesupport_cpp.dir/rosidl_typesupport_cpp/vision_msgs/msg/vision_info__type_support.cpp.o[0m
[2.698s] [ 27%] [32mBuilding CXX object CMakeFiles/vision_msgs__rosidl_typesupport_introspection_cpp.dir/rosidl_typesupport_introspection_cpp/vision_msgs/msg/detail/bounding_box2_d__type_support.cpp.o[0m
[2.698s] [ 28%] [32mBuilding CXX object CMakeFiles/vision_msgs__rosidl_typesupport_introspection_cpp.dir/rosidl_typesupport_introspection_cpp/vision_msgs/msg/detail/classification__type_support.cpp.o[0m
[2.698s] [ 29%] [32mBuilding CXX object CMakeFiles/vision_msgs__rosidl_typesupport_introspection_cpp.dir/rosidl_typesupport_introspection_cpp/vision_msgs/msg/detail/bounding_box3_d__type_support.cpp.o[0m
[2.699s] [ 29%] [32mBuilding CXX object CMakeFiles/vision_msgs__rosidl_typesupport_introspection_cpp.dir/rosidl_typesupport_introspection_cpp/vision_msgs/msg/detail/bounding_box2_d_array__type_support.cpp.o[0m
[2.699s] [ 30%] [32mBuilding CXX object CMakeFiles/vision_msgs__rosidl_typesupport_introspection_cpp.dir/rosidl_typesupport_introspection_cpp/vision_msgs/msg/detail/bounding_box3_d_array__type_support.cpp.o[0m
[2.699s] [ 30%] [32mBuilding CXX object CMakeFiles/vision_msgs__rosidl_typesupport_introspection_cpp.dir/rosidl_typesupport_introspection_cpp/vision_msgs/msg/detail/detection2_d_array__type_support.cpp.o[0m
[2.699s] [ 30%] [32mBuilding CXX object CMakeFiles/vision_msgs__rosidl_typesupport_introspection_cpp.dir/rosidl_typesupport_introspection_cpp/vision_msgs/msg/detail/detection3_d_array__type_support.cpp.o[0m
[2.699s] [ 31%] [32mBuilding CXX object CMakeFiles/vision_msgs__rosidl_typesupport_introspection_cpp.dir/rosidl_typesupport_introspection_cpp/vision_msgs/msg/detail/label_info__type_support.cpp.o[0m
[2.699s] [ 32%] [32mBuilding CXX object CMakeFiles/vision_msgs__rosidl_typesupport_introspection_cpp.dir/rosidl_typesupport_introspection_cpp/vision_msgs/msg/detail/detection2_d__type_support.cpp.o[0m
[2.700s] [ 32%] [32mBuilding CXX object CMakeFiles/vision_msgs__rosidl_typesupport_introspection_cpp.dir/rosidl_typesupport_introspection_cpp/vision_msgs/msg/detail/object_hypothesis__type_support.cpp.o[0m
[2.701s] [ 33%] [32mBuilding CXX object CMakeFiles/vision_msgs__rosidl_typesupport_introspection_cpp.dir/rosidl_typesupport_introspection_cpp/vision_msgs/msg/detail/detection3_d__type_support.cpp.o[0m
[2.808s] [ 34%] [32mBuilding CXX object CMakeFiles/vision_msgs__rosidl_typesupport_introspection_cpp.dir/rosidl_typesupport_introspection_cpp/vision_msgs/msg/detail/object_hypothesis_with_pose__type_support.cpp.o[0m
[2.808s] [ 35%] [32mBuilding CXX object CMakeFiles/vision_msgs__rosidl_typesupport_introspection_cpp.dir/rosidl_typesupport_introspection_cpp/vision_msgs/msg/detail/vision_class__type_support.cpp.o[0m
[2.815s] [ 35%] [32mBuilding CXX object CMakeFiles/vision_msgs__rosidl_typesupport_introspection_cpp.dir/rosidl_typesupport_introspection_cpp/vision_msgs/msg/detail/point2_d__type_support.cpp.o[0m
[2.815s] [ 36%] [32mBuilding CXX object CMakeFiles/vision_msgs__rosidl_typesupport_introspection_cpp.dir/rosidl_typesupport_introspection_cpp/vision_msgs/msg/detail/pose2_d__type_support.cpp.o[0m
[2.842s] [ 37%] [32mBuilding CXX object CMakeFiles/vision_msgs__rosidl_typesupport_c.dir/rosidl_typesupport_c/vision_msgs/msg/bounding_box2_d__type_support.cpp.o[0m
[2.873s] [ 38%] [32mBuilding CXX object CMakeFiles/vision_msgs__rosidl_typesupport_c.dir/rosidl_typesupport_c/vision_msgs/msg/bounding_box2_d_array__type_support.cpp.o[0m
[2.886s] [ 39%] [32mBuilding CXX object CMakeFiles/vision_msgs__rosidl_typesupport_introspection_cpp.dir/rosidl_typesupport_introspection_cpp/vision_msgs/msg/detail/vision_info__type_support.cpp.o[0m
[2.889s] [ 39%] [32mBuilding CXX object CMakeFiles/vision_msgs__rosidl_typesupport_c.dir/rosidl_typesupport_c/vision_msgs/msg/classification__type_support.cpp.o[0m
[2.889s] [ 39%] [32mBuilding CXX object CMakeFiles/vision_msgs__rosidl_typesupport_c.dir/rosidl_typesupport_c/vision_msgs/msg/bounding_box3_d__type_support.cpp.o[0m
[2.892s] [ 40%] [32mBuilding CXX object CMakeFiles/vision_msgs__rosidl_typesupport_c.dir/rosidl_typesupport_c/vision_msgs/msg/bounding_box3_d_array__type_support.cpp.o[0m
[2.892s] [ 41%] [32mBuilding CXX object CMakeFiles/vision_msgs__rosidl_typesupport_c.dir/rosidl_typesupport_c/vision_msgs/msg/detection2_d_array__type_support.cpp.o[0m
[2.893s] [ 42%] [32mBuilding CXX object CMakeFiles/vision_msgs__rosidl_typesupport_c.dir/rosidl_typesupport_c/vision_msgs/msg/detection2_d__type_support.cpp.o[0m
[2.893s] [ 42%] [32mBuilding CXX object CMakeFiles/vision_msgs__rosidl_typesupport_c.dir/rosidl_typesupport_c/vision_msgs/msg/detection3_d_array__type_support.cpp.o[0m
[2.894s] [ 43%] [32mBuilding CXX object CMakeFiles/vision_msgs__rosidl_typesupport_c.dir/rosidl_typesupport_c/vision_msgs/msg/detection3_d__type_support.cpp.o[0m
[2.896s] [ 44%] [32m[1mLinking CXX shared library libvision_msgs__rosidl_typesupport_cpp.so[0m
[2.901s] [ 45%] [32mBuilding CXX object CMakeFiles/vision_msgs__rosidl_typesupport_c.dir/rosidl_typesupport_c/vision_msgs/msg/label_info__type_support.cpp.o[0m
[2.905s] [ 45%] [32mBuilding CXX object CMakeFiles/vision_msgs__rosidl_typesupport_c.dir/rosidl_typesupport_c/vision_msgs/msg/object_hypothesis__type_support.cpp.o[0m
[2.914s] [ 46%] [32mBuilding CXX object CMakeFiles/vision_msgs__rosidl_typesupport_c.dir/rosidl_typesupport_c/vision_msgs/msg/object_hypothesis_with_pose__type_support.cpp.o[0m
[2.921s] [ 47%] [32mBuilding CXX object CMakeFiles/vision_msgs__rosidl_typesupport_c.dir/rosidl_typesupport_c/vision_msgs/msg/vision_class__type_support.cpp.o[0m
[2.923s] [ 47%] [32mBuilding CXX object CMakeFiles/vision_msgs__rosidl_typesupport_c.dir/rosidl_typesupport_c/vision_msgs/msg/point2_d__type_support.cpp.o[0m
[2.923s] [ 48%] [32mBuilding CXX object CMakeFiles/vision_msgs__rosidl_typesupport_c.dir/rosidl_typesupport_c/vision_msgs/msg/pose2_d__type_support.cpp.o[0m
[2.924s] [ 48%] [32mBuilding CXX object CMakeFiles/vision_msgs__rosidl_typesupport_c.dir/rosidl_typesupport_c/vision_msgs/msg/vision_info__type_support.cpp.o[0m
[2.947s] [ 49%] [32mBuilding CXX object CMakeFiles/vision_msgs__rosidl_typesupport_fastrtps_cpp.dir/rosidl_typesupport_fastrtps_cpp/vision_msgs/msg/detail/dds_fastrtps/bounding_box2_d__type_support.cpp.o[0m
[2.947s] [ 49%] [32mBuilding CXX object CMakeFiles/vision_msgs__rosidl_typesupport_fastrtps_cpp.dir/rosidl_typesupport_fastrtps_cpp/vision_msgs/msg/detail/dds_fastrtps/bounding_box2_d_array__type_support.cpp.o[0m
[2.947s] [ 49%] [32mBuilding CXX object CMakeFiles/vision_msgs__rosidl_typesupport_fastrtps_cpp.dir/rosidl_typesupport_fastrtps_cpp/vision_msgs/msg/detail/dds_fastrtps/classification__type_support.cpp.o[0m
[2.947s] [ 51%] [32mBuilding CXX object CMakeFiles/vision_msgs__rosidl_typesupport_fastrtps_cpp.dir/rosidl_typesupport_fastrtps_cpp/vision_msgs/msg/detail/dds_fastrtps/detection3_d__type_support.cpp.o[0m
[2.947s] [ 52%] [32mBuilding CXX object CMakeFiles/vision_msgs__rosidl_typesupport_fastrtps_cpp.dir/rosidl_typesupport_fastrtps_cpp/vision_msgs/msg/detail/dds_fastrtps/bounding_box3_d_array__type_support.cpp.o[0m
[2.948s] [ 53%] [32mBuilding CXX object CMakeFiles/vision_msgs__rosidl_typesupport_fastrtps_cpp.dir/rosidl_typesupport_fastrtps_cpp/vision_msgs/msg/detail/dds_fastrtps/detection2_d_array__type_support.cpp.o[0m
[2.949s] [ 54%] [32mBuilding CXX object CMakeFiles/vision_msgs__rosidl_typesupport_fastrtps_cpp.dir/rosidl_typesupport_fastrtps_cpp/vision_msgs/msg/detail/dds_fastrtps/detection2_d__type_support.cpp.o[0m
[2.949s] [ 51%] [32mBuilding CXX object CMakeFiles/vision_msgs__rosidl_typesupport_fastrtps_cpp.dir/rosidl_typesupport_fastrtps_cpp/vision_msgs/msg/detail/dds_fastrtps/bounding_box3_d__type_support.cpp.o[0m
[2.949s] [ 54%] [32mBuilding CXX object CMakeFiles/vision_msgs__rosidl_typesupport_fastrtps_cpp.dir/rosidl_typesupport_fastrtps_cpp/vision_msgs/msg/detail/dds_fastrtps/detection3_d_array__type_support.cpp.o[0m
[2.950s] [ 55%] Built target vision_msgs__rosidl_typesupport_cpp
[2.950s] [ 55%] [32mBuilding CXX object CMakeFiles/vision_msgs__rosidl_typesupport_fastrtps_cpp.dir/rosidl_typesupport_fastrtps_cpp/vision_msgs/msg/detail/dds_fastrtps/label_info__type_support.cpp.o[0m
[2.954s] [ 56%] [32m[1mLinking CXX shared library libvision_msgs__rosidl_typesupport_c.so[0m
[2.954s] [ 56%] [32mBuilding CXX object CMakeFiles/vision_msgs__rosidl_typesupport_fastrtps_cpp.dir/rosidl_typesupport_fastrtps_cpp/vision_msgs/msg/detail/dds_fastrtps/object_hypothesis__type_support.cpp.o[0m
[2.958s] [ 57%] [32mBuilding CXX object CMakeFiles/vision_msgs__rosidl_typesupport_fastrtps_cpp.dir/rosidl_typesupport_fastrtps_cpp/vision_msgs/msg/detail/dds_fastrtps/object_hypothesis_with_pose__type_support.cpp.o[0m
[2.998s] [ 57%] Built target vision_msgs__rosidl_typesupport_c
[3.021s] [ 57%] [32mBuilding CXX object CMakeFiles/vision_msgs__rosidl_typesupport_fastrtps_cpp.dir/rosidl_typesupport_fastrtps_cpp/vision_msgs/msg/detail/dds_fastrtps/vision_class__type_support.cpp.o[0m
[3.074s] [ 58%] [32mBuilding CXX object CMakeFiles/vision_msgs__rosidl_typesupport_fastrtps_cpp.dir/rosidl_typesupport_fastrtps_cpp/vision_msgs/msg/detail/dds_fastrtps/point2_d__type_support.cpp.o[0m
[3.108s] [ 59%] [32mBuilding CXX object CMakeFiles/vision_msgs__rosidl_typesupport_fastrtps_cpp.dir/rosidl_typesupport_fastrtps_cpp/vision_msgs/msg/detail/dds_fastrtps/pose2_d__type_support.cpp.o[0m
[3.118s] [ 59%] [32mBuilding CXX object CMakeFiles/vision_msgs__rosidl_typesupport_fastrtps_cpp.dir/rosidl_typesupport_fastrtps_cpp/vision_msgs/msg/detail/dds_fastrtps/vision_info__type_support.cpp.o[0m
[3.185s] [ 60%] [32mBuilding C object CMakeFiles/vision_msgs__rosidl_typesupport_introspection_c.dir/rosidl_typesupport_introspection_c/vision_msgs/msg/detail/bounding_box2_d_array__type_support.c.o[0m
[3.186s] [ 60%] [32mBuilding C object CMakeFiles/vision_msgs__rosidl_typesupport_introspection_c.dir/rosidl_typesupport_introspection_c/vision_msgs/msg/detail/bounding_box2_d__type_support.c.o[0m
[3.186s] [ 61%] [32mBuilding C object CMakeFiles/vision_msgs__rosidl_typesupport_introspection_c.dir/rosidl_typesupport_introspection_c/vision_msgs/msg/detail/bounding_box3_d__type_support.c.o[0m
[3.186s] [ 61%] [32mBuilding C object CMakeFiles/vision_msgs__rosidl_typesupport_introspection_c.dir/rosidl_typesupport_introspection_c/vision_msgs/msg/detail/bounding_box3_d_array__type_support.c.o[0m
[3.186s] [ 61%] [32mBuilding C object CMakeFiles/vision_msgs__rosidl_typesupport_introspection_c.dir/rosidl_typesupport_introspection_c/vision_msgs/msg/detail/detection2_d_array__type_support.c.o[0m
[3.186s] [ 62%] [32mBuilding C object CMakeFiles/vision_msgs__rosidl_typesupport_introspection_c.dir/rosidl_typesupport_introspection_c/vision_msgs/msg/detail/classification__type_support.c.o[0m
[3.191s] [ 63%] [32mBuilding C object CMakeFiles/vision_msgs__rosidl_typesupport_introspection_c.dir/rosidl_typesupport_introspection_c/vision_msgs/msg/detail/detection2_d__type_support.c.o[0m
[3.198s] [ 64%] [32mBuilding C object CMakeFiles/vision_msgs__rosidl_typesupport_introspection_c.dir/rosidl_typesupport_introspection_c/vision_msgs/msg/detail/detection3_d_array__type_support.c.o[0m
[3.201s] [ 65%] [32mBuilding CXX object CMakeFiles/vision_msgs__rosidl_typesupport_fastrtps_c.dir/rosidl_typesupport_fastrtps_c/vision_msgs/msg/detail/bounding_box2_d__type_support_c.cpp.o[0m
[3.201s] [ 65%] [32mBuilding C object CMakeFiles/vision_msgs__rosidl_typesupport_introspection_c.dir/rosidl_typesupport_introspection_c/vision_msgs/msg/detail/detection3_d__type_support.c.o[0m
[3.206s] [ 66%] [32mBuilding CXX object CMakeFiles/vision_msgs__rosidl_typesupport_fastrtps_c.dir/rosidl_typesupport_fastrtps_c/vision_msgs/msg/detail/bounding_box2_d_array__type_support_c.cpp.o[0m
[3.219s] [ 66%] [32mBuilding CXX object CMakeFiles/vision_msgs__rosidl_typesupport_fastrtps_c.dir/rosidl_typesupport_fastrtps_c/vision_msgs/msg/detail/bounding_box3_d__type_support_c.cpp.o[0m
[3.225s] [ 67%] [32mBuilding C object CMakeFiles/vision_msgs__rosidl_typesupport_introspection_c.dir/rosidl_typesupport_introspection_c/vision_msgs/msg/detail/label_info__type_support.c.o[0m
[3.225s] [ 68%] [32mBuilding C object CMakeFiles/vision_msgs__rosidl_typesupport_introspection_c.dir/rosidl_typesupport_introspection_c/vision_msgs/msg/detail/object_hypothesis__type_support.c.o[0m
[3.225s] [ 69%] [32mBuilding CXX object CMakeFiles/vision_msgs__rosidl_typesupport_fastrtps_c.dir/rosidl_typesupport_fastrtps_c/vision_msgs/msg/detail/bounding_box3_d_array__type_support_c.cpp.o[0m
[3.225s] [ 69%] [32mBuilding C object CMakeFiles/vision_msgs__rosidl_typesupport_introspection_c.dir/rosidl_typesupport_introspection_c/vision_msgs/msg/detail/object_hypothesis_with_pose__type_support.c.o[0m
[3.228s] [ 70%] [32mBuilding C object CMakeFiles/vision_msgs__rosidl_typesupport_introspection_c.dir/rosidl_typesupport_introspection_c/vision_msgs/msg/detail/vision_class__type_support.c.o[0m
[3.234s] [ 71%] [32mBuilding CXX object CMakeFiles/vision_msgs__rosidl_typesupport_fastrtps_c.dir/rosidl_typesupport_fastrtps_c/vision_msgs/msg/detail/classification__type_support_c.cpp.o[0m
[3.234s] [ 71%] [32mBuilding CXX object CMakeFiles/vision_msgs__rosidl_typesupport_fastrtps_c.dir/rosidl_typesupport_fastrtps_c/vision_msgs/msg/detail/detection2_d_array__type_support_c.cpp.o[0m
[3.238s] [ 72%] [32mBuilding C object CMakeFiles/vision_msgs__rosidl_typesupport_introspection_c.dir/rosidl_typesupport_introspection_c/vision_msgs/msg/detail/point2_d__type_support.c.o[0m
[3.239s] [ 72%] [32mBuilding C object CMakeFiles/vision_msgs__rosidl_typesupport_introspection_c.dir/rosidl_typesupport_introspection_c/vision_msgs/msg/detail/pose2_d__type_support.c.o[0m
[3.244s] [ 73%] [32mBuilding C object CMakeFiles/vision_msgs__rosidl_typesupport_introspection_c.dir/rosidl_typesupport_introspection_c/vision_msgs/msg/detail/vision_info__type_support.c.o[0m
[3.246s] [ 74%] [32mBuilding CXX object CMakeFiles/vision_msgs__rosidl_typesupport_fastrtps_c.dir/rosidl_typesupport_fastrtps_c/vision_msgs/msg/detail/detection2_d__type_support_c.cpp.o[0m
[3.260s] [ 75%] [32mBuilding CXX object CMakeFiles/vision_msgs__rosidl_typesupport_fastrtps_c.dir/rosidl_typesupport_fastrtps_c/vision_msgs/msg/detail/detection3_d_array__type_support_c.cpp.o[0m
[3.262s] [ 75%] [32mBuilding CXX object CMakeFiles/vision_msgs__rosidl_typesupport_fastrtps_c.dir/rosidl_typesupport_fastrtps_c/vision_msgs/msg/detail/detection3_d__type_support_c.cpp.o[0m
[3.263s] [ 76%] [32mBuilding CXX object CMakeFiles/vision_msgs__rosidl_typesupport_fastrtps_c.dir/rosidl_typesupport_fastrtps_c/vision_msgs/msg/detail/label_info__type_support_c.cpp.o[0m
[3.263s] [ 76%] [32mBuilding CXX object CMakeFiles/vision_msgs__rosidl_typesupport_fastrtps_c.dir/rosidl_typesupport_fastrtps_c/vision_msgs/msg/detail/object_hypothesis__type_support_c.cpp.o[0m
[3.277s] [ 77%] [32mBuilding CXX object CMakeFiles/vision_msgs__rosidl_typesupport_fastrtps_c.dir/rosidl_typesupport_fastrtps_c/vision_msgs/msg/detail/object_hypothesis_with_pose__type_support_c.cpp.o[0m
[3.278s] [ 78%] [32mBuilding CXX object CMakeFiles/vision_msgs__rosidl_typesupport_fastrtps_c.dir/rosidl_typesupport_fastrtps_c/vision_msgs/msg/detail/vision_class__type_support_c.cpp.o[0m
[3.287s] [ 78%] [32m[1mLinking C shared library libvision_msgs__rosidl_typesupport_introspection_c.so[0m
[3.319s] [ 78%] [32m[1mLinking CXX shared library libvision_msgs__rosidl_typesupport_introspection_cpp.so[0m
[3.327s] [ 78%] Built target vision_msgs__rosidl_typesupport_introspection_c
[3.338s] [ 78%] [32mBuilding CXX object CMakeFiles/vision_msgs__rosidl_typesupport_fastrtps_c.dir/rosidl_typesupport_fastrtps_c/vision_msgs/msg/detail/point2_d__type_support_c.cpp.o[0m
[3.343s] [ 79%] [32mBuilding CXX object CMakeFiles/vision_msgs__rosidl_typesupport_fastrtps_c.dir/rosidl_typesupport_fastrtps_c/vision_msgs/msg/detail/pose2_d__type_support_c.cpp.o[0m
[3.344s] [ 80%] [32m[1mLinking CXX static library libgtest.a[0m
[3.360s] [ 81%] [32mBuilding CXX object CMakeFiles/vision_msgs__rosidl_typesupport_fastrtps_c.dir/rosidl_typesupport_fastrtps_c/vision_msgs/msg/detail/vision_info__type_support_c.cpp.o[0m
[3.417s] [ 81%] Built target vision_msgs__rosidl_typesupport_introspection_cpp
[3.431s] [ 81%] Built target gtest
[3.517s] [ 82%] [32m[1mLinking CXX shared library libvision_msgs__rosidl_typesupport_fastrtps_cpp.so[0m
[3.571s] [ 82%] Built target vision_msgs__rosidl_typesupport_fastrtps_cpp
[3.626s] [ 82%] [32m[1mLinking CXX shared library libvision_msgs__rosidl_typesupport_fastrtps_c.so[0m
[3.680s] [ 82%] Built target vision_msgs__rosidl_typesupport_fastrtps_c
[3.694s] [ 82%] Built target vision_msgs
[3.715s] [ 83%] [32mBuilding CXX object CMakeFiles/vision_msgs_test.dir/test/main.cpp.o[0m
[3.716s] [ 83%] [34m[1mGenerating Python code for ROS interfaces[0m
[4.031s] [ 84%] [32m[1mLinking CXX executable vision_msgs_test[0m
[4.100s] [ 84%] Built target vision_msgs_test
[4.732s] [ 84%] Built target vision_msgs__py
[4.746s] [ 85%] [32mBuilding C object CMakeFiles/vision_msgs__rosidl_generator_py.dir/rosidl_generator_py/vision_msgs/msg/_classification_s.c.o[0m
[4.746s] [ 86%] [32mBuilding C object CMakeFiles/vision_msgs__rosidl_generator_py.dir/rosidl_generator_py/vision_msgs/msg/_detection3_d_array_s.c.o[0m
[4.746s] [ 87%] [32mBuilding C object CMakeFiles/vision_msgs__rosidl_generator_py.dir/rosidl_generator_py/vision_msgs/msg/_detection3_d_s.c.o[0m
[4.747s] [ 87%] [32mBuilding C object CMakeFiles/vision_msgs__rosidl_generator_py.dir/rosidl_generator_py/vision_msgs/msg/_bounding_box2_d_s.c.o[0m
[4.747s] [ 88%] [32mBuilding C object CMakeFiles/vision_msgs__rosidl_generator_py.dir/rosidl_generator_py/vision_msgs/msg/_bounding_box2_d_array_s.c.o[0m
[4.748s] [ 89%] [32mBuilding C object CMakeFiles/vision_msgs__rosidl_generator_py.dir/rosidl_generator_py/vision_msgs/msg/_bounding_box3_d_s.c.o[0m
[4.748s] [ 89%] [32mBuilding C object CMakeFiles/vision_msgs__rosidl_generator_py.dir/rosidl_generator_py/vision_msgs/msg/_label_info_s.c.o[0m
[4.749s] [ 89%] [32mBuilding C object CMakeFiles/vision_msgs__rosidl_generator_py.dir/rosidl_generator_py/vision_msgs/msg/_object_hypothesis_with_pose_s.c.o[0m
[4.749s] [ 89%] [32mBuilding C object CMakeFiles/vision_msgs__rosidl_generator_py.dir/rosidl_generator_py/vision_msgs/msg/_bounding_box3_d_array_s.c.o[0m
[4.749s] [ 90%] [32mBuilding C object CMakeFiles/vision_msgs__rosidl_generator_py.dir/rosidl_generator_py/vision_msgs/msg/_detection2_d_array_s.c.o[0m
[4.749s] [ 92%] [32mBuilding C object CMakeFiles/vision_msgs__rosidl_generator_py.dir/rosidl_generator_py/vision_msgs/msg/_vision_info_s.c.o[0m
[4.749s] [ 92%] [32mBuilding C object CMakeFiles/vision_msgs__rosidl_generator_py.dir/rosidl_generator_py/vision_msgs/msg/_detection2_d_s.c.o[0m
[4.749s] [ 92%] [32mBuilding C object CMakeFiles/vision_msgs__rosidl_generator_py.dir/rosidl_generator_py/vision_msgs/msg/_point2_d_s.c.o[0m
[4.749s] [ 93%] [32mBuilding C object CMakeFiles/vision_msgs__rosidl_generator_py.dir/rosidl_generator_py/vision_msgs/msg/_object_hypothesis_s.c.o[0m
[4.750s] [ 94%] [32mBuilding C object CMakeFiles/vision_msgs__rosidl_generator_py.dir/rosidl_generator_py/vision_msgs/msg/_vision_class_s.c.o[0m
[4.751s] [ 94%] [32mBuilding C object CMakeFiles/vision_msgs__rosidl_generator_py.dir/rosidl_generator_py/vision_msgs/msg/_pose2_d_s.c.o[0m
[4.842s] [ 95%] [32m[1mLinking C shared library rosidl_generator_py/vision_msgs/libvision_msgs__rosidl_generator_py.so[0m
[4.871s] [ 95%] Built target vision_msgs__rosidl_generator_py
[4.887s] [ 96%] [32mBuilding C object CMakeFiles/vision_msgs__rosidl_typesupport_introspection_c__pyext.dir/rosidl_generator_py/vision_msgs/_vision_msgs_s.ep.rosidl_typesupport_introspection_c.c.o[0m
[4.888s] [ 97%] [32mBuilding C object CMakeFiles/vision_msgs__rosidl_typesupport_c__pyext.dir/rosidl_generator_py/vision_msgs/_vision_msgs_s.ep.rosidl_typesupport_c.c.o[0m
[4.888s] [ 98%] [32mBuilding C object CMakeFiles/vision_msgs__rosidl_typesupport_fastrtps_c__pyext.dir/rosidl_generator_py/vision_msgs/_vision_msgs_s.ep.rosidl_typesupport_fastrtps_c.c.o[0m
[4.964s] [ 98%] [32m[1mLinking C shared library rosidl_generator_py/vision_msgs/vision_msgs_s__rosidl_typesupport_c.cpython-310-x86_64-linux-gnu.so[0m
[4.964s] [ 99%] [32m[1mLinking C shared library rosidl_generator_py/vision_msgs/vision_msgs_s__rosidl_typesupport_fastrtps_c.cpython-310-x86_64-linux-gnu.so[0m
[4.966s] [100%] [32m[1mLinking C shared library rosidl_generator_py/vision_msgs/vision_msgs_s__rosidl_typesupport_introspection_c.cpython-310-x86_64-linux-gnu.so[0m
[4.988s] [100%] Built target vision_msgs__rosidl_typesupport_c__pyext
[4.990s] [100%] Built target vision_msgs__rosidl_typesupport_introspection_c__pyext
[4.993s] [100%] Built target vision_msgs__rosidl_typesupport_fastrtps_c__pyext
[5.003s] Invoked command in '/home/gopal/ros2/macine_learning_ws/build/vision_msgs' returned '0': CMAKE_PREFIX_PATH=/opt/ros/humble /usr/bin/cmake --build /home/gopal/ros2/macine_learning_ws/build/vision_msgs -- -j32 -l32
[5.413s] Invoking command in '/home/gopal/ros2/macine_learning_ws/build/vision_msgs': CMAKE_PREFIX_PATH=/opt/ros/humble /usr/bin/cmake --install /home/gopal/ros2/macine_learning_ws/build/vision_msgs
[5.423s] -- Install configuration: ""
[5.423s] -- Installing: /home/gopal/ros2/macine_learning_ws/install/vision_msgs/share/ament_index/resource_index/rosidl_interfaces/vision_msgs
[5.423s] -- Installing: /home/gopal/ros2/macine_learning_ws/install/vision_msgs/include/vision_msgs/vision_msgs
[5.424s] -- Installing: /home/gopal/ros2/macine_learning_ws/install/vision_msgs/include/vision_msgs/vision_msgs/msg
[5.424s] -- Installing: /home/gopal/ros2/macine_learning_ws/install/vision_msgs/include/vision_msgs/vision_msgs/msg/detail
[5.424s] -- Installing: /home/gopal/ros2/macine_learning_ws/install/vision_msgs/include/vision_msgs/vision_msgs/msg/detail/vision_info__type_support.h
[5.424s] -- Installing: /home/gopal/ros2/macine_learning_ws/install/vision_msgs/include/vision_msgs/vision_msgs/msg/detail/bounding_box3_d__functions.h
[5.424s] -- Installing: /home/gopal/ros2/macine_learning_ws/install/vision_msgs/include/vision_msgs/vision_msgs/msg/detail/detection3_d_array__struct.h
[5.424s] -- Installing: /home/gopal/ros2/macine_learning_ws/install/vision_msgs/include/vision_msgs/vision_msgs/msg/detail/bounding_box2_d_array__functions.c
[5.424s] -- Installing: /home/gopal/ros2/macine_learning_ws/install/vision_msgs/include/vision_msgs/vision_msgs/msg/detail/vision_class__type_support.h
[5.424s] -- Installing: /home/gopal/ros2/macine_learning_ws/install/vision_msgs/include/vision_msgs/vision_msgs/msg/detail/detection2_d__struct.h
[5.425s] -- Installing: /home/gopal/ros2/macine_learning_ws/install/vision_msgs/include/vision_msgs/vision_msgs/msg/detail/object_hypothesis_with_pose__functions.h
[5.425s] -- Installing: /home/gopal/ros2/macine_learning_ws/install/vision_msgs/include/vision_msgs/vision_msgs/msg/detail/bounding_box2_d__functions.h
[5.425s] -- Installing: /home/gopal/ros2/macine_learning_ws/install/vision_msgs/include/vision_msgs/vision_msgs/msg/detail/vision_class__functions.h
[5.425s] -- Installing: /home/gopal/ros2/macine_learning_ws/install/vision_msgs/include/vision_msgs/vision_msgs/msg/detail/vision_class__struct.h
[5.425s] -- Installing: /home/gopal/ros2/macine_learning_ws/install/vision_msgs/include/vision_msgs/vision_msgs/msg/detail/detection2_d__functions.c
[5.425s] -- Installing: /home/gopal/ros2/macine_learning_ws/install/vision_msgs/include/vision_msgs/vision_msgs/msg/detail/point2_d__struct.h
[5.425s] -- Installing: /home/gopal/ros2/macine_learning_ws/install/vision_msgs/include/vision_msgs/vision_msgs/msg/detail/detection3_d_array__functions.c
[5.425s] -- Installing: /home/gopal/ros2/macine_learning_ws/install/vision_msgs/include/vision_msgs/vision_msgs/msg/detail/bounding_box2_d_array__type_support.h
[5.425s] -- Installing: /home/gopal/ros2/macine_learning_ws/install/vision_msgs/include/vision_msgs/vision_msgs/msg/detail/point2_d__type_support.h
[5.425s] -- Installing: /home/gopal/ros2/macine_learning_ws/install/vision_msgs/include/vision_msgs/vision_msgs/msg/detail/bounding_box3_d_array__functions.c
[5.425s] -- Installing: /home/gopal/ros2/macine_learning_ws/install/vision_msgs/include/vision_msgs/vision_msgs/msg/detail/pose2_d__struct.h
[5.425s] -- Installing: /home/gopal/ros2/macine_learning_ws/install/vision_msgs/include/vision_msgs/vision_msgs/msg/detail/classification__type_support.h
[5.425s] -- Installing: /home/gopal/ros2/macine_learning_ws/install/vision_msgs/include/vision_msgs/vision_msgs/msg/detail/object_hypothesis_with_pose__type_support.h
[5.425s] -- Installing: /home/gopal/ros2/macine_learning_ws/install/vision_msgs/include/vision_msgs/vision_msgs/msg/detail/bounding_box3_d_array__functions.h
[5.425s] -- Installing: /home/gopal/ros2/macine_learning_ws/install/vision_msgs/include/vision_msgs/vision_msgs/msg/detail/detection2_d__type_support.h
[5.425s] -- Installing: /home/gopal/ros2/macine_learning_ws/install/vision_msgs/include/vision_msgs/vision_msgs/msg/detail/object_hypothesis_with_pose__struct.h
[5.426s] -- Installing: /home/gopal/ros2/macine_learning_ws/install/vision_msgs/include/vision_msgs/vision_msgs/msg/detail/bounding_box2_d_array__struct.h
[5.426s] -- Installing: /home/gopal/ros2/macine_learning_ws/install/vision_msgs/include/vision_msgs/vision_msgs/msg/detail/object_hypothesis__functions.c
[5.426s] -- Installing: /home/gopal/ros2/macine_learning_ws/install/vision_msgs/include/vision_msgs/vision_msgs/msg/detail/label_info__struct.h
[5.426s] -- Installing: /home/gopal/ros2/macine_learning_ws/install/vision_msgs/include/vision_msgs/vision_msgs/msg/detail/bounding_box3_d__functions.c
[5.426s] -- Installing: /home/gopal/ros2/macine_learning_ws/install/vision_msgs/include/vision_msgs/vision_msgs/msg/detail/pose2_d__type_support.h
[5.426s] -- Installing: /home/gopal/ros2/macine_learning_ws/install/vision_msgs/include/vision_msgs/vision_msgs/msg/detail/detection2_d__functions.h
[5.426s] -- Installing: /home/gopal/ros2/macine_learning_ws/install/vision_msgs/include/vision_msgs/vision_msgs/msg/detail/detection2_d_array__functions.c
[5.426s] -- Installing: /home/gopal/ros2/macine_learning_ws/install/vision_msgs/include/vision_msgs/vision_msgs/msg/detail/label_info__functions.h
[5.426s] -- Installing: /home/gopal/ros2/macine_learning_ws/install/vision_msgs/include/vision_msgs/vision_msgs/msg/detail/bounding_box3_d__type_support.h
[5.426s] -- Installing: /home/gopal/ros2/macine_learning_ws/install/vision_msgs/include/vision_msgs/vision_msgs/msg/detail/bounding_box2_d__type_support.h
[5.426s] -- Installing: /home/gopal/ros2/macine_learning_ws/install/vision_msgs/include/vision_msgs/vision_msgs/msg/detail/detection2_d_array__type_support.h
[5.426s] -- Installing: /home/gopal/ros2/macine_learning_ws/install/vision_msgs/include/vision_msgs/vision_msgs/msg/detail/detection3_d__functions.h
[5.426s] -- Installing: /home/gopal/ros2/macine_learning_ws/install/vision_msgs/include/vision_msgs/vision_msgs/msg/detail/bounding_box2_d__functions.c
[5.426s] -- Installing: /home/gopal/ros2/macine_learning_ws/install/vision_msgs/include/vision_msgs/vision_msgs/msg/detail/classification__functions.h
[5.426s] -- Installing: /home/gopal/ros2/macine_learning_ws/install/vision_msgs/include/vision_msgs/vision_msgs/msg/detail/bounding_box3_d__struct.h
[5.426s] -- Installing: /home/gopal/ros2/macine_learning_ws/install/vision_msgs/include/vision_msgs/vision_msgs/msg/detail/vision_info__struct.h
[5.426s] -- Installing: /home/gopal/ros2/macine_learning_ws/install/vision_msgs/include/vision_msgs/vision_msgs/msg/detail/detection3_d_array__functions.h
[5.427s] -- Installing: /home/gopal/ros2/macine_learning_ws/install/vision_msgs/include/vision_msgs/vision_msgs/msg/detail/vision_class__functions.c
[5.427s] -- Installing: /home/gopal/ros2/macine_learning_ws/install/vision_msgs/include/vision_msgs/vision_msgs/msg/detail/bounding_box2_d__struct.h
[5.427s] -- Installing: /home/gopal/ros2/macine_learning_ws/install/vision_msgs/include/vision_msgs/vision_msgs/msg/detail/detection3_d__functions.c
[5.427s] -- Installing: /home/gopal/ros2/macine_learning_ws/install/vision_msgs/include/vision_msgs/vision_msgs/msg/detail/detection2_d_array__struct.h
[5.427s] -- Installing: /home/gopal/ros2/macine_learning_ws/install/vision_msgs/include/vision_msgs/vision_msgs/msg/detail/pose2_d__functions.h
[5.427s] -- Installing: /home/gopal/ros2/macine_learning_ws/install/vision_msgs/include/vision_msgs/vision_msgs/msg/detail/label_info__type_support.h
[5.427s] -- Installing: /home/gopal/ros2/macine_learning_ws/install/vision_msgs/include/vision_msgs/vision_msgs/msg/detail/object_hypothesis__functions.h
[5.427s] -- Installing: /home/gopal/ros2/macine_learning_ws/install/vision_msgs/include/vision_msgs/vision_msgs/msg/detail/detection2_d_array__functions.h
[5.427s] -- Installing: /home/gopal/ros2/macine_learning_ws/install/vision_msgs/include/vision_msgs/vision_msgs/msg/detail/object_hypothesis_with_pose__functions.c
[5.427s] -- Installing: /home/gopal/ros2/macine_learning_ws/install/vision_msgs/include/vision_msgs/vision_msgs/msg/detail/bounding_box2_d_array__functions.h
[5.427s] -- Installing: /home/gopal/ros2/macine_learning_ws/install/vision_msgs/include/vision_msgs/vision_msgs/msg/detail/object_hypothesis__type_support.h
[5.427s] -- Installing: /home/gopal/ros2/macine_learning_ws/install/vision_msgs/include/vision_msgs/vision_msgs/msg/detail/vision_info__functions.c
[5.427s] -- Installing: /home/gopal/ros2/macine_learning_ws/install/vision_msgs/include/vision_msgs/vision_msgs/msg/detail/bounding_box3_d_array__struct.h
[5.427s] -- Installing: /home/gopal/ros2/macine_learning_ws/install/vision_msgs/include/vision_msgs/vision_msgs/msg/detail/pose2_d__functions.c
[5.427s] -- Installing: /home/gopal/ros2/macine_learning_ws/install/vision_msgs/include/vision_msgs/vision_msgs/msg/detail/detection3_d__type_support.h
[5.428s] -- Installing: /home/gopal/ros2/macine_learning_ws/install/vision_msgs/include/vision_msgs/vision_msgs/msg/detail/point2_d__functions.h
[5.428s] -- Installing: /home/gopal/ros2/macine_learning_ws/install/vision_msgs/include/vision_msgs/vision_msgs/msg/detail/label_info__functions.c
[5.428s] -- Installing: /home/gopal/ros2/macine_learning_ws/install/vision_msgs/include/vision_msgs/vision_msgs/msg/detail/vision_info__functions.h
[5.428s] -- Installing: /home/gopal/ros2/macine_learning_ws/install/vision_msgs/include/vision_msgs/vision_msgs/msg/detail/bounding_box3_d_array__type_support.h
[5.428s] -- Installing: /home/gopal/ros2/macine_learning_ws/install/vision_msgs/include/vision_msgs/vision_msgs/msg/detail/object_hypothesis__struct.h
[5.428s] -- Installing: /home/gopal/ros2/macine_learning_ws/install/vision_msgs/include/vision_msgs/vision_msgs/msg/detail/point2_d__functions.c
[5.428s] -- Installing: /home/gopal/ros2/macine_learning_ws/install/vision_msgs/include/vision_msgs/vision_msgs/msg/detail/classification__functions.c
[5.428s] -- Installing: /home/gopal/ros2/macine_learning_ws/install/vision_msgs/include/vision_msgs/vision_msgs/msg/detail/detection3_d_array__type_support.h
[5.428s] -- Installing: /home/gopal/ros2/macine_learning_ws/install/vision_msgs/include/vision_msgs/vision_msgs/msg/detail/detection3_d__struct.h
[5.428s] -- Installing: /home/gopal/ros2/macine_learning_ws/install/vision_msgs/include/vision_msgs/vision_msgs/msg/detail/classification__struct.h
[5.428s] -- Installing: /home/gopal/ros2/macine_learning_ws/install/vision_msgs/include/vision_msgs/vision_msgs/msg/point2_d.h
[5.428s] -- Installing: /home/gopal/ros2/macine_learning_ws/install/vision_msgs/include/vision_msgs/vision_msgs/msg/classification.h
[5.428s] -- Installing: /home/gopal/ros2/macine_learning_ws/install/vision_msgs/include/vision_msgs/vision_msgs/msg/detection3_d_array.h
[5.428s] -- Installing: /home/gopal/ros2/macine_learning_ws/install/vision_msgs/include/vision_msgs/vision_msgs/msg/pose2_d.h
[5.428s] -- Installing: /home/gopal/ros2/macine_learning_ws/install/vision_msgs/include/vision_msgs/vision_msgs/msg/rosidl_generator_c__visibility_control.h
[5.429s] -- Installing: /home/gopal/ros2/macine_learning_ws/install/vision_msgs/include/vision_msgs/vision_msgs/msg/object_hypothesis_with_pose.h
[5.429s] -- Installing: /home/gopal/ros2/macine_learning_ws/install/vision_msgs/include/vision_msgs/vision_msgs/msg/label_info.h
[5.429s] -- Installing: /home/gopal/ros2/macine_learning_ws/install/vision_msgs/include/vision_msgs/vision_msgs/msg/vision_info.h
[5.429s] -- Installing: /home/gopal/ros2/macine_learning_ws/install/vision_msgs/include/vision_msgs/vision_msgs/msg/vision_class.h
[5.429s] -- Installing: /home/gopal/ros2/macine_learning_ws/install/vision_msgs/include/vision_msgs/vision_msgs/msg/bounding_box2_d.h
[5.429s] -- Installing: /home/gopal/ros2/macine_learning_ws/install/vision_msgs/include/vision_msgs/vision_msgs/msg/bounding_box3_d_array.h
[5.429s] -- Installing: /home/gopal/ros2/macine_learning_ws/install/vision_msgs/include/vision_msgs/vision_msgs/msg/bounding_box2_d_array.h
[5.429s] -- Installing: /home/gopal/ros2/macine_learning_ws/install/vision_msgs/include/vision_msgs/vision_msgs/msg/detection3_d.h
[5.429s] -- Installing: /home/gopal/ros2/macine_learning_ws/install/vision_msgs/include/vision_msgs/vision_msgs/msg/bounding_box3_d.h
[5.429s] -- Installing: /home/gopal/ros2/macine_learning_ws/install/vision_msgs/include/vision_msgs/vision_msgs/msg/detection2_d.h
[5.429s] -- Installing: /home/gopal/ros2/macine_learning_ws/install/vision_msgs/include/vision_msgs/vision_msgs/msg/detection2_d_array.h
[5.429s] -- Installing: /home/gopal/ros2/macine_learning_ws/install/vision_msgs/include/vision_msgs/vision_msgs/msg/object_hypothesis.h
[5.429s] -- Installing: /home/gopal/ros2/macine_learning_ws/install/vision_msgs/share/vision_msgs/environment/library_path.sh
[5.429s] -- Installing: /home/gopal/ros2/macine_learning_ws/install/vision_msgs/share/vision_msgs/environment/library_path.dsv
[5.430s] -- Installing: /home/gopal/ros2/macine_learning_ws/install/vision_msgs/lib/libvision_msgs__rosidl_generator_c.so
[5.430s] -- Set runtime path of "/home/gopal/ros2/macine_learning_ws/install/vision_msgs/lib/libvision_msgs__rosidl_generator_c.so" to ""
[5.430s] -- Up-to-date: /home/gopal/ros2/macine_learning_ws/install/vision_msgs/include/vision_msgs/vision_msgs
[5.430s] -- Up-to-date: /home/gopal/ros2/macine_learning_ws/install/vision_msgs/include/vision_msgs/vision_msgs/msg
[5.430s] -- Up-to-date: /home/gopal/ros2/macine_learning_ws/install/vision_msgs/include/vision_msgs/vision_msgs/msg/detail
[5.430s] -- Installing: /home/gopal/ros2/macine_learning_ws/install/vision_msgs/include/vision_msgs/vision_msgs/msg/detail/object_hypothesis__rosidl_typesupport_fastrtps_c.h
[5.430s] -- Installing: /home/gopal/ros2/macine_learning_ws/install/vision_msgs/include/vision_msgs/vision_msgs/msg/detail/bounding_box3_d__rosidl_typesupport_fastrtps_c.h
[5.430s] -- Installing: /home/gopal/ros2/macine_learning_ws/install/vision_msgs/include/vision_msgs/vision_msgs/msg/detail/point2_d__rosidl_typesupport_fastrtps_c.h
[5.430s] -- Installing: /home/gopal/ros2/macine_learning_ws/install/vision_msgs/include/vision_msgs/vision_msgs/msg/detail/detection3_d__rosidl_typesupport_fastrtps_c.h
[5.430s] -- Installing: /home/gopal/ros2/macine_learning_ws/install/vision_msgs/include/vision_msgs/vision_msgs/msg/detail/bounding_box3_d_array__rosidl_typesupport_fastrtps_c.h
[5.430s] -- Installing: /home/gopal/ros2/macine_learning_ws/install/vision_msgs/include/vision_msgs/vision_msgs/msg/detail/detection3_d_array__rosidl_typesupport_fastrtps_c.h
[5.430s] -- Installing: /home/gopal/ros2/macine_learning_ws/install/vision_msgs/include/vision_msgs/vision_msgs/msg/detail/vision_info__rosidl_typesupport_fastrtps_c.h
[5.431s] -- Installing: /home/gopal/ros2/macine_learning_ws/install/vision_msgs/include/vision_msgs/vision_msgs/msg/detail/detection2_d__rosidl_typesupport_fastrtps_c.h
[5.431s] -- Installing: /home/gopal/ros2/macine_learning_ws/install/vision_msgs/include/vision_msgs/vision_msgs/msg/detail/object_hypothesis_with_pose__rosidl_typesupport_fastrtps_c.h
[5.431s] -- Installing: /home/gopal/ros2/macine_learning_ws/install/vision_msgs/include/vision_msgs/vision_msgs/msg/detail/pose2_d__rosidl_typesupport_fastrtps_c.h
[5.431s] -- Installing: /home/gopal/ros2/macine_learning_ws/install/vision_msgs/include/vision_msgs/vision_msgs/msg/detail/detection2_d_array__rosidl_typesupport_fastrtps_c.h
[5.431s] -- Installing: /home/gopal/ros2/macine_learning_ws/install/vision_msgs/include/vision_msgs/vision_msgs/msg/detail/vision_class__rosidl_typesupport_fastrtps_c.h
[5.431s] -- Installing: /home/gopal/ros2/macine_learning_ws/install/vision_msgs/include/vision_msgs/vision_msgs/msg/detail/classification__rosidl_typesupport_fastrtps_c.h
[5.431s] -- Installing: /home/gopal/ros2/macine_learning_ws/install/vision_msgs/include/vision_msgs/vision_msgs/msg/detail/bounding_box2_d_array__rosidl_typesupport_fastrtps_c.h
[5.431s] -- Installing: /home/gopal/ros2/macine_learning_ws/install/vision_msgs/include/vision_msgs/vision_msgs/msg/detail/label_info__rosidl_typesupport_fastrtps_c.h
[5.431s] -- Installing: /home/gopal/ros2/macine_learning_ws/install/vision_msgs/include/vision_msgs/vision_msgs/msg/detail/bounding_box2_d__rosidl_typesupport_fastrtps_c.h
[5.431s] -- Installing: /home/gopal/ros2/macine_learning_ws/install/vision_msgs/include/vision_msgs/vision_msgs/msg/rosidl_typesupport_fastrtps_c__visibility_control.h
[5.431s] -- Installing: /home/gopal/ros2/macine_learning_ws/install/vision_msgs/lib/libvision_msgs__rosidl_typesupport_fastrtps_c.so
[5.431s] -- Set runtime path of "/home/gopal/ros2/macine_learning_ws/install/vision_msgs/lib/libvision_msgs__rosidl_typesupport_fastrtps_c.so" to ""
[5.432s] -- Up-to-date: /home/gopal/ros2/macine_learning_ws/install/vision_msgs/include/vision_msgs/vision_msgs
[5.432s] -- Up-to-date: /home/gopal/ros2/macine_learning_ws/install/vision_msgs/include/vision_msgs/vision_msgs/msg
[5.432s] -- Up-to-date: /home/gopal/ros2/macine_learning_ws/install/vision_msgs/include/vision_msgs/vision_msgs/msg/detail
[5.432s] -- Installing: /home/gopal/ros2/macine_learning_ws/install/vision_msgs/include/vision_msgs/vision_msgs/msg/detail/vision_class__traits.hpp
[5.432s] -- Installing: /home/gopal/ros2/macine_learning_ws/install/vision_msgs/include/vision_msgs/vision_msgs/msg/detail/point2_d__builder.hpp
[5.432s] -- Installing: /home/gopal/ros2/macine_learning_ws/install/vision_msgs/include/vision_msgs/vision_msgs/msg/detail/detection2_d_array__traits.hpp
[5.432s] -- Installing: /home/gopal/ros2/macine_learning_ws/install/vision_msgs/include/vision_msgs/vision_msgs/msg/detail/detection3_d__traits.hpp
[5.432s] -- Installing: /home/gopal/ros2/macine_learning_ws/install/vision_msgs/include/vision_msgs/vision_msgs/msg/detail/bounding_box3_d_array__builder.hpp
[5.432s] -- Installing: /home/gopal/ros2/macine_learning_ws/install/vision_msgs/include/vision_msgs/vision_msgs/msg/detail/detection2_d_array__builder.hpp
[5.432s] -- Installing: /home/gopal/ros2/macine_learning_ws/install/vision_msgs/include/vision_msgs/vision_msgs/msg/detail/label_info__builder.hpp
[5.432s] -- Installing: /home/gopal/ros2/macine_learning_ws/install/vision_msgs/include/vision_msgs/vision_msgs/msg/detail/pose2_d__traits.hpp
[5.432s] -- Installing: /home/gopal/ros2/macine_learning_ws/install/vision_msgs/include/vision_msgs/vision_msgs/msg/detail/bounding_box2_d__builder.hpp
[5.432s] -- Installing: /home/gopal/ros2/macine_learning_ws/install/vision_msgs/include/vision_msgs/vision_msgs/msg/detail/detection3_d__struct.hpp
[5.432s] -- Installing: /home/gopal/ros2/macine_learning_ws/install/vision_msgs/include/vision_msgs/vision_msgs/msg/detail/vision_info__struct.hpp
[5.432s] -- Installing: /home/gopal/ros2/macine_learning_ws/install/vision_msgs/include/vision_msgs/vision_msgs/msg/detail/bounding_box3_d__builder.hpp
[5.432s] -- Installing: /home/gopal/ros2/macine_learning_ws/install/vision_msgs/include/vision_msgs/vision_msgs/msg/detail/bounding_box2_d_array__traits.hpp
[5.432s] -- Installing: /home/gopal/ros2/macine_learning_ws/install/vision_msgs/include/vision_msgs/vision_msgs/msg/detail/detection2_d__struct.hpp
[5.432s] -- Installing: /home/gopal/ros2/macine_learning_ws/install/vision_msgs/include/vision_msgs/vision_msgs/msg/detail/label_info__struct.hpp
[5.433s] -- Installing: /home/gopal/ros2/macine_learning_ws/install/vision_msgs/include/vision_msgs/vision_msgs/msg/detail/detection2_d_array__struct.hpp
[5.433s] -- Installing: /home/gopal/ros2/macine_learning_ws/install/vision_msgs/include/vision_msgs/vision_msgs/msg/detail/detection3_d__builder.hpp
[5.433s] -- Installing: /home/gopal/ros2/macine_learning_ws/install/vision_msgs/include/vision_msgs/vision_msgs/msg/detail/object_hypothesis_with_pose__traits.hpp
[5.433s] -- Installing: /home/gopal/ros2/macine_learning_ws/install/vision_msgs/include/vision_msgs/vision_msgs/msg/detail/bounding_box2_d_array__struct.hpp
[5.433s] -- Installing: /home/gopal/ros2/macine_learning_ws/install/vision_msgs/include/vision_msgs/vision_msgs/msg/detail/vision_info__builder.hpp
[5.433s] -- Installing: /home/gopal/ros2/macine_learning_ws/install/vision_msgs/include/vision_msgs/vision_msgs/msg/detail/bounding_box3_d_array__traits.hpp
[5.433s] -- Installing: /home/gopal/ros2/macine_learning_ws/install/vision_msgs/include/vision_msgs/vision_msgs/msg/detail/point2_d__struct.hpp
[5.433s] -- Installing: /home/gopal/ros2/macine_learning_ws/install/vision_msgs/include/vision_msgs/vision_msgs/msg/detail/pose2_d__builder.hpp
[5.433s] -- Installing: /home/gopal/ros2/macine_learning_ws/install/vision_msgs/include/vision_msgs/vision_msgs/msg/detail/bounding_box2_d__traits.hpp
[5.433s] -- Installing: /home/gopal/ros2/macine_learning_ws/install/vision_msgs/include/vision_msgs/vision_msgs/msg/detail/classification__builder.hpp
[5.433s] -- Installing: /home/gopal/ros2/macine_learning_ws/install/vision_msgs/include/vision_msgs/vision_msgs/msg/detail/object_hypothesis_with_pose__struct.hpp
[5.433s] -- Installing: /home/gopal/ros2/macine_learning_ws/install/vision_msgs/include/vision_msgs/vision_msgs/msg/detail/vision_class__builder.hpp
[5.433s] -- Installing: /home/gopal/ros2/macine_learning_ws/install/vision_msgs/include/vision_msgs/vision_msgs/msg/detail/classification__struct.hpp
[5.433s] -- Installing: /home/gopal/ros2/macine_learning_ws/install/vision_msgs/include/vision_msgs/vision_msgs/msg/detail/bounding_box2_d__struct.hpp
[5.433s] -- Installing: /home/gopal/ros2/macine_learning_ws/install/vision_msgs/include/vision_msgs/vision_msgs/msg/detail/bounding_box3_d_array__struct.hpp
[5.433s] -- Installing: /home/gopal/ros2/macine_learning_ws/install/vision_msgs/include/vision_msgs/vision_msgs/msg/detail/object_hypothesis_with_pose__builder.hpp
[5.433s] -- Installing: /home/gopal/ros2/macine_learning_ws/install/vision_msgs/include/vision_msgs/vision_msgs/msg/detail/object_hypothesis__traits.hpp
[5.434s] -- Installing: /home/gopal/ros2/macine_learning_ws/install/vision_msgs/include/vision_msgs/vision_msgs/msg/detail/bounding_box3_d__traits.hpp
[5.434s] -- Installing: /home/gopal/ros2/macine_learning_ws/install/vision_msgs/include/vision_msgs/vision_msgs/msg/detail/object_hypothesis__builder.hpp
[5.434s] -- Installing: /home/gopal/ros2/macine_learning_ws/install/vision_msgs/include/vision_msgs/vision_msgs/msg/detail/pose2_d__struct.hpp
[5.434s] -- Installing: /home/gopal/ros2/macine_learning_ws/install/vision_msgs/include/vision_msgs/vision_msgs/msg/detail/label_info__traits.hpp
[5.434s] -- Installing: /home/gopal/ros2/macine_learning_ws/install/vision_msgs/include/vision_msgs/vision_msgs/msg/detail/object_hypothesis__struct.hpp
[5.434s] -- Installing: /home/gopal/ros2/macine_learning_ws/install/vision_msgs/include/vision_msgs/vision_msgs/msg/detail/detection3_d_array__builder.hpp
[5.434s] -- Installing: /home/gopal/ros2/macine_learning_ws/install/vision_msgs/include/vision_msgs/vision_msgs/msg/detail/detection2_d__builder.hpp
[5.434s] -- Installing: /home/gopal/ros2/macine_learning_ws/install/vision_msgs/include/vision_msgs/vision_msgs/msg/detail/detection2_d__traits.hpp
[5.434s] -- Installing: /home/gopal/ros2/macine_learning_ws/install/vision_msgs/include/vision_msgs/vision_msgs/msg/detail/bounding_box2_d_array__builder.hpp
[5.434s] -- Installing: /home/gopal/ros2/macine_learning_ws/install/vision_msgs/include/vision_msgs/vision_msgs/msg/detail/vision_class__struct.hpp
[5.434s] -- Installing: /home/gopal/ros2/macine_learning_ws/install/vision_msgs/include/vision_msgs/vision_msgs/msg/detail/bounding_box3_d__struct.hpp
[5.434s] -- Installing: /home/gopal/ros2/macine_learning_ws/install/vision_msgs/include/vision_msgs/vision_msgs/msg/detail/detection3_d_array__traits.hpp
[5.434s] -- Installing: /home/gopal/ros2/macine_learning_ws/install/vision_msgs/include/vision_msgs/vision_msgs/msg/detail/point2_d__traits.hpp
[5.434s] -- Installing: /home/gopal/ros2/macine_learning_ws/install/vision_msgs/include/vision_msgs/vision_msgs/msg/detail/vision_info__traits.hpp
[5.434s] -- Installing: /home/gopal/ros2/macine_learning_ws/install/vision_msgs/include/vision_msgs/vision_msgs/msg/detail/detection3_d_array__struct.hpp
[5.434s] -- Installing: /home/gopal/ros2/macine_learning_ws/install/vision_msgs/include/vision_msgs/vision_msgs/msg/detail/classification__traits.hpp
[5.434s] -- Installing: /home/gopal/ros2/macine_learning_ws/install/vision_msgs/include/vision_msgs/vision_msgs/msg/bounding_box2_d.hpp
[5.434s] -- Installing: /home/gopal/ros2/macine_learning_ws/install/vision_msgs/include/vision_msgs/vision_msgs/msg/detection2_d.hpp
[5.434s] -- Installing: /home/gopal/ros2/macine_learning_ws/install/vision_msgs/include/vision_msgs/vision_msgs/msg/detection2_d_array.hpp
[5.434s] -- Installing: /home/gopal/ros2/macine_learning_ws/install/vision_msgs/include/vision_msgs/vision_msgs/msg/bounding_box3_d.hpp
[5.434s] -- Installing: /home/gopal/ros2/macine_learning_ws/install/vision_msgs/include/vision_msgs/vision_msgs/msg/bounding_box3_d_array.hpp
[5.435s] -- Installing: /home/gopal/ros2/macine_learning_ws/install/vision_msgs/include/vision_msgs/vision_msgs/msg/vision_info.hpp
[5.435s] -- Installing: /home/gopal/ros2/macine_learning_ws/install/vision_msgs/include/vision_msgs/vision_msgs/msg/pose2_d.hpp
[5.435s] -- Installing: /home/gopal/ros2/macine_learning_ws/install/vision_msgs/include/vision_msgs/vision_msgs/msg/object_hypothesis_with_pose.hpp
[5.435s] -- Installing: /home/gopal/ros2/macine_learning_ws/install/vision_msgs/include/vision_msgs/vision_msgs/msg/detection3_d_array.hpp
[5.435s] -- Installing: /home/gopal/ros2/macine_learning_ws/install/vision_msgs/include/vision_msgs/vision_msgs/msg/detection3_d.hpp
[5.435s] -- Installing: /home/gopal/ros2/macine_learning_ws/install/vision_msgs/include/vision_msgs/vision_msgs/msg/label_info.hpp
[5.435s] -- Installing: /home/gopal/ros2/macine_learning_ws/install/vision_msgs/include/vision_msgs/vision_msgs/msg/point2_d.hpp
[5.435s] -- Installing: /home/gopal/ros2/macine_learning_ws/install/vision_msgs/include/vision_msgs/vision_msgs/msg/classification.hpp
[5.435s] -- Installing: /home/gopal/ros2/macine_learning_ws/install/vision_msgs/include/vision_msgs/vision_msgs/msg/bounding_box2_d_array.hpp
[5.435s] -- Installing: /home/gopal/ros2/macine_learning_ws/install/vision_msgs/include/vision_msgs/vision_msgs/msg/object_hypothesis.hpp
[5.435s] -- Installing: /home/gopal/ros2/macine_learning_ws/install/vision_msgs/include/vision_msgs/vision_msgs/msg/vision_class.hpp
[5.435s] -- Up-to-date: /home/gopal/ros2/macine_learning_ws/install/vision_msgs/include/vision_msgs/vision_msgs
[5.435s] -- Up-to-date: /home/gopal/ros2/macine_learning_ws/install/vision_msgs/include/vision_msgs/vision_msgs/msg
[5.435s] -- Up-to-date: /home/gopal/ros2/macine_learning_ws/install/vision_msgs/include/vision_msgs/vision_msgs/msg/detail
[5.435s] -- Installing: /home/gopal/ros2/macine_learning_ws/install/vision_msgs/include/vision_msgs/vision_msgs/msg/detail/dds_fastrtps
[5.435s] -- Installing: /home/gopal/ros2/macine_learning_ws/install/vision_msgs/include/vision_msgs/vision_msgs/msg/detail/pose2_d__rosidl_typesupport_fastrtps_cpp.hpp
[5.435s] -- Installing: /home/gopal/ros2/macine_learning_ws/install/vision_msgs/include/vision_msgs/vision_msgs/msg/detail/detection2_d_array__rosidl_typesupport_fastrtps_cpp.hpp
[5.435s] -- Installing: /home/gopal/ros2/macine_learning_ws/install/vision_msgs/include/vision_msgs/vision_msgs/msg/detail/bounding_box2_d_array__rosidl_typesupport_fastrtps_cpp.hpp
[5.435s] -- Installing: /home/gopal/ros2/macine_learning_ws/install/vision_msgs/include/vision_msgs/vision_msgs/msg/detail/object_hypothesis__rosidl_typesupport_fastrtps_cpp.hpp
[5.435s] -- Installing: /home/gopal/ros2/macine_learning_ws/install/vision_msgs/include/vision_msgs/vision_msgs/msg/detail/detection2_d__rosidl_typesupport_fastrtps_cpp.hpp
[5.435s] -- Installing: /home/gopal/ros2/macine_learning_ws/install/vision_msgs/include/vision_msgs/vision_msgs/msg/detail/detection3_d_array__rosidl_typesupport_fastrtps_cpp.hpp
[5.435s] -- Installing: /home/gopal/ros2/macine_learning_ws/install/vision_msgs/include/vision_msgs/vision_msgs/msg/detail/detection3_d__rosidl_typesupport_fastrtps_cpp.hpp
[5.435s] -- Installing: /home/gopal/ros2/macine_learning_ws/install/vision_msgs/include/vision_msgs/vision_msgs/msg/detail/vision_info__rosidl_typesupport_fastrtps_cpp.hpp
[5.435s] -- Installing: /home/gopal/ros2/macine_learning_ws/install/vision_msgs/include/vision_msgs/vision_msgs/msg/detail/point2_d__rosidl_typesupport_fastrtps_cpp.hpp
[5.436s] -- Installing: /home/gopal/ros2/macine_learning_ws/install/vision_msgs/include/vision_msgs/vision_msgs/msg/detail/bounding_box3_d__rosidl_typesupport_fastrtps_cpp.hpp
[5.436s] -- Installing: /home/gopal/ros2/macine_learning_ws/install/vision_msgs/include/vision_msgs/vision_msgs/msg/detail/object_hypothesis_with_pose__rosidl_typesupport_fastrtps_cpp.hpp
[5.436s] -- Installing: /home/gopal/ros2/macine_learning_ws/install/vision_msgs/include/vision_msgs/vision_msgs/msg/detail/bounding_box2_d__rosidl_typesupport_fastrtps_cpp.hpp
[5.436s] -- Installing: /home/gopal/ros2/macine_learning_ws/install/vision_msgs/include/vision_msgs/vision_msgs/msg/detail/bounding_box3_d_array__rosidl_typesupport_fastrtps_cpp.hpp
[5.436s] -- Installing: /home/gopal/ros2/macine_learning_ws/install/vision_msgs/include/vision_msgs/vision_msgs/msg/detail/vision_class__rosidl_typesupport_fastrtps_cpp.hpp
[5.436s] -- Installing: /home/gopal/ros2/macine_learning_ws/install/vision_msgs/include/vision_msgs/vision_msgs/msg/detail/classification__rosidl_typesupport_fastrtps_cpp.hpp
[5.436s] -- Installing: /home/gopal/ros2/macine_learning_ws/install/vision_msgs/include/vision_msgs/vision_msgs/msg/detail/label_info__rosidl_typesupport_fastrtps_cpp.hpp
[5.436s] -- Installing: /home/gopal/ros2/macine_learning_ws/install/vision_msgs/include/vision_msgs/vision_msgs/msg/rosidl_typesupport_fastrtps_cpp__visibility_control.h
[5.436s] -- Installing: /home/gopal/ros2/macine_learning_ws/install/vision_msgs/lib/libvision_msgs__rosidl_typesupport_fastrtps_cpp.so
[5.436s] -- Set runtime path of "/home/gopal/ros2/macine_learning_ws/install/vision_msgs/lib/libvision_msgs__rosidl_typesupport_fastrtps_cpp.so" to ""
[5.436s] -- Up-to-date: /home/gopal/ros2/macine_learning_ws/install/vision_msgs/include/vision_msgs/vision_msgs
[5.436s] -- Up-to-date: /home/gopal/ros2/macine_learning_ws/install/vision_msgs/include/vision_msgs/vision_msgs/msg
[5.436s] -- Up-to-date: /home/gopal/ros2/macine_learning_ws/install/vision_msgs/include/vision_msgs/vision_msgs/msg/detail
[5.436s] -- Installing: /home/gopal/ros2/macine_learning_ws/install/vision_msgs/include/vision_msgs/vision_msgs/msg/detail/object_hypothesis_with_pose__rosidl_typesupport_introspection_c.h
[5.436s] -- Installing: /home/gopal/ros2/macine_learning_ws/install/vision_msgs/include/vision_msgs/vision_msgs/msg/detail/bounding_box3_d__type_support.c
[5.436s] -- Installing: /home/gopal/ros2/macine_learning_ws/install/vision_msgs/include/vision_msgs/vision_msgs/msg/detail/detection3_d_array__rosidl_typesupport_introspection_c.h
[5.436s] -- Installing: /home/gopal/ros2/macine_learning_ws/install/vision_msgs/include/vision_msgs/vision_msgs/msg/detail/detection3_d_array__type_support.c
[5.436s] -- Installing: /home/gopal/ros2/macine_learning_ws/install/vision_msgs/include/vision_msgs/vision_msgs/msg/detail/vision_info__rosidl_typesupport_introspection_c.h
[5.436s] -- Installing: /home/gopal/ros2/macine_learning_ws/install/vision_msgs/include/vision_msgs/vision_msgs/msg/detail/detection2_d__type_support.c
[5.436s] -- Installing: /home/gopal/ros2/macine_learning_ws/install/vision_msgs/include/vision_msgs/vision_msgs/msg/detail/pose2_d__type_support.c
[5.437s] -- Installing: /home/gopal/ros2/macine_learning_ws/install/vision_msgs/include/vision_msgs/vision_msgs/msg/detail/bounding_box2_d__type_support.c
[5.437s] -- Installing: /home/gopal/ros2/macine_learning_ws/install/vision_msgs/include/vision_msgs/vision_msgs/msg/detail/object_hypothesis_with_pose__type_support.c
[5.437s] -- Installing: /home/gopal/ros2/macine_learning_ws/install/vision_msgs/include/vision_msgs/vision_msgs/msg/detail/bounding_box3_d_array__type_support.c
[5.437s] -- Installing: /home/gopal/ros2/macine_learning_ws/install/vision_msgs/include/vision_msgs/vision_msgs/msg/detail/bounding_box2_d__rosidl_typesupport_introspection_c.h
[5.437s] -- Installing: /home/gopal/ros2/macine_learning_ws/install/vision_msgs/include/vision_msgs/vision_msgs/msg/detail/detection2_d__rosidl_typesupport_introspection_c.h
[5.437s] -- Installing: /home/gopal/ros2/macine_learning_ws/install/vision_msgs/include/vision_msgs/vision_msgs/msg/detail/detection3_d__rosidl_typesupport_introspection_c.h
[5.437s] -- Installing: /home/gopal/ros2/macine_learning_ws/install/vision_msgs/include/vision_msgs/vision_msgs/msg/detail/bounding_box3_d_array__rosidl_typesupport_introspection_c.h
[5.437s] -- Installing: /home/gopal/ros2/macine_learning_ws/install/vision_msgs/include/vision_msgs/vision_msgs/msg/detail/vision_class__type_support.c
[5.437s] -- Installing: /home/gopal/ros2/macine_learning_ws/install/vision_msgs/include/vision_msgs/vision_msgs/msg/detail/object_hypothesis__rosidl_typesupport_introspection_c.h
[5.437s] -- Installing: /home/gopal/ros2/macine_learning_ws/install/vision_msgs/include/vision_msgs/vision_msgs/msg/detail/object_hypothesis__type_support.c
[5.437s] -- Installing: /home/gopal/ros2/macine_learning_ws/install/vision_msgs/include/vision_msgs/vision_msgs/msg/detail/point2_d__type_support.c
[5.437s] -- Installing: /home/gopal/ros2/macine_learning_ws/install/vision_msgs/include/vision_msgs/vision_msgs/msg/detail/vision_info__type_support.c
[5.437s] -- Installing: /home/gopal/ros2/macine_learning_ws/install/vision_msgs/include/vision_msgs/vision_msgs/msg/detail/detection2_d_array__rosidl_typesupport_introspection_c.h
[5.437s] -- Installing: /home/gopal/ros2/macine_learning_ws/install/vision_msgs/include/vision_msgs/vision_msgs/msg/detail/vision_class__rosidl_typesupport_introspection_c.h
[5.437s] -- Installing: /home/gopal/ros2/macine_learning_ws/install/vision_msgs/include/vision_msgs/vision_msgs/msg/detail/detection3_d__type_support.c
[5.437s] -- Installing: /home/gopal/ros2/macine_learning_ws/install/vision_msgs/include/vision_msgs/vision_msgs/msg/detail/label_info__rosidl_typesupport_introspection_c.h
[5.437s] -- Installing: /home/gopal/ros2/macine_learning_ws/install/vision_msgs/include/vision_msgs/vision_msgs/msg/detail/point2_d__rosidl_typesupport_introspection_c.h
[5.437s] -- Installing: /home/gopal/ros2/macine_learning_ws/install/vision_msgs/include/vision_msgs/vision_msgs/msg/detail/bounding_box2_d_array__type_support.c
[5.437s] -- Installing: /home/gopal/ros2/macine_learning_ws/install/vision_msgs/include/vision_msgs/vision_msgs/msg/detail/bounding_box2_d_array__rosidl_typesupport_introspection_c.h
[5.437s] -- Installing: /home/gopal/ros2/macine_learning_ws/install/vision_msgs/include/vision_msgs/vision_msgs/msg/detail/classification__type_support.c
[5.437s] -- Installing: /home/gopal/ros2/macine_learning_ws/install/vision_msgs/include/vision_msgs/vision_msgs/msg/detail/classification__rosidl_typesupport_introspection_c.h
[5.437s] -- Installing: /home/gopal/ros2/macine_learning_ws/install/vision_msgs/include/vision_msgs/vision_msgs/msg/detail/pose2_d__rosidl_typesupport_introspection_c.h
[5.437s] -- Installing: /home/gopal/ros2/macine_learning_ws/install/vision_msgs/include/vision_msgs/vision_msgs/msg/detail/label_info__type_support.c
[5.437s] -- Installing: /home/gopal/ros2/macine_learning_ws/install/vision_msgs/include/vision_msgs/vision_msgs/msg/detail/detection2_d_array__type_support.c
[5.437s] -- Installing: /home/gopal/ros2/macine_learning_ws/install/vision_msgs/include/vision_msgs/vision_msgs/msg/detail/bounding_box3_d__rosidl_typesupport_introspection_c.h
[5.437s] -- Installing: /home/gopal/ros2/macine_learning_ws/install/vision_msgs/include/vision_msgs/vision_msgs/msg/rosidl_typesupport_introspection_c__visibility_control.h
[5.437s] -- Installing: /home/gopal/ros2/macine_learning_ws/install/vision_msgs/lib/libvision_msgs__rosidl_typesupport_introspection_c.so
[5.438s] -- Set runtime path of "/home/gopal/ros2/macine_learning_ws/install/vision_msgs/lib/libvision_msgs__rosidl_typesupport_introspection_c.so" to ""
[5.438s] -- Installing: /home/gopal/ros2/macine_learning_ws/install/vision_msgs/lib/libvision_msgs__rosidl_typesupport_c.so
[5.438s] -- Set runtime path of "/home/gopal/ros2/macine_learning_ws/install/vision_msgs/lib/libvision_msgs__rosidl_typesupport_c.so" to ""
[5.438s] -- Up-to-date: /home/gopal/ros2/macine_learning_ws/install/vision_msgs/include/vision_msgs/vision_msgs
[5.438s] -- Up-to-date: /home/gopal/ros2/macine_learning_ws/install/vision_msgs/include/vision_msgs/vision_msgs/msg
[5.438s] -- Up-to-date: /home/gopal/ros2/macine_learning_ws/install/vision_msgs/include/vision_msgs/vision_msgs/msg/detail
[5.438s] -- Installing: /home/gopal/ros2/macine_learning_ws/install/vision_msgs/include/vision_msgs/vision_msgs/msg/detail/detection2_d__rosidl_typesupport_introspection_cpp.hpp
[5.438s] -- Installing: /home/gopal/ros2/macine_learning_ws/install/vision_msgs/include/vision_msgs/vision_msgs/msg/detail/detection3_d_array__type_support.cpp
[5.438s] -- Installing: /home/gopal/ros2/macine_learning_ws/install/vision_msgs/include/vision_msgs/vision_msgs/msg/detail/bounding_box2_d__type_support.cpp
[5.438s] -- Installing: /home/gopal/ros2/macine_learning_ws/install/vision_msgs/include/vision_msgs/vision_msgs/msg/detail/label_info__type_support.cpp
[5.438s] -- Installing: /home/gopal/ros2/macine_learning_ws/install/vision_msgs/include/vision_msgs/vision_msgs/msg/detail/detection2_d_array__rosidl_typesupport_introspection_cpp.hpp
[5.438s] -- Installing: /home/gopal/ros2/macine_learning_ws/install/vision_msgs/include/vision_msgs/vision_msgs/msg/detail/detection3_d__type_support.cpp
[5.438s] -- Installing: /home/gopal/ros2/macine_learning_ws/install/vision_msgs/include/vision_msgs/vision_msgs/msg/detail/vision_class__rosidl_typesupport_introspection_cpp.hpp
[5.438s] -- Installing: /home/gopal/ros2/macine_learning_ws/install/vision_msgs/include/vision_msgs/vision_msgs/msg/detail/pose2_d__rosidl_typesupport_introspection_cpp.hpp
[5.438s] -- Installing: /home/gopal/ros2/macine_learning_ws/install/vision_msgs/include/vision_msgs/vision_msgs/msg/detail/vision_info__type_support.cpp
[5.438s] -- Installing: /home/gopal/ros2/macine_learning_ws/install/vision_msgs/include/vision_msgs/vision_msgs/msg/detail/point2_d__rosidl_typesupport_introspection_cpp.hpp
[5.438s] -- Installing: /home/gopal/ros2/macine_learning_ws/install/vision_msgs/include/vision_msgs/vision_msgs/msg/detail/pose2_d__type_support.cpp
[5.438s] -- Installing: /home/gopal/ros2/macine_learning_ws/install/vision_msgs/include/vision_msgs/vision_msgs/msg/detail/bounding_box3_d_array__type_support.cpp
[5.438s] -- Installing: /home/gopal/ros2/macine_learning_ws/install/vision_msgs/include/vision_msgs/vision_msgs/msg/detail/bounding_box3_d_array__rosidl_typesupport_introspection_cpp.hpp
[5.438s] -- Installing: /home/gopal/ros2/macine_learning_ws/install/vision_msgs/include/vision_msgs/vision_msgs/msg/detail/classification__type_support.cpp
[5.438s] -- Installing: /home/gopal/ros2/macine_learning_ws/install/vision_msgs/include/vision_msgs/vision_msgs/msg/detail/detection3_d__rosidl_typesupport_introspection_cpp.hpp
[5.438s] -- Installing: /home/gopal/ros2/macine_learning_ws/install/vision_msgs/include/vision_msgs/vision_msgs/msg/detail/detection2_d__type_support.cpp
[5.438s] -- Installing: /home/gopal/ros2/macine_learning_ws/install/vision_msgs/include/vision_msgs/vision_msgs/msg/detail/detection3_d_array__rosidl_typesupport_introspection_cpp.hpp
[5.438s] -- Installing: /home/gopal/ros2/macine_learning_ws/install/vision_msgs/include/vision_msgs/vision_msgs/msg/detail/bounding_box2_d_array__rosidl_typesupport_introspection_cpp.hpp
[5.438s] -- Installing: /home/gopal/ros2/macine_learning_ws/install/vision_msgs/include/vision_msgs/vision_msgs/msg/detail/object_hypothesis__type_support.cpp
[5.439s] -- Installing: /home/gopal/ros2/macine_learning_ws/install/vision_msgs/include/vision_msgs/vision_msgs/msg/detail/label_info__rosidl_typesupport_introspection_cpp.hpp
[5.439s] -- Installing: /home/gopal/ros2/macine_learning_ws/install/vision_msgs/include/vision_msgs/vision_msgs/msg/detail/vision_info__rosidl_typesupport_introspection_cpp.hpp
[5.439s] -- Installing: /home/gopal/ros2/macine_learning_ws/install/vision_msgs/include/vision_msgs/vision_msgs/msg/detail/bounding_box3_d__rosidl_typesupport_introspection_cpp.hpp
[5.439s] -- Installing: /home/gopal/ros2/macine_learning_ws/install/vision_msgs/include/vision_msgs/vision_msgs/msg/detail/classification__rosidl_typesupport_introspection_cpp.hpp
[5.439s] -- Installing: /home/gopal/ros2/macine_learning_ws/install/vision_msgs/include/vision_msgs/vision_msgs/msg/detail/detection2_d_array__type_support.cpp
[5.439s] -- Installing: /home/gopal/ros2/macine_learning_ws/install/vision_msgs/include/vision_msgs/vision_msgs/msg/detail/bounding_box2_d_array__type_support.cpp
[5.439s] -- Installing: /home/gopal/ros2/macine_learning_ws/install/vision_msgs/include/vision_msgs/vision_msgs/msg/detail/object_hypothesis_with_pose__type_support.cpp
[5.439s] -- Installing: /home/gopal/ros2/macine_learning_ws/install/vision_msgs/include/vision_msgs/vision_msgs/msg/detail/object_hypothesis_with_pose__rosidl_typesupport_introspection_cpp.hpp
[5.439s] -- Installing: /home/gopal/ros2/macine_learning_ws/install/vision_msgs/include/vision_msgs/vision_msgs/msg/detail/point2_d__type_support.cpp
[5.439s] -- Installing: /home/gopal/ros2/macine_learning_ws/install/vision_msgs/include/vision_msgs/vision_msgs/msg/detail/bounding_box3_d__type_support.cpp
[5.439s] -- Installing: /home/gopal/ros2/macine_learning_ws/install/vision_msgs/include/vision_msgs/vision_msgs/msg/detail/bounding_box2_d__rosidl_typesupport_introspection_cpp.hpp
[5.439s] -- Installing: /home/gopal/ros2/macine_learning_ws/install/vision_msgs/include/vision_msgs/vision_msgs/msg/detail/object_hypothesis__rosidl_typesupport_introspection_cpp.hpp
[5.439s] -- Installing: /home/gopal/ros2/macine_learning_ws/install/vision_msgs/include/vision_msgs/vision_msgs/msg/detail/vision_class__type_support.cpp
[5.439s] -- Installing: /home/gopal/ros2/macine_learning_ws/install/vision_msgs/lib/libvision_msgs__rosidl_typesupport_introspection_cpp.so
[5.439s] -- Set runtime path of "/home/gopal/ros2/macine_learning_ws/install/vision_msgs/lib/libvision_msgs__rosidl_typesupport_introspection_cpp.so" to ""
[5.439s] -- Installing: /home/gopal/ros2/macine_learning_ws/install/vision_msgs/lib/libvision_msgs__rosidl_typesupport_cpp.so
[5.439s] -- Set runtime path of "/home/gopal/ros2/macine_learning_ws/install/vision_msgs/lib/libvision_msgs__rosidl_typesupport_cpp.so" to ""
[5.439s] -- Installing: /home/gopal/ros2/macine_learning_ws/install/vision_msgs/share/vision_msgs/environment/pythonpath.sh
[5.439s] -- Installing: /home/gopal/ros2/macine_learning_ws/install/vision_msgs/share/vision_msgs/environment/pythonpath.dsv
[5.439s] -- Installing: /home/gopal/ros2/macine_learning_ws/install/vision_msgs/local/lib/python3.10/dist-packages/vision_msgs-4.1.1-py3.10.egg-info
[5.439s] -- Installing: /home/gopal/ros2/macine_learning_ws/install/vision_msgs/local/lib/python3.10/dist-packages/vision_msgs-4.1.1-py3.10.egg-info/top_level.txt
[5.440s] -- Installing: /home/gopal/ros2/macine_learning_ws/install/vision_msgs/local/lib/python3.10/dist-packages/vision_msgs-4.1.1-py3.10.egg-info/PKG-INFO
[5.440s] -- Installing: /home/gopal/ros2/macine_learning_ws/install/vision_msgs/local/lib/python3.10/dist-packages/vision_msgs-4.1.1-py3.10.egg-info/SOURCES.txt
[5.440s] -- Installing: /home/gopal/ros2/macine_learning_ws/install/vision_msgs/local/lib/python3.10/dist-packages/vision_msgs-4.1.1-py3.10.egg-info/dependency_links.txt
[5.440s] -- Installing: /home/gopal/ros2/macine_learning_ws/install/vision_msgs/local/lib/python3.10/dist-packages/vision_msgs
[5.440s] -- Installing: /home/gopal/ros2/macine_learning_ws/install/vision_msgs/local/lib/python3.10/dist-packages/vision_msgs/libvision_msgs__rosidl_generator_py.so
[5.440s] -- Installing: /home/gopal/ros2/macine_learning_ws/install/vision_msgs/local/lib/python3.10/dist-packages/vision_msgs/msg
[5.440s] -- Installing: /home/gopal/ros2/macine_learning_ws/install/vision_msgs/local/lib/python3.10/dist-packages/vision_msgs/msg/_label_info.py
[5.440s] -- Installing: /home/gopal/ros2/macine_learning_ws/install/vision_msgs/local/lib/python3.10/dist-packages/vision_msgs/msg/_detection2_d_array.py
[5.440s] -- Installing: /home/gopal/ros2/macine_learning_ws/install/vision_msgs/local/lib/python3.10/dist-packages/vision_msgs/msg/_pose2_d.py
[5.440s] -- Installing: /home/gopal/ros2/macine_learning_ws/install/vision_msgs/local/lib/python3.10/dist-packages/vision_msgs/msg/_detection3_d.py
[5.440s] -- Installing: /home/gopal/ros2/macine_learning_ws/install/vision_msgs/local/lib/python3.10/dist-packages/vision_msgs/msg/_detection3_d_s.c
[5.440s] -- Installing: /home/gopal/ros2/macine_learning_ws/install/vision_msgs/local/lib/python3.10/dist-packages/vision_msgs/msg/_object_hypothesis_with_pose_s.c
[5.440s] -- Installing: /home/gopal/ros2/macine_learning_ws/install/vision_msgs/local/lib/python3.10/dist-packages/vision_msgs/msg/_detection3_d_array.py
[5.440s] -- Installing: /home/gopal/ros2/macine_learning_ws/install/vision_msgs/local/lib/python3.10/dist-packages/vision_msgs/msg/_vision_class.py
[5.440s] -- Installing: /home/gopal/ros2/macine_learning_ws/install/vision_msgs/local/lib/python3.10/dist-packages/vision_msgs/msg/_detection2_d_array_s.c
[5.440s] -- Installing: /home/gopal/ros2/macine_learning_ws/install/vision_msgs/local/lib/python3.10/dist-packages/vision_msgs/msg/_label_info_s.c
[5.440s] -- Installing: /home/gopal/ros2/macine_learning_ws/install/vision_msgs/local/lib/python3.10/dist-packages/vision_msgs/msg/_vision_info_s.c
[5.440s] -- Installing: /home/gopal/ros2/macine_learning_ws/install/vision_msgs/local/lib/python3.10/dist-packages/vision_msgs/msg/_bounding_box3_d_array.py
[5.440s] -- Installing: /home/gopal/ros2/macine_learning_ws/install/vision_msgs/local/lib/python3.10/dist-packages/vision_msgs/msg/_detection2_d_s.c
[5.440s] -- Installing: /home/gopal/ros2/macine_learning_ws/install/vision_msgs/local/lib/python3.10/dist-packages/vision_msgs/msg/_bounding_box2_d_array.py
[5.440s] -- Installing: /home/gopal/ros2/macine_learning_ws/install/vision_msgs/local/lib/python3.10/dist-packages/vision_msgs/msg/_bounding_box3_d.py
[5.440s] -- Installing: /home/gopal/ros2/macine_learning_ws/install/vision_msgs/local/lib/python3.10/dist-packages/vision_msgs/msg/_object_hypothesis_with_pose.py
[5.440s] -- Installing: /home/gopal/ros2/macine_learning_ws/install/vision_msgs/local/lib/python3.10/dist-packages/vision_msgs/msg/_bounding_box2_d_s.c
[5.440s] -- Installing: /home/gopal/ros2/macine_learning_ws/install/vision_msgs/local/lib/python3.10/dist-packages/vision_msgs/msg/__init__.py
[5.440s] -- Installing: /home/gopal/ros2/macine_learning_ws/install/vision_msgs/local/lib/python3.10/dist-packages/vision_msgs/msg/_classification.py
[5.440s] -- Installing: /home/gopal/ros2/macine_learning_ws/install/vision_msgs/local/lib/python3.10/dist-packages/vision_msgs/msg/_classification_s.c
[5.440s] -- Installing: /home/gopal/ros2/macine_learning_ws/install/vision_msgs/local/lib/python3.10/dist-packages/vision_msgs/msg/_bounding_box2_d_array_s.c
[5.440s] -- Installing: /home/gopal/ros2/macine_learning_ws/install/vision_msgs/local/lib/python3.10/dist-packages/vision_msgs/msg/_point2_d.py
[5.440s] -- Installing: /home/gopal/ros2/macine_learning_ws/install/vision_msgs/local/lib/python3.10/dist-packages/vision_msgs/msg/_bounding_box3_d_array_s.c
[5.440s] -- Installing: /home/gopal/ros2/macine_learning_ws/install/vision_msgs/local/lib/python3.10/dist-packages/vision_msgs/msg/_object_hypothesis_s.c
[5.441s] -- Installing: /home/gopal/ros2/macine_learning_ws/install/vision_msgs/local/lib/python3.10/dist-packages/vision_msgs/msg/_vision_class_s.c
[5.441s] -- Installing: /home/gopal/ros2/macine_learning_ws/install/vision_msgs/local/lib/python3.10/dist-packages/vision_msgs/msg/_point2_d_s.c
[5.441s] -- Installing: /home/gopal/ros2/macine_learning_ws/install/vision_msgs/local/lib/python3.10/dist-packages/vision_msgs/msg/_pose2_d_s.c
[5.441s] -- Installing: /home/gopal/ros2/macine_learning_ws/install/vision_msgs/local/lib/python3.10/dist-packages/vision_msgs/msg/_detection2_d.py
[5.441s] -- Installing: /home/gopal/ros2/macine_learning_ws/install/vision_msgs/local/lib/python3.10/dist-packages/vision_msgs/msg/_bounding_box2_d.py
[5.441s] -- Installing: /home/gopal/ros2/macine_learning_ws/install/vision_msgs/local/lib/python3.10/dist-packages/vision_msgs/msg/_object_hypothesis.py
[5.441s] -- Installing: /home/gopal/ros2/macine_learning_ws/install/vision_msgs/local/lib/python3.10/dist-packages/vision_msgs/msg/_detection3_d_array_s.c
[5.441s] -- Installing: /home/gopal/ros2/macine_learning_ws/install/vision_msgs/local/lib/python3.10/dist-packages/vision_msgs/msg/_vision_info.py
[5.441s] -- Installing: /home/gopal/ros2/macine_learning_ws/install/vision_msgs/local/lib/python3.10/dist-packages/vision_msgs/msg/_bounding_box3_d_s.c
[5.441s] -- Installing: /home/gopal/ros2/macine_learning_ws/install/vision_msgs/local/lib/python3.10/dist-packages/vision_msgs/_vision_msgs_s.ep.rosidl_typesupport_fastrtps_c.c
[5.441s] -- Installing: /home/gopal/ros2/macine_learning_ws/install/vision_msgs/local/lib/python3.10/dist-packages/vision_msgs/vision_msgs_s__rosidl_typesupport_fastrtps_c.cpython-310-x86_64-linux-gnu.so
[5.441s] -- Installing: /home/gopal/ros2/macine_learning_ws/install/vision_msgs/local/lib/python3.10/dist-packages/vision_msgs/_vision_msgs_s.ep.rosidl_typesupport_introspection_c.c
[5.441s] -- Installing: /home/gopal/ros2/macine_learning_ws/install/vision_msgs/local/lib/python3.10/dist-packages/vision_msgs/vision_msgs_s__rosidl_typesupport_c.cpython-310-x86_64-linux-gnu.so
[5.441s] -- Installing: /home/gopal/ros2/macine_learning_ws/install/vision_msgs/local/lib/python3.10/dist-packages/vision_msgs/_vision_msgs_s.ep.rosidl_typesupport_c.c
[5.441s] -- Installing: /home/gopal/ros2/macine_learning_ws/install/vision_msgs/local/lib/python3.10/dist-packages/vision_msgs/__init__.py
[5.441s] -- Installing: /home/gopal/ros2/macine_learning_ws/install/vision_msgs/local/lib/python3.10/dist-packages/vision_msgs/vision_msgs_s__rosidl_typesupport_introspection_c.cpython-310-x86_64-linux-gnu.so
[5.467s] Listing '/home/gopal/ros2/macine_learning_ws/install/vision_msgs/local/lib/python3.10/dist-packages/vision_msgs'...
[5.467s] Compiling '/home/gopal/ros2/macine_learning_ws/install/vision_msgs/local/lib/python3.10/dist-packages/vision_msgs/__init__.py'...
[5.467s] Listing '/home/gopal/ros2/macine_learning_ws/install/vision_msgs/local/lib/python3.10/dist-packages/vision_msgs/msg'...
[5.467s] Compiling '/home/gopal/ros2/macine_learning_ws/install/vision_msgs/local/lib/python3.10/dist-packages/vision_msgs/msg/__init__.py'...
[5.467s] Compiling '/home/gopal/ros2/macine_learning_ws/install/vision_msgs/local/lib/python3.10/dist-packages/vision_msgs/msg/_bounding_box2_d.py'...
[5.467s] Compiling '/home/gopal/ros2/macine_learning_ws/install/vision_msgs/local/lib/python3.10/dist-packages/vision_msgs/msg/_bounding_box2_d_array.py'...
[5.467s] Compiling '/home/gopal/ros2/macine_learning_ws/install/vision_msgs/local/lib/python3.10/dist-packages/vision_msgs/msg/_bounding_box3_d.py'...
[5.467s] Compiling '/home/gopal/ros2/macine_learning_ws/install/vision_msgs/local/lib/python3.10/dist-packages/vision_msgs/msg/_bounding_box3_d_array.py'...
[5.467s] Compiling '/home/gopal/ros2/macine_learning_ws/install/vision_msgs/local/lib/python3.10/dist-packages/vision_msgs/msg/_classification.py'...
[5.467s] Compiling '/home/gopal/ros2/macine_learning_ws/install/vision_msgs/local/lib/python3.10/dist-packages/vision_msgs/msg/_detection2_d.py'...
[5.467s] Compiling '/home/gopal/ros2/macine_learning_ws/install/vision_msgs/local/lib/python3.10/dist-packages/vision_msgs/msg/_detection2_d_array.py'...
[5.467s] Compiling '/home/gopal/ros2/macine_learning_ws/install/vision_msgs/local/lib/python3.10/dist-packages/vision_msgs/msg/_detection3_d.py'...
[5.467s] Compiling '/home/gopal/ros2/macine_learning_ws/install/vision_msgs/local/lib/python3.10/dist-packages/vision_msgs/msg/_detection3_d_array.py'...
[5.467s] Compiling '/home/gopal/ros2/macine_learning_ws/install/vision_msgs/local/lib/python3.10/dist-packages/vision_msgs/msg/_label_info.py'...
[5.467s] Compiling '/home/gopal/ros2/macine_learning_ws/install/vision_msgs/local/lib/python3.10/dist-packages/vision_msgs/msg/_object_hypothesis.py'...
[5.467s] Compiling '/home/gopal/ros2/macine_learning_ws/install/vision_msgs/local/lib/python3.10/dist-packages/vision_msgs/msg/_object_hypothesis_with_pose.py'...
[5.467s] Compiling '/home/gopal/ros2/macine_learning_ws/install/vision_msgs/local/lib/python3.10/dist-packages/vision_msgs/msg/_point2_d.py'...
[5.467s] Compiling '/home/gopal/ros2/macine_learning_ws/install/vision_msgs/local/lib/python3.10/dist-packages/vision_msgs/msg/_pose2_d.py'...
[5.467s] Compiling '/home/gopal/ros2/macine_learning_ws/install/vision_msgs/local/lib/python3.10/dist-packages/vision_msgs/msg/_vision_class.py'...
[5.467s] Compiling '/home/gopal/ros2/macine_learning_ws/install/vision_msgs/local/lib/python3.10/dist-packages/vision_msgs/msg/_vision_info.py'...
[5.469s] -- Installing: /home/gopal/ros2/macine_learning_ws/install/vision_msgs/local/lib/python3.10/dist-packages/vision_msgs/vision_msgs_s__rosidl_typesupport_fastrtps_c.cpython-310-x86_64-linux-gnu.so
[5.469s] -- Set runtime path of "/home/gopal/ros2/macine_learning_ws/install/vision_msgs/local/lib/python3.10/dist-packages/vision_msgs/vision_msgs_s__rosidl_typesupport_fastrtps_c.cpython-310-x86_64-linux-gnu.so" to ""
[5.469s] -- Installing: /home/gopal/ros2/macine_learning_ws/install/vision_msgs/local/lib/python3.10/dist-packages/vision_msgs/vision_msgs_s__rosidl_typesupport_introspection_c.cpython-310-x86_64-linux-gnu.so
[5.469s] -- Set runtime path of "/home/gopal/ros2/macine_learning_ws/install/vision_msgs/local/lib/python3.10/dist-packages/vision_msgs/vision_msgs_s__rosidl_typesupport_introspection_c.cpython-310-x86_64-linux-gnu.so" to ""
[5.469s] -- Installing: /home/gopal/ros2/macine_learning_ws/install/vision_msgs/local/lib/python3.10/dist-packages/vision_msgs/vision_msgs_s__rosidl_typesupport_c.cpython-310-x86_64-linux-gnu.so
[5.469s] -- Set runtime path of "/home/gopal/ros2/macine_learning_ws/install/vision_msgs/local/lib/python3.10/dist-packages/vision_msgs/vision_msgs_s__rosidl_typesupport_c.cpython-310-x86_64-linux-gnu.so" to ""
[5.470s] -- Installing: /home/gopal/ros2/macine_learning_ws/install/vision_msgs/lib/libvision_msgs__rosidl_generator_py.so
[5.470s] -- Set runtime path of "/home/gopal/ros2/macine_learning_ws/install/vision_msgs/lib/libvision_msgs__rosidl_generator_py.so" to ""
[5.470s] -- Installing: /home/gopal/ros2/macine_learning_ws/install/vision_msgs/share/vision_msgs/msg/BoundingBox2D.idl
[5.470s] -- Installing: /home/gopal/ros2/macine_learning_ws/install/vision_msgs/share/vision_msgs/msg/BoundingBox2DArray.idl
[5.470s] -- Installing: /home/gopal/ros2/macine_learning_ws/install/vision_msgs/share/vision_msgs/msg/BoundingBox3D.idl
[5.470s] -- Installing: /home/gopal/ros2/macine_learning_ws/install/vision_msgs/share/vision_msgs/msg/BoundingBox3DArray.idl
[5.470s] -- Installing: /home/gopal/ros2/macine_learning_ws/install/vision_msgs/share/vision_msgs/msg/Classification.idl
[5.470s] -- Installing: /home/gopal/ros2/macine_learning_ws/install/vision_msgs/share/vision_msgs/msg/Detection2DArray.idl
[5.470s] -- Installing: /home/gopal/ros2/macine_learning_ws/install/vision_msgs/share/vision_msgs/msg/Detection2D.idl
[5.470s] -- Installing: /home/gopal/ros2/macine_learning_ws/install/vision_msgs/share/vision_msgs/msg/Detection3DArray.idl
[5.470s] -- Installing: /home/gopal/ros2/macine_learning_ws/install/vision_msgs/share/vision_msgs/msg/Detection3D.idl
[5.470s] -- Installing: /home/gopal/ros2/macine_learning_ws/install/vision_msgs/share/vision_msgs/msg/LabelInfo.idl
[5.470s] -- Installing: /home/gopal/ros2/macine_learning_ws/install/vision_msgs/share/vision_msgs/msg/ObjectHypothesis.idl
[5.470s] -- Installing: /home/gopal/ros2/macine_learning_ws/install/vision_msgs/share/vision_msgs/msg/ObjectHypothesisWithPose.idl
[5.470s] -- Installing: /home/gopal/ros2/macine_learning_ws/install/vision_msgs/share/vision_msgs/msg/VisionClass.idl
[5.470s] -- Installing: /home/gopal/ros2/macine_learning_ws/install/vision_msgs/share/vision_msgs/msg/Point2D.idl
[5.470s] -- Installing: /home/gopal/ros2/macine_learning_ws/install/vision_msgs/share/vision_msgs/msg/Pose2D.idl
[5.470s] -- Installing: /home/gopal/ros2/macine_learning_ws/install/vision_msgs/share/vision_msgs/msg/VisionInfo.idl
[5.470s] -- Installing: /home/gopal/ros2/macine_learning_ws/install/vision_msgs/share/vision_msgs/msg/BoundingBox2D.msg
[5.470s] -- Installing: /home/gopal/ros2/macine_learning_ws/install/vision_msgs/share/vision_msgs/msg/BoundingBox2DArray.msg
[5.470s] -- Installing: /home/gopal/ros2/macine_learning_ws/install/vision_msgs/share/vision_msgs/msg/BoundingBox3D.msg
[5.470s] -- Installing: /home/gopal/ros2/macine_learning_ws/install/vision_msgs/share/vision_msgs/msg/BoundingBox3DArray.msg
[5.470s] -- Installing: /home/gopal/ros2/macine_learning_ws/install/vision_msgs/share/vision_msgs/msg/Classification.msg
[5.470s] -- Installing: /home/gopal/ros2/macine_learning_ws/install/vision_msgs/share/vision_msgs/msg/Detection2DArray.msg
[5.471s] -- Installing: /home/gopal/ros2/macine_learning_ws/install/vision_msgs/share/vision_msgs/msg/Detection2D.msg
[5.471s] -- Installing: /home/gopal/ros2/macine_learning_ws/install/vision_msgs/share/vision_msgs/msg/Detection3DArray.msg
[5.471s] -- Installing: /home/gopal/ros2/macine_learning_ws/install/vision_msgs/share/vision_msgs/msg/Detection3D.msg
[5.471s] -- Installing: /home/gopal/ros2/macine_learning_ws/install/vision_msgs/share/vision_msgs/msg/LabelInfo.msg
[5.471s] -- Installing: /home/gopal/ros2/macine_learning_ws/install/vision_msgs/share/vision_msgs/msg/ObjectHypothesis.msg
[5.471s] -- Installing: /home/gopal/ros2/macine_learning_ws/install/vision_msgs/share/vision_msgs/msg/ObjectHypothesisWithPose.msg
[5.471s] -- Installing: /home/gopal/ros2/macine_learning_ws/install/vision_msgs/share/vision_msgs/msg/VisionClass.msg
[5.471s] -- Installing: /home/gopal/ros2/macine_learning_ws/install/vision_msgs/share/vision_msgs/msg/Point2D.msg
[5.471s] -- Installing: /home/gopal/ros2/macine_learning_ws/install/vision_msgs/share/vision_msgs/msg/Pose2D.msg
[5.471s] -- Installing: /home/gopal/ros2/macine_learning_ws/install/vision_msgs/share/vision_msgs/msg/VisionInfo.msg
[5.471s] -- Up-to-date: /home/gopal/ros2/macine_learning_ws/install/vision_msgs/include/vision_msgs
[5.471s] -- Installing: /home/gopal/ros2/macine_learning_ws/install/vision_msgs/include/vision_msgs/create_aabb.hpp
[5.471s] -- Installing: /home/gopal/ros2/macine_learning_ws/install/vision_msgs/share/ament_index/resource_index/package_run_dependencies/vision_msgs
[5.471s] -- Installing: /home/gopal/ros2/macine_learning_ws/install/vision_msgs/share/ament_index/resource_index/parent_prefix_path/vision_msgs
[5.471s] -- Installing: /home/gopal/ros2/macine_learning_ws/install/vision_msgs/share/vision_msgs/environment/ament_prefix_path.sh
[5.471s] -- Installing: /home/gopal/ros2/macine_learning_ws/install/vision_msgs/share/vision_msgs/environment/ament_prefix_path.dsv
[5.471s] -- Installing: /home/gopal/ros2/macine_learning_ws/install/vision_msgs/share/vision_msgs/environment/path.sh
[5.471s] -- Installing: /home/gopal/ros2/macine_learning_ws/install/vision_msgs/share/vision_msgs/environment/path.dsv
[5.471s] -- Installing: /home/gopal/ros2/macine_learning_ws/install/vision_msgs/share/vision_msgs/local_setup.bash
[5.471s] -- Installing: /home/gopal/ros2/macine_learning_ws/install/vision_msgs/share/vision_msgs/local_setup.sh
[5.471s] -- Installing: /home/gopal/ros2/macine_learning_ws/install/vision_msgs/share/vision_msgs/local_setup.zsh
[5.471s] -- Installing: /home/gopal/ros2/macine_learning_ws/install/vision_msgs/share/vision_msgs/local_setup.dsv
[5.471s] -- Installing: /home/gopal/ros2/macine_learning_ws/install/vision_msgs/share/vision_msgs/package.dsv
[5.472s] -- Installing: /home/gopal/ros2/macine_learning_ws/install/vision_msgs/share/ament_index/resource_index/packages/vision_msgs
[5.472s] -- Installing: /home/gopal/ros2/macine_learning_ws/install/vision_msgs/share/vision_msgs/cmake/export_vision_msgs__rosidl_generator_cExport.cmake
[5.472s] -- Installing: /home/gopal/ros2/macine_learning_ws/install/vision_msgs/share/vision_msgs/cmake/export_vision_msgs__rosidl_generator_cExport-noconfig.cmake
[5.472s] -- Installing: /home/gopal/ros2/macine_learning_ws/install/vision_msgs/share/vision_msgs/cmake/export_vision_msgs__rosidl_typesupport_fastrtps_cExport.cmake
[5.472s] -- Installing: /home/gopal/ros2/macine_learning_ws/install/vision_msgs/share/vision_msgs/cmake/export_vision_msgs__rosidl_typesupport_fastrtps_cExport-noconfig.cmake
[5.472s] -- Installing: /home/gopal/ros2/macine_learning_ws/install/vision_msgs/share/vision_msgs/cmake/export_vision_msgs__rosidl_generator_cppExport.cmake
[5.472s] -- Installing: /home/gopal/ros2/macine_learning_ws/install/vision_msgs/share/vision_msgs/cmake/export_vision_msgs__rosidl_typesupport_fastrtps_cppExport.cmake
[5.472s] -- Installing: /home/gopal/ros2/macine_learning_ws/install/vision_msgs/share/vision_msgs/cmake/export_vision_msgs__rosidl_typesupport_fastrtps_cppExport-noconfig.cmake
[5.472s] -- Installing: /home/gopal/ros2/macine_learning_ws/install/vision_msgs/share/vision_msgs/cmake/vision_msgs__rosidl_typesupport_introspection_cExport.cmake
[5.472s] -- Installing: /home/gopal/ros2/macine_learning_ws/install/vision_msgs/share/vision_msgs/cmake/vision_msgs__rosidl_typesupport_introspection_cExport-noconfig.cmake
[5.472s] -- Installing: /home/gopal/ros2/macine_learning_ws/install/vision_msgs/share/vision_msgs/cmake/vision_msgs__rosidl_typesupport_cExport.cmake
[5.472s] -- Installing: /home/gopal/ros2/macine_learning_ws/install/vision_msgs/share/vision_msgs/cmake/vision_msgs__rosidl_typesupport_cExport-noconfig.cmake
[5.472s] -- Installing: /home/gopal/ros2/macine_learning_ws/install/vision_msgs/share/vision_msgs/cmake/vision_msgs__rosidl_typesupport_introspection_cppExport.cmake
[5.472s] -- Installing: /home/gopal/ros2/macine_learning_ws/install/vision_msgs/share/vision_msgs/cmake/vision_msgs__rosidl_typesupport_introspection_cppExport-noconfig.cmake
[5.472s] -- Installing: /home/gopal/ros2/macine_learning_ws/install/vision_msgs/share/vision_msgs/cmake/vision_msgs__rosidl_typesupport_cppExport.cmake
[5.472s] -- Installing: /home/gopal/ros2/macine_learning_ws/install/vision_msgs/share/vision_msgs/cmake/vision_msgs__rosidl_typesupport_cppExport-noconfig.cmake
[5.472s] -- Installing: /home/gopal/ros2/macine_learning_ws/install/vision_msgs/share/vision_msgs/cmake/export_vision_msgs__rosidl_generator_pyExport.cmake
[5.472s] -- Installing: /home/gopal/ros2/macine_learning_ws/install/vision_msgs/share/vision_msgs/cmake/export_vision_msgs__rosidl_generator_pyExport-noconfig.cmake
[5.472s] -- Installing: /home/gopal/ros2/macine_learning_ws/install/vision_msgs/share/vision_msgs/cmake/rosidl_cmake-extras.cmake
[5.472s] -- Installing: /home/gopal/ros2/macine_learning_ws/install/vision_msgs/share/vision_msgs/cmake/ament_cmake_export_dependencies-extras.cmake
[5.472s] -- Installing: /home/gopal/ros2/macine_learning_ws/install/vision_msgs/share/vision_msgs/cmake/ament_cmake_export_include_directories-extras.cmake
[5.473s] -- Installing: /home/gopal/ros2/macine_learning_ws/install/vision_msgs/share/vision_msgs/cmake/ament_cmake_export_libraries-extras.cmake
[5.473s] -- Installing: /home/gopal/ros2/macine_learning_ws/install/vision_msgs/share/vision_msgs/cmake/ament_cmake_export_targets-extras.cmake
[5.473s] -- Installing: /home/gopal/ros2/macine_learning_ws/install/vision_msgs/share/vision_msgs/cmake/rosidl_cmake_export_typesupport_targets-extras.cmake
[5.473s] -- Installing: /home/gopal/ros2/macine_learning_ws/install/vision_msgs/share/vision_msgs/cmake/rosidl_cmake_export_typesupport_libraries-extras.cmake
[5.473s] -- Installing: /home/gopal/ros2/macine_learning_ws/install/vision_msgs/share/vision_msgs/cmake/vision_msgsConfig.cmake
[5.473s] -- Installing: /home/gopal/ros2/macine_learning_ws/install/vision_msgs/share/vision_msgs/cmake/vision_msgsConfig-version.cmake
[5.473s] -- Installing: /home/gopal/ros2/macine_learning_ws/install/vision_msgs/share/vision_msgs/package.xml
[5.474s] Invoked command in '/home/gopal/ros2/macine_learning_ws/build/vision_msgs' returned '0': CMAKE_PREFIX_PATH=/opt/ros/humble /usr/bin/cmake --install /home/gopal/ros2/macine_learning_ws/build/vision_msgs
